This is pdfTeX, Version 3.14159265-2.6-1.40.19 (TeX Live 2018) (preloaded format=pdflatex 2018.4.16)  21 JUL 2024 12:26
entering extended mode
 restricted \write18 enabled.
 file:line:error style messages enabled.
 %&-line parsing enabled.
**corrigiendo.tex
(./corrigiendo.tex
LaTeX2e <2018-04-01> patch level 2
Babel <3.18> and hyphenation patterns for 84 language(s) loaded.
(/usr/local/texlive/2018/texmf-dist/tex/latex/base/article.cls
Document Class: article 2014/09/29 v1.4h Standard LaTeX document class
(/usr/local/texlive/2018/texmf-dist/tex/latex/base/size10.clo
File: size10.clo 2014/09/29 v1.4h Standard LaTeX file (size option)
)
\c@part=\count80
\c@section=\count81
\c@subsection=\count82
\c@subsubsection=\count83
\c@paragraph=\count84
\c@subparagraph=\count85
\c@figure=\count86
\c@table=\count87
\abovecaptionskip=\skip41
\belowcaptionskip=\skip42
\bibindent=\dimen102
)
(/usr/local/texlive/2018/texmf-dist/tex/latex/base/inputenc.sty
Package: inputenc 2018/04/06 v1.3b Input encoding file
\inpenc@prehook=\toks14
\inpenc@posthook=\toks15
)
(/usr/local/texlive/2018/texmf-dist/tex/generic/babel/babel.sty
Package: babel 2018/02/14 3.18 The Babel package

(/usr/local/texlive/2018/texmf-dist/tex/generic/babel/switch.def
File: switch.def 2018/02/14 3.18 Babel switching mechanism
)
(/usr/local/texlive/2018/texmf-dist/tex/generic/babel-spanish/spanish.ldf
Language: spanish.ldf 2016/03/03 v5.0p Spanish support from the babel system

(/usr/local/texlive/2018/texmf-dist/tex/generic/babel/babel.def
File: babel.def 2018/02/14 3.18 Babel common definitions
\babel@savecnt=\count88
\U@D=\dimen103

(/usr/local/texlive/2018/texmf-dist/tex/generic/babel/txtbabel.def)
\bbl@dirlevel=\count89
)
\es@quottoks=\toks16
\es@quotdepth=\count90
Package babel Info: Making " an active character on input line 561.
Package babel Info: Making . an active character on input line 662.
Package babel Info: Making < an active character on input line 707.
Package babel Info: Making > an active character on input line 707.
)
(/usr/local/texlive/2018/texmf-dist/tex/generic/babel-english/english.ldf
Language: english 2017/06/06 v3.3r English support from the babel system
\l@canadian = a dialect from \language\l@american 
\l@australian = a dialect from \language\l@british 
\l@newzealand = a dialect from \language\l@british 
))
(/usr/local/texlive/2018/texmf-dist/tex/latex/amsmath/amsmath.sty
Package: amsmath 2017/09/02 v2.17a AMS math features
\@mathmargin=\skip43

For additional information on amsmath, use the `?' option.
(/usr/local/texlive/2018/texmf-dist/tex/latex/amsmath/amstext.sty
Package: amstext 2000/06/29 v2.01 AMS text

(/usr/local/texlive/2018/texmf-dist/tex/latex/amsmath/amsgen.sty
File: amsgen.sty 1999/11/30 v2.0 generic functions
\@emptytoks=\toks17
\ex@=\dimen104
))
(/usr/local/texlive/2018/texmf-dist/tex/latex/amsmath/amsbsy.sty
Package: amsbsy 1999/11/29 v1.2d Bold Symbols
\pmbraise@=\dimen105
)
(/usr/local/texlive/2018/texmf-dist/tex/latex/amsmath/amsopn.sty
Package: amsopn 2016/03/08 v2.02 operator names
)
\inf@bad=\count91
LaTeX Info: Redefining \frac on input line 213.
\uproot@=\count92
\leftroot@=\count93
LaTeX Info: Redefining \overline on input line 375.
\classnum@=\count94
\DOTSCASE@=\count95
LaTeX Info: Redefining \ldots on input line 472.
LaTeX Info: Redefining \dots on input line 475.
LaTeX Info: Redefining \cdots on input line 596.
\Mathstrutbox@=\box26
\strutbox@=\box27
\big@size=\dimen106
LaTeX Font Info:    Redeclaring font encoding OML on input line 712.
LaTeX Font Info:    Redeclaring font encoding OMS on input line 713.
\macc@depth=\count96
\c@MaxMatrixCols=\count97
\dotsspace@=\muskip10
\c@parentequation=\count98
\dspbrk@lvl=\count99
\tag@help=\toks18
\row@=\count100
\column@=\count101
\maxfields@=\count102
\andhelp@=\toks19
\eqnshift@=\dimen107
\alignsep@=\dimen108
\tagshift@=\dimen109
\tagwidth@=\dimen110
\totwidth@=\dimen111
\lineht@=\dimen112
\@envbody=\toks20
\multlinegap=\skip44
\multlinetaggap=\skip45
\mathdisplay@stack=\toks21
LaTeX Info: Redefining \[ on input line 2817.
LaTeX Info: Redefining \] on input line 2818.
)
(/usr/local/texlive/2018/texmf-dist/tex/latex/amsfonts/amssymb.sty
Package: amssymb 2013/01/14 v3.01 AMS font symbols

(/usr/local/texlive/2018/texmf-dist/tex/latex/amsfonts/amsfonts.sty
Package: amsfonts 2013/01/14 v3.01 Basic AMSFonts support
\symAMSa=\mathgroup4
\symAMSb=\mathgroup5
LaTeX Font Info:    Overwriting math alphabet `\mathfrak' in version `bold'
(Font)                  U/euf/m/n --> U/euf/b/n on input line 106.
))
(/usr/local/texlive/2018/texmf-dist/tex/latex/amscls/amsthm.sty
Package: amsthm 2017/10/31 v2.20.4
\thm@style=\toks22
\thm@bodyfont=\toks23
\thm@headfont=\toks24
\thm@notefont=\toks25
\thm@headpunct=\toks26
\thm@preskip=\skip46
\thm@postskip=\skip47
\thm@headsep=\skip48
\dth@everypar=\toks27
)
(/usr/local/texlive/2018/texmf-dist/tex/latex/geometry/geometry.sty
Package: geometry 2018/03/24 v5.7 Page Geometry

(/usr/local/texlive/2018/texmf-dist/tex/latex/graphics/keyval.sty
Package: keyval 2014/10/28 v1.15 key=value parser (DPC)
\KV@toks@=\toks28
)
(/usr/local/texlive/2018/texmf-dist/tex/generic/oberdiek/ifpdf.sty
Package: ifpdf 2017/03/15 v3.2 Provides the ifpdf switch
)
(/usr/local/texlive/2018/texmf-dist/tex/generic/oberdiek/ifvtex.sty
Package: ifvtex 2016/05/16 v1.6 Detect VTeX and its facilities (HO)
Package ifvtex Info: VTeX not detected.
)
(/usr/local/texlive/2018/texmf-dist/tex/generic/ifxetex/ifxetex.sty
Package: ifxetex 2010/09/12 v0.6 Provides ifxetex conditional
)
\Gm@cnth=\count103
\Gm@cntv=\count104
\c@Gm@tempcnt=\count105
\Gm@bindingoffset=\dimen113
\Gm@wd@mp=\dimen114
\Gm@odd@mp=\dimen115
\Gm@even@mp=\dimen116
\Gm@layoutwidth=\dimen117
\Gm@layoutheight=\dimen118
\Gm@layouthoffset=\dimen119
\Gm@layoutvoffset=\dimen120
\Gm@dimlist=\toks29
)
(/usr/local/texlive/2018/texmf-dist/tex/latex/hyperref/hyperref.sty
Package: hyperref 2018/02/06 v6.86b Hypertext links for LaTeX

(/usr/local/texlive/2018/texmf-dist/tex/generic/oberdiek/hobsub-hyperref.sty
Package: hobsub-hyperref 2016/05/16 v1.14 Bundle oberdiek, subset hyperref (HO)


(/usr/local/texlive/2018/texmf-dist/tex/generic/oberdiek/hobsub-generic.sty
Package: hobsub-generic 2016/05/16 v1.14 Bundle oberdiek, subset generic (HO)
Package: hobsub 2016/05/16 v1.14 Construct package bundles (HO)
Package: infwarerr 2016/05/16 v1.4 Providing info/warning/error messages (HO)
Package: ltxcmds 2016/05/16 v1.23 LaTeX kernel commands for general use (HO)
Package: ifluatex 2016/05/16 v1.4 Provides the ifluatex switch (HO)
Package ifluatex Info: LuaTeX not detected.
Package hobsub Info: Skipping package `ifvtex' (already loaded).
Package: intcalc 2016/05/16 v1.2 Expandable calculations with integers (HO)
Package hobsub Info: Skipping package `ifpdf' (already loaded).
Package: etexcmds 2016/05/16 v1.6 Avoid name clashes with e-TeX commands (HO)
Package etexcmds Info: Could not find \expanded.
(etexcmds)             That can mean that you are not using pdfTeX 1.50 or
(etexcmds)             that some package has redefined \expanded.
(etexcmds)             In the latter case, load this package earlier.
Package: kvsetkeys 2016/05/16 v1.17 Key value parser (HO)
Package: kvdefinekeys 2016/05/16 v1.4 Define keys (HO)
Package: pdftexcmds 2018/01/30 v0.27 Utility functions of pdfTeX for LuaTeX (HO
)
Package pdftexcmds Info: LuaTeX not detected.
Package pdftexcmds Info: \pdf@primitive is available.
Package pdftexcmds Info: \pdf@ifprimitive is available.
Package pdftexcmds Info: \pdfdraftmode found.
Package: pdfescape 2016/05/16 v1.14 Implements pdfTeX's escape features (HO)
Package: bigintcalc 2016/05/16 v1.4 Expandable calculations on big integers (HO
)
Package: bitset 2016/05/16 v1.2 Handle bit-vector datatype (HO)
Package: uniquecounter 2016/05/16 v1.3 Provide unlimited unique counter (HO)
)
Package hobsub Info: Skipping package `hobsub' (already loaded).
Package: letltxmacro 2016/05/16 v1.5 Let assignment for LaTeX macros (HO)
Package: hopatch 2016/05/16 v1.3 Wrapper for package hooks (HO)
Package: xcolor-patch 2016/05/16 xcolor patch
Package: atveryend 2016/05/16 v1.9 Hooks at the very end of document (HO)
Package atveryend Info: \enddocument detected (standard20110627).
Package: atbegshi 2016/06/09 v1.18 At begin shipout hook (HO)
Package: refcount 2016/05/16 v3.5 Data extraction from label references (HO)
Package: hycolor 2016/05/16 v1.8 Color options for hyperref/bookmark (HO)
)
(/usr/local/texlive/2018/texmf-dist/tex/latex/oberdiek/auxhook.sty
Package: auxhook 2016/05/16 v1.4 Hooks for auxiliary files (HO)
)
(/usr/local/texlive/2018/texmf-dist/tex/latex/oberdiek/kvoptions.sty
Package: kvoptions 2016/05/16 v3.12 Key value format for package options (HO)
)
\@linkdim=\dimen121
\Hy@linkcounter=\count106
\Hy@pagecounter=\count107

(/usr/local/texlive/2018/texmf-dist/tex/latex/hyperref/pd1enc.def
File: pd1enc.def 2018/02/06 v6.86b Hyperref: PDFDocEncoding definition (HO)
Now handling font encoding PD1 ...
... no UTF-8 mapping file for font encoding PD1
)
\Hy@SavedSpaceFactor=\count108

(/usr/local/texlive/2018/texmf-dist/tex/latex/latexconfig/hyperref.cfg
File: hyperref.cfg 2002/06/06 v1.2 hyperref configuration of TeXLive
)
Package hyperref Info: Hyper figures OFF on input line 4509.
Package hyperref Info: Link nesting OFF on input line 4514.
Package hyperref Info: Hyper index ON on input line 4517.
Package hyperref Info: Plain pages OFF on input line 4524.
Package hyperref Info: Backreferencing OFF on input line 4529.
Package hyperref Info: Implicit mode ON; LaTeX internals redefined.
Package hyperref Info: Bookmarks ON on input line 4762.
\c@Hy@tempcnt=\count109

(/usr/local/texlive/2018/texmf-dist/tex/latex/url/url.sty
\Urlmuskip=\muskip11
Package: url 2013/09/16  ver 3.4  Verb mode for urls, etc.
)
LaTeX Info: Redefining \url on input line 5115.
\XeTeXLinkMargin=\dimen122
\Fld@menulength=\count110
\Field@Width=\dimen123
\Fld@charsize=\dimen124
Package hyperref Info: Hyper figures OFF on input line 6369.
Package hyperref Info: Link nesting OFF on input line 6374.
Package hyperref Info: Hyper index ON on input line 6377.
Package hyperref Info: backreferencing OFF on input line 6384.
Package hyperref Info: Link coloring OFF on input line 6389.
Package hyperref Info: Link coloring with OCG OFF on input line 6394.
Package hyperref Info: PDF/A mode OFF on input line 6399.
LaTeX Info: Redefining \ref on input line 6439.
LaTeX Info: Redefining \pageref on input line 6443.
\Hy@abspage=\count111
\c@Item=\count112
\c@Hfootnote=\count113
)
Package hyperref Info: Driver (autodetected): hpdftex.

(/usr/local/texlive/2018/texmf-dist/tex/latex/hyperref/hpdftex.def
File: hpdftex.def 2018/02/06 v6.86b Hyperref driver for pdfTeX
\Fld@listcount=\count114
\c@bookmark@seq@number=\count115

(/usr/local/texlive/2018/texmf-dist/tex/latex/oberdiek/rerunfilecheck.sty
Package: rerunfilecheck 2016/05/16 v1.8 Rerun checks for auxiliary files (HO)
Package uniquecounter Info: New unique counter `rerunfilecheck' on input line 2
82.
)
\Hy@SectionHShift=\skip49
)
(/usr/local/texlive/2018/texmf-dist/tex/latex/fancyhdr/fancyhdr.sty
Package: fancyhdr 2017/06/30 v3.9a Extensive control of page headers and footer
s
\f@nch@headwidth=\skip50
\f@nch@O@elh=\skip51
\f@nch@O@erh=\skip52
\f@nch@O@olh=\skip53
\f@nch@O@orh=\skip54
\f@nch@O@elf=\skip55
\f@nch@O@erf=\skip56
\f@nch@O@olf=\skip57
\f@nch@O@orf=\skip58
)
(/usr/local/texlive/2018/texmf-dist/tex/latex/titlesec/titlesec.sty
Package: titlesec 2016/03/21 v2.10.2 Sectioning titles
\ttl@box=\box28
\beforetitleunit=\skip59
\aftertitleunit=\skip60
\ttl@plus=\dimen125
\ttl@minus=\dimen126
\ttl@toksa=\toks30
\titlewidth=\dimen127
\titlewidthlast=\dimen128
\titlewidthfirst=\dimen129
)
(/usr/local/texlive/2018/texmf-dist/tex/latex/listings/listings.sty
\lst@mode=\count116
\lst@gtempboxa=\box29
\lst@token=\toks31
\lst@length=\count117
\lst@currlwidth=\dimen130
\lst@column=\count118
\lst@pos=\count119
\lst@lostspace=\dimen131
\lst@width=\dimen132
\lst@newlines=\count120
\lst@lineno=\count121
\lst@maxwidth=\dimen133

(/usr/local/texlive/2018/texmf-dist/tex/latex/listings/lstmisc.sty
File: lstmisc.sty 2015/06/04 1.6 (Carsten Heinz)
\c@lstnumber=\count122
\lst@skipnumbers=\count123
\lst@framebox=\box30
)
(/usr/local/texlive/2018/texmf-dist/tex/latex/listings/listings.cfg
File: listings.cfg 2015/06/04 1.6 listings configuration
))
Package: listings 2015/06/04 1.6 (Carsten Heinz)

(/usr/local/texlive/2018/texmf-dist/tex/latex/graphics/graphicx.sty
Package: graphicx 2017/06/01 v1.1a Enhanced LaTeX Graphics (DPC,SPQR)

(/usr/local/texlive/2018/texmf-dist/tex/latex/graphics/graphics.sty
Package: graphics 2017/06/25 v1.2c Standard LaTeX Graphics (DPC,SPQR)

(/usr/local/texlive/2018/texmf-dist/tex/latex/graphics/trig.sty
Package: trig 2016/01/03 v1.10 sin cos tan (DPC)
)
(/usr/local/texlive/2018/texmf-dist/tex/latex/graphics-cfg/graphics.cfg
File: graphics.cfg 2016/06/04 v1.11 sample graphics configuration
)
Package graphics Info: Driver file: pdftex.def on input line 99.

(/usr/local/texlive/2018/texmf-dist/tex/latex/graphics-def/pdftex.def
File: pdftex.def 2018/01/08 v1.0l Graphics/color driver for pdftex
))
\Gin@req@height=\dimen134
\Gin@req@width=\dimen135
)
(/usr/local/texlive/2018/texmf-dist/tex/latex/tools/multicol.sty
Package: multicol 2018/04/01 v1.8r multicolumn formatting (FMi)
\c@tracingmulticols=\count124
\mult@box=\box31
\multicol@leftmargin=\dimen136
\c@unbalance=\count125
\c@collectmore=\count126
\doublecol@number=\count127
\multicoltolerance=\count128
\multicolpretolerance=\count129
\full@width=\dimen137
\page@free=\dimen138
\premulticols=\dimen139
\postmulticols=\dimen140
\multicolsep=\skip61
\multicolbaselineskip=\skip62
\partial@page=\box32
\last@line=\box33
\maxbalancingoverflow=\dimen141
\mult@rightbox=\box34
\mult@grightbox=\box35
\mult@gfirstbox=\box36
\mult@firstbox=\box37
\@tempa=\box38
\@tempa=\box39
\@tempa=\box40
\@tempa=\box41
\@tempa=\box42
\@tempa=\box43
\@tempa=\box44
\@tempa=\box45
\@tempa=\box46
\@tempa=\box47
\@tempa=\box48
\@tempa=\box49
\@tempa=\box50
\@tempa=\box51
\@tempa=\box52
\@tempa=\box53
\@tempa=\box54
\c@columnbadness=\count130
\c@finalcolumnbadness=\count131
\last@try=\dimen142
\multicolovershoot=\dimen143
\multicolundershoot=\dimen144
\mult@nat@firstbox=\box55
\colbreak@box=\box56
\mc@col@check@num=\count132
)
(/usr/local/texlive/2018/texmf-dist/tex/latex/multirow/multirow.sty
Package: multirow 2016/11/25 v2.2 Span multiple rows of a table
\multirow@colwidth=\skip63
\multirow@cntb=\count133
\multirow@dima=\skip64
\bigstrutjot=\dimen145
)
(/usr/local/texlive/2018/texmf-dist/tex/latex/graphics/color.sty
Package: color 2016/07/10 v1.1e Standard LaTeX Color (DPC)

(/usr/local/texlive/2018/texmf-dist/tex/latex/graphics-cfg/color.cfg
File: color.cfg 2016/01/02 v1.6 sample color configuration
)
Package color Info: Driver file: pdftex.def on input line 147.
)
(/usr/local/texlive/2018/texmf-dist/tex/latex/float/float.sty
Package: float 2001/11/08 v1.3d Float enhancements (AL)
\c@float@type=\count134
\float@exts=\toks32
\float@box=\box57
\@float@everytoks=\toks33
\@floatcapt=\box58
)
(/usr/local/texlive/2018/texmf-dist/tex/latex/subfig/subfig.sty
Package: subfig 2005/06/28 ver: 1.3 subfig package

(/usr/local/texlive/2018/texmf-dist/tex/latex/caption/caption.sty
Package: caption 2016/02/21 v3.3-144 Customizing captions (AR)

(/usr/local/texlive/2018/texmf-dist/tex/latex/caption/caption3.sty
Package: caption3 2016/05/22 v1.7-166 caption3 kernel (AR)
Package caption3 Info: TeX engine: e-TeX on input line 67.
\captionmargin=\dimen146
\captionmargin@=\dimen147
\captionwidth=\dimen148
\caption@tempdima=\dimen149
\caption@indent=\dimen150
\caption@parindent=\dimen151
\caption@hangindent=\dimen152
)
\c@ContinuedFloat=\count135
Package caption Info: float package is loaded.
Package caption Info: hyperref package is loaded.
Package caption Info: listings package is loaded.
)
\c@KVtest=\count136
\sf@farskip=\skip65
\sf@captopadj=\dimen153
\sf@capskip=\skip66
\sf@nearskip=\skip67
\c@subfigure=\count137
\c@subfigure@save=\count138
\c@lofdepth=\count139
\c@subtable=\count140
\c@subtable@save=\count141
\c@lotdepth=\count142
\sf@top=\skip68
\sf@bottom=\skip69
)
(/usr/local/texlive/2018/texmf-dist/tex/latex/graphics/rotating.sty
Package: rotating 2016/08/11 v2.16d rotated objects in LaTeX

(/usr/local/texlive/2018/texmf-dist/tex/latex/base/ifthen.sty
Package: ifthen 2014/09/29 v1.1c Standard LaTeX ifthen package (DPC)
)
\c@r@tfl@t=\count143
\rotFPtop=\skip70
\rotFPbot=\skip71
\rot@float@box=\box59
\rot@mess@toks=\toks34
)
(/usr/local/texlive/2018/texmf-dist/tex/latex/tools/enumerate.sty
Package: enumerate 2015/07/23 v3.00 enumerate extensions (DPC)
\@enLab=\toks35
)
(/usr/local/texlive/2018/texmf-dist/tex/latex/anysize/anysize.sty
Package: anysize 1994/08/13 setting margin sizes

document style option `anysize' loaded
Michael Salzenberg, Thomas Esser, Dirk Hillbrecht
Version 1.0, Aug 13, 1994
\@Leftmargin=\dimen154
\@Rightmargin=\dimen155
\@Topmargin=\dimen156
\@Bottommargin=\dimen157
)
\c@Algthm=\count144
\c@Def=\count145
\c@Ejem=\count146
\c@Teo=\count147
\c@Dem=\count148
\c@Note=\count149
\c@Sol=\count150
\c@Prop=\count151
\c@Cor=\count152
\c@Col=\count153
\c@Coro=\count154
\c@Lemma=\count155
\c@Lem=\count156
\c@Lema=\count157
\c@Sup=\count158
\c@Assumption=\count159
\c@Remark=\count160
\c@Condition=\count161
\c@Theorem=\count162
\c@Corollary=\count163
\c@Ejemplo=\count164
\c@Example=\count165
\c@Obs=\count166
 (./corrigiendo.aux

LaTeX Warning: Label `Ec.Renovacion' multiply defined.


LaTeX Warning: Label `Ec.Renovacion' multiply defined.


LaTeX Warning: Label `Ec.Renovacion' multiply defined.


LaTeX Warning: Label `Ec.Renovacion' multiply defined.


LaTeX Warning: Label `Ec.Renovacion' multiply defined.


LaTeX Warning: Label `Ec.Renovacion' multiply defined.


LaTeX Warning: Label `Def.Tn' multiply defined.


LaTeX Warning: Label `Def.Tn' multiply defined.


LaTeX Warning: Label `Ec.Renovacion' multiply defined.


LaTeX Warning: Label `Ec.Renovacion' multiply defined.


LaTeX Warning: Label `NoRenovacion' multiply defined.


LaTeX Warning: Label `NoRenovacion' multiply defined.


LaTeX Warning: Label `Eq.Arribos.Primera' multiply defined.


LaTeX Warning: Label `Def.Tn' multiply defined.


LaTeX Warning: Label `Ec.Renovacion' multiply defined.


LaTeX Warning: Label `Def.Tn' multiply defined.


LaTeX Warning: Label `Def.Tn' multiply defined.


LaTeX Warning: Label `Ec.Renovacion' multiply defined.


LaTeX Warning: Label `Ec.Renovacion' multiply defined.


LaTeX Warning: Label `NoRenovacion' multiply defined.


LaTeX Warning: Label `Def.Tn' multiply defined.


LaTeX Warning: Label `Ec.Renovacion' multiply defined.


LaTeX Warning: Label `Def.Tn' multiply defined.


LaTeX Warning: Label `Def.Tn' multiply defined.


LaTeX Warning: Label `Ec.Renovacion' multiply defined.


LaTeX Warning: Label `Ec.Renovacion' multiply defined.


LaTeX Warning: Label `NoRenovacion' multiply defined.


LaTeX Warning: Label `Eq.Arribos.Primera' multiply defined.


LaTeX Warning: Label `Eq.R2' multiply defined.


LaTeX Warning: Label `Eq.Arribos.Primera' multiply defined.


LaTeX Warning: Label `Def.Tn' multiply defined.


LaTeX Warning: Label `Ec.Renovacion' multiply defined.


LaTeX Warning: Label `Def.Tn' multiply defined.


LaTeX Warning: Label `NoRenovacion' multiply defined.


LaTeX Warning: Label `Def.Tn' multiply defined.


LaTeX Warning: Label `Ec.Renovacion' multiply defined.


LaTeX Warning: Label `Ec.Renovacion' multiply defined.


LaTeX Warning: Label `NoRenovacion' multiply defined.


LaTeX Warning: Label `NoRenovacion' multiply defined.


LaTeX Warning: Label `NoRenovacion' multiply defined.


LaTeX Warning: Label `NoRenovacion' multiply defined.


LaTeX Warning: Label `Def.Tn' multiply defined.


LaTeX Warning: Label `Ec.Renovacion' multiply defined.


LaTeX Warning: Label `Ec.Renovacion' multiply defined.


LaTeX Warning: Label `NoRenovacion' multiply defined.


LaTeX Warning: Label `Def.Tn' multiply defined.


LaTeX Warning: Label `Ec.Renovacion' multiply defined.


LaTeX Warning: Label `Ec.Renovacion' multiply defined.


LaTeX Warning: Label `Def.Tn' multiply defined.


LaTeX Warning: Label `Ec.Renovacion' multiply defined.


LaTeX Warning: Label `Ec.Renovacion' multiply defined.


LaTeX Warning: Label `Def.Tn' multiply defined.


LaTeX Warning: Label `Ec.Renovacion' multiply defined.


LaTeX Warning: Label `Ec.Renovacion' multiply defined.


LaTeX Warning: Label `Def.Tn' multiply defined.


LaTeX Warning: Label `Ec.Renovacion' multiply defined.


LaTeX Warning: Label `Ec.Renovacion' multiply defined.


LaTeX Warning: Label `Def.Tn' multiply defined.


LaTeX Warning: Label `Def.Tn' multiply defined.


LaTeX Warning: Label `Def.Tn' multiply defined.


LaTeX Warning: Label `Def.Tn' multiply defined.


LaTeX Warning: Label `Def.Tn' multiply defined.


LaTeX Warning: Label `Ec.Renovacion' multiply defined.


LaTeX Warning: Label `Ec.Renovacion' multiply defined.


LaTeX Warning: Label `NoRenovacion' multiply defined.


LaTeX Warning: Label `Def.Tn' multiply defined.


LaTeX Warning: Label `Def.Tn' multiply defined.


LaTeX Warning: Label `Def.Tn' multiply defined.


LaTeX Warning: Label `Def.Tn' multiply defined.


LaTeX Warning: Label `Def.Tn' multiply defined.


LaTeX Warning: Label `Def.Tn' multiply defined.


LaTeX Warning: Label `Def.Tn' multiply defined.


LaTeX Warning: Label `NoRenovacion' multiply defined.


LaTeX Warning: Label `NoRenovacion' multiply defined.


LaTeX Warning: Label `Rouche' multiply defined.


LaTeX Warning: Label `Asmussen' multiply defined.


LaTeX Warning: Label `Bhat' multiply defined.


LaTeX Warning: Label `Boxma' multiply defined.


LaTeX Warning: Label `BoonMeiWinands' multiply defined.


LaTeX Warning: Label `Borovkov' multiply defined.


LaTeX Warning: Label `BosBoon' multiply defined.


LaTeX Warning: Label `HookHee' multiply defined.


LaTeX Warning: Label `Chen' multiply defined.


LaTeX Warning: Label `CooperII' multiply defined.


LaTeX Warning: Label `Dai' multiply defined.


LaTeX Warning: Label `DaiSean' multiply defined.


LaTeX Warning: Label `DaiWeiss' multiply defined.


LaTeX Warning: Label `Daley68' multiply defined.


LaTeX Warning: Label `Davis' multiply defined.


LaTeX Warning: Label `Down' multiply defined.


LaTeX Warning: Label `Daley68' multiply defined.


LaTeX Warning: Label `Disney' multiply defined.


LaTeX Warning: Label `Eisenberg' multiply defined.


LaTeX Warning: Label `FrickerJaibi' multiply defined.


LaTeX Warning: Label `Stability' multiply defined.


LaTeX Warning: Label `Getoor' multiply defined.


LaTeX Warning: Label `Gut' multiply defined.


LaTeX Warning: Label `HookHee' multiply defined.


LaTeX Warning: Label `KaspiMandelbaum' multiply defined.


LaTeX Warning: Label `Konheim' multiply defined.


LaTeX Warning: Label `Kleinrock' multiply defined.


LaTeX Warning: Label `Konheim' multiply defined.


LaTeX Warning: Label `Lang' multiply defined.


LaTeX Warning: Label `LevySidi' multiply defined.


LaTeX Warning: Label `MeiBorst' multiply defined.


LaTeX Warning: Label `MeynTweedie2' multiply defined.


LaTeX Warning: Label `MeynDown' multiply defined.


LaTeX Warning: Label `TesisRoubos' multiply defined.


LaTeX Warning: Label `RepTec' multiply defined.


LaTeX Warning: Label `Semenova' multiply defined.


LaTeX Warning: Label `Serfozo' multiply defined.


LaTeX Warning: Label `Sharpe' multiply defined.


LaTeX Warning: Label `Sigma' multiply defined.


LaTeX Warning: Label `SidiLevy1' multiply defined.


LaTeX Warning: Label `SidiLevy2' multiply defined.


LaTeX Warning: Label `Sigman2' multiply defined.


LaTeX Warning: Label `Stidham' multiply defined.


LaTeX Warning: Label `TakagiI' multiply defined.


LaTeX Warning: Label `Takagi' multiply defined.


LaTeX Warning: Label `Thorisson' multiply defined.


LaTeX Warning: Label `Winands' multiply defined.

)
\openout1 = `corrigiendo.aux'.

LaTeX Font Info:    Checking defaults for OML/cmm/m/it on input line 84.
LaTeX Font Info:    ... okay on input line 84.
LaTeX Font Info:    Checking defaults for T1/cmr/m/n on input line 84.
LaTeX Font Info:    ... okay on input line 84.
LaTeX Font Info:    Checking defaults for OT1/cmr/m/n on input line 84.
LaTeX Font Info:    ... okay on input line 84.
LaTeX Font Info:    Checking defaults for OMS/cmsy/m/n on input line 84.
LaTeX Font Info:    ... okay on input line 84.
LaTeX Font Info:    Checking defaults for OMX/cmex/m/n on input line 84.
LaTeX Font Info:    ... okay on input line 84.
LaTeX Font Info:    Checking defaults for U/cmr/m/n on input line 84.
LaTeX Font Info:    ... okay on input line 84.
LaTeX Font Info:    Checking defaults for PD1/pdf/m/n on input line 84.
LaTeX Font Info:    ... okay on input line 84.

*geometry* driver: auto-detecting
*geometry* detected driver: pdftex
*geometry* verbose mode - [ preamble ] result:
* driver: pdftex
* paper: a4paper
* layout: <same size as paper>
* layoutoffset:(h,v)=(0.0pt,0.0pt)
* modes: 
* h-part:(L,W,R)=(71.13188pt, 455.24411pt, 71.13188pt)
* v-part:(T,H,B)=(85.35826pt, 674.33032pt, 85.35826pt)
* \paperwidth=597.50787pt
* \paperheight=845.04684pt
* \textwidth=455.24411pt
* \textheight=674.33032pt
* \oddsidemargin=-1.1381pt
* \evensidemargin=-1.1381pt
* \topmargin=-23.91173pt
* \headheight=12.0pt
* \headsep=25.0pt
* \topskip=10.0pt
* \footskip=30.0pt
* \marginparwidth=65.0pt
* \marginparsep=11.0pt
* \columnsep=10.0pt
* \skip\footins=9.0pt plus 4.0pt minus 2.0pt
* \hoffset=0.0pt
* \voffset=0.0pt
* \mag=1000
* \@twocolumnfalse
* \@twosidefalse
* \@mparswitchfalse
* \@reversemarginfalse
* (1in=72.27pt=25.4mm, 1cm=28.453pt)

\AtBeginShipoutBox=\box60
Package hyperref Info: Link coloring OFF on input line 84.
(/usr/local/texlive/2018/texmf-dist/tex/latex/hyperref/nameref.sty
Package: nameref 2016/05/21 v2.44 Cross-referencing by name of section

(/usr/local/texlive/2018/texmf-dist/tex/generic/oberdiek/gettitlestring.sty
Package: gettitlestring 2016/05/16 v1.5 Cleanup title references (HO)
)
\c@section@level=\count167
)
LaTeX Info: Redefining \ref on input line 84.
LaTeX Info: Redefining \pageref on input line 84.
LaTeX Info: Redefining \nameref on input line 84.

(./corrigiendo.out) (./corrigiendo.out)
\@outlinefile=\write3
\openout3 = `corrigiendo.out'.

\c@lstlisting=\count168

(/usr/local/texlive/2018/texmf-dist/tex/context/base/mkii/supp-pdf.mkii
[Loading MPS to PDF converter (version 2006.09.02).]
\scratchcounter=\count169
\scratchdimen=\dimen158
\scratchbox=\box61
\nofMPsegments=\count170
\nofMParguments=\count171
\everyMPshowfont=\toks36
\MPscratchCnt=\count172
\MPscratchDim=\dimen159
\MPnumerator=\count173
\makeMPintoPDFobject=\count174
\everyMPtoPDFconversion=\toks37
) (/usr/local/texlive/2018/texmf-dist/tex/latex/oberdiek/epstopdf-base.sty
Package: epstopdf-base 2016/05/15 v2.6 Base part for package epstopdf

(/usr/local/texlive/2018/texmf-dist/tex/latex/oberdiek/grfext.sty
Package: grfext 2016/05/16 v1.2 Manage graphics extensions (HO)
)
Package epstopdf-base Info: Redefining graphics rule for `.eps' on input line 4
38.
Package grfext Info: Graphics extension search list:
(grfext)             [.pdf,.png,.jpg,.mps,.jpeg,.jbig2,.jb2,.PDF,.PNG,.JPG,.JPE
G,.JBIG2,.JB2,.eps]
(grfext)             \AppendGraphicsExtensions on input line 456.

(/usr/local/texlive/2018/texmf-dist/tex/latex/latexconfig/epstopdf-sys.cfg
File: epstopdf-sys.cfg 2010/07/13 v1.3 Configuration of (r)epstopdf for TeX Liv
e
))
Package caption Info: Begin \AtBeginDocument code.
Package caption Info: subfig package v1.3 is loaded.
Package caption Info: rotating package is loaded.
Package caption Info: End \AtBeginDocument code.
LaTeX Font Info:    Try loading font information for U+msa on input line 87.

(/usr/local/texlive/2018/texmf-dist/tex/latex/amsfonts/umsa.fd
File: umsa.fd 2013/01/14 v3.01 AMS symbols A
)
LaTeX Font Info:    Try loading font information for U+msb on input line 87.

(/usr/local/texlive/2018/texmf-dist/tex/latex/amsfonts/umsb.fd
File: umsb.fd 2013/01/14 v3.01 AMS symbols B
)
(./corrigiendo.toc [1

{/usr/local/texlive/2018/texmf-var/fonts/map/pdftex/updmap/pdftex.map}] [2] [3]
)
\tf@toc=\write4
\openout4 = `corrigiendo.toc'.



LaTeX Font Warning: Command \footnotesize invalid in math mode on input line 96
.

LaTeX Font Info:    Try loading font information for OMS+cmr on input line 107.

(/usr/local/texlive/2018/texmf-dist/tex/latex/base/omscmr.fd
File: omscmr.fd 2014/09/29 v2.5h Standard LaTeX font definitions
)
LaTeX Font Info:    Font shape `OMS/cmr/m/n' in size <10> not available
(Font)              Font shape `OMS/cmsy/m/n' tried instead on input line 107.
 [4]

LaTeX Font Warning: Command \footnotesize invalid in math mode on input line 20
9.

[5] [6]

LaTeX Font Warning: Command \footnotesize invalid in math mode on input line 32
1.

[7] [8]

LaTeX Font Warning: Command \footnotesize invalid in math mode on input line 43
3.

[9] [10] [11] [12] [13] [14] [15] [16] [17] [18] [19] [20] [21] [22] [23]
[24] [25] [26] [27] [28] [29] [30] [31] [32] [33] [34] [35] [36] [37] [38]
[39] [40] [41] [42] [43] [44] [45] [46] [47] [48] [49] [50] [51] [52] [53]
[54] [55] [56] [57] [58] [59] [60] [61] [62] [63] [64] [65] [66] [67] [68]
[69] [70] [71] [72] [73] [74] [75] [76] [77] [78] [79]

Package hyperref Warning: Token not allowed in a PDF string (PDFDocEncoding):
(hyperref)                removing `\@ifnextchar' on input line 5670.


LaTeX Warning: Citation `SIGMAN1' on page 80 undefined on input line 5715.

[80]

LaTeX Warning: Citation `SIGMAN1' on page 81 undefined on input line 5786.

[81]

LaTeX Warning: Citation `SIGMAN1' on page 82 undefined on input line 5860.

[82]

LaTeX Warning: Citation `SIGMAN1' on page 83 undefined on input line 5942.

[83]

LaTeX Warning: Citation `SIGMAN1' on page 84 undefined on input line 6026.

[84]

LaTeX Warning: Citation `SIGMAN1' on page 85 undefined on input line 6104.

[85]

LaTeX Warning: Citation `SIGMAN1' on page 86 undefined on input line 6190.

[86]

LaTeX Warning: Citation `SIGMAN1' on page 87 undefined on input line 6269.

[87]

LaTeX Warning: Citation `SIGMAN1' on page 88 undefined on input line 6340.

[88]

LaTeX Warning: Citation `SIGMAN1' on page 89 undefined on input line 6426.

[89]

LaTeX Warning: Citation `SIGMAN1' on page 90 undefined on input line 6481.

[90]

LaTeX Warning: Citation `SIGMAN1' on page 91 undefined on input line 6567.

[91]

LaTeX Warning: Citation `SIGMAN1' on page 92 undefined on input line 6641.

[92]

LaTeX Warning: Citation `SIGMAN1' on page 93 undefined on input line 6721.

[93]

LaTeX Warning: Citation `SIGMAN1' on page 94 undefined on input line 6795.

[94]

LaTeX Warning: Citation `SIGMAN1' on page 95 undefined on input line 6861.

[95]
LaTeX Font Info:    Font shape `OMS/cmr/m/it' in size <10> not available
(Font)              Font shape `OMS/cmsy/m/n' tried instead on input line 6892.



LaTeX Warning: Citation `SIGMAN1' on page 96 undefined on input line 6939.

[96]

LaTeX Warning: Citation `SIGMAN1' on page 97 undefined on input line 7018.

[97]

LaTeX Warning: Citation `SIGMAN1' on page 98 undefined on input line 7081.

[98]
Overfull \hbox (0.58652pt too wide) in paragraph at lines 7115--7116
[][]\OT1/cmr/bx/n/10 Definici^^Son 118. []\OT1/cmr/m/it/10 Una mod-i-fi-caci^^S
on med-i-ble de un pro-ceso $[]$, es una versi^^Son de este, $[]$
 []


LaTeX Warning: Citation `SIGMAN1' on page 99 undefined on input line 7149.

[99]
Overfull \hbox (0.58652pt too wide) in paragraph at lines 7167--7168
[][]\OT1/cmr/bx/n/10 Definici^^Son 121. []\OT1/cmr/m/it/10 Una mod-i-fi-caci^^S
on med-i-ble de un pro-ceso $[]$, es una versi^^Son de este, $[]$
 []


LaTeX Warning: Citation `SIGMAN1' on page 100 undefined on input line 7204.

[100]

LaTeX Warning: Reference `Corolario2' on page 101 undefined on input line 7216.



LaTeX Warning: Citation `SIGMAN1' on page 101 undefined on input line 7259.

[101]
Overfull \hbox (18.07896pt too wide) in paragraph at lines 7318--7319
[]\OT1/cmr/m/n/10 An^^Salogamente que como se hizo para $\OML/cmm/m/it/10 Q[]$\
OT1/cmr/m/n/10 , ten-emos que para $\OML/cmm/m/it/10 Q[]$ \OT1/cmr/m/n/10 se ti
ene el in-ter-valo $\OML/cmm/m/it/10 I[] \OT1/cmr/m/n/10 = []$
 []


LaTeX Warning: Citation `SIGMAN1' on page 102 undefined on input line 7349.

[102]
Overfull \hbox (11.32034pt too wide) in alignment at lines 7384--7403
 [][][] []
 []


LaTeX Warning: Citation `SIGMAN1' on page 103 undefined on input line 7450.

[103]

LaTeX Font Warning: Command \footnotesize invalid in math mode on input line 74
52.


LaTeX Warning: Citation `SIGMAN1' on page 104 undefined on input line 7514.

[104]

LaTeX Warning: Citation `SIGMAN1' on page 105 undefined on input line 7583.

[105]

LaTeX Warning: Citation `SIGMAN1' on page 106 undefined on input line 7671.

[106]

LaTeX Warning: Citation `SIGMAN1' on page 107 undefined on input line 7765.

[107]
Overfull \hbox (0.58652pt too wide) in paragraph at lines 7800--7801
[][]\OT1/cmr/bx/n/10 Definici^^Son 126. []\OT1/cmr/m/it/10 Una mod-i-fi-caci^^S
on med-i-ble de un pro-ceso $[]$, es una versi^^Son de este, $[]$
 []


LaTeX Warning: Citation `SIGMAN1' on page 108 undefined on input line 7835.

[108]

LaTeX Warning: Citation `SIGMAN1' on page 109 undefined on input line 7908.

[109]

LaTeX Warning: Citation `SIGMAN1' on page 110 undefined on input line 7984.

[110]

LaTeX Warning: Citation `SIGMAN1' on page 111 undefined on input line 8062.

[111]

LaTeX Warning: Citation `SIGMAN1' on page 112 undefined on input line 8147.

[112]

LaTeX Warning: Citation `SIGMAN1' on page 113 undefined on input line 8224.

[113]

LaTeX Warning: Citation `SIGMAN1' on page 114 undefined on input line 8303.

[114]

LaTeX Warning: Citation `SIGMAN1' on page 115 undefined on input line 8374.

[115]

LaTeX Warning: Citation `SIGMAN1' on page 116 undefined on input line 8460.

[116]

LaTeX Warning: Citation `SIGMAN1' on page 117 undefined on input line 8510.

[117]

LaTeX Warning: Citation `SIGMAN1' on page 118 undefined on input line 8596.

[118]

LaTeX Warning: Citation `SIGMAN1' on page 119 undefined on input line 8670.

[119]

LaTeX Warning: Citation `SIGMAN1' on page 120 undefined on input line 8750.

[120]

LaTeX Warning: Citation `SIGMAN1' on page 121 undefined on input line 8824.

[121]

LaTeX Warning: Citation `SIGMAN1' on page 122 undefined on input line 8890.

[122]

LaTeX Warning: Citation `SIGMAN1' on page 123 undefined on input line 8968.

[123]

LaTeX Warning: Citation `SIGMAN1' on page 124 undefined on input line 9053.

[124]

LaTeX Warning: Citation `SIGMAN1' on page 125 undefined on input line 9111.

[125]
Overfull \hbox (0.58652pt too wide) in paragraph at lines 9145--9146
[][]\OT1/cmr/bx/n/10 Definici^^Son 162. []\OT1/cmr/m/it/10 Una mod-i-fi-caci^^S
on med-i-ble de un pro-ceso $[]$, es una versi^^Son de este, $[]$
 []


LaTeX Warning: Citation `SIGMAN1' on page 126 undefined on input line 9179.

[126]
Overfull \hbox (0.58652pt too wide) in paragraph at lines 9197--9198
[][]\OT1/cmr/bx/n/10 Definici^^Son 165. []\OT1/cmr/m/it/10 Una mod-i-fi-caci^^S
on med-i-ble de un pro-ceso $[]$, es una versi^^Son de este, $[]$
 []


LaTeX Warning: Citation `SIGMAN1' on page 127 undefined on input line 9241.

[127]
Overfull \hbox (17.54205pt too wide) in paragraph at lines 9263--9265
[]$ \OT1/cmr/m/it/10 a $[]$, es de-cir, para $\OML/cmm/m/it/10 A \OMS/cmsy/m/n/
10 2 E$\OT1/cmr/m/it/10 , se tiene que $[] \OMS/cmsy/m/n/10 2 F$\OT1/cmr/m/it/1
0 , donde $[] \OT1/cmr/m/n/10 := [] =:
 []


LaTeX Warning: Citation `SIGMAN1' on page 128 undefined on input line 9294.

[128]

LaTeX Warning: Citation `SIGMAN1' on page 129 undefined on input line 9377.

[129]

LaTeX Warning: Citation `SIGMAN1' on page 130 undefined on input line 9457.

[130]

LaTeX Warning: Citation `SIGMAN1' on page 131 undefined on input line 9527.

[131]

Package hyperref Warning: Token not allowed in a PDF string (PDFDocEncoding):
(hyperref)                removing `\@ifnextchar' on input line 9532.


LaTeX Warning: Citation `SIGMAN1' on page 132 undefined on input line 9593.

[132]
Overfull \hbox (0.58652pt too wide) in paragraph at lines 9628--9629
[][]\OT1/cmr/bx/n/10 Definici^^Son 195. []\OT1/cmr/m/it/10 Una mod-i-fi-caci^^S
on med-i-ble de un pro-ceso $[]$, es una versi^^Son de este, $[]$
 []


LaTeX Warning: Citation `SIGMAN1' on page 133 undefined on input line 9663.

[133]

LaTeX Warning: Citation `SIGMAN1' on page 134 undefined on input line 9736.

[134]

LaTeX Warning: Citation `SIGMAN1' on page 135 undefined on input line 9812.

[135]

LaTeX Warning: Citation `SIGMAN1' on page 136 undefined on input line 9890.

[136]

LaTeX Warning: Citation `SIGMAN1' on page 137 undefined on input line 9975.

[137]

LaTeX Warning: Citation `SIGMAN1' on page 138 undefined on input line 10052.

[138]

LaTeX Warning: Citation `SIGMAN1' on page 139 undefined on input line 10131.

[139]

LaTeX Warning: Citation `SIGMAN1' on page 140 undefined on input line 10202.

[140]

LaTeX Warning: Citation `SIGMAN1' on page 141 undefined on input line 10288.

[141]

LaTeX Warning: Citation `SIGMAN1' on page 142 undefined on input line 10343.

[142]

LaTeX Warning: Citation `SIGMAN1' on page 143 undefined on input line 10429.

[143]

LaTeX Warning: Citation `SIGMAN1' on page 144 undefined on input line 10503.

[144]

LaTeX Warning: Citation `SIGMAN1' on page 145 undefined on input line 10583.

[145]

LaTeX Warning: Citation `SIGMAN1' on page 146 undefined on input line 10657.

[146]

LaTeX Warning: Citation `SIGMAN1' on page 147 undefined on input line 10723.

[147]

LaTeX Warning: Citation `SIGMAN1' on page 148 undefined on input line 10801.

[148]

LaTeX Warning: Citation `SIGMAN1' on page 149 undefined on input line 10880.

[149]

LaTeX Warning: Citation `SIGMAN1' on page 150 undefined on input line 10943.

[150]
Overfull \hbox (0.58652pt too wide) in paragraph at lines 10977--10978
[][]\OT1/cmr/bx/n/10 Definici^^Son 231. []\OT1/cmr/m/it/10 Una mod-i-fi-caci^^S
on med-i-ble de un pro-ceso $[]$, es una versi^^Son de este, $[]$
 []


LaTeX Warning: Citation `SIGMAN1' on page 151 undefined on input line 11011.

[151]
Overfull \hbox (0.58652pt too wide) in paragraph at lines 11029--11030
[][]\OT1/cmr/bx/n/10 Definici^^Son 234. []\OT1/cmr/m/it/10 Una mod-i-fi-caci^^S
on med-i-ble de un pro-ceso $[]$, es una versi^^Son de este, $[]$
 []


LaTeX Warning: Citation `SIGMAN1' on page 152 undefined on input line 11066.

[152]

LaTeX Warning: Reference `Corolario2' on page 153 undefined on input line 11078
.


LaTeX Warning: Citation `SIGMAN1' on page 153 undefined on input line 11121.

[153]
Overfull \hbox (18.07896pt too wide) in paragraph at lines 11180--11181
[]\OT1/cmr/m/n/10 An^^Salogamente que como se hizo para $\OML/cmm/m/it/10 Q[]$\
OT1/cmr/m/n/10 , ten-emos que para $\OML/cmm/m/it/10 Q[]$ \OT1/cmr/m/n/10 se ti
ene el in-ter-valo $\OML/cmm/m/it/10 I[] \OT1/cmr/m/n/10 = []$
 []


LaTeX Warning: Citation `SIGMAN1' on page 154 undefined on input line 11211.

[154]
Overfull \hbox (11.32034pt too wide) in alignment at lines 11246--11265
 [][][] []
 []


LaTeX Warning: Citation `SIGMAN1' on page 155 undefined on input line 11312.

[155]

LaTeX Font Warning: Command \footnotesize invalid in math mode on input line 11
314.


LaTeX Warning: Citation `SIGMAN1' on page 156 undefined on input line 11376.

[156]

LaTeX Warning: Citation `SIGMAN1' on page 157 undefined on input line 11445.

[157]

LaTeX Warning: Citation `SIGMAN1' on page 158 undefined on input line 11533.

[158]

LaTeX Warning: Citation `SIGMAN1' on page 159 undefined on input line 11627.

[159]
Overfull \hbox (0.58652pt too wide) in paragraph at lines 11662--11663
[][]\OT1/cmr/bx/n/10 Definici^^Son 239. []\OT1/cmr/m/it/10 Una mod-i-fi-caci^^S
on med-i-ble de un pro-ceso $[]$, es una versi^^Son de este, $[]$
 []


LaTeX Warning: Citation `SIGMAN1' on page 160 undefined on input line 11697.

[160]

LaTeX Warning: Citation `SIGMAN1' on page 161 undefined on input line 11770.

[161]

LaTeX Warning: Citation `SIGMAN1' on page 162 undefined on input line 11846.

[162]

LaTeX Warning: Citation `SIGMAN1' on page 163 undefined on input line 11924.

[163]

LaTeX Warning: Citation `SIGMAN1' on page 164 undefined on input line 12009.

[164]

LaTeX Warning: Citation `SIGMAN1' on page 165 undefined on input line 12086.

[165]

LaTeX Warning: Citation `SIGMAN1' on page 166 undefined on input line 12165.

[166]

LaTeX Warning: Citation `SIGMAN1' on page 167 undefined on input line 12236.

[167]

LaTeX Warning: Citation `SIGMAN1' on page 168 undefined on input line 12322.

[168]

LaTeX Warning: Citation `SIGMAN1' on page 169 undefined on input line 12377.

[169]

LaTeX Warning: Citation `SIGMAN1' on page 170 undefined on input line 12463.

[170]

LaTeX Warning: Citation `SIGMAN1' on page 171 undefined on input line 12537.

[171]

LaTeX Warning: Citation `SIGMAN1' on page 172 undefined on input line 12617.

[172]

LaTeX Warning: Citation `SIGMAN1' on page 173 undefined on input line 12691.

[173]

LaTeX Warning: Citation `SIGMAN1' on page 174 undefined on input line 12757.

[174]

LaTeX Warning: Citation `SIGMAN1' on page 175 undefined on input line 12835.

[175]

LaTeX Warning: Citation `SIGMAN1' on page 176 undefined on input line 12920.

[176]

LaTeX Warning: Citation `SIGMAN1' on page 177 undefined on input line 12978.

[177]
Overfull \hbox (0.58652pt too wide) in paragraph at lines 13012--13013
[][]\OT1/cmr/bx/n/10 Definici^^Son 275. []\OT1/cmr/m/it/10 Una mod-i-fi-caci^^S
on med-i-ble de un pro-ceso $[]$, es una versi^^Son de este, $[]$
 []


LaTeX Warning: Citation `SIGMAN1' on page 178 undefined on input line 13044.

[178]

LaTeX Warning: Citation `SIGMAN1' on page 179 undefined on input line 13105.

[179]

LaTeX Warning: Citation `SIGMAN1' on page 180 undefined on input line 13173.

[180]
Overfull \hbox (0.58652pt too wide) in paragraph at lines 13192--13193
[][]\OT1/cmr/bx/n/10 Definici^^Son 282. []\OT1/cmr/m/it/10 Una mod-i-fi-caci^^S
on med-i-ble de un pro-ceso $[]$, es una versi^^Son de este, $[]$
 []


LaTeX Warning: Citation `SIGMAN1' on page 181 undefined on input line 13233.

[181]

LaTeX Warning: Citation `SIGMAN1' on page 182 undefined on input line 13311.

[182]

LaTeX Warning: Citation `SIGMAN1' on page 183 undefined on input line 13398.

[183]

LaTeX Warning: Citation `SIGMAN1' on page 184 undefined on input line 13471.

[184]

LaTeX Warning: Citation `SIGMAN1' on page 185 undefined on input line 13557.

[185]

LaTeX Warning: Citation `SIGMAN1' on page 186 undefined on input line 13632.

[186]

LaTeX Warning: Citation `SIGMAN1' on page 187 undefined on input line 13708.

[187]

LaTeX Warning: Citation `SIGMAN1' on page 188 undefined on input line 13791.

[188]

LaTeX Warning: Citation `SIGMAN1' on page 189 undefined on input line 13879.

[189]

LaTeX Warning: Citation `SIGMAN1' on page 190 undefined on input line 13936.

[190]

LaTeX Warning: Citation `SIGMAN1' on page 191 undefined on input line 14017.

[191]

LaTeX Warning: Citation `SIGMAN1' on page 192 undefined on input line 14099.

[192]

LaTeX Warning: Citation `SIGMAN1' on page 193 undefined on input line 14172.

[193]

LaTeX Warning: Citation `SIGMAN1' on page 194 undefined on input line 14254.

[194]

LaTeX Warning: Citation `SIGMAN1' on page 195 undefined on input line 14324.

[195]

LaTeX Warning: Citation `SIGMAN1' on page 196 undefined on input line 14429.

[196]

LaTeX Warning: Citation `SIGMAN1' on page 197 undefined on input line 14488.

[197]
Overfull \hbox (0.58652pt too wide) in paragraph at lines 14535--14536
[][]\OT1/cmr/bx/n/10 Definici^^Son 318. []\OT1/cmr/m/it/10 Una mod-i-fi-caci^^S
on med-i-ble de un pro-ceso $[]$, es una versi^^Son de este, $[]$
 []


LaTeX Warning: Citation `SIGMAN1' on page 198 undefined on input line 14548.

[198]
Overfull \hbox (0.58652pt too wide) in paragraph at lines 14587--14588
[][]\OT1/cmr/bx/n/10 Definici^^Son 321. []\OT1/cmr/m/it/10 Una mod-i-fi-caci^^S
on med-i-ble de un pro-ceso $[]$, es una versi^^Son de este, $[]$
 []


LaTeX Warning: Citation `SIGMAN1' on page 199 undefined on input line 14622.

[199]
Overfull \hbox (17.54205pt too wide) in paragraph at lines 14653--14655
[]$ \OT1/cmr/m/it/10 a $[]$, es de-cir, para $\OML/cmm/m/it/10 A \OMS/cmsy/m/n/
10 2 E$\OT1/cmr/m/it/10 , se tiene que $[] \OMS/cmsy/m/n/10 2 F$\OT1/cmr/m/it/1
0 , donde $[] \OT1/cmr/m/n/10 := [] =:
 []


LaTeX Warning: Citation `SIGMAN1' on page 200 undefined on input line 14680.

[200]

LaTeX Warning: Citation `SIGMAN1' on page 201 undefined on input line 14758.

[201]

LaTeX Warning: Citation `SIGMAN1' on page 202 undefined on input line 14837.

[202]

LaTeX Warning: Citation `SIGMAN1' on page 203 undefined on input line 14910.

[203]

LaTeX Warning: Citation `SIGMAN1' on page 204 undefined on input line 14995.

[204]

LaTeX Warning: Reference `Corolario2' on page 205 undefined on input line 15007
.


LaTeX Warning: Citation `SIGMAN1' on page 205 undefined on input line 15044.

[205]

LaTeX Warning: Citation `SIGMAN1' on page 206 undefined on input line 15107.

[206]

LaTeX Warning: Citation `SIGMAN1' on page 207 undefined on input line 15168.

[207]

LaTeX Warning: Citation `SIGMAN1' on page 208 undefined on input line 15231.

[208]

LaTeX Warning: Citation `SIGMAN1' on page 209 undefined on input line 15279.

[209]

LaTeX Warning: Citation `SIGMAN1' on page 210 undefined on input line 15353.

[210]

LaTeX Warning: Citation `SIGMAN1' on page 211 undefined on input line 15416.

[211]

LaTeX Warning: Reference `Corolario2' on page 212 undefined on input line 15442
.


LaTeX Warning: Citation `SIGMAN1' on page 212 undefined on input line 15482.

[212]

Package hyperref Warning: Token not allowed in a PDF string (PDFDocEncoding):
(hyperref)                removing `\@ifnextchar' on input line 15499.


LaTeX Warning: Citation `SIGMAN1' on page 213 undefined on input line 15538.

[213]

Package hyperref Warning: Token not allowed in a PDF string (PDFDocEncoding):
(hyperref)                removing `\@ifnextchar' on input line 15565.


LaTeX Warning: Citation `SIGMAN1' on page 214 undefined on input line 15608.

[214]

Package hyperref Warning: Token not allowed in a PDF string (PDFDocEncoding):
(hyperref)                removing `\@ifnextchar' on input line 15652.


LaTeX Warning: Citation `SIGMAN1' on page 215 undefined on input line 15667.

[215]

Package hyperref Warning: Token not allowed in a PDF string (PDFDocEncoding):
(hyperref)                removing `\@ifnextchar' on input line 15718.


LaTeX Warning: Citation `SIGMAN1' on page 216 undefined on input line 15736.

[216]

LaTeX Warning: Citation `SIGMAN1' on page 217 undefined on input line 15804.

[217]
Overfull \hbox (0.58652pt too wide) in paragraph at lines 15814--15815
[][]\OT1/cmr/bx/n/10 Definici^^Son 370. []\OT1/cmr/m/it/10 Una mod-i-fi-caci^^S
on med-i-ble de un pro-ceso $[]$, es una versi^^Son de este, $[]$
 []


LaTeX Warning: Citation `SIGMAN1' on page 218 undefined on input line 15862.

[218]

LaTeX Warning: Citation `SIGMAN1' on page 219 undefined on input line 15950.

[219]

LaTeX Warning: Citation `SIGMAN1' on page 220 undefined on input line 16032.

[220]

LaTeX Warning: Citation `SIGMAN1' on page 221 undefined on input line 16103.

[221]

LaTeX Warning: Citation `SIGMAN1' on page 222 undefined on input line 16181.

[222]

LaTeX Warning: Citation `SIGMAN1' on page 223 undefined on input line 16256.

[223]

LaTeX Warning: Citation `SIGMAN1' on page 224 undefined on input line 16332.

[224]

LaTeX Warning: Citation `SIGMAN1' on page 225 undefined on input line 16415.

[225]

LaTeX Warning: Citation `SIGMAN1' on page 226 undefined on input line 16503.

[226]

Package hyperref Warning: Token not allowed in a PDF string (PDFDocEncoding):
(hyperref)                removing `\@ifnextchar' on input line 16512.


LaTeX Warning: Citation `SIGMAN2' on page 227 undefined on input line 16558.

[227]

Package hyperref Warning: Token not allowed in a PDF string (PDFDocEncoding):
(hyperref)                removing `\@ifnextchar' on input line 16582.


LaTeX Warning: Citation `SIGMAN2' on page 228 undefined on input line 16632.

[228]

Package hyperref Warning: Token not allowed in a PDF string (PDFDocEncoding):
(hyperref)                removing `\@ifnextchar' on input line 16649.


LaTeX Warning: Citation `SERFOZO' on page 229 undefined on input line 16701.

[229]

LaTeX Warning: Citation `SERFOZO' on page 230 undefined on input line 16780.

[230]

LaTeX Warning: Citation `SERFOZO' on page 231 undefined on input line 16853.

[231]

LaTeX Warning: Citation `SERFOZO' on page 232 undefined on input line 16926.

[232]

LaTeX Warning: Citation `SERFOZO' on page 233 undefined on input line 17003.

[233]

LaTeX Warning: Citation `SERFOZO' on page 234 undefined on input line 17076.

[234]

Package hyperref Warning: Token not allowed in a PDF string (PDFDocEncoding):
(hyperref)                removing `\@ifnextchar' on input line 17154.


LaTeX Warning: Citation `SERFOZO' on page 235 undefined on input line 17160.

[235]

LaTeX Warning: Citation `SERFOZO' on page 236 undefined on input line 17229.

[236]

LaTeX Warning: Citation `SERFOZO' on page 237 undefined on input line 17306.

[237]

LaTeX Warning: Citation `SERFOZO' on page 238 undefined on input line 17385.

[238]

LaTeX Warning: Citation `SERFOZO' on page 239 undefined on input line 17457.

[239]

Package hyperref Warning: Token not allowed in a PDF string (PDFDocEncoding):
(hyperref)                removing `\@ifnextchar' on input line 17529.


LaTeX Warning: Citation `SERFOZO' on page 240 undefined on input line 17535.

[240]

LaTeX Warning: Citation `SERFOZO' on page 241 undefined on input line 17603.

[241]

LaTeX Warning: Citation `SERFOZO' on page 242 undefined on input line 17684.

[242]

LaTeX Warning: Citation `SERFOZO' on page 243 undefined on input line 17761.

[243]

LaTeX Warning: Citation `SERFOZO' on page 244 undefined on input line 17833.

[244]

LaTeX Warning: Citation `SERFOZO' on page 245 undefined on input line 17906.

[245]

LaTeX Warning: Citation `SERFOZO' on page 246 undefined on input line 17982.

[246]

Package hyperref Warning: Token not allowed in a PDF string (PDFDocEncoding):
(hyperref)                removing `\@ifnextchar' on input line 18039.


LaTeX Warning: Citation `SERFOZO' on page 247 undefined on input line 18060.

[247]

LaTeX Warning: Citation `SERFOZO' on page 248 undefined on input line 18149.

[248]

LaTeX Warning: Citation `SERFOZO' on page 249 undefined on input line 18215.

[249]

LaTeX Warning: Citation `SERFOZO' on page 250 undefined on input line 18297.

[250]

LaTeX Warning: Citation `SERFOZO' on page 251 undefined on input line 18369.

[251]

LaTeX Warning: Citation `SERFOZO' on page 252 undefined on input line 18441.

[252]

LaTeX Warning: Citation `SERFOZO' on page 253 undefined on input line 18523.

[253]

Package hyperref Warning: Token not allowed in a PDF string (PDFDocEncoding):
(hyperref)                removing `\@ifnextchar' on input line 18544.


LaTeX Warning: Citation `SERFOZO' on page 254 undefined on input line 18590.

[254]

LaTeX Warning: Citation `SERFOZO' on page 255 undefined on input line 18669.

[255]

LaTeX Warning: Citation `SERFOZO' on page 256 undefined on input line 18742.

[256]

LaTeX Warning: Citation `SERFOZO' on page 257 undefined on input line 18815.

[257]

LaTeX Warning: Citation `SERFOZO' on page 258 undefined on input line 18892.

[258]

LaTeX Warning: Citation `SERFOZO' on page 259 undefined on input line 18965.

[259]

Package hyperref Warning: Token not allowed in a PDF string (PDFDocEncoding):
(hyperref)                removing `\@ifnextchar' on input line 19045.


LaTeX Warning: Citation `SERFOZO' on page 260 undefined on input line 19053.

[260]

LaTeX Warning: Citation `SERFOZO' on page 261 undefined on input line 19113.

[261]

LaTeX Warning: Citation `SERFOZO' on page 262 undefined on input line 19194.

[262]

LaTeX Warning: Citation `SERFOZO' on page 263 undefined on input line 19271.

[263]

LaTeX Warning: Citation `SERFOZO' on page 264 undefined on input line 19343.

[264]

LaTeX Warning: Citation `SERFOZO' on page 265 undefined on input line 19416.

[265]

LaTeX Warning: Citation `SERFOZO' on page 266 undefined on input line 19492.

[266]

Package hyperref Warning: Token not allowed in a PDF string (PDFDocEncoding):
(hyperref)                removing `\@ifnextchar' on input line 19547.


LaTeX Warning: Citation `SERFOZO' on page 267 undefined on input line 19568.

[267]

LaTeX Warning: Citation `SERFOZO' on page 268 undefined on input line 19657.

[268]

LaTeX Warning: Citation `SERFOZO' on page 269 undefined on input line 19723.

[269]

LaTeX Warning: Citation `SERFOZO' on page 270 undefined on input line 19807.

[270]

LaTeX Warning: Citation `SERFOZO' on page 271 undefined on input line 19879.

[271]

LaTeX Warning: Citation `SERFOZO' on page 272 undefined on input line 19951.

[272]

LaTeX Warning: Citation `SERFOZO' on page 273 undefined on input line 20033.

[273]

LaTeX Warning: Citation `SERFOZO' on page 274 undefined on input line 20113.

[274]

LaTeX Warning: Citation `SERFOZO' on page 275 undefined on input line 20177.

[275]
Overfull \hbox (0.58652pt too wide) in paragraph at lines 20198--20199
[][]\OT1/cmr/bx/n/10 Definici^^Son 496. []\OT1/cmr/m/it/10 Una mod-i-fi-caci^^S
on med-i-ble de un pro-ceso $[]$, es una versi^^Son de este, $[]$
 []

LaTeX Font Info:    Font shape `OMS/cmr/m/sc' in size <10> not available
(Font)              Font shape `OMS/cmsy/m/n' tried instead on input line 20216
.

Overfull \hbox (17.54205pt too wide) in paragraph at lines 20222--20224
[]$ \OT1/cmr/m/it/10 a $[]$, es de-cir, para $\OML/cmm/m/it/10 A \OMS/cmsy/m/n/
10 2 E$\OT1/cmr/m/it/10 , se tiene que $[] \OMS/cmsy/m/n/10 2 F$\OT1/cmr/m/it/1
0 , donde $[] \OT1/cmr/m/n/10 := [] =:
 []


LaTeX Warning: Citation `SERFOZO' on page 276 undefined on input line 20241.

[276]

LaTeX Warning: Citation `SERFOZO' on page 277 undefined on input line 20315.

[277]

LaTeX Warning: Citation `SERFOZO' on page 278 undefined on input line 20399.

[278]

LaTeX Warning: Citation `SERFOZO' on page 279 undefined on input line 20479.

[279]
Overfull \hbox (17.54205pt too wide) in paragraph at lines 20491--20493
[]$ \OT1/cmr/m/it/10 a $[]$, es de-cir, para $\OML/cmm/m/it/10 A \OMS/cmsy/m/n/
10 2 E$\OT1/cmr/m/it/10 , se tiene que $[] \OMS/cmsy/m/n/10 2 F$\OT1/cmr/m/it/1
0 , donde $[] \OT1/cmr/m/n/10 := [] =:
 []


LaTeX Warning: Citation `SERFOZO' on page 280 undefined on input line 20551.

[280]

LaTeX Warning: Citation `SERFOZO' on page 281 undefined on input line 20632.

[281]

LaTeX Warning: Citation `SERFOZO' on page 282 undefined on input line 20714.

[282]
Overfull \hbox (17.54205pt too wide) in paragraph at lines 20759--20761
[]$ \OT1/cmr/m/it/10 a $[]$, es de-cir, para $\OML/cmm/m/it/10 A \OMS/cmsy/m/n/
10 2 E$\OT1/cmr/m/it/10 , se tiene que $[] \OMS/cmsy/m/n/10 2 F$\OT1/cmr/m/it/1
0 , donde $[] \OT1/cmr/m/n/10 := [] =:
 []


LaTeX Warning: Citation `SERFOZO' on page 283 undefined on input line 20781.

[283]

LaTeX Warning: Citation `SERFOZO' on page 284 undefined on input line 20852.

[284]

LaTeX Warning: Citation `SERFOZO' on page 285 undefined on input line 20936.

[285]

LaTeX Warning: Citation `SERFOZO' on page 286 undefined on input line 21016.

[286]
Overfull \hbox (17.54205pt too wide) in paragraph at lines 21030--21032
[]$ \OT1/cmr/m/it/10 a $[]$, es de-cir, para $\OML/cmm/m/it/10 A \OMS/cmsy/m/n/
10 2 E$\OT1/cmr/m/it/10 , se tiene que $[] \OMS/cmsy/m/n/10 2 F$\OT1/cmr/m/it/1
0 , donde $[] \OT1/cmr/m/n/10 := [] =:
 []


LaTeX Warning: Citation `SERFOZO' on page 287 undefined on input line 21090.

[287]

LaTeX Warning: Citation `SERFOZO' on page 288 undefined on input line 21171.

[288]

LaTeX Warning: Citation `SERFOZO' on page 289 undefined on input line 21253.

[289]

Package hyperref Warning: Token not allowed in a PDF string (PDFDocEncoding):
(hyperref)                removing `\@ifnextchar' on input line 21298.


LaTeX Warning: Citation `SERFOZO' on page 290 undefined on input line 21317.

[290]

LaTeX Warning: Citation `SERFOZO' on page 291 undefined on input line 21395.

[291]

LaTeX Warning: Citation `SERFOZO' on page 292 undefined on input line 21466.

[292]

LaTeX Warning: Citation `SERFOZO' on page 293 undefined on input line 21550.

[293]

LaTeX Warning: Citation `SERFOZO' on page 294 undefined on input line 21622.

[294]

Package hyperref Warning: Token not allowed in a PDF string (PDFDocEncoding):
(hyperref)                removing `\@ifnextchar' on input line 21671.


LaTeX Warning: Citation `SERFOZO' on page 295 undefined on input line 21686.

[295]

LaTeX Warning: Citation `SERFOZO' on page 296 undefined on input line 21759.

[296]

LaTeX Warning: Citation `SERFOZO' on page 297 undefined on input line 21833.

[297]

LaTeX Warning: Citation `SERFOZO' on page 298 undefined on input line 21913.

[298]

LaTeX Warning: Citation `SERFOZO' on page 299 undefined on input line 21989.

[299]

Package hyperref Warning: Token not allowed in a PDF string (PDFDocEncoding):
(hyperref)                removing `\@ifnextchar' on input line 22041.


LaTeX Warning: Citation `SERFOZO' on page 300 undefined on input line 22049.

[300]

LaTeX Warning: Citation `SERFOZO' on page 301 undefined on input line 22116.

[301]

LaTeX Warning: Citation `SERFOZO' on page 302 undefined on input line 22193.

[302]

LaTeX Warning: Citation `SERFOZO' on page 303 undefined on input line 22272.

[303]

LaTeX Warning: Citation `SERFOZO' on page 304 undefined on input line 22344.

[304]

Package hyperref Warning: Token not allowed in a PDF string (PDFDocEncoding):
(hyperref)                removing `\@ifnextchar' on input line 22415.


LaTeX Warning: Citation `SERFOZO' on page 305 undefined on input line 22419.

[305]

LaTeX Warning: Citation `SERFOZO' on page 306 undefined on input line 22485.

[306]

LaTeX Warning: Citation `SERFOZO' on page 307 undefined on input line 22562.

[307]

LaTeX Warning: Citation `SERFOZO' on page 308 undefined on input line 22641.

[308]

LaTeX Warning: Citation `SERFOZO' on page 309 undefined on input line 22713.

[309]

LaTeX Warning: Citation `SERFOZO' on page 310 undefined on input line 22791.

[310] [311] [312] [313]
Overfull \hbox (0.58652pt too wide) in paragraph at lines 23043--23044
[][]\OT1/cmr/bx/n/10 Definici^^Son 633. []\OT1/cmr/m/it/10 Una mod-i-fi-caci^^S
on med-i-ble de un pro-ceso $[]$, es una versi^^Son de este, $[]$
 []

[314]
Overfull \hbox (0.58652pt too wide) in paragraph at lines 23089--23090
[][]\OT1/cmr/bx/n/10 Definici^^Son 636. []\OT1/cmr/m/it/10 Una mod-i-fi-caci^^S
on med-i-ble de un pro-ceso $[]$, es una versi^^Son de este, $[]$
 []

[315] [316] [317] [318] [319] [320] [321] [322] [323] [324] [325] [326]
[327] [328] [329] [330] [331]
Overfull \hbox (0.58652pt too wide) in paragraph at lines 24194--24195
[][]\OT1/cmr/bx/n/10 Definici^^Son 687. []\OT1/cmr/m/it/10 Una mod-i-fi-caci^^S
on med-i-ble de un pro-ceso $[]$, es una versi^^Son de este, $[]$
 []

[332]
Overfull \hbox (0.58652pt too wide) in paragraph at lines 24240--24241
[][]\OT1/cmr/bx/n/10 Definici^^Son 690. []\OT1/cmr/m/it/10 Una mod-i-fi-caci^^S
on med-i-ble de un pro-ceso $[]$, es una versi^^Son de este, $[]$
 []

[333] [334] [335] [336] [337] [338] [339] [340] [341] [342] [343] [344]
[345] [346] [347] [348] [349] [350] [351] [352] [353] [354] [355] [356]
[357]

Package hyperref Warning: Token not allowed in a PDF string (PDFDocEncoding):
(hyperref)                removing `\@ifnextchar' on input line 25856.


Overfull \hbox (0.58652pt too wide) in paragraph at lines 25885--25886
[][]\OT1/cmr/bx/n/10 Definici^^Son 764. []\OT1/cmr/m/it/10 Una mod-i-fi-caci^^S
on med-i-ble de un pro-ceso $[]$, es una versi^^Son de este, $[]$
 []


Package hyperref Warning: Token not allowed in a PDF string (PDFDocEncoding):
(hyperref)                removing `\@ifnextchar' on input line 25908.


LaTeX Warning: Citation `STIDHAM' on page 358 undefined on input line 25923.

[358]
Overfull \hbox (0.58652pt too wide) in paragraph at lines 25937--25938
[][]\OT1/cmr/bx/n/10 Definici^^Son 767. []\OT1/cmr/m/it/10 Una mod-i-fi-caci^^S
on med-i-ble de un pro-ceso $[]$, es una versi^^Son de este, $[]$
 []


Package hyperref Warning: Token not allowed in a PDF string (PDFDocEncoding):
(hyperref)                removing `\@ifnextchar' on input line 25959.


LaTeX Warning: Citation `STIDHAM' on page 359 undefined on input line 25984.

[359]
Overfull \hbox (0.58652pt too wide) in paragraph at lines 25988--25989
[][]\OT1/cmr/bx/n/10 Definici^^Son 770. []\OT1/cmr/m/it/10 Una mod-i-fi-caci^^S
on med-i-ble de un pro-ceso $[]$, es una versi^^Son de este, $[]$
 []


Package hyperref Warning: Token not allowed in a PDF string (PDFDocEncoding):
(hyperref)                removing `\@ifnextchar' on input line 26016.


Overfull \hbox (0.58652pt too wide) in paragraph at lines 26045--26046
[][]\OT1/cmr/bx/n/10 Definici^^Son 773. []\OT1/cmr/m/it/10 Una mod-i-fi-caci^^S
on med-i-ble de un pro-ceso $[]$, es una versi^^Son de este, $[]$
 []


LaTeX Warning: Citation `STIDHAM' on page 360 undefined on input line 26050.

[360]

Package hyperref Warning: Token not allowed in a PDF string (PDFDocEncoding):
(hyperref)                removing `\@ifnextchar' on input line 26074.


Overfull \hbox (0.58652pt too wide) in paragraph at lines 26103--26104
[][]\OT1/cmr/bx/n/10 Definici^^Son 776. []\OT1/cmr/m/it/10 Una mod-i-fi-caci^^S
on med-i-ble de un pro-ceso $[]$, es una versi^^Son de este, $[]$
 []


LaTeX Warning: Citation `STIDHAM' on page 361 undefined on input line 26110.

[361]

Package hyperref Warning: Token not allowed in a PDF string (PDFDocEncoding):
(hyperref)                removing `\@ifnextchar' on input line 26121.


Overfull \hbox (0.58652pt too wide) in paragraph at lines 26150--26151
[][]\OT1/cmr/bx/n/10 Definici^^Son 779. []\OT1/cmr/m/it/10 Una mod-i-fi-caci^^S
on med-i-ble de un pro-ceso $[]$, es una versi^^Son de este, $[]$
 []


Package hyperref Warning: Token not allowed in a PDF string (PDFDocEncoding):
(hyperref)                removing `\@ifnextchar' on input line 26168.


LaTeX Warning: Citation `STIDHAM' on page 362 undefined on input line 26173.

[362]
Overfull \hbox (0.58652pt too wide) in paragraph at lines 26197--26198
[][]\OT1/cmr/bx/n/10 Definici^^Son 782. []\OT1/cmr/m/it/10 Una mod-i-fi-caci^^S
on med-i-ble de un pro-ceso $[]$, es una versi^^Son de este, $[]$
 []


Package hyperref Warning: Token not allowed in a PDF string (PDFDocEncoding):
(hyperref)                removing `\@ifnextchar' on input line 26214.


LaTeX Warning: Citation `STIDHAM' on page 363 undefined on input line 26239.

[363]
Overfull \hbox (0.58652pt too wide) in paragraph at lines 26243--26244
[][]\OT1/cmr/bx/n/10 Definici^^Son 785. []\OT1/cmr/m/it/10 Una mod-i-fi-caci^^S
on med-i-ble de un pro-ceso $[]$, es una versi^^Son de este, $[]$
 []


Package hyperref Warning: Token not allowed in a PDF string (PDFDocEncoding):
(hyperref)                removing `\@ifnextchar' on input line 26260.


Overfull \hbox (0.58652pt too wide) in paragraph at lines 26289--26290
[][]\OT1/cmr/bx/n/10 Definici^^Son 788. []\OT1/cmr/m/it/10 Una mod-i-fi-caci^^S
on med-i-ble de un pro-ceso $[]$, es una versi^^Son de este, $[]$
 []


LaTeX Warning: Citation `STIDHAM' on page 364 undefined on input line 26300.

[364]

Package hyperref Warning: Token not allowed in a PDF string (PDFDocEncoding):
(hyperref)                removing `\@ifnextchar' on input line 26307.


Overfull \hbox (0.58652pt too wide) in paragraph at lines 26336--26337
[][]\OT1/cmr/bx/n/10 Definici^^Son 791. []\OT1/cmr/m/it/10 Una mod-i-fi-caci^^S
on med-i-ble de un pro-ceso $[]$, es una versi^^Son de este, $[]$
 []


Package hyperref Warning: Token not allowed in a PDF string (PDFDocEncoding):
(hyperref)                removing `\@ifnextchar' on input line 26355.


LaTeX Warning: Citation `STIDHAM' on page 365 undefined on input line 26360.

[365]
Overfull \hbox (0.58652pt too wide) in paragraph at lines 26384--26385
[][]\OT1/cmr/bx/n/10 Definici^^Son 794. []\OT1/cmr/m/it/10 Una mod-i-fi-caci^^S
on med-i-ble de un pro-ceso $[]$, es una versi^^Son de este, $[]$
 []


Package hyperref Warning: Token not allowed in a PDF string (PDFDocEncoding):
(hyperref)                removing `\@ifnextchar' on input line 26401.


LaTeX Warning: Citation `STIDHAM' on page 366 undefined on input line 26426.

[366]
Overfull \hbox (0.58652pt too wide) in paragraph at lines 26430--26431
[][]\OT1/cmr/bx/n/10 Definici^^Son 797. []\OT1/cmr/m/it/10 Una mod-i-fi-caci^^S
on med-i-ble de un pro-ceso $[]$, es una versi^^Son de este, $[]$
 []


Overfull \hbox (0.58652pt too wide) in paragraph at lines 26476--26477
[][]\OT1/cmr/bx/n/10 Definici^^Son 800. []\OT1/cmr/m/it/10 Una mod-i-fi-caci^^S
on med-i-ble de un pro-ceso $[]$, es una versi^^Son de este, $[]$
 []


LaTeX Warning: Citation `STIDHAM' on page 367 undefined on input line 26487.

[367]

Package hyperref Warning: Token not allowed in a PDF string (PDFDocEncoding):
(hyperref)                removing `\@ifnextchar' on input line 26502.


Overfull \hbox (0.58652pt too wide) in paragraph at lines 26531--26532
[][]\OT1/cmr/bx/n/10 Definici^^Son 803. []\OT1/cmr/m/it/10 Una mod-i-fi-caci^^S
on med-i-ble de un pro-ceso $[]$, es una versi^^Son de este, $[]$
 []


LaTeX Warning: Citation `STIDHAM' on page 368 undefined on input line 26544.

[368]

Package hyperref Warning: Token not allowed in a PDF string (PDFDocEncoding):
(hyperref)                removing `\@ifnextchar' on input line 26549.


Overfull \hbox (0.58652pt too wide) in paragraph at lines 26578--26579
[][]\OT1/cmr/bx/n/10 Definici^^Son 806. []\OT1/cmr/m/it/10 Una mod-i-fi-caci^^S
on med-i-ble de un pro-ceso $[]$, es una versi^^Son de este, $[]$
 []


Package hyperref Warning: Token not allowed in a PDF string (PDFDocEncoding):
(hyperref)                removing `\@ifnextchar' on input line 26595.


LaTeX Warning: Citation `STIDHAM' on page 369 undefined on input line 26612.

[369]
Overfull \hbox (0.58652pt too wide) in paragraph at lines 26624--26625
[][]\OT1/cmr/bx/n/10 Definici^^Son 809. []\OT1/cmr/m/it/10 Una mod-i-fi-caci^^S
on med-i-ble de un pro-ceso $[]$, es una versi^^Son de este, $[]$
 []


LaTeX Warning: Citation `STIDHAM' on page 370 undefined on input line 26667.

[370]

Package hyperref Warning: Token not allowed in a PDF string (PDFDocEncoding):
(hyperref)                removing `\@ifnextchar' on input line 26725.


LaTeX Warning: Citation `STIDHAM' on page 371 undefined on input line 26735.

[371]
Overfull \hbox (0.58652pt too wide) in paragraph at lines 26754--26755
[][]\OT1/cmr/bx/n/10 Definici^^Son 815. []\OT1/cmr/m/it/10 Una mod-i-fi-caci^^S
on med-i-ble de un pro-ceso $[]$, es una versi^^Son de este, $[]$
 []


Package hyperref Warning: Token not allowed in a PDF string (PDFDocEncoding):
(hyperref)                removing `\@ifnextchar' on input line 26773.


LaTeX Warning: Citation `STIDHAM' on page 372 undefined on input line 26798.

[372]
Overfull \hbox (0.58652pt too wide) in paragraph at lines 26802--26803
[][]\OT1/cmr/bx/n/10 Definici^^Son 818. []\OT1/cmr/m/it/10 Una mod-i-fi-caci^^S
on med-i-ble de un pro-ceso $[]$, es una versi^^Son de este, $[]$
 []


Package hyperref Warning: Token not allowed in a PDF string (PDFDocEncoding):
(hyperref)                removing `\@ifnextchar' on input line 26820.


Overfull \hbox (0.58652pt too wide) in paragraph at lines 26849--26850
[][]\OT1/cmr/bx/n/10 Definici^^Son 821. []\OT1/cmr/m/it/10 Una mod-i-fi-caci^^S
on med-i-ble de un pro-ceso $[]$, es una versi^^Son de este, $[]$
 []


LaTeX Warning: Citation `STIDHAM' on page 373 undefined on input line 26860.

[373]

Package hyperref Warning: Token not allowed in a PDF string (PDFDocEncoding):
(hyperref)                removing `\@ifnextchar' on input line 26867.


Overfull \hbox (0.58652pt too wide) in paragraph at lines 26896--26897
[][]\OT1/cmr/bx/n/10 Definici^^Son 824. []\OT1/cmr/m/it/10 Una mod-i-fi-caci^^S
on med-i-ble de un pro-ceso $[]$, es una versi^^Son de este, $[]$
 []


Package hyperref Warning: Token not allowed in a PDF string (PDFDocEncoding):
(hyperref)                removing `\@ifnextchar' on input line 26912.


LaTeX Warning: Citation `STIDHAM' on page 374 undefined on input line 26920.

[374]
Overfull \hbox (0.58652pt too wide) in paragraph at lines 26941--26942
[][]\OT1/cmr/bx/n/10 Definici^^Son 827. []\OT1/cmr/m/it/10 Una mod-i-fi-caci^^S
on med-i-ble de un pro-ceso $[]$, es una versi^^Son de este, $[]$
 []


Package hyperref Warning: Token not allowed in a PDF string (PDFDocEncoding):
(hyperref)                removing `\@ifnextchar' on input line 26968.


LaTeX Warning: Citation `STIDHAM' on page 375 undefined on input line 26979.

[375]
Overfull \hbox (0.58652pt too wide) in paragraph at lines 26997--26998
[][]\OT1/cmr/bx/n/10 Definici^^Son 830. []\OT1/cmr/m/it/10 Una mod-i-fi-caci^^S
on med-i-ble de un pro-ceso $[]$, es una versi^^Son de este, $[]$
 []


Package hyperref Warning: Token not allowed in a PDF string (PDFDocEncoding):
(hyperref)                removing `\@ifnextchar' on input line 27024.


LaTeX Warning: Citation `STIDHAM' on page 376 undefined on input line 27035.

[376]
Overfull \hbox (0.58652pt too wide) in paragraph at lines 27053--27054
[][]\OT1/cmr/bx/n/10 Definici^^Son 833. []\OT1/cmr/m/it/10 Una mod-i-fi-caci^^S
on med-i-ble de un pro-ceso $[]$, es una versi^^Son de este, $[]$
 []


Package hyperref Warning: Token not allowed in a PDF string (PDFDocEncoding):
(hyperref)                removing `\@ifnextchar' on input line 27072.


LaTeX Warning: Citation `STIDHAM' on page 377 undefined on input line 27097.

[377]
Overfull \hbox (0.58652pt too wide) in paragraph at lines 27101--27102
[][]\OT1/cmr/bx/n/10 Definici^^Son 836. []\OT1/cmr/m/it/10 Una mod-i-fi-caci^^S
on med-i-ble de un pro-ceso $[]$, es una versi^^Son de este, $[]$
 []

[378] [379] [380] [381]
Overfull \hbox (0.58652pt too wide) in paragraph at lines 27369--27370
[][]\OT1/cmr/bx/n/10 Definici^^Son 841. []\OT1/cmr/m/it/10 Una mod-i-fi-caci^^S
on med-i-ble de un pro-ceso $[]$, es una versi^^Son de este, $[]$
 []

[382] [383] [384] [385] [386] [387] [388] [389] [390] [391] [392] [393]
[394] [395] [396] [397] [398]
Overfull \hbox (0.58652pt too wide) in paragraph at lines 28718--28719
[][]\OT1/cmr/bx/n/10 Definici^^Son 877. []\OT1/cmr/m/it/10 Una mod-i-fi-caci^^S
on med-i-ble de un pro-ceso $[]$, es una versi^^Son de este, $[]$
 []

[399]
Overfull \hbox (0.58652pt too wide) in paragraph at lines 28770--28771
[][]\OT1/cmr/bx/n/10 Definici^^Son 880. []\OT1/cmr/m/it/10 Una mod-i-fi-caci^^S
on med-i-ble de un pro-ceso $[]$, es una versi^^Son de este, $[]$
 []

(./bibliografia.tex [400] [401] [402]
Underfull \hbox (badness 6792) in paragraph at lines 137--138
[]\OT1/cmr/m/n/10 Practical Guide to Lo-gis-tic Re-gres-sion in R on To-wards D
ata Sci-ence: []$\OT1/cmtt/m/n/10 https : / /
 []

[403]
Underfull \hbox (badness 5519) in paragraph at lines 157--158
[]\OT1/cmr/m/n/10 Multinomial Lo-gis-tic Re-gres-sion on Dat-a-Camp: []$\OT1/cm
tt/m/n/10 https : / / www . datacamp . com / community /
 []

pdfTeX warning (ext4): destination with the same identifier (name{cite.Rouche})
 has been already used, duplicate ignored
<to be read again> 
                   \relax 
l.168 \bibitem{Rouche}
                       I.J.B.F. Adan, J.S.H. van Leeuwaarden, and E.M.M. Win...
pdfTeX warning (ext4): destination with the same identifier (name{cite.Asmussen
}) has been already used, duplicate ignored
<to be read again> 
                   \relax 
l.171 \bibitem{Asmussen}
                         Asmussen Soren, Applied Probability andpdfTeX warning 
(ext4): destination with the same identifier (name{cite.Bhat}) has been already
 used, duplicate ignored
<to be read again> 
                   \relax 
l.177 \bibitem{Bhat}
                     Bhat Narayan, An Introduction to Queueing TheorypdfTeX war
ning (ext4): destination with the same identifier (name{cite.Boxma}) has been a
lready used, duplicate ignored
<to be read again> 
                   \relax 
l.180 \bibitem{Boxma}
                      Boxma J. O., Analysis and Optimization of PollingpdfTeX w
arning (ext4): destination with the same identifier (name{cite.BoonMeiWinands})
 has been already used, duplicate ignored
<to be read again> 
                   \relax 
l.188 \bibitem{BoonMeiWinands}
                               Boon M.A.A., Van der Mei R.D.  andpdfTeX warning
 (ext4): destination with the same identifier (name{cite.Borovkov}) has been al
ready used, duplicate ignored
<to be read again> 
                   \relax 
l.191 \bibitem{Borovkov}
                         Borovkov. A. A. and Schassberger R., ErgodicitypdfTeX 
warning (ext4): destination with the same identifier (name{cite.BosBoon}) has b
een already used, duplicate ignored
<to be read again> 
                   \relax 
l.196 \bibitem{BosBoon}
                       Laurent van den Bos and Marko Boon, Networks of Polli...
pdfTeX warning (ext4): destination with the same identifier (name{cite.HookHee}
) has been already used, duplicate ignored
<to be read again> 
                   \relax 
l.204 \bibitem{HookHee}
                        Chee-Hook Ng. y Boon-Hee Soong, QueueingpdfTeX warning 
(ext4): destination with the same identifier (name{cite.Chen}) has been already
 used, duplicate ignored
<to be read again> 
                   \relax 
l.208 \bibitem{Chen}
                     Chen H., Fluid Approximations and Stability ofpdfTeX warni
ng (ext4): destination with the same identifier (name{cite.CooperII}) has been 
already used, duplicate ignored
<to be read again> 
                   \relax 
l.215 \bibitem{CooperII}
                         R.B. Cooper, Queues served in cyclic order: waiting...
pdfTeX warning (ext4): destination with the same identifier (name{cite.Dai}) ha
s been already used, duplicate ignored
<to be read again> 
                   \relax 
l.221 \bibitem{Dai}
                    Dai Jean G., On positive Harris Recurrence of Multiclass...
pdfTeX warning (ext4): destination with the same identifier (name{cite.DaiSean}
) has been already used, duplicate ignored
<to be read again> 
                   \relax 
l.225 \bibitem{DaiSean}
                        Dai Jim G. and Meyn Sean P., Stability and Convergen...
pdfTeX warning (ext4): destination with the same identifier (name{cite.DaiWeiss
}) has been already used, duplicate ignored
<to be read again> 
                   \relax 
l.230 \bibitem{DaiWeiss}
                        pdfTeX warning (ext4): destination with the same identi
fier (name{cite.Daley68}) has been already used, duplicate ignored
<to be read again> 
                   \relax 
l.235 \bibitem{Daley68}
                        D.J. Daley, The correlation structure of the output ...
pdfTeX warning (ext4): destination with the same identifier (name{cite.Davis}) 
has been already used, duplicate ignored
<to be read again> 
                   \relax 
l.238 \bibitem{Davis}
                      Davis, M. H. A., Piecewise Deterministic Markov [404]pdfT
eX warning (ext4): destination with the same identifier (name{cite.Down}) has b
een already used, duplicate ignored
<to be read again> 
                   \relax 
l.243 \bibitem{Down}
                     Down D., On the Stability of Polling Models with Multip...
pdfTeX warning (ext4): destination with the same identifier (name{cite.Daley68}
) has been already used, duplicate ignored
<to be read again> 
                   \relax 
l.246 \bibitem{Daley68}
                        D.J. Daley, The correlation structure of the output ...
pdfTeX warning (ext4): destination with the same identifier (name{cite.Disney})
 has been already used, duplicate ignored
<to be read again> 
                   \relax 
l.248 \bibitem{Disney}
                       Ralpjh L. Disney, Robert L. Farrell and Paulo Renato ...
pdfTeX warning (ext4): destination with the same identifier (name{cite.Eisenber
g}) has been already used, duplicate ignored
<to be read again> 
                   \relax 
l.253 \bibitem{Eisenberg}
                          M. Eisenberg, Queues with periodic service and cha...
pdfTeX warning (ext4): destination with the same identifier (name{cite.FrickerJ
aibi}) has been already used, duplicate ignored
<to be read again> 
                   \relax 
l.260 \bibitem{FrickerJaibi}
                            pdfTeX warning (ext4): destination with the same id
entifier (name{cite.Stability}) has been already used, duplicate ignored
<to be read again> 
                   \relax 
l.265 \bibitem{Stability}
                         pdfTeX warning (ext4): destination with the same ident
ifier (name{cite.Getoor}) has been already used, duplicate ignored
<to be read again> 
                   \relax 
l.274 \bibitem{Getoor}
                       Getoor R. K., Transience and recurrence ofpdfTeX warning
 (ext4): destination with the same identifier (name{cite.Gut}) has been already
 used, duplicate ignored
<to be read again> 
                   \relax 
l.278 \bibitem{Gut}
                    Gut A., Stopped Random Walks: Limit Theorems andpdfTeX warn
ing (ext4): destination with the same identifier (name{cite.HookHee}) has been 
already used, duplicate ignored
<to be read again> 
                   \relax 
l.285 \bibitem{HookHee}
                        Chee-Hook Ng. y Boon-Hee Soong, QueueingpdfTeX warning 
(ext4): destination with the same identifier (name{cite.KaspiMandelbaum}) has b
een already used, duplicate ignored
<to be read again> 
                   \relax 
l.300 \bibitem{KaspiMandelbaum}
                                Kaspi H. and Mandelbaum A., Regenerative Clo...
pdfTeX warning (ext4): destination with the same identifier (name{cite.Konheim}
) has been already used, duplicate ignored
<to be read again> 
                   \relax 
l.304 \bibitem{Konheim}
                        A.G. Konheim, H. Levy, M.M. Srinivasan, Descendant s...
pdfTeX warning (ext4): destination with the same identifier (name{cite.Kleinroc
k}) has been already used, duplicate ignored
<to be read again> 
                   \relax 
l.308 \bibitem{Kleinrock}
                          Leonard Kleinrock, Theory, Volume 1, Queueing Syst...
pdfTeX warning (ext4): destination with the same identifier (name{cite.Konheim}
) has been already used, duplicate ignored
<to be read again> 
                   \relax 
l.311 \bibitem{Konheim}
                        A. G. Konheim, h. Levy and M. M. Srinivasan. Descend...
pdfTeX warning (ext4): destination with the same identifier (name{cite.Lang}) h
as been already used, duplicate ignored
<to be read again> 
                   \relax 
l.318 \bibitem{Lang}
                     Serge Lang, Calculus of Several Variables, Addison-Wesl...
pdfTeX warning (ext4): destination with the same identifier (name{cite.LevySidi
}) has been already used, duplicate ignored
<to be read again> 
                   \relax 
l.320 \bibitem{LevySidi}
                        pdfTeX warning (ext4): destination with the same identi
fier (name{cite.MeiBorst}) has been already used, duplicate ignored
<to be read again> 
                   \relax 
l.327 \bibitem{MeiBorst}
                         van der Mei, R.D. and Borst, S. C., Analysis of Mul...
pdfTeX warning (ext4): destination with the same identifier (name{cite.MeynTwee
die2}) has been already used, duplicate ignored
<to be read again> 
                   \relax 
l.338 \bibitem{MeynTweedie2}
                             Meyn S. P. and Tweedie R. L., Markov Chains and...
pdfTeX warning (ext4): destination with the same identifier (name{cite.MeynDown
}) has been already used, duplicate ignored
<to be read again> 
                   \relax 
l.341 \bibitem{MeynDown}
                         Meyn, S.P. and Down, D., Stability of Generalized J...
pdfTeX warning (ext4): destination with the same identifier (name{cite.TesisRou
bos}) has been already used, duplicate ignored
<to be read again> 
                   \relax 
l.361 \bibitem{TesisRoubos}
                           pdfTeX warning (ext4): destination with the same ide
ntifier (name{cite.RepTec}) has been already used, duplicate ignored
<to be read again> 
                   \relax 
l.371 \bibitem{RepTec}
                      pdfTeX warning (ext4): destination with the same identifi
er (name{cite.Semenova}) has been already used, duplicate ignored
<to be read again> 
                   \relax 
l.375 \bibitem{Semenova}
                         [405]pdfTeX warning (ext4): destination with the same 
identifier (name{cite.Serfozo}) has been already used, duplicate ignored
<to be read again> 
                   \relax 
l.378 \bibitem{Serfozo}
                        Richard Serfozo, Basics of Applied Stochastic Proces...
pdfTeX warning (ext4): destination with the same identifier (name{cite.Sharpe})
 has been already used, duplicate ignored
<to be read again> 
                   \relax 
l.381 \bibitem{Sharpe}
                       Sharpe Michael , General Theory of Markov Processes. ...
pdfTeX warning (ext4): destination with the same identifier (name{cite.Sigma}) 
has been already used, duplicate ignored
<to be read again> 
                   \relax 
l.385 \bibitem{Sigma}
                      Sigman Karl, The Stability of Open QueueingpdfTeX warning
 (ext4): destination with the same identifier (name{cite.SidiLevy1}) has been a
lready used, duplicate ignored
<to be read again> 
                   \relax 
l.389 \bibitem{SidiLevy1}
                          Sidi M.  and Levy H.,  Customer Routing in Polling...
pdfTeX warning (ext4): destination with the same identifier (name{cite.SidiLevy
2}) has been already used, duplicate ignored
<to be read again> 
                   \relax 
l.393 \bibitem{SidiLevy2}
                          Sidi M.  and Levy H., Polling Systems with Simulta...
pdfTeX warning (ext4): destination with the same identifier (name{cite.Sigman2}
) has been already used, duplicate ignored
<to be read again> 
                   \relax 
l.396 \bibitem{Sigman2}
                        Karl Sigman, Hermann Thorisson and Ronald W. Wolff, ...
pdfTeX warning (ext4): destination with the same identifier (name{cite.Stidham}
) has been already used, duplicate ignored
<to be read again> 
                   \relax 
l.400 \bibitem{Stidham}
                        Shaler Stidham, Jr., Regenerative Processes in the t...
pdfTeX warning (ext4): destination with the same identifier (name{cite.TakagiI}
) has been already used, duplicate ignored
<to be read again> 
                   \relax 
l.408 \bibitem{TakagiI}
                        Takagi H. and Kleinrock, Analysis of Polling Systems...
pdfTeX warning (ext4): destination with the same identifier (name{cite.Takagi})
 has been already used, duplicate ignored
<to be read again> 
                   \relax 
l.410 \bibitem{Takagi}
                      Takagi Hideaki, Queueing Analysis of Polling Models, A...
pdfTeX warning (ext4): destination with the same identifier (name{cite.Thorisso
n}) has been already used, duplicate ignored
<to be read again> 
                   \relax 
l.411 \bibitem{Thorisson}
                          Hermann Thorisson, Coupling, Stationarity, and Reg...
pdfTeX warning (ext4): destination with the same identifier (name{cite.Winands}
) has been already used, duplicate ignored
<to be read again> 
                   \relax 
l.421 \bibitem{Winands}
                        E.M.M. Winands, I.J.B.F. Adan adn G.J. van Houtum, M...
)
Package atveryend Info: Empty hook `BeforeClearDocument' on input line 28790.
 [406]
Package atveryend Info: Empty hook `AfterLastShipout' on input line 28790.
 (./corrigiendo.aux)
Package atveryend Info: Executing hook `AtVeryEndDocument' on input line 28790.

Package atveryend Info: Executing hook `AtEndAfterFileList' on input line 28790
.
Package rerunfilecheck Info: File `corrigiendo.out' has not changed.
(rerunfilecheck)             Checksum: 2D34989AF9E87A57712962EF70B7269E;12985.


LaTeX Warning: There were undefined references.


LaTeX Warning: There were multiply-defined labels.

Package atveryend Info: Empty hook `AtVeryVeryEnd' on input line 28790.
 ) 
Here is how much of TeX's memory you used:
 14931 strings out of 492649
 194189 string characters out of 6129622
 290620 words of memory out of 5000000
 14691 multiletter control sequences out of 15000+600000
 14613 words of font info for 55 fonts, out of 8000000 for 9000
 1141 hyphenation exceptions out of 8191
 44i,14n,43p,752b,536s stack positions out of 5000i,500n,10000p,200000b,80000s
</usr/local/texlive/2018/texmf-dist/fonts/type1/public/amsfonts/cm/cmbx10.pfb
></usr/local/texlive/2018/texmf-dist/fonts/type1/public/amsfonts/cm/cmbx12.pfb>
</usr/local/texlive/2018/texmf-dist/fonts/type1/public/amsfonts/cm/cmbxti10.pfb
></usr/local/texlive/2018/texmf-dist/fonts/type1/public/amsfonts/cm/cmex10.pfb>
</usr/local/texlive/2018/texmf-dist/fonts/type1/public/amsfonts/cmextra/cmex8.p
fb></usr/local/texlive/2018/texmf-dist/fonts/type1/public/amsfonts/cm/cmitt10.p
fb></usr/local/texlive/2018/texmf-dist/fonts/type1/public/amsfonts/cm/cmmi10.pf
b></usr/local/texlive/2018/texmf-dist/fonts/type1/public/amsfonts/cm/cmmi5.pfb>
</usr/local/texlive/2018/texmf-dist/fonts/type1/public/amsfonts/cm/cmmi6.pfb></
usr/local/texlive/2018/texmf-dist/fonts/type1/public/amsfonts/cm/cmmi7.pfb></us
r/local/texlive/2018/texmf-dist/fonts/type1/public/amsfonts/cm/cmmi8.pfb></usr/
local/texlive/2018/texmf-dist/fonts/type1/public/amsfonts/cm/cmr10.pfb></usr/lo
cal/texlive/2018/texmf-dist/fonts/type1/public/amsfonts/cm/cmr12.pfb></usr/loca
l/texlive/2018/texmf-dist/fonts/type1/public/amsfonts/cm/cmr17.pfb></usr/local/
texlive/2018/texmf-dist/fonts/type1/public/amsfonts/cm/cmr5.pfb></usr/local/tex
live/2018/texmf-dist/fonts/type1/public/amsfonts/cm/cmr6.pfb></usr/local/texliv
e/2018/texmf-dist/fonts/type1/public/amsfonts/cm/cmr7.pfb></usr/local/texlive/2
018/texmf-dist/fonts/type1/public/amsfonts/cm/cmr8.pfb></usr/local/texlive/2018
/texmf-dist/fonts/type1/public/amsfonts/cm/cmsy10.pfb></usr/local/texlive/2018/
texmf-dist/fonts/type1/public/amsfonts/cm/cmsy5.pfb></usr/local/texlive/2018/te
xmf-dist/fonts/type1/public/amsfonts/cm/cmsy7.pfb></usr/local/texlive/2018/texm
f-dist/fonts/type1/public/amsfonts/cm/cmsy8.pfb></usr/local/texlive/2018/texmf-
dist/fonts/type1/public/amsfonts/cm/cmti10.pfb></usr/local/texlive/2018/texmf-d
ist/fonts/type1/public/amsfonts/cm/cmti7.pfb></usr/local/texlive/2018/texmf-dis
t/fonts/type1/public/amsfonts/cm/cmtt10.pfb></usr/local/texlive/2018/texmf-dist
/fonts/type1/public/amsfonts/symbols/msbm10.pfb></usr/local/texlive/2018/texmf-
dist/fonts/type1/public/amsfonts/symbols/msbm7.pfb>
Output written on corrigiendo.pdf (406 pages, 2013363 bytes).
PDF statistics:
 7051 PDF objects out of 7423 (max. 8388607)
 6550 compressed objects within 66 object streams
 3967 named destinations out of 4296 (max. 500000)
 1185 words of extra memory for PDF output out of 10000 (max. 10000000)

