\BOOKMARK [-1][-]{part.1}{I INTRODUCCI\323N}{}% 1
\BOOKMARK [0][-]{chapter.1}{Introducci\363n}{part.1}% 2
\BOOKMARK [1][-]{section.1.1}{Introducci\363n}{chapter.1}% 3
\BOOKMARK [1][-]{section.1.2}{Historia de la Estad\355stica}{chapter.1}% 4
\BOOKMARK [1][-]{section.1.3}{Muestreo:}{chapter.1}% 5
\BOOKMARK [1][-]{section.1.4}{Errores Estad\355sticos Comunes}{chapter.1}% 6
\BOOKMARK [0][-]{chapter.2}{Elementos}{part.1}% 7
\BOOKMARK [1][-]{section.2.1}{Pruebas de Hip\363tesis}{chapter.2}% 8
\BOOKMARK [1][-]{section.2.2}{Muestras Peque\361as}{chapter.2}% 9
\BOOKMARK [0][-]{chapter.3}{Bioestadistica}{part.1}% 10
\BOOKMARK [1][-]{subsection.3.0.1}{Parte I. Introducci\363n a la Bioestad\355stica}{chapter.3}% 11
\BOOKMARK [1][-]{section.3.1}{Introducci\363n}{chapter.3}% 12
\BOOKMARK [2][-]{subsection.3.1.1}{Definici\363n de Estad\355stica}{section.3.1}% 13
\BOOKMARK [2][-]{subsection.3.1.2}{Utilidad e Importancia}{section.3.1}% 14
\BOOKMARK [2][-]{subsection.3.1.3}{Historia de la Estad\355stica}{section.3.1}% 15
\BOOKMARK [2][-]{subsection.3.1.4}{Etapas de Desarrollo de la Estad\355stica}{section.3.1}% 16
\BOOKMARK [2][-]{subsection.3.1.5}{Divisi\363n de la Estad\355stica}{section.3.1}% 17
\BOOKMARK [2][-]{subsection.3.1.6}{Estad\355stica Inferencial}{section.3.1}% 18
\BOOKMARK [2][-]{subsection.3.1.7}{M\351todo Estad\355stico}{section.3.1}% 19
\BOOKMARK [2][-]{subsection.3.1.8}{Errores Estad\355sticos Comunes}{section.3.1}% 20
\BOOKMARK [2][-]{subsection.3.1.9}{T\351rminos comunes utilizados en Estad\355stica}{section.3.1}% 21
\BOOKMARK [2][-]{subsection.3.1.10}{Muestreo:}{section.3.1}% 22
\BOOKMARK [2][-]{subsection.3.1.11}{Variables}{section.3.1}% 23
\BOOKMARK [2][-]{subsection.3.1.12}{Malos Usos de la Estad\355stica}{section.3.1}% 24
\BOOKMARK [2][-]{subsection.3.1.13}{Un sesgo del usuario}{section.3.1}% 25
\BOOKMARK [2][-]{subsection.3.1.14}{ Supuestos falsos}{section.3.1}% 26
\BOOKMARK [1][-]{section.3.2}{2. Pruebas de Hip\363tesis}{chapter.3}% 27
\BOOKMARK [2][-]{subsection.3.2.1}{2.1 Tipos de errores}{section.3.2}% 28
\BOOKMARK [1][-]{section.3.3}{2.2 Muestras grandes: una media poblacional}{chapter.3}% 29
\BOOKMARK [2][-]{subsection.3.3.1}{2.2.1 C\341lculo de valor p}{section.3.3}% 30
\BOOKMARK [2][-]{subsection.3.3.2}{2.2.2 Prueba de hip\363tesis para la diferencia entre dos medias poblacionales}{section.3.3}% 31
\BOOKMARK [2][-]{subsection.3.3.3}{2.2.3 Prueba de Hip\363tesis para una Proporci\363n Binomial}{section.3.3}% 32
\BOOKMARK [2][-]{subsection.3.3.4}{2.2.4 Prueba de Hip\363tesis diferencia entre dos Proporciones Binomiales}{section.3.3}% 33
\BOOKMARK [1][-]{section.3.4}{2.3 Muestras Peque\361as}{chapter.3}% 34
\BOOKMARK [2][-]{subsection.3.4.1}{2.3.1 Una media poblacional}{section.3.4}% 35
\BOOKMARK [2][-]{subsection.3.4.2}{2.3.2 Diferencia entre dos medias poblacionales: M.A.I.}{section.3.4}% 36
\BOOKMARK [2][-]{subsection.3.4.3}{2.3.3 Diferencia entre dos medias poblacionales: Diferencias Pareadas}{section.3.4}% 37
\BOOKMARK [2][-]{subsection.3.4.4}{2.3.4 Inferencias con respecto a la Varianza Poblacional}{section.3.4}% 38
\BOOKMARK [2][-]{subsection.3.4.5}{2.3.5 Comparaci\363n de dos varianzas poblacionales}{section.3.4}% 39
\BOOKMARK [1][-]{section.3.5}{3. An\341lisis de Regresion Lineal \(RL\)}{chapter.3}% 40
\BOOKMARK [2][-]{subsection.3.5.1}{3.1 Regresi\363n Lineal Simple \(RLS\)}{section.3.5}% 41
\BOOKMARK [2][-]{subsection.3.5.2}{3.2 M\351todo de M\355nimos Cuadrados}{section.3.5}% 42
\BOOKMARK [2][-]{subsection.3.5.3}{3.3 Propiedades de los Estimadores 0 y 1}{section.3.5}% 43
\BOOKMARK [2][-]{subsection.3.5.4}{3.4 Prueba de Hip\363tesis en RLS}{section.3.5}% 44
\BOOKMARK [2][-]{subsection.3.5.5}{Estimaci\363n de Intervalos en RLS}{section.3.5}% 45
\BOOKMARK [2][-]{subsection.3.5.6}{Predicci\363n}{section.3.5}% 46
\BOOKMARK [2][-]{subsection.3.5.7}{Coeficiente de Determinaci\363n}{section.3.5}% 47
\BOOKMARK [1][-]{section.3.6}{An\341lisis de Varianza}{chapter.3}% 48
\BOOKMARK [1][-]{section.3.7}{3. An\341lisis de Regresion Lineal \(RL\)}{chapter.3}% 49
\BOOKMARK [2][-]{subsection.3.7.1}{3.1 Regresi\363n Lineal Simple \(RLS\)}{section.3.7}% 50
\BOOKMARK [2][-]{subsection.3.7.2}{3.2 M\351todo de M\355nimos Cuadrados}{section.3.7}% 51
\BOOKMARK [2][-]{subsection.3.7.3}{3.3 Propiedades de los Estimadores 0 y 1}{section.3.7}% 52
\BOOKMARK [2][-]{subsection.3.7.4}{3.4 Prueba de Hip\363tesis en RLS}{section.3.7}% 53
\BOOKMARK [2][-]{subsection.3.7.5}{Estimaci\363n de Intervalos en RLS}{section.3.7}% 54
\BOOKMARK [2][-]{subsection.3.7.6}{Predicci\363n}{section.3.7}% 55
\BOOKMARK [2][-]{subsection.3.7.7}{Coeficiente de Determinaci\363n}{section.3.7}% 56
\BOOKMARK [1][-]{section.3.8}{An\341lisis de Varianza}{chapter.3}% 57
\BOOKMARK [1][-]{section.3.9}{Pruebas de Hip\363tesis}{chapter.3}% 58
\BOOKMARK [2][-]{subsection.3.9.1}{Tipos de errores}{section.3.9}% 59
\BOOKMARK [1][-]{section.3.10}{Muestras grandes: una media poblacional}{chapter.3}% 60
\BOOKMARK [2][-]{subsection.3.10.1}{C\341lculo de valor p}{section.3.10}% 61
\BOOKMARK [1][-]{section.3.11}{Pruebas de Hip\363tesis}{chapter.3}% 62
\BOOKMARK [2][-]{subsection.3.11.1}{Tipos de errores}{section.3.11}% 63
\BOOKMARK [1][-]{section.3.12}{Pruebas de Hip\363tesis}{chapter.3}% 64
\BOOKMARK [2][-]{subsection.3.12.1}{Tipos de errores}{section.3.12}% 65
\BOOKMARK [1][-]{section.3.13}{Muestras grandes: una media poblacional}{chapter.3}% 66
\BOOKMARK [2][-]{subsection.3.13.1}{C\341lculo de valor p}{section.3.13}% 67
\BOOKMARK [1][-]{section.3.14}{Estimaci\363n por intervalos}{chapter.3}% 68
\BOOKMARK [1][-]{section.3.15}{Intervalos de confianza para dos muestras}{chapter.3}% 69
\BOOKMARK [1][-]{section.3.16}{Intervalos de confianza para raz\363n de Varianzas}{chapter.3}% 70
\BOOKMARK [1][-]{section.3.17}{Intervalos de confianza para diferencia de proporciones}{chapter.3}% 71
\BOOKMARK [1][-]{section.3.18}{2. Pruebas de Hip\363tesis}{chapter.3}% 72
\BOOKMARK [2][-]{subsection.3.18.1}{2.1 Tipos de errores}{section.3.18}% 73
\BOOKMARK [1][-]{section.3.19}{2.2 Muestras grandes: una media poblacional}{chapter.3}% 74
\BOOKMARK [2][-]{subsection.3.19.1}{2.2.1 C\341lculo de valor p}{section.3.19}% 75
\BOOKMARK [2][-]{subsection.3.19.2}{2.2.2 Prueba de hip\363tesis para la diferencia entre dos medias poblacionales}{section.3.19}% 76
\BOOKMARK [2][-]{subsection.3.19.3}{2.2.3 Prueba de Hip\363tesis para una Proporci\363n Binomial}{section.3.19}% 77
\BOOKMARK [2][-]{subsection.3.19.4}{2.2.4 Prueba de Hip\363tesis diferencia entre dos Proporciones Binomiales}{section.3.19}% 78
\BOOKMARK [1][-]{section.3.20}{2.3 Muestras Peque\361as}{chapter.3}% 79
\BOOKMARK [2][-]{subsection.3.20.1}{2.3.1 Una media poblacional}{section.3.20}% 80
\BOOKMARK [2][-]{subsection.3.20.2}{2.3.2 Diferencia entre dos medias poblacionales: M.A.I.}{section.3.20}% 81
\BOOKMARK [2][-]{subsection.3.20.3}{2.3.3 Diferencia entre dos medias poblacionales: Diferencias Pareadas}{section.3.20}% 82
\BOOKMARK [2][-]{subsection.3.20.4}{2.3.4 Inferencias con respecto a la Varianza Poblacional}{section.3.20}% 83
\BOOKMARK [2][-]{subsection.3.20.5}{2.3.5 Comparaci\363n de dos varianzas poblacionales}{section.3.20}% 84
\BOOKMARK [1][-]{section.3.21}{2. Pruebas de Hip\363tesis}{chapter.3}% 85
\BOOKMARK [2][-]{subsection.3.21.1}{2.1 Tipos de errores}{section.3.21}% 86
\BOOKMARK [1][-]{section.3.22}{2.2 Muestras grandes: una media poblacional}{chapter.3}% 87
\BOOKMARK [2][-]{subsection.3.22.1}{2.2.1 C\341lculo de valor p}{section.3.22}% 88
\BOOKMARK [2][-]{subsection.3.22.2}{2.2.2 Prueba de hip\363tesis para la diferencia entre dos medias poblacionales}{section.3.22}% 89
\BOOKMARK [2][-]{subsection.3.22.3}{2.2.3 Prueba de Hip\363tesis para una Proporci\363n Binomial}{section.3.22}% 90
\BOOKMARK [2][-]{subsection.3.22.4}{2.2.4 Prueba de Hip\363tesis diferencia entre dos Proporciones Binomiales}{section.3.22}% 91
\BOOKMARK [1][-]{section.3.23}{2.3 Muestras Peque\361as}{chapter.3}% 92
\BOOKMARK [2][-]{subsection.3.23.1}{2.3.1 Una media poblacional}{section.3.23}% 93
\BOOKMARK [2][-]{subsection.3.23.2}{2.3.2 Diferencia entre dos medias poblacionales: M.A.I.}{section.3.23}% 94
\BOOKMARK [2][-]{subsection.3.23.3}{2.3.3 Diferencia entre dos medias poblacionales: Diferencias Pareadas}{section.3.23}% 95
\BOOKMARK [2][-]{subsection.3.23.4}{2.3.4 Inferencias con respecto a la Varianza Poblacional}{section.3.23}% 96
\BOOKMARK [2][-]{subsection.3.23.5}{2.3.5 Comparaci\363n de dos varianzas poblacionales}{section.3.23}% 97
\BOOKMARK [1][-]{section.3.24}{Ejercicios}{chapter.3}% 98
\BOOKMARK [1][-]{section.3.25}{An\341lisis de Regresion Lineal \(RL\)}{chapter.3}% 99
\BOOKMARK [1][-]{section.3.26}{An\341lisis de Regresion Lineal \(RL\)}{chapter.3}% 100
\BOOKMARK [2][-]{subsection.3.26.1}{Regresi\363n Lineal Simple \(RLS\)}{section.3.26}% 101
\BOOKMARK [2][-]{subsection.3.26.2}{Regresi\363n Lineal Simple \(RLS\)}{section.3.26}% 102
\BOOKMARK [1][-]{section.3.27}{3. An\341lisis de Regresion Lineal \(RL\)}{chapter.3}% 103
\BOOKMARK [2][-]{subsection.3.27.1}{3.1 Regresi\363n Lineal Simple \(RLS\)}{section.3.27}% 104
\BOOKMARK [2][-]{subsection.3.27.2}{3.2 M\351todo de M\355nimos Cuadrados}{section.3.27}% 105
\BOOKMARK [2][-]{subsection.3.27.3}{3.3 Propiedades de los Estimadores 0 y 1}{section.3.27}% 106
\BOOKMARK [2][-]{subsection.3.27.4}{3.4 Prueba de Hip\363tesis en RLS}{section.3.27}% 107
\BOOKMARK [2][-]{subsection.3.27.5}{Estimaci\363n de Intervalos en RLS}{section.3.27}% 108
\BOOKMARK [1][-]{section.3.28}{3. An\341lisis de Regresion Lineal \(RL\)}{chapter.3}% 109
\BOOKMARK [2][-]{subsection.3.28.1}{3.1 Regresi\363n Lineal Simple \(RLS\)}{section.3.28}% 110
\BOOKMARK [2][-]{subsection.3.28.2}{3.2 M\351todo de M\355nimos Cuadrados}{section.3.28}% 111
\BOOKMARK [2][-]{subsection.3.28.3}{3.3 Propiedades de los Estimadores 0 y 1}{section.3.28}% 112
\BOOKMARK [2][-]{subsection.3.28.4}{3.4 Prueba de Hip\363tesis en RLS}{section.3.28}% 113
\BOOKMARK [2][-]{subsection.3.28.5}{Estimaci\363n de Intervalos en RLS}{section.3.28}% 114
\BOOKMARK [2][-]{subsection.3.28.6}{Predicci\363n}{section.3.28}% 115
\BOOKMARK [2][-]{subsection.3.28.7}{Prueba de falta de ajuste}{section.3.28}% 116
\BOOKMARK [2][-]{subsection.3.28.8}{Coeficiente de Determinaci\363n}{section.3.28}% 117
\BOOKMARK [0][-]{chapter.4}{Requisitos}{part.1}% 118
\BOOKMARK [1][-]{section.4.1}{Pruebas de Hip\363tesis}{chapter.4}% 119
\BOOKMARK [2][-]{subsection.4.1.1}{Tipos de errores}{section.4.1}% 120
\BOOKMARK [1][-]{section.4.2}{Muestras grandes: una media poblacional}{chapter.4}% 121
\BOOKMARK [2][-]{subsection.4.2.1}{C\341lculo de valor p}{section.4.2}% 122
\BOOKMARK [1][-]{section.4.3}{Pruebas de Hip\363tesis}{chapter.4}% 123
\BOOKMARK [2][-]{subsection.4.3.1}{Tipos de errores}{section.4.3}% 124
\BOOKMARK [1][-]{section.4.4}{Pruebas de Hip\363tesis}{chapter.4}% 125
\BOOKMARK [2][-]{subsection.4.4.1}{Tipos de errores}{section.4.4}% 126
\BOOKMARK [1][-]{section.4.5}{Muestras grandes: una media poblacional}{chapter.4}% 127
\BOOKMARK [2][-]{subsection.4.5.1}{C\341lculo de valor p}{section.4.5}% 128
\BOOKMARK [1][-]{section.4.6}{Estimaci\363n por intervalos}{chapter.4}% 129
\BOOKMARK [1][-]{section.4.7}{Intervalos de confianza para dos muestras}{chapter.4}% 130
\BOOKMARK [1][-]{section.4.8}{Intervalos de confianza para raz\363n de Varianzas}{chapter.4}% 131
\BOOKMARK [1][-]{section.4.9}{Intervalos de confianza para diferencia de proporciones}{chapter.4}% 132
\BOOKMARK [0][-]{chapter.5}{Bases}{part.1}% 133
\BOOKMARK [1][-]{section.5.1}{An\341lisis de Regresion Lineal \(RL\)}{chapter.5}% 134
\BOOKMARK [1][-]{section.5.2}{An\341lisis de Regresion Lineal \(RL\)}{chapter.5}% 135
\BOOKMARK [2][-]{subsection.5.2.1}{Regresi\363n Lineal Simple \(RLS\)}{section.5.2}% 136
\BOOKMARK [2][-]{subsection.5.2.2}{Regresi\363n Lineal Simple \(RLS\)}{section.5.2}% 137
\BOOKMARK [1][-]{section.5.3}{3. An\341lisis de Regresion Lineal \(RL\)}{chapter.5}% 138
\BOOKMARK [2][-]{subsection.5.3.1}{3.1 Regresi\363n Lineal Simple \(RLS\)}{section.5.3}% 139
\BOOKMARK [2][-]{subsection.5.3.2}{3.2 M\351todo de M\355nimos Cuadrados}{section.5.3}% 140
\BOOKMARK [2][-]{subsection.5.3.3}{3.3 Propiedades de los Estimadores 0 y 1}{section.5.3}% 141
\BOOKMARK [2][-]{subsection.5.3.4}{3.4 Prueba de Hip\363tesis en RLS}{section.5.3}% 142
\BOOKMARK [2][-]{subsection.5.3.5}{Estimaci\363n de Intervalos en RLS}{section.5.3}% 143
\BOOKMARK [1][-]{section.5.4}{3. An\341lisis de Regresion Lineal \(RL\)}{chapter.5}% 144
\BOOKMARK [2][-]{subsection.5.4.1}{3.1 Regresi\363n Lineal Simple \(RLS\)}{section.5.4}% 145
\BOOKMARK [2][-]{subsection.5.4.2}{3.2 M\351todo de M\355nimos Cuadrados}{section.5.4}% 146
\BOOKMARK [2][-]{subsection.5.4.3}{3.3 Propiedades de los Estimadores 0 y 1}{section.5.4}% 147
\BOOKMARK [2][-]{subsection.5.4.4}{3.4 Prueba de Hip\363tesis en RLS}{section.5.4}% 148
\BOOKMARK [2][-]{subsection.5.4.5}{Estimaci\363n de Intervalos en RLS}{section.5.4}% 149
\BOOKMARK [2][-]{subsection.5.4.6}{Predicci\363n}{section.5.4}% 150
\BOOKMARK [2][-]{subsection.5.4.7}{Prueba de falta de ajuste}{section.5.4}% 151
\BOOKMARK [2][-]{subsection.5.4.8}{Coeficiente de Determinaci\363n}{section.5.4}% 152
\BOOKMARK [-1][-]{part.2}{II PRIMERA PARTE: Regresi\363n Log\355stica}{}% 153
\BOOKMARK [0][-]{chapter.6}{D\355a 1: Introducci\363n}{part.2}% 154
\BOOKMARK [1][-]{section.6.1}{Conceptos B\341sicos}{chapter.6}% 155
\BOOKMARK [1][-]{section.6.2}{Regresi\363n Lineal}{chapter.6}% 156
\BOOKMARK [1][-]{section.6.3}{Regresi\363n Log\355stica}{chapter.6}% 157
\BOOKMARK [1][-]{section.6.4}{M\351todo de M\341xima Verosimilitud}{chapter.6}% 158
\BOOKMARK [1][-]{section.6.5}{M\351todo de Newton-Raphson}{chapter.6}% 159
\BOOKMARK [1][-]{section.6.6}{Espec\355ficando}{chapter.6}% 160
\BOOKMARK [0][-]{chapter.7}{Elementos de Probabilidad}{part.2}% 161
\BOOKMARK [1][-]{section.7.1}{Introducci\363n}{chapter.7}% 162
\BOOKMARK [1][-]{section.7.2}{Probabilidad}{chapter.7}% 163
\BOOKMARK [2][-]{subsection.7.2.1}{Espacio Muestral y Eventos}{section.7.2}% 164
\BOOKMARK [2][-]{subsection.7.2.2}{Definiciones de Probabilidad}{section.7.2}% 165
\BOOKMARK [1][-]{section.7.3}{Estad\355stica Bayesiana}{chapter.7}% 166
\BOOKMARK [2][-]{subsection.7.3.1}{Prior y Posterior}{section.7.3}% 167
\BOOKMARK [1][-]{section.7.4}{Distribuciones de Probabilidad}{chapter.7}% 168
\BOOKMARK [2][-]{subsection.7.4.1}{Distribuciones Discretas}{section.7.4}% 169
\BOOKMARK [2][-]{subsection.7.4.2}{Distribuciones Continuas}{section.7.4}% 170
\BOOKMARK [1][-]{section.7.5}{Estad\355stica Descriptiva}{chapter.7}% 171
\BOOKMARK [2][-]{subsection.7.5.1}{Medidas de Tendencia Central}{section.7.5}% 172
\BOOKMARK [2][-]{subsection.7.5.2}{Medidas de Dispersi\363n}{section.7.5}% 173
\BOOKMARK [1][-]{section.7.6}{Inferencia Estad\355stica}{chapter.7}% 174
\BOOKMARK [2][-]{subsection.7.6.1}{Estimaci\363n de Par\341metros}{section.7.6}% 175
\BOOKMARK [2][-]{subsection.7.6.2}{Prueba de Hip\363tesis}{section.7.6}% 176
\BOOKMARK [0][-]{chapter.8}{Matem\341ticas Detr\341s de la Regresi\363n Log\355stica}{part.2}% 177
\BOOKMARK [1][-]{section.8.1}{Introducci\363n}{chapter.8}% 178
\BOOKMARK [1][-]{section.8.2}{Funci\363n Log\355stica}{chapter.8}% 179
\BOOKMARK [2][-]{subsection.8.2.1}{Definici\363n}{section.8.2}% 180
\BOOKMARK [2][-]{subsection.8.2.2}{Propiedades}{section.8.2}% 181
\BOOKMARK [1][-]{section.8.3}{Funci\363n de Verosimilitud}{chapter.8}% 182
\BOOKMARK [2][-]{subsection.8.3.1}{Definici\363n}{section.8.3}% 183
\BOOKMARK [2][-]{subsection.8.3.2}{Funci\363n de Log-Verosimilitud}{section.8.3}% 184
\BOOKMARK [1][-]{section.8.4}{Estimaci\363n de Coeficientes}{chapter.8}% 185
\BOOKMARK [2][-]{subsection.8.4.1}{Gradiente y Hessiana}{section.8.4}% 186
\BOOKMARK [2][-]{subsection.8.4.2}{Algoritmo Newton-Raphson}{section.8.4}% 187
\BOOKMARK [1][-]{section.8.5}{Validaci\363n del Modelo}{chapter.8}% 188
\BOOKMARK [2][-]{subsection.8.5.1}{Curva ROC y AUC}{section.8.5}% 189
\BOOKMARK [2][-]{subsection.8.5.2}{Matriz de Confusi\363n}{section.8.5}% 190
\BOOKMARK [0][-]{chapter.9}{Preparaci\363n de Datos y Selecci\363n de Variables}{part.2}% 191
\BOOKMARK [1][-]{section.9.1}{Introducci\363n}{chapter.9}% 192
\BOOKMARK [1][-]{section.9.2}{Importancia de la Preparaci\363n de Datos}{chapter.9}% 193
\BOOKMARK [1][-]{section.9.3}{Limpieza de Datos}{chapter.9}% 194
\BOOKMARK [1][-]{section.9.4}{Tratamiento de Datos Faltantes}{chapter.9}% 195
\BOOKMARK [2][-]{subsection.9.4.1}{Imputaci\363n de la Media}{section.9.4}% 196
\BOOKMARK [1][-]{section.9.5}{Codificaci\363n de Variables Categ\363ricas}{chapter.9}% 197
\BOOKMARK [2][-]{subsection.9.5.1}{Codificaci\363n One-Hot}{section.9.5}% 198
\BOOKMARK [2][-]{subsection.9.5.2}{Codificaci\363n Ordinal}{section.9.5}% 199
\BOOKMARK [1][-]{section.9.6}{Selecci\363n de Variables}{chapter.9}% 200
\BOOKMARK [2][-]{subsection.9.6.1}{M\351todos de Filtrado}{section.9.6}% 201
\BOOKMARK [2][-]{subsection.9.6.2}{M\351todos de Wrapper}{section.9.6}% 202
\BOOKMARK [2][-]{subsection.9.6.3}{M\351todos Basados en Modelos}{section.9.6}% 203
\BOOKMARK [1][-]{section.9.7}{Implementaci\363n en R}{chapter.9}% 204
\BOOKMARK [2][-]{subsection.9.7.1}{Limpieza de Datos}{section.9.7}% 205
\BOOKMARK [2][-]{subsection.9.7.2}{Codificaci\363n de Variables Categ\363ricas}{section.9.7}% 206
\BOOKMARK [2][-]{subsection.9.7.3}{Selecci\363n de Variables}{section.9.7}% 207
\BOOKMARK [0][-]{chapter.10}{Evaluaci\363n del Modelo y Validaci\363n Cruzada}{part.2}% 208
\BOOKMARK [1][-]{section.10.1}{Introducci\363n}{chapter.10}% 209
\BOOKMARK [1][-]{section.10.2}{M\351tricas de Evaluaci\363n del Modelo}{chapter.10}% 210
\BOOKMARK [2][-]{subsection.10.2.1}{Curva ROC y AUC}{section.10.2}% 211
\BOOKMARK [2][-]{subsection.10.2.2}{Matriz de Confusi\363n}{section.10.2}% 212
\BOOKMARK [2][-]{subsection.10.2.3}{Precisi\363n, Recall y F1-Score}{section.10.2}% 213
\BOOKMARK [2][-]{subsection.10.2.4}{Log-Loss}{section.10.2}% 214
\BOOKMARK [1][-]{section.10.3}{Validaci\363n Cruzada}{chapter.10}% 215
\BOOKMARK [2][-]{subsection.10.3.1}{K-Fold Cross-Validation}{section.10.3}% 216
\BOOKMARK [2][-]{subsection.10.3.2}{Leave-One-Out Cross-Validation \(LOOCV\)}{section.10.3}% 217
\BOOKMARK [1][-]{section.10.4}{Ajuste y Sobreajuste del Modelo}{chapter.10}% 218
\BOOKMARK [2][-]{subsection.10.4.1}{Sobreajuste}{section.10.4}% 219
\BOOKMARK [2][-]{subsection.10.4.2}{Subajuste}{section.10.4}% 220
\BOOKMARK [2][-]{subsection.10.4.3}{Regularizaci\363n}{section.10.4}% 221
\BOOKMARK [1][-]{section.10.5}{Implementaci\363n en R}{chapter.10}% 222
\BOOKMARK [2][-]{subsection.10.5.1}{Evaluaci\363n del Modelo}{section.10.5}% 223
\BOOKMARK [2][-]{subsection.10.5.2}{Validaci\363n Cruzada}{section.10.5}% 224
\BOOKMARK [0][-]{chapter.11}{Diagn\363stico del Modelo y Ajuste de Par\341metros}{part.2}% 225
\BOOKMARK [1][-]{section.11.1}{Introducci\363n}{chapter.11}% 226
\BOOKMARK [1][-]{section.11.2}{Diagn\363stico del Modelo}{chapter.11}% 227
\BOOKMARK [2][-]{subsection.11.2.1}{Residuos}{section.11.2}% 228
\BOOKMARK [2][-]{subsection.11.2.2}{Influencia}{section.11.2}% 229
\BOOKMARK [2][-]{subsection.11.2.3}{Multicolinealidad}{section.11.2}% 230
\BOOKMARK [1][-]{section.11.3}{Ajuste de Par\341metros}{chapter.11}% 231
\BOOKMARK [2][-]{subsection.11.3.1}{Grid Search}{section.11.3}% 232
\BOOKMARK [2][-]{subsection.11.3.2}{Random Search}{section.11.3}% 233
\BOOKMARK [2][-]{subsection.11.3.3}{Bayesian Optimization}{section.11.3}% 234
\BOOKMARK [1][-]{section.11.4}{Implementaci\363n en R}{chapter.11}% 235
\BOOKMARK [2][-]{subsection.11.4.1}{Diagn\363stico del Modelo}{section.11.4}% 236
\BOOKMARK [2][-]{subsection.11.4.2}{Ajuste de Par\341metros}{section.11.4}% 237
\BOOKMARK [0][-]{chapter.12}{Interpretaci\363n de los Resultados}{part.2}% 238
\BOOKMARK [1][-]{section.12.1}{Introducci\363n}{chapter.12}% 239
\BOOKMARK [1][-]{section.12.2}{Coeficientes de Regresi\363n Log\355stica}{chapter.12}% 240
\BOOKMARK [2][-]{subsection.12.2.1}{Interpretaci\363n de los Coeficientes}{section.12.2}% 241
\BOOKMARK [2][-]{subsection.12.2.2}{Signo de los Coeficientes}{section.12.2}% 242
\BOOKMARK [1][-]{section.12.3}{Odds Ratios}{chapter.12}% 243
\BOOKMARK [2][-]{subsection.12.3.1}{C\341lculo de las Odds Ratios}{section.12.3}% 244
\BOOKMARK [2][-]{subsection.12.3.2}{Interpretaci\363n de las Odds Ratios}{section.12.3}% 245
\BOOKMARK [1][-]{section.12.4}{Intervalos de Confianza}{chapter.12}% 246
\BOOKMARK [2][-]{subsection.12.4.1}{C\341lculo de los Intervalos de Confianza}{section.12.4}% 247
\BOOKMARK [1][-]{section.12.5}{Significancia Estad\355stica}{chapter.12}% 248
\BOOKMARK [2][-]{subsection.12.5.1}{Prueba de Hip\363tesis}{section.12.5}% 249
\BOOKMARK [2][-]{subsection.12.5.2}{P-valor}{section.12.5}% 250
\BOOKMARK [1][-]{section.12.6}{Implementaci\363n en R}{chapter.12}% 251
\BOOKMARK [2][-]{subsection.12.6.1}{C\341lculo de Coeficientes y Odds Ratios}{section.12.6}% 252
\BOOKMARK [2][-]{subsection.12.6.2}{Intervalos de Confianza}{section.12.6}% 253
\BOOKMARK [2][-]{subsection.12.6.3}{P-valores y Significancia Estad\355stica}{section.12.6}% 254
\BOOKMARK [0][-]{chapter.13}{Regresi\363n Log\355stica Multinomial y An\341lisis de Supervivencia}{part.2}% 255
\BOOKMARK [1][-]{section.13.1}{Introducci\363n}{chapter.13}% 256
\BOOKMARK [1][-]{section.13.2}{Regresi\363n Log\355stica Multinomial}{chapter.13}% 257
\BOOKMARK [2][-]{subsection.13.2.1}{Modelo Multinomial}{section.13.2}% 258
\BOOKMARK [2][-]{subsection.13.2.2}{Estimaci\363n de Par\341metros}{section.13.2}% 259
\BOOKMARK [1][-]{section.13.3}{An\341lisis de Supervivencia}{chapter.13}% 260
\BOOKMARK [2][-]{subsection.13.3.1}{Funci\363n de Supervivencia}{section.13.3}% 261
\BOOKMARK [2][-]{subsection.13.3.2}{Modelo de Riesgos Proporcionales de Cox}{section.13.3}% 262
\BOOKMARK [1][-]{section.13.4}{Implementaci\363n en R}{chapter.13}% 263
\BOOKMARK [2][-]{subsection.13.4.1}{Regresi\363n Log\355stica Multinomial}{section.13.4}% 264
\BOOKMARK [2][-]{subsection.13.4.2}{An\341lisis de Supervivencia}{section.13.4}% 265
\BOOKMARK [0][-]{chapter.14}{Implementaci\363n de Regresi\363n Log\355stica en Datos Reales}{part.2}% 266
\BOOKMARK [1][-]{section.14.1}{Introducci\363n}{chapter.14}% 267
\BOOKMARK [1][-]{section.14.2}{Conjunto de Datos}{chapter.14}% 268
\BOOKMARK [1][-]{section.14.3}{Preparaci\363n de Datos}{chapter.14}% 269
\BOOKMARK [2][-]{subsection.14.3.1}{Carga y Exploraci\363n de Datos}{section.14.3}% 270
\BOOKMARK [2][-]{subsection.14.3.2}{Limpieza de Datos}{section.14.3}% 271
\BOOKMARK [2][-]{subsection.14.3.3}{Codificaci\363n de Variables Categ\363ricas}{section.14.3}% 272
\BOOKMARK [1][-]{section.14.4}{Divisi\363n de Datos}{chapter.14}% 273
\BOOKMARK [1][-]{section.14.5}{Entrenamiento del Modelo}{chapter.14}% 274
\BOOKMARK [1][-]{section.14.6}{Evaluaci\363n del Modelo}{chapter.14}% 275
\BOOKMARK [1][-]{section.14.7}{Interpretaci\363n de los Resultados}{chapter.14}% 276
\BOOKMARK [0][-]{chapter.15}{Resumen y Proyecto Final}{part.2}% 277
\BOOKMARK [1][-]{section.15.1}{Resumen de Conceptos Clave}{chapter.15}% 278
\BOOKMARK [1][-]{section.15.2}{Buenas Pr\341cticas}{chapter.15}% 279
\BOOKMARK [1][-]{section.15.3}{Proyecto Final}{chapter.15}% 280
\BOOKMARK [2][-]{subsection.15.3.1}{Selecci\363n del Conjunto de Datos}{section.15.3}% 281
\BOOKMARK [2][-]{subsection.15.3.2}{Exploraci\363n y Preparaci\363n de Datos}{section.15.3}% 282
\BOOKMARK [2][-]{subsection.15.3.3}{Entrenamiento y Evaluaci\363n del Modelo}{section.15.3}% 283
\BOOKMARK [2][-]{subsection.15.3.4}{Interpretaci\363n de Resultados}{section.15.3}% 284
\BOOKMARK [2][-]{subsection.15.3.5}{Presentaci\363n del Proyecto}{section.15.3}% 285
\BOOKMARK [-1][-]{part.3}{III SEGUNDA PARTE: ANALISIS DE SUPERVIVENCIA}{}% 286
\BOOKMARK [0][-]{chapter.16}{Introducci\363n al An\341lisis de Supervivencia}{part.3}% 287
\BOOKMARK [1][-]{section.16.1}{Conceptos B\341sicos}{chapter.16}% 288
\BOOKMARK [1][-]{section.16.2}{Definici\363n de Eventos y Tiempos}{chapter.16}% 289
\BOOKMARK [1][-]{section.16.3}{Censura}{chapter.16}% 290
\BOOKMARK [1][-]{section.16.4}{Funci\363n de Supervivencia}{chapter.16}% 291
\BOOKMARK [1][-]{section.16.5}{Funci\363n de Densidad de Probabilidad}{chapter.16}% 292
\BOOKMARK [1][-]{section.16.6}{Funci\363n de Riesgo}{chapter.16}% 293
\BOOKMARK [1][-]{section.16.7}{Relaci\363n entre Funci\363n de Supervivencia y Funci\363n de Riesgo}{chapter.16}% 294
\BOOKMARK [1][-]{section.16.8}{Deducci\363n de la Funci\363n de Supervivencia}{chapter.16}% 295
\BOOKMARK [1][-]{section.16.9}{Ejemplo de C\341lculo}{chapter.16}% 296
\BOOKMARK [1][-]{section.16.10}{Conclusi\363n}{chapter.16}% 297
\BOOKMARK [0][-]{chapter.17}{Funci\363n de Supervivencia y Funci\363n de Riesgo}{part.3}% 298
\BOOKMARK [1][-]{section.17.1}{Introducci\363n}{chapter.17}% 299
\BOOKMARK [1][-]{section.17.2}{Funci\363n de Supervivencia}{chapter.17}% 300
\BOOKMARK [2][-]{subsection.17.2.1}{Propiedades de la Funci\363n de Supervivencia}{section.17.2}% 301
\BOOKMARK [2][-]{subsection.17.2.2}{Derivaci\363n de S\(t\)}{section.17.2}% 302
\BOOKMARK [2][-]{subsection.17.2.3}{Ejemplo de C\341lculo de S\(t\)}{section.17.2}% 303
\BOOKMARK [1][-]{section.17.3}{Funci\363n de Riesgo}{chapter.17}% 304
\BOOKMARK [2][-]{subsection.17.3.1}{Relaci\363n entre \(t\) y f\(t\)}{section.17.3}% 305
\BOOKMARK [2][-]{subsection.17.3.2}{Derivaci\363n de \(t\)}{section.17.3}% 306
\BOOKMARK [1][-]{section.17.4}{Relaci\363n entre Funci\363n de Supervivencia y Funci\363n de Riesgo}{chapter.17}% 307
\BOOKMARK [2][-]{subsection.17.4.1}{Deducci\363n de la Relaci\363n}{section.17.4}% 308
\BOOKMARK [1][-]{section.17.5}{Interpretaci\363n de la Funci\363n de Riesgo}{chapter.17}% 309
\BOOKMARK [2][-]{subsection.17.5.1}{Ejemplo de C\341lculo de \(t\)}{section.17.5}% 310
\BOOKMARK [1][-]{section.17.6}{Funciones de Riesgo Acumulada y Media Residual}{chapter.17}% 311
\BOOKMARK [1][-]{section.17.7}{Ejemplo de C\341lculo de Funci\363n de Riesgo Acumulada y Vida Media Residual}{chapter.17}% 312
\BOOKMARK [1][-]{section.17.8}{Conclusi\363n}{chapter.17}% 313
\BOOKMARK [0][-]{chapter.18}{Estimador de Kaplan-Meier}{part.3}% 314
\BOOKMARK [1][-]{section.18.1}{Introducci\363n}{chapter.18}% 315
\BOOKMARK [1][-]{section.18.2}{Definici\363n del Estimador de Kaplan-Meier}{chapter.18}% 316
\BOOKMARK [1][-]{section.18.3}{Propiedades del Estimador de Kaplan-Meier}{chapter.18}% 317
\BOOKMARK [2][-]{subsection.18.3.1}{Funci\363n Escalonada}{section.18.3}% 318
\BOOKMARK [2][-]{subsection.18.3.2}{Manejo de Datos Censurados}{section.18.3}% 319
\BOOKMARK [2][-]{subsection.18.3.3}{Estimaci\363n No Param\351trica}{section.18.3}% 320
\BOOKMARK [1][-]{section.18.4}{Deducci\363n del Estimador de Kaplan-Meier}{chapter.18}% 321
\BOOKMARK [2][-]{subsection.18.4.1}{Probabilidad Condicional}{section.18.4}% 322
\BOOKMARK [2][-]{subsection.18.4.2}{Producto de Probabilidades Condicionales}{section.18.4}% 323
\BOOKMARK [1][-]{section.18.5}{Ejemplo de C\341lculo}{chapter.18}% 324
\BOOKMARK [1][-]{section.18.6}{Intervalos de Confianza para el Estimador de Kaplan-Meier}{chapter.18}% 325
\BOOKMARK [1][-]{section.18.7}{Transformaci\363n Logar\355tmica Inversa}{chapter.18}% 326
\BOOKMARK [1][-]{section.18.8}{C\341lculo Detallado de Intervalos de Confianza}{chapter.18}% 327
\BOOKMARK [1][-]{section.18.9}{Ejemplo de Intervalo de Confianza}{chapter.18}% 328
\BOOKMARK [1][-]{section.18.10}{Interpretaci\363n del Estimador de Kaplan-Meier}{chapter.18}% 329
\BOOKMARK [1][-]{section.18.11}{Conclusi\363n}{chapter.18}% 330
\BOOKMARK [0][-]{chapter.19}{Comparaci\363n de Curvas de Supervivencia}{part.3}% 331
\BOOKMARK [1][-]{section.19.1}{Introducci\363n}{chapter.19}% 332
\BOOKMARK [1][-]{section.19.2}{Test de Log-rank}{chapter.19}% 333
\BOOKMARK [2][-]{subsection.19.2.1}{F\363rmula del Test de Log-rank}{section.19.2}% 334
\BOOKMARK [2][-]{subsection.19.2.2}{C\341lculo de Ei y Vi}{section.19.2}% 335
\BOOKMARK [1][-]{section.19.3}{Ejemplo de C\341lculo del Test de Log-rank}{chapter.19}% 336
\BOOKMARK [1][-]{section.19.4}{Interpretaci\363n del Test de Log-rank}{chapter.19}% 337
\BOOKMARK [1][-]{section.19.5}{Pruebas Alternativas}{chapter.19}% 338
\BOOKMARK [1][-]{section.19.6}{Conclusi\363n}{chapter.19}% 339
\BOOKMARK [0][-]{chapter.20}{Modelos de Riesgos Proporcionales de Cox}{part.3}% 340
\BOOKMARK [1][-]{section.20.1}{Introducci\363n}{chapter.20}% 341
\BOOKMARK [1][-]{section.20.2}{Definici\363n del Modelo de Cox}{chapter.20}% 342
\BOOKMARK [1][-]{section.20.3}{Supuesto de Proporcionalidad de Riesgos}{chapter.20}% 343
\BOOKMARK [1][-]{section.20.4}{Estimaci\363n de los Par\341metros}{chapter.20}% 344
\BOOKMARK [2][-]{subsection.20.4.1}{Funci\363n de Log-Verosimilitud Parcial}{section.20.4}% 345
\BOOKMARK [2][-]{subsection.20.4.2}{Derivadas Parciales y Maximizaci\363n}{section.20.4}% 346
\BOOKMARK [1][-]{section.20.5}{Interpretaci\363n de los Coeficientes}{chapter.20}% 347
\BOOKMARK [1][-]{section.20.6}{Evaluaci\363n del Modelo}{chapter.20}% 348
\BOOKMARK [2][-]{subsection.20.6.1}{Residuos de Schoenfeld}{section.20.6}% 349
\BOOKMARK [2][-]{subsection.20.6.2}{Curvas de Supervivencia Ajustadas}{section.20.6}% 350
\BOOKMARK [1][-]{section.20.7}{Ejemplo de Aplicaci\363n del Modelo de Cox}{chapter.20}% 351
\BOOKMARK [1][-]{section.20.8}{Conclusi\363n}{chapter.20}% 352
\BOOKMARK [0][-]{chapter.21}{Diagn\363stico y Validaci\363n de Modelos de Cox}{part.3}% 353
\BOOKMARK [1][-]{section.21.1}{Introducci\363n}{chapter.21}% 354
\BOOKMARK [1][-]{section.21.2}{Supuesto de Proporcionalidad de Riesgos}{chapter.21}% 355
\BOOKMARK [2][-]{subsection.21.2.1}{Residuos de Schoenfeld}{section.21.2}% 356
\BOOKMARK [1][-]{section.21.3}{Bondad de Ajuste}{chapter.21}% 357
\BOOKMARK [2][-]{subsection.21.3.1}{Curvas de Supervivencia Ajustadas}{section.21.3}% 358
\BOOKMARK [2][-]{subsection.21.3.2}{Estad\355sticas de Ajuste Global}{section.21.3}% 359
\BOOKMARK [1][-]{section.21.4}{Diagn\363stico de Influencia}{chapter.21}% 360
\BOOKMARK [2][-]{subsection.21.4.1}{Residuos de Deviance}{section.21.4}% 361
\BOOKMARK [2][-]{subsection.21.4.2}{Residuos de Martingala}{section.21.4}% 362
\BOOKMARK [1][-]{section.21.5}{Ejemplo de Diagn\363stico}{chapter.21}% 363
\BOOKMARK [1][-]{section.21.6}{Conclusi\363n}{chapter.21}% 364
\BOOKMARK [0][-]{chapter.22}{Modelos Acelerados de Fallos}{part.3}% 365
\BOOKMARK [1][-]{section.22.1}{Introducci\363n}{chapter.22}% 366
\BOOKMARK [1][-]{section.22.2}{Definici\363n del Modelo AFT}{chapter.22}% 367
\BOOKMARK [2][-]{subsection.22.2.1}{Transformaci\363n Logar\355tmica}{section.22.2}% 368
\BOOKMARK [1][-]{section.22.3}{Estimaci\363n de los Par\341metros}{chapter.22}% 369
\BOOKMARK [2][-]{subsection.22.3.1}{Funci\363n de Log-Verosimilitud}{section.22.3}% 370
\BOOKMARK [2][-]{subsection.22.3.2}{Maximizaci\363n de la Verosimilitud}{section.22.3}% 371
\BOOKMARK [1][-]{section.22.4}{Distribuciones Comunes en Modelos AFT}{chapter.22}% 372
\BOOKMARK [2][-]{subsection.22.4.1}{Modelo Exponencial AFT}{section.22.4}% 373
\BOOKMARK [2][-]{subsection.22.4.2}{Modelo Weibull AFT}{section.22.4}% 374
\BOOKMARK [1][-]{section.22.5}{Interpretaci\363n de los Coeficientes}{chapter.22}% 375
\BOOKMARK [1][-]{section.22.6}{Ejemplo de Aplicaci\363n del Modelo AFT}{chapter.22}% 376
\BOOKMARK [1][-]{section.22.7}{Conclusi\363n}{chapter.22}% 377
\BOOKMARK [0][-]{chapter.23}{An\341lisis Multivariado de Supervivencia}{part.3}% 378
\BOOKMARK [1][-]{section.23.1}{Introducci\363n}{chapter.23}% 379
\BOOKMARK [1][-]{section.23.2}{Modelo de Cox Multivariado}{chapter.23}% 380
\BOOKMARK [2][-]{subsection.23.2.1}{Estimaci\363n de los Par\341metros}{section.23.2}% 381
\BOOKMARK [1][-]{section.23.3}{Modelo AFT Multivariado}{chapter.23}% 382
\BOOKMARK [2][-]{subsection.23.3.1}{Estimaci\363n de los Par\341metros}{section.23.3}% 383
\BOOKMARK [1][-]{section.23.4}{Interacci\363n y Efectos No Lineales}{chapter.23}% 384
\BOOKMARK [2][-]{subsection.23.4.1}{Interacciones}{section.23.4}% 385
\BOOKMARK [2][-]{subsection.23.4.2}{Efectos No Lineales}{section.23.4}% 386
\BOOKMARK [1][-]{section.23.5}{Selecci\363n de Variables}{chapter.23}% 387
\BOOKMARK [2][-]{subsection.23.5.1}{Regresi\363n Hacia Atr\341s}{section.23.5}% 388
\BOOKMARK [2][-]{subsection.23.5.2}{Regresi\363n Hacia Adelante}{section.23.5}% 389
\BOOKMARK [2][-]{subsection.23.5.3}{Criterios de Informaci\363n}{section.23.5}% 390
\BOOKMARK [1][-]{section.23.6}{Ejemplo de An\341lisis Multivariado}{chapter.23}% 391
\BOOKMARK [1][-]{section.23.7}{Conclusi\363n}{chapter.23}% 392
\BOOKMARK [0][-]{chapter.24}{Supervivencia en Datos Complicados}{part.3}% 393
\BOOKMARK [1][-]{section.24.1}{Introducci\363n}{chapter.24}% 394
\BOOKMARK [1][-]{section.24.2}{Censura por Intervalo}{chapter.24}% 395
\BOOKMARK [2][-]{subsection.24.2.1}{Modelo para Datos Censurados por Intervalo}{section.24.2}% 396
\BOOKMARK [1][-]{section.24.3}{Datos Truncados}{chapter.24}% 397
\BOOKMARK [2][-]{subsection.24.3.1}{Modelo para Datos Truncados}{section.24.3}% 398
\BOOKMARK [1][-]{section.24.4}{An\341lisis de Competing Risks}{chapter.24}% 399
\BOOKMARK [2][-]{subsection.24.4.1}{Modelo de Competing Risks}{section.24.4}% 400
\BOOKMARK [1][-]{section.24.5}{M\351todos de Imputaci\363n}{chapter.24}% 401
\BOOKMARK [2][-]{subsection.24.5.1}{Imputaci\363n M\372ltiple}{section.24.5}% 402
\BOOKMARK [1][-]{section.24.6}{Ejemplo de An\341lisis con Datos Complicados}{chapter.24}% 403
\BOOKMARK [1][-]{section.24.7}{Conclusi\363n}{chapter.24}% 404
\BOOKMARK [0][-]{chapter.25}{Proyecto Final y Revisi\363n}{part.3}% 405
\BOOKMARK [1][-]{section.25.1}{Introducci\363n}{chapter.25}% 406
\BOOKMARK [1][-]{section.25.2}{Desarrollo del Proyecto}{chapter.25}% 407
\BOOKMARK [1][-]{section.25.3}{Revisi\363n de Conceptos Clave}{chapter.25}% 408
\BOOKMARK [1][-]{section.25.4}{Ejemplo de Proyecto Final}{chapter.25}% 409
\BOOKMARK [2][-]{subsection.25.4.1}{Definici\363n del Problema}{section.25.4}% 410
\BOOKMARK [2][-]{subsection.25.4.2}{Descripci\363n de los Datos}{section.25.4}% 411
\BOOKMARK [2][-]{subsection.25.4.3}{An\341lisis Exploratorio}{section.25.4}% 412
\BOOKMARK [2][-]{subsection.25.4.4}{Ajuste del Modelo}{section.25.4}% 413
\BOOKMARK [2][-]{subsection.25.4.5}{Diagn\363stico del Modelo}{section.25.4}% 414
\BOOKMARK [2][-]{subsection.25.4.6}{Interpretaci\363n de Resultados}{section.25.4}% 415
\BOOKMARK [2][-]{subsection.25.4.7}{Conclusiones}{section.25.4}% 416
\BOOKMARK [1][-]{section.25.5}{Conclusi\363n}{chapter.25}% 417
\BOOKMARK [-1][-]{part.4}{IV TERCERA PARTE: TEMAS SELECTOS}{}% 418
\BOOKMARK [0][-]{chapter.26}{Probabilidad Avanzada}{part.4}% 419
\BOOKMARK [0][-]{chapter.27}{Polling Systems}{part.4}% 420
\BOOKMARK [1][-]{section.27.1}{Ecuaciones Centrales}{chapter.27}% 421
\BOOKMARK [1][-]{section.27.2}{Funciones Generadoras de Probabilidad Conjunta}{chapter.27}% 422
\BOOKMARK [0][-]{chapter.28}{Cadenas de Markov}{part.4}% 423
\BOOKMARK [1][-]{section.28.1}{Cadenas de Markov}{chapter.28}% 424
\BOOKMARK [2][-]{subsection.28.1.1}{Estacionareidad}{section.28.1}% 425
\BOOKMARK [2][-]{subsection.28.1.2}{Teor?a Erg?dica}{section.28.1}% 426
\BOOKMARK [2][-]{subsection.28.1.3}{Funciones Arm?nicas, Recurrencia y Transitoriedad}{section.28.1}% 427
\BOOKMARK [1][-]{section.28.2}{Procesos de Markov de Saltos}{chapter.28}% 428
\BOOKMARK [2][-]{subsection.28.2.1}{Estructura B?sica de los Procesos Markovianos de Saltos}{section.28.2}% 429
\BOOKMARK [2][-]{subsection.28.2.2}{Matriz Intensidad}{section.28.2}% 430
\BOOKMARK [2][-]{subsection.28.2.3}{Medidas Estacionarias}{section.28.2}% 431
\BOOKMARK [2][-]{subsection.28.2.4}{Criterios de Ergodicidad}{section.28.2}% 432
\BOOKMARK [1][-]{section.28.3}{Notaci?n Kendall-Lee}{chapter.28}% 433
\BOOKMARK [1][-]{section.28.4}{Procesos de Nacimiento y Muerte}{chapter.28}% 434
\BOOKMARK [2][-]{subsection.28.4.1}{Procesos de Nacimiento y Muerte Generales}{section.28.4}% 435
\BOOKMARK [2][-]{subsection.28.4.2}{Cola M/M/1}{section.28.4}% 436
\BOOKMARK [2][-]{subsection.28.4.3}{Cola M/M/}{section.28.4}% 437
\BOOKMARK [2][-]{subsection.28.4.4}{Cola M/M/m}{section.28.4}% 438
\BOOKMARK [2][-]{subsection.28.4.5}{Cola M/G/1}{section.28.4}% 439
\BOOKMARK [1][-]{section.28.5}{Redes de Colas}{chapter.28}% 440
\BOOKMARK [1][-]{section.28.6}{Estacionareidad}{chapter.28}% 441
\BOOKMARK [1][-]{section.28.7}{Procesos de Markov de Saltos}{chapter.28}% 442
\BOOKMARK [1][-]{section.28.8}{Notaci?n Kendall-Lee}{chapter.28}% 443
\BOOKMARK [1][-]{section.28.9}{Procesos de Nacimiento y Muerte \(Teor?a\)}{chapter.28}% 444
\BOOKMARK [1][-]{section.28.10}{Procesos de Nacimiento y Muerte como Modelos de Colas}{chapter.28}% 445
\BOOKMARK [2][-]{subsection.28.10.1}{Cola M/M/1}{section.28.10}% 446
\BOOKMARK [1][-]{section.28.11}{Notaci?n Kendall-Lee, segunda parte}{chapter.28}% 447
\BOOKMARK [1][-]{section.28.12}{Procesos de Nacimiento y Muerte como Modelos de Colas\(Continuaci?n\)}{chapter.28}% 448
\BOOKMARK [2][-]{subsection.28.12.1}{Cola M/M/}{section.28.12}% 449
\BOOKMARK [2][-]{subsection.28.12.2}{Cola M/M/m}{section.28.12}% 450
\BOOKMARK [1][-]{section.28.13}{Cadenas de Markov}{chapter.28}% 451
\BOOKMARK [2][-]{subsection.28.13.1}{Estacionareidad}{section.28.13}% 452
\BOOKMARK [2][-]{subsection.28.13.2}{Teor?a Erg?dica}{section.28.13}% 453
\BOOKMARK [2][-]{subsection.28.13.3}{Funciones Arm?nicas, Recurrencia y Transitoriedad}{section.28.13}% 454
\BOOKMARK [1][-]{section.28.14}{Procesos de Markov de Saltos}{chapter.28}% 455
\BOOKMARK [1][-]{section.28.15}{Notaci?n Kendall-Lee}{chapter.28}% 456
\BOOKMARK [2][-]{subsection.28.15.1}{Primera parte}{section.28.15}% 457
\BOOKMARK [2][-]{subsection.28.15.2}{Segunda parte}{section.28.15}% 458
\BOOKMARK [1][-]{section.28.16}{Procesos de Nacimiento y Muerte}{chapter.28}% 459
\BOOKMARK [2][-]{subsection.28.16.1}{Cola M/M/1}{section.28.16}% 460
\BOOKMARK [2][-]{subsection.28.16.2}{Cola M/M/}{section.28.16}% 461
\BOOKMARK [2][-]{subsection.28.16.3}{Cola M/M/m}{section.28.16}% 462
\BOOKMARK [1][-]{section.28.17}{Ejemplo de Cadena de Markov para dos Estados}{chapter.28}% 463
\BOOKMARK [1][-]{section.28.18}{Cadenas de Markov}{chapter.28}% 464
\BOOKMARK [2][-]{subsection.28.18.1}{Estacionareidad}{section.28.18}% 465
\BOOKMARK [2][-]{subsection.28.18.2}{Teor?a Erg?dica}{section.28.18}% 466
\BOOKMARK [2][-]{subsection.28.18.3}{Funciones Arm?nicas, Recurrencia y Transitoriedad}{section.28.18}% 467
\BOOKMARK [1][-]{section.28.19}{Procesos de Markov de Saltos}{chapter.28}% 468
\BOOKMARK [2][-]{subsection.28.19.1}{Estructura B?sica de los Procesos Markovianos de Saltos}{section.28.19}% 469
\BOOKMARK [2][-]{subsection.28.19.2}{Matriz Intensidad}{section.28.19}% 470
\BOOKMARK [2][-]{subsection.28.19.3}{Medidas Estacionarias}{section.28.19}% 471
\BOOKMARK [2][-]{subsection.28.19.4}{Criterios de Ergodicidad}{section.28.19}% 472
\BOOKMARK [1][-]{section.28.20}{Notaci?n Kendall-Lee}{chapter.28}% 473
\BOOKMARK [2][-]{subsection.28.20.1}{Primera parte}{section.28.20}% 474
\BOOKMARK [2][-]{subsection.28.20.2}{Segunda parte}{section.28.20}% 475
\BOOKMARK [1][-]{section.28.21}{Procesos de Nacimiento y Muerte}{chapter.28}% 476
\BOOKMARK [2][-]{subsection.28.21.1}{Procesos de Nacimiento y Muerte Generales}{section.28.21}% 477
\BOOKMARK [2][-]{subsection.28.21.2}{Cola M/M/1}{section.28.21}% 478
\BOOKMARK [2][-]{subsection.28.21.3}{Cola M/M/}{section.28.21}% 479
\BOOKMARK [2][-]{subsection.28.21.4}{Cola M/M/m}{section.28.21}% 480
\BOOKMARK [2][-]{subsection.28.21.5}{Cola M/G/1}{section.28.21}% 481
\BOOKMARK [2][-]{subsection.28.21.6}{Cola M/M/m/m}{section.28.21}% 482
\BOOKMARK [1][-]{section.28.22}{Redes de Colas}{chapter.28}% 483
\BOOKMARK [2][-]{subsection.28.22.1}{Colas en Serie}{section.28.22}% 484
\BOOKMARK [2][-]{subsection.28.22.2}{Redes Abiertas de Jackson}{section.28.22}% 485
\BOOKMARK [2][-]{subsection.28.22.3}{Colas C?clicas}{section.28.22}% 486
\BOOKMARK [1][-]{section.28.23}{Cadenas de Markov}{chapter.28}% 487
\BOOKMARK [2][-]{subsection.28.23.1}{Estacionareidad}{section.28.23}% 488
\BOOKMARK [2][-]{subsection.28.23.2}{Teor?a Erg?dica}{section.28.23}% 489
\BOOKMARK [2][-]{subsection.28.23.3}{Funciones Arm?nicas, Recurrencia y Transitoriedad}{section.28.23}% 490
\BOOKMARK [1][-]{section.28.24}{Procesos de Markov de Saltos}{chapter.28}% 491
\BOOKMARK [2][-]{subsection.28.24.1}{Estructura B?sica de los Procesos Markovianos de Saltos}{section.28.24}% 492
\BOOKMARK [2][-]{subsection.28.24.2}{Matriz Intensidad}{section.28.24}% 493
\BOOKMARK [2][-]{subsection.28.24.3}{Medidas Estacionarias}{section.28.24}% 494
\BOOKMARK [2][-]{subsection.28.24.4}{Criterios de Ergodicidad}{section.28.24}% 495
\BOOKMARK [1][-]{section.28.25}{Notaci?n Kendall-Lee}{chapter.28}% 496
\BOOKMARK [1][-]{section.28.26}{Procesos de Nacimiento y Muerte}{chapter.28}% 497
\BOOKMARK [2][-]{subsection.28.26.1}{Procesos de Nacimiento y Muerte Generales}{section.28.26}% 498
\BOOKMARK [2][-]{subsection.28.26.2}{Cola M/M/1}{section.28.26}% 499
\BOOKMARK [2][-]{subsection.28.26.3}{Cola M/M/}{section.28.26}% 500
\BOOKMARK [2][-]{subsection.28.26.4}{Cola M/M/m}{section.28.26}% 501
\BOOKMARK [2][-]{subsection.28.26.5}{Cola M/G/1}{section.28.26}% 502
\BOOKMARK [1][-]{section.28.27}{Redes de Colas}{chapter.28}% 503
\BOOKMARK [2][-]{subsection.28.27.1}{Sistemas Abiertos}{section.28.27}% 504
\BOOKMARK [1][-]{section.28.28}{Ejemplo de Cadena de Markov para dos Estados}{chapter.28}% 505
\BOOKMARK [1][-]{section.28.29}{Cadenas de Markov: Estacionareidad}{chapter.28}% 506
\BOOKMARK [1][-]{section.28.30}{Teor\355a Erg\363dica}{chapter.28}% 507
\BOOKMARK [1][-]{section.28.31}{Queueing Theory at Markovian Level}{chapter.28}% 508
\BOOKMARK [2][-]{subsection.28.31.1}{General Death Birth Processes}{section.28.31}% 509
\BOOKMARK [1][-]{section.28.32}{Birth-Death Processes as Queueing Models}{chapter.28}% 510
\BOOKMARK [2][-]{subsection.28.32.1}{Cola M/M/1}{section.28.32}% 511
\BOOKMARK [2][-]{subsection.28.32.2}{Cola con Infinidad de Servidores}{section.28.32}% 512
\BOOKMARK [2][-]{subsection.28.32.3}{Cola M/M/m}{section.28.32}% 513
\BOOKMARK [0][-]{chapter.29}{Procesos Estocasticos}{part.4}% 514
\BOOKMARK [1][-]{section.29.1}{Procesos Estoc\341sticos: Introducci\363n}{chapter.29}% 515
\BOOKMARK [1][-]{section.29.2}{Clasificaci\363n de Estados}{chapter.29}% 516
\BOOKMARK [0][-]{chapter.30}{Procesos Regenerativos}{part.4}% 517
\BOOKMARK [1][-]{section.30.1}{Procesos Regenerativos}{chapter.30}% 518
\BOOKMARK [2][-]{subsection.30.1.1}{Procesos Regenerativos Estacionarios - Stidham Stidham}{section.30.1}% 519
\BOOKMARK [2][-]{subsection.30.1.2}{Procesos de Renovaci\363n}{section.30.1}% 520
\BOOKMARK [2][-]{subsection.30.1.3}{Teorema Principal de Renovaci\363n}{section.30.1}% 521
\BOOKMARK [2][-]{subsection.30.1.4}{Propiedades de los Procesos de Renovaci\363n}{section.30.1}% 522
\BOOKMARK [2][-]{subsection.30.1.5}{Propiedades de los Procesos de Renovaci\363n}{section.30.1}% 523
\BOOKMARK [2][-]{subsection.30.1.6}{Propiedades de los Procesos de Renovaci\363n}{section.30.1}% 524
\BOOKMARK [2][-]{subsection.30.1.7}{Propiedades de los Procesos de Renovaci\363n}{section.30.1}% 525
\BOOKMARK [2][-]{subsection.30.1.8}{Propiedades de los Procesos de Renovaci\363n}{section.30.1}% 526
\BOOKMARK [2][-]{subsection.30.1.9}{Funci\363n de Renovaci\363n}{section.30.1}% 527
\BOOKMARK [2][-]{subsection.30.1.10}{Funci\363n de Renovaci\363n}{section.30.1}% 528
\BOOKMARK [2][-]{subsection.30.1.11}{Procesos de Renovaci\363n}{section.30.1}% 529
\BOOKMARK [2][-]{subsection.30.1.12}{Renewal and Regenerative Processes: SerfozoSerfozo}{section.30.1}% 530
\BOOKMARK [2][-]{subsection.30.1.13}{Procesos Regenerativos}{section.30.1}% 531
\BOOKMARK [2][-]{subsection.30.1.14}{Procesos Regenerativos}{section.30.1}% 532
\BOOKMARK [2][-]{subsection.30.1.15}{Procesos Regenerativos Estacionarios - Stidham Stidham}{section.30.1}% 533
\BOOKMARK [2][-]{subsection.30.1.16}{Procesos Regenerativos Estacionarios - Stidham Stidham}{section.30.1}% 534
\BOOKMARK [2][-]{subsection.30.1.17}{Renewal and Regenerative Processes: SerfozoSerfozo}{section.30.1}% 535
\BOOKMARK [2][-]{subsection.30.1.18}{Procesos Regenerativos}{section.30.1}% 536
\BOOKMARK [2][-]{subsection.30.1.19}{Procesos Regenerativos}{section.30.1}% 537
\BOOKMARK [2][-]{subsection.30.1.20}{Procesos Regenerativos Estacionarios - Stidham Stidham}{section.30.1}% 538
\BOOKMARK [2][-]{subsection.30.1.21}{Procesos Regenerativos Estacionarios - Stidham Stidham}{section.30.1}% 539
\BOOKMARK [2][-]{subsection.30.1.22}{Propiedades de los Procesos de Renovaci\363n}{section.30.1}% 540
\BOOKMARK [2][-]{subsection.30.1.23}{Propiedades de los Procesos de Renovaci\363n}{section.30.1}% 541
\BOOKMARK [2][-]{subsection.30.1.24}{Propiedades de los Procesos de Renovaci\363n}{section.30.1}% 542
\BOOKMARK [2][-]{subsection.30.1.25}{Propiedades de los Procesos de Renovaci\363n}{section.30.1}% 543
\BOOKMARK [2][-]{subsection.30.1.26}{Procesos Regenerativos Estacionarios - Stidham Stidham}{section.30.1}% 544
\BOOKMARK [2][-]{subsection.30.1.27}{Procesos de Renovaci\363n}{section.30.1}% 545
\BOOKMARK [2][-]{subsection.30.1.28}{Teorema Principal de Renovaci\363n}{section.30.1}% 546
\BOOKMARK [2][-]{subsection.30.1.29}{Funci\363n de Renovaci\363n}{section.30.1}% 547
\BOOKMARK [2][-]{subsection.30.1.30}{Propiedades de los Procesos de Renovaci\363n}{section.30.1}% 548
\BOOKMARK [2][-]{subsection.30.1.31}{Funci\363n de Renovaci\363n}{section.30.1}% 549
\BOOKMARK [2][-]{subsection.30.1.32}{Procesos de Renovaci\363n}{section.30.1}% 550
\BOOKMARK [2][-]{subsection.30.1.33}{Puntos de Renovaci\363n}{section.30.1}% 551
\BOOKMARK [2][-]{subsection.30.1.34}{Procesos Regenerativos}{section.30.1}% 552
\BOOKMARK [2][-]{subsection.30.1.35}{Renewal and Regenerative Processes: SerfozoSerfozo}{section.30.1}% 553
\BOOKMARK [2][-]{subsection.30.1.36}{Procesos Regenerativos}{section.30.1}% 554
\BOOKMARK [2][-]{subsection.30.1.37}{Procesos Regenerativos}{section.30.1}% 555
\BOOKMARK [2][-]{subsection.30.1.38}{Procesos Regenerativos Estacionarios - Stidham Stidham}{section.30.1}% 556
\BOOKMARK [2][-]{subsection.30.1.39}{Procesos Regenerativos Estacionarios - Stidham Stidham}{section.30.1}% 557
\BOOKMARK [2][-]{subsection.30.1.40}{Propiedades de los Procesos de Renovaci\363n}{section.30.1}% 558
\BOOKMARK [2][-]{subsection.30.1.41}{Propiedades de los Procesos de Renovaci\363n}{section.30.1}% 559
\BOOKMARK [2][-]{subsection.30.1.42}{Procesos Regenerativos Estacionarios - Stidham Stidham}{section.30.1}% 560
\BOOKMARK [2][-]{subsection.30.1.43}{Procesos de Renovaci\363n}{section.30.1}% 561
\BOOKMARK [2][-]{subsection.30.1.44}{Teorema Principal de Renovaci\363n}{section.30.1}% 562
\BOOKMARK [2][-]{subsection.30.1.45}{Funci\363n de Renovaci\363n}{section.30.1}% 563
\BOOKMARK [2][-]{subsection.30.1.46}{Propiedades de los Procesos de Renovaci\363n}{section.30.1}% 564
\BOOKMARK [2][-]{subsection.30.1.47}{Funci\363n de Renovaci\363n}{section.30.1}% 565
\BOOKMARK [2][-]{subsection.30.1.48}{Procesos de Renovaci\363n}{section.30.1}% 566
\BOOKMARK [2][-]{subsection.30.1.49}{Puntos de Renovaci\363n}{section.30.1}% 567
\BOOKMARK [2][-]{subsection.30.1.50}{Ya revisado}{section.30.1}% 568
\BOOKMARK [2][-]{subsection.30.1.51}{Procesos de Renovaci\363n y Regenerativos}{section.30.1}% 569
\BOOKMARK [2][-]{subsection.30.1.52}{Tiempo de Ciclo Promedio}{section.30.1}% 570
\BOOKMARK [2][-]{subsection.30.1.53}{Tiempos de Ciclo e Intervisita}{section.30.1}% 571
\BOOKMARK [2][-]{subsection.30.1.54}{Longitudes de la Cola en cualquier tiempo}{section.30.1}% 572
\BOOKMARK [2][-]{subsection.30.1.55}{Por resolver}{section.30.1}% 573
\BOOKMARK [2][-]{subsection.30.1.56}{Tiempos de Ciclo e Intervisita}{section.30.1}% 574
\BOOKMARK [2][-]{subsection.30.1.57}{Longitudes de la Cola en cualquier tiempo}{section.30.1}% 575
\BOOKMARK [2][-]{subsection.30.1.58}{Material por agregar}{section.30.1}% 576
\BOOKMARK [2][-]{subsection.30.1.59}{Procesos Regenerativos Sigman, Thorisson y Wolff Sigman1}{section.30.1}% 577
\BOOKMARK [2][-]{subsection.30.1.60}{Renewal and Regenerative Processes: SerfozoSerfozo}{section.30.1}% 578
\BOOKMARK [2][-]{subsection.30.1.61}{Procesos de Renovaci\363n}{section.30.1}% 579
\BOOKMARK [2][-]{subsection.30.1.62}{Procesos de Renovaci\363n}{section.30.1}% 580
\BOOKMARK [2][-]{subsection.30.1.63}{Procesos de Renovaci\363n}{section.30.1}% 581
\BOOKMARK [2][-]{subsection.30.1.64}{Procesos de Renovaci\363n}{section.30.1}% 582
\BOOKMARK [2][-]{subsection.30.1.65}{Procesos de Renovaci\363n}{section.30.1}% 583
\BOOKMARK [2][-]{subsection.30.1.66}{Procesos Regenerativos Estacionarios: Visi\363n cl\341sica}{section.30.1}% 584
\BOOKMARK [2][-]{subsection.30.1.67}{Teorema Principal de Renovaci\363n}{section.30.1}% 585
\BOOKMARK [2][-]{subsection.30.1.68}{Propiedades de los Procesos de Renovaci\363n}{section.30.1}% 586
\BOOKMARK [2][-]{subsection.30.1.69}{Funci\363n de Renovaci\363n}{section.30.1}% 587
\BOOKMARK [2][-]{subsection.30.1.70}{Procesos de Renovaci\363n}{section.30.1}% 588
\BOOKMARK [2][-]{subsection.30.1.71}{Renewal and Regenerative Processes: SerfozoSerfozo}{section.30.1}% 589
\BOOKMARK [2][-]{subsection.30.1.72}{Procesos Regenerativos Sigman, Thorisson y Wolff Sigman2}{section.30.1}% 590
\BOOKMARK [2][-]{subsection.30.1.73}{Procesos Regenerativos}{section.30.1}% 591
\BOOKMARK [2][-]{subsection.30.1.74}{Procesos Regenerativos Estacionarios - Stidham Stidham}{section.30.1}% 592
\BOOKMARK [2][-]{subsection.30.1.75}{Procesos Regenerativos}{section.30.1}% 593
\BOOKMARK [2][-]{subsection.30.1.76}{Procesos Regenerativos Estacionarios: Visi\363n cl\341sica}{section.30.1}% 594
\BOOKMARK [2][-]{subsection.30.1.77}{Teorema Principal de Renovaci\363n}{section.30.1}% 595
\BOOKMARK [2][-]{subsection.30.1.78}{Propiedades de los Procesos de Renovaci\363n}{section.30.1}% 596
\BOOKMARK [2][-]{subsection.30.1.79}{Funci\363n de Renovaci\363n}{section.30.1}% 597
\BOOKMARK [2][-]{subsection.30.1.80}{Procesos de Renovaci\363n}{section.30.1}% 598
\BOOKMARK [2][-]{subsection.30.1.81}{Renewal and Regenerative Processes: SerfozoSerfozo}{section.30.1}% 599
\BOOKMARK [2][-]{subsection.30.1.82}{Procesos Regenerativos Sigman, Thorisson y Wolff Sigman2}{section.30.1}% 600
\BOOKMARK [2][-]{subsection.30.1.83}{Procesos Regenerativos}{section.30.1}% 601
\BOOKMARK [2][-]{subsection.30.1.84}{Procesos Regenerativos Estacionarios - Stidham Stidham}{section.30.1}% 602
\BOOKMARK [2][-]{subsection.30.1.85}{Procesos Regenerativos}{section.30.1}% 603
\BOOKMARK [2][-]{subsection.30.1.86}{Procesos Regenerativos Sigman, Thorisson y Wolff Sigman2}{section.30.1}% 604
\BOOKMARK [2][-]{subsection.30.1.87}{Procesos Regenerativos Estacionarios - Stidham Stidham}{section.30.1}% 605
\BOOKMARK [2][-]{subsection.30.1.88}{Procesos de Renovaci\363n}{section.30.1}% 606
\BOOKMARK [2][-]{subsection.30.1.89}{Teorema Principal de Renovaci\363n}{section.30.1}% 607
\BOOKMARK [2][-]{subsection.30.1.90}{Propiedades de los Procesos de Renovaci\363n}{section.30.1}% 608
\BOOKMARK [2][-]{subsection.30.1.91}{Funci\363n de Renovaci\363n}{section.30.1}% 609
\BOOKMARK [2][-]{subsection.30.1.92}{Renewal and Regenerative Processes: SerfozoSerfozo}{section.30.1}% 610
\BOOKMARK [2][-]{subsection.30.1.93}{Procesos Regenerativos}{section.30.1}% 611
\BOOKMARK [2][-]{subsection.30.1.94}{Puntos de Renovaci\363n}{section.30.1}% 612
\BOOKMARK [2][-]{subsection.30.1.95}{Procesos Regenerativos}{section.30.1}% 613
\BOOKMARK [2][-]{subsection.30.1.96}{Renewal and Regenerative Processes: SerfozoSerfozo}{section.30.1}% 614
\BOOKMARK [2][-]{subsection.30.1.97}{Procesos Regenerativos}{section.30.1}% 615
\BOOKMARK [2][-]{subsection.30.1.98}{Procesos Regenerativos}{section.30.1}% 616
\BOOKMARK [2][-]{subsection.30.1.99}{Procesos Regenerativos Estacionarios - Stidham Stidham}{section.30.1}% 617
\BOOKMARK [2][-]{subsection.30.1.100}{Procesos Regenerativos Estacionarios - Stidham Stidham}{section.30.1}% 618
\BOOKMARK [2][-]{subsection.30.1.101}{Propiedades de los Procesos de Renovaci\363n}{section.30.1}% 619
\BOOKMARK [2][-]{subsection.30.1.102}{Propiedades de los Procesos de Renovaci\363n}{section.30.1}% 620
\BOOKMARK [2][-]{subsection.30.1.103}{Propiedades de los Procesos de Renovaci\363n}{section.30.1}% 621
\BOOKMARK [2][-]{subsection.30.1.104}{Propiedades de los Procesos de Renovaci\363n}{section.30.1}% 622
\BOOKMARK [2][-]{subsection.30.1.105}{Procesos Regenerativos Estacionarios - Stidham Stidham}{section.30.1}% 623
\BOOKMARK [2][-]{subsection.30.1.106}{Procesos de Renovaci\363n}{section.30.1}% 624
\BOOKMARK [2][-]{subsection.30.1.107}{Teorema Principal de Renovaci\363n}{section.30.1}% 625
\BOOKMARK [2][-]{subsection.30.1.108}{Funci\363n de Renovaci\363n}{section.30.1}% 626
\BOOKMARK [2][-]{subsection.30.1.109}{Propiedades de los Procesos de Renovaci\363n}{section.30.1}% 627
\BOOKMARK [2][-]{subsection.30.1.110}{Funci\363n de Renovaci\363n}{section.30.1}% 628
\BOOKMARK [2][-]{subsection.30.1.111}{Procesos de Renovaci\363n}{section.30.1}% 629
\BOOKMARK [2][-]{subsection.30.1.112}{Puntos de Renovaci\363n}{section.30.1}% 630
\BOOKMARK [2][-]{subsection.30.1.113}{Procesos Regenerativos}{section.30.1}% 631
\BOOKMARK [2][-]{subsection.30.1.114}{Renewal and Regenerative Processes: SerfozoSerfozo}{section.30.1}% 632
\BOOKMARK [2][-]{subsection.30.1.115}{Procesos Regenerativos}{section.30.1}% 633
\BOOKMARK [2][-]{subsection.30.1.116}{Procesos Regenerativos}{section.30.1}% 634
\BOOKMARK [2][-]{subsection.30.1.117}{Procesos Regenerativos Estacionarios - Stidham Stidham}{section.30.1}% 635
\BOOKMARK [2][-]{subsection.30.1.118}{Procesos Regenerativos Estacionarios - Stidham Stidham}{section.30.1}% 636
\BOOKMARK [2][-]{subsection.30.1.119}{Propiedades de los Procesos de Renovaci\363n}{section.30.1}% 637
\BOOKMARK [2][-]{subsection.30.1.120}{Propiedades de los Procesos de Renovaci\363n}{section.30.1}% 638
\BOOKMARK [2][-]{subsection.30.1.121}{Procesos Regenerativos Estacionarios - Stidham Stidham}{section.30.1}% 639
\BOOKMARK [2][-]{subsection.30.1.122}{Procesos de Renovaci\363n}{section.30.1}% 640
\BOOKMARK [2][-]{subsection.30.1.123}{Teorema Principal de Renovaci\363n}{section.30.1}% 641
\BOOKMARK [2][-]{subsection.30.1.124}{Funci\363n de Renovaci\363n}{section.30.1}% 642
\BOOKMARK [2][-]{subsection.30.1.125}{Propiedades de los Procesos de Renovaci\363n}{section.30.1}% 643
\BOOKMARK [2][-]{subsection.30.1.126}{Funci\363n de Renovaci\363n}{section.30.1}% 644
\BOOKMARK [2][-]{subsection.30.1.127}{Procesos de Renovaci\363n}{section.30.1}% 645
\BOOKMARK [2][-]{subsection.30.1.128}{Puntos de Renovaci\363n}{section.30.1}% 646
\BOOKMARK [2][-]{subsection.30.1.129}{Funci\363n de Renovaci\363n}{section.30.1}% 647
\BOOKMARK [2][-]{subsection.30.1.130}{Funci\363n de Renovaci\363n}{section.30.1}% 648
\BOOKMARK [2][-]{subsection.30.1.131}{Funci\363n de Renovaci\363n}{section.30.1}% 649
\BOOKMARK [2][-]{subsection.30.1.132}{Funci\363n de Renovaci\363n}{section.30.1}% 650
\BOOKMARK [2][-]{subsection.30.1.133}{Funci\363n de Renovaci\363n}{section.30.1}% 651
\BOOKMARK [2][-]{subsection.30.1.134}{Funci\363n de Renovaci\363n}{section.30.1}% 652
\BOOKMARK [2][-]{subsection.30.1.135}{Funci\363n de Renovaci\363n}{section.30.1}% 653
\BOOKMARK [2][-]{subsection.30.1.136}{Procesos Regenerativos}{section.30.1}% 654
\BOOKMARK [2][-]{subsection.30.1.137}{Renewal and Regenerative Processes: SerfozoSerfozo}{section.30.1}% 655
\BOOKMARK [0][-]{chapter.31}{Procesos de Renovacion}{part.4}% 656
\BOOKMARK [1][-]{section.31.1}{Propiedades de los Procesos de Renovaci\363n}{chapter.31}% 657
\BOOKMARK [2][-]{subsection.31.1.1}{Propiedades de los Procesos de Renovaci\363n}{section.31.1}% 658
\BOOKMARK [2][-]{subsection.31.1.2}{Propiedades de los Procesos de Renovaci\363n}{section.31.1}% 659
\BOOKMARK [2][-]{subsection.31.1.3}{Propiedades de los Procesos de Renovaci\363n}{section.31.1}% 660
\BOOKMARK [2][-]{subsection.31.1.4}{Propiedades de los Procesos de Renovaci\363n}{section.31.1}% 661
\BOOKMARK [2][-]{subsection.31.1.5}{Propiedades de los Procesos de Renovaci\363n}{section.31.1}% 662
\BOOKMARK [2][-]{subsection.31.1.6}{Propiedades de los Procesos de Renovaci\363n}{section.31.1}% 663
\BOOKMARK [2][-]{subsection.31.1.7}{Propiedades de los Procesos de Renovaci\363n}{section.31.1}% 664
\BOOKMARK [2][-]{subsection.31.1.8}{Propiedades de los Procesos de Renovaci\363n}{section.31.1}% 665
\BOOKMARK [2][-]{subsection.31.1.9}{Propiedades de los Procesos de Renovaci\363n}{section.31.1}% 666
\BOOKMARK [2][-]{subsection.31.1.10}{Propiedades de los Procesos de Renovaci\363n}{section.31.1}% 667
\BOOKMARK [2][-]{subsection.31.1.11}{Propiedades de los Procesos de Renovaci\363n}{section.31.1}% 668
\BOOKMARK [2][-]{subsection.31.1.12}{Propiedades de los Procesos de Renovaci\363n}{section.31.1}% 669
\BOOKMARK [2][-]{subsection.31.1.13}{Propiedades de los Procesos de Renovaci\363n}{section.31.1}% 670
\BOOKMARK [2][-]{subsection.31.1.14}{Propiedades de los Procesos de Renovaci\363n}{section.31.1}% 671
\BOOKMARK [2][-]{subsection.31.1.15}{Propiedades de los Procesos de Renovaci\363n}{section.31.1}% 672
\BOOKMARK [2][-]{subsection.31.1.16}{Propiedades de los Procesos de Renovaci\363n}{section.31.1}% 673
\BOOKMARK [2][-]{subsection.31.1.17}{Propiedades de los Procesos de Renovaci\363n}{section.31.1}% 674
\BOOKMARK [2][-]{subsection.31.1.18}{Propiedades de los Procesos de Renovaci\363n}{section.31.1}% 675
\BOOKMARK [0][-]{chapter.32}{Revision Procesos Regenerativos}{part.4}% 676
\BOOKMARK [1][-]{section.32.1}{Procesos Regenerativos: Thorisson}{chapter.32}% 677
\BOOKMARK [2][-]{subsection.32.1.1}{Tiempos de Regeneraci\363n para Redes de Sistemas de Visitas C\355clicas}{section.32.1}% 678
\BOOKMARK [2][-]{subsection.32.1.2}{Introduction to Stochastic Processes}{section.32.1}% 679
\BOOKMARK [2][-]{subsection.32.1.3}{One Sided Process}{section.32.1}% 680
\BOOKMARK [2][-]{subsection.32.1.4}{Regeneration: Shift-Measurability}{section.32.1}% 681
\BOOKMARK [2][-]{subsection.32.1.5}{Cycle-Stationarity}{section.32.1}% 682
\BOOKMARK [2][-]{subsection.32.1.6}{Classical Regeneration}{section.32.1}% 683
\BOOKMARK [2][-]{subsection.32.1.7}{Stationary Version}{section.32.1}% 684
\BOOKMARK [2][-]{subsection.32.1.8}{Spread Out}{section.32.1}% 685
\BOOKMARK [2][-]{subsection.32.1.9}{Wide Sense Regeneration}{section.32.1}% 686
\BOOKMARK [2][-]{subsection.32.1.10}{Existence of Regeneration Times}{section.32.1}% 687
\BOOKMARK [1][-]{section.32.2}{Procesos Regenerativos}{chapter.32}% 688
\BOOKMARK [1][-]{section.32.3}{Procesos Regenerativos Sigman, Thorisson y Wolff Sigman1}{chapter.32}% 689
\BOOKMARK [1][-]{section.32.4}{Procesos Regenerativos Estacionarios - Stidham Stidham}{chapter.32}% 690
\BOOKMARK [1][-]{section.32.5}{Teorema Principal de Renovaci\363n}{chapter.32}% 691
\BOOKMARK [1][-]{section.32.6}{Propiedades de los Procesos de Renovaci\363n}{chapter.32}% 692
\BOOKMARK [1][-]{section.32.7}{Funci\363n de Renovaci\363n}{chapter.32}% 693
\BOOKMARK [1][-]{section.32.8}{Procesos de Renovaci\363n}{chapter.32}% 694
\BOOKMARK [1][-]{section.32.9}{Renewal and Regenerative Processes: SerfozoSerfozo}{chapter.32}% 695
\BOOKMARK [1][-]{section.32.10}{Resultados para Procesos de Salida}{chapter.32}% 696
\BOOKMARK [0][-]{chapter.33}{Teor\355a de Colas}{part.4}% 697
\BOOKMARK [1][-]{section.33.1}{Cadenas de Markov}{chapter.33}% 698
\BOOKMARK [2][-]{subsection.33.1.1}{Estacionareidad}{section.33.1}% 699
\BOOKMARK [2][-]{subsection.33.1.2}{Teor\355a Erg\363dica}{section.33.1}% 700
\BOOKMARK [2][-]{subsection.33.1.3}{Funciones Arm\363nicas, Recurrencia y Transitoriedad}{section.33.1}% 701
\BOOKMARK [1][-]{section.33.2}{Procesos de Markov de Saltos}{chapter.33}% 702
\BOOKMARK [2][-]{subsection.33.2.1}{Estructura B\341sica de los Procesos Markovianos de Saltos}{section.33.2}% 703
\BOOKMARK [2][-]{subsection.33.2.2}{Matriz Intensidad}{section.33.2}% 704
\BOOKMARK [2][-]{subsection.33.2.3}{Medidas Estacionarias}{section.33.2}% 705
\BOOKMARK [2][-]{subsection.33.2.4}{Criterios de Ergodicidad}{section.33.2}% 706
\BOOKMARK [1][-]{section.33.3}{Notaci\363n Kendall-Lee}{chapter.33}% 707
\BOOKMARK [1][-]{section.33.4}{Procesos de Nacimiento y Muerte}{chapter.33}% 708
\BOOKMARK [2][-]{subsection.33.4.1}{Procesos de Nacimiento y Muerte Generales}{section.33.4}% 709
\BOOKMARK [2][-]{subsection.33.4.2}{Cola M/M/1}{section.33.4}% 710
\BOOKMARK [2][-]{subsection.33.4.3}{Cola M/M/}{section.33.4}% 711
\BOOKMARK [2][-]{subsection.33.4.4}{Cola M/M/m}{section.33.4}% 712
\BOOKMARK [2][-]{subsection.33.4.5}{Cola M/G/1}{section.33.4}% 713
\BOOKMARK [1][-]{section.33.5}{Redes de Colas}{chapter.33}% 714
\BOOKMARK [1][-]{section.33.6}{Estacionareidad}{chapter.33}% 715
\BOOKMARK [1][-]{section.33.7}{Procesos de Markov de Saltos}{chapter.33}% 716
\BOOKMARK [1][-]{section.33.8}{Notaci\363n Kendall-Lee}{chapter.33}% 717
\BOOKMARK [1][-]{section.33.9}{Procesos de Nacimiento y Muerte \(Teor\355a\)}{chapter.33}% 718
\BOOKMARK [1][-]{section.33.10}{Procesos de Nacimiento y Muerte como Modelos de Colas}{chapter.33}% 719
\BOOKMARK [2][-]{subsection.33.10.1}{Cola M/M/1}{section.33.10}% 720
\BOOKMARK [1][-]{section.33.11}{Notaci\363n Kendall-Lee, segunda parte}{chapter.33}% 721
\BOOKMARK [1][-]{section.33.12}{Procesos de Nacimiento y Muerte como Modelos de Colas\(Continuaci\363n\)}{chapter.33}% 722
\BOOKMARK [2][-]{subsection.33.12.1}{Cola M/M/}{section.33.12}% 723
\BOOKMARK [2][-]{subsection.33.12.2}{Cola M/M/m}{section.33.12}% 724
\BOOKMARK [1][-]{section.33.13}{Cadenas de Markov}{chapter.33}% 725
\BOOKMARK [2][-]{subsection.33.13.1}{Estacionareidad}{section.33.13}% 726
\BOOKMARK [2][-]{subsection.33.13.2}{Teor\355a Erg\363dica}{section.33.13}% 727
\BOOKMARK [2][-]{subsection.33.13.3}{Funciones Arm\363nicas, Recurrencia y Transitoriedad}{section.33.13}% 728
\BOOKMARK [1][-]{section.33.14}{Procesos de Markov de Saltos}{chapter.33}% 729
\BOOKMARK [1][-]{section.33.15}{Notaci\363n Kendall-Lee}{chapter.33}% 730
\BOOKMARK [2][-]{subsection.33.15.1}{Primera parte}{section.33.15}% 731
\BOOKMARK [2][-]{subsection.33.15.2}{Segunda parte}{section.33.15}% 732
\BOOKMARK [1][-]{section.33.16}{Procesos de Nacimiento y Muerte}{chapter.33}% 733
\BOOKMARK [2][-]{subsection.33.16.1}{Cola M/M/1}{section.33.16}% 734
\BOOKMARK [2][-]{subsection.33.16.2}{Cola M/M/}{section.33.16}% 735
\BOOKMARK [2][-]{subsection.33.16.3}{Cola M/M/m}{section.33.16}% 736
\BOOKMARK [1][-]{section.33.17}{Ejemplo de Cadena de Markov para dos Estados}{chapter.33}% 737
\BOOKMARK [1][-]{section.33.18}{Cadenas de Markov}{chapter.33}% 738
\BOOKMARK [2][-]{subsection.33.18.1}{Estacionareidad}{section.33.18}% 739
\BOOKMARK [2][-]{subsection.33.18.2}{Teor\355a Erg\363dica}{section.33.18}% 740
\BOOKMARK [2][-]{subsection.33.18.3}{Funciones Arm\363nicas, Recurrencia y Transitoriedad}{section.33.18}% 741
\BOOKMARK [1][-]{section.33.19}{Procesos de Markov de Saltos}{chapter.33}% 742
\BOOKMARK [2][-]{subsection.33.19.1}{Estructura B\341sica de los Procesos Markovianos de Saltos}{section.33.19}% 743
\BOOKMARK [2][-]{subsection.33.19.2}{Matriz Intensidad}{section.33.19}% 744
\BOOKMARK [2][-]{subsection.33.19.3}{Medidas Estacionarias}{section.33.19}% 745
\BOOKMARK [2][-]{subsection.33.19.4}{Criterios de Ergodicidad}{section.33.19}% 746
\BOOKMARK [1][-]{section.33.20}{Notaci\363n Kendall-Lee}{chapter.33}% 747
\BOOKMARK [2][-]{subsection.33.20.1}{Primera parte}{section.33.20}% 748
\BOOKMARK [2][-]{subsection.33.20.2}{M\341s sobre la notaci\363n Kendall-Lee}{section.33.20}% 749
\BOOKMARK [1][-]{section.33.21}{Procesos de Nacimiento y Muerte}{chapter.33}% 750
\BOOKMARK [2][-]{subsection.33.21.1}{Procesos de Nacimiento y Muerte Generales}{section.33.21}% 751
\BOOKMARK [2][-]{subsection.33.21.2}{Cola M/M/1}{section.33.21}% 752
\BOOKMARK [2][-]{subsection.33.21.3}{Cola M/M/}{section.33.21}% 753
\BOOKMARK [2][-]{subsection.33.21.4}{Cola M/M/m}{section.33.21}% 754
\BOOKMARK [2][-]{subsection.33.21.5}{Cola M/G/1}{section.33.21}% 755
\BOOKMARK [2][-]{subsection.33.21.6}{Cola M/M/m/m}{section.33.21}% 756
\BOOKMARK [1][-]{section.33.22}{Cadenas de Markov}{chapter.33}% 757
\BOOKMARK [2][-]{subsection.33.22.1}{Estacionareidad}{section.33.22}% 758
\BOOKMARK [2][-]{subsection.33.22.2}{Teor\355a Erg\363dica}{section.33.22}% 759
\BOOKMARK [2][-]{subsection.33.22.3}{Funciones Arm\363nicas, Recurrencia y Transitoriedad}{section.33.22}% 760
\BOOKMARK [1][-]{section.33.23}{Procesos de Markov de Saltos}{chapter.33}% 761
\BOOKMARK [2][-]{subsection.33.23.1}{Estructura B\341sica de los Procesos Markovianos de Saltos}{section.33.23}% 762
\BOOKMARK [2][-]{subsection.33.23.2}{Matriz Intensidad}{section.33.23}% 763
\BOOKMARK [2][-]{subsection.33.23.3}{Medidas Estacionarias}{section.33.23}% 764
\BOOKMARK [2][-]{subsection.33.23.4}{Criterios de Ergodicidad}{section.33.23}% 765
\BOOKMARK [1][-]{section.33.24}{Notaci\363n Kendall-Lee}{chapter.33}% 766
\BOOKMARK [1][-]{section.33.25}{Procesos de Nacimiento y Muerte}{chapter.33}% 767
\BOOKMARK [2][-]{subsection.33.25.1}{Procesos de Nacimiento y Muerte Generales}{section.33.25}% 768
\BOOKMARK [2][-]{subsection.33.25.2}{Cola M/M/1}{section.33.25}% 769
\BOOKMARK [2][-]{subsection.33.25.3}{Cola M/M/}{section.33.25}% 770
\BOOKMARK [2][-]{subsection.33.25.4}{Cola M/M/m}{section.33.25}% 771
\BOOKMARK [2][-]{subsection.33.25.5}{Cola M/G/1}{section.33.25}% 772
\BOOKMARK [1][-]{section.33.26}{Redes de Colas}{chapter.33}% 773
\BOOKMARK [2][-]{subsection.33.26.1}{Sistemas Abiertos}{section.33.26}% 774
\BOOKMARK [1][-]{section.33.27}{Ejemplo de Cadena de Markov para dos Estados}{chapter.33}% 775
\BOOKMARK [1][-]{section.33.28}{Cadenas de Markov: Estacionareidad}{chapter.33}% 776
\BOOKMARK [1][-]{section.33.29}{Teor\355a Erg\363dica}{chapter.33}% 777
\BOOKMARK [1][-]{section.33.30}{Queueing Theory at Markovian Level}{chapter.33}% 778
\BOOKMARK [2][-]{subsection.33.30.1}{General Death Birth Processes}{section.33.30}% 779
\BOOKMARK [1][-]{section.33.31}{Birth-Death Processes as Queueing Models}{chapter.33}% 780
\BOOKMARK [2][-]{subsection.33.31.1}{Cola M/M/1}{section.33.31}% 781
\BOOKMARK [2][-]{subsection.33.31.2}{Cola con Infinidad de Servidores}{section.33.31}% 782
\BOOKMARK [2][-]{subsection.33.31.3}{Cola M/M/m}{section.33.31}% 783
\BOOKMARK [0][-]{chapter.34}{Modelos de Flujo}{part.4}% 784
\BOOKMARK [1][-]{section.34.1}{Procesos Regenerativos}{chapter.34}% 785
\BOOKMARK [2][-]{subsection.34.1.1}{Procesos Harris Recurrente}{section.34.1}% 786
\BOOKMARK [2][-]{subsection.34.1.2}{Modelo de Flujo}{section.34.1}% 787
\BOOKMARK [2][-]{subsection.34.1.3}{Procesos de Estados de Markov}{section.34.1}% 788
\BOOKMARK [2][-]{subsection.34.1.4}{Teor\355a General de Procesos Estoc\341sticos}{section.34.1}% 789
\BOOKMARK [2][-]{subsection.34.1.5}{Propiedades de Markov}{section.34.1}% 790
\BOOKMARK [2][-]{subsection.34.1.6}{Primer Condici\363n de Regularidad}{section.34.1}% 791
\BOOKMARK [2][-]{subsection.34.1.7}{Construcci\363n del Modelo de Flujo}{section.34.1}% 792
\BOOKMARK [2][-]{subsection.34.1.8}{Estabilidad}{section.34.1}% 793
\BOOKMARK [2][-]{subsection.34.1.9}{Propiedades de Markov}{section.34.1}% 794
\BOOKMARK [2][-]{subsection.34.1.10}{Primer Condici\363n de Regularidad}{section.34.1}% 795
\BOOKMARK [2][-]{subsection.34.1.11}{Procesos Fuerte de Markov}{section.34.1}% 796
\BOOKMARK [2][-]{subsection.34.1.12}{Procesos Harris Recurrentes Positivos}{section.34.1}% 797
\BOOKMARK [2][-]{subsection.34.1.13}{Construcci\363n de un Modelo de Flujo L\355mite}{section.34.1}% 798
\BOOKMARK [2][-]{subsection.34.1.14}{Modelo de Visitas C\355clicas con un Servidor: Estabilidad}{section.34.1}% 799
\BOOKMARK [2][-]{subsection.34.1.15}{Teorema 2.1}{section.34.1}% 800
\BOOKMARK [2][-]{subsection.34.1.16}{Teorema 2.2}{section.34.1}% 801
\BOOKMARK [2][-]{subsection.34.1.17}{Teorema 2.3}{section.34.1}% 802
\BOOKMARK [2][-]{subsection.34.1.18}{Definiciones B\341sicas}{section.34.1}% 803
\BOOKMARK [2][-]{subsection.34.1.19}{Preliminares}{section.34.1}% 804
\BOOKMARK [2][-]{subsection.34.1.20}{Procesos Harris Recurrente}{section.34.1}% 805
\BOOKMARK [2][-]{subsection.34.1.21}{Modelo de Flujo}{section.34.1}% 806
\BOOKMARK [2][-]{subsection.34.1.22}{Procesos de Estados de Markov}{section.34.1}% 807
\BOOKMARK [2][-]{subsection.34.1.23}{Teor\355a General de Procesos Estoc\341sticos}{section.34.1}% 808
\BOOKMARK [2][-]{subsection.34.1.24}{Propiedades de Markov}{section.34.1}% 809
\BOOKMARK [2][-]{subsection.34.1.25}{Primer Condici\363n de Regularidad}{section.34.1}% 810
\BOOKMARK [2][-]{subsection.34.1.26}{Construcci\363n del Modelo de Flujo}{section.34.1}% 811
\BOOKMARK [2][-]{subsection.34.1.27}{Estabilidad}{section.34.1}% 812
\BOOKMARK [2][-]{subsection.34.1.28}{Propiedades de Markov}{section.34.1}% 813
\BOOKMARK [2][-]{subsection.34.1.29}{Primer Condici\363n de Regularidad}{section.34.1}% 814
\BOOKMARK [2][-]{subsection.34.1.30}{Procesos de Estados Markoviano para el Sistema}{section.34.1}% 815
\BOOKMARK [2][-]{subsection.34.1.31}{Procesos Fuerte de Markov}{section.34.1}% 816
\BOOKMARK [2][-]{subsection.34.1.32}{Procesos Harris Recurrentes Positivos}{section.34.1}% 817
\BOOKMARK [2][-]{subsection.34.1.33}{Construcci\363n de un Modelo de Flujo L\355mite}{section.34.1}% 818
\BOOKMARK [2][-]{subsection.34.1.34}{Modelo de Visitas C\355clicas con un Servidor: Estabilidad}{section.34.1}% 819
\BOOKMARK [2][-]{subsection.34.1.35}{Teorema 2.1}{section.34.1}% 820
\BOOKMARK [2][-]{subsection.34.1.36}{Teorema 2.2}{section.34.1}% 821
\BOOKMARK [2][-]{subsection.34.1.37}{Teorema 2.3}{section.34.1}% 822
\BOOKMARK [2][-]{subsection.34.1.38}{Definiciones B\341sicas}{section.34.1}% 823
\BOOKMARK [2][-]{subsection.34.1.39}{Proceso de Estados Markoviano para el Sistema}{section.34.1}% 824
\BOOKMARK [2][-]{subsection.34.1.40}{Procesos Fuerte de Markov}{section.34.1}% 825
\BOOKMARK [2][-]{subsection.34.1.41}{Propiedades de Markov}{section.34.1}% 826
\BOOKMARK [2][-]{subsection.34.1.42}{Primer Condici\363n de Regularidad}{section.34.1}% 827
\BOOKMARK [2][-]{subsection.34.1.43}{Propiedades de Markov}{section.34.1}% 828
\BOOKMARK [2][-]{subsection.34.1.44}{Primer Condici\363n de Regularidad}{section.34.1}% 829
\BOOKMARK [2][-]{subsection.34.1.45}{Supuestos}{section.34.1}% 830
\BOOKMARK [2][-]{subsection.34.1.46}{Procesos Harris Recurrente}{section.34.1}% 831
\BOOKMARK [2][-]{subsection.34.1.47}{Modelo de Flujo}{section.34.1}% 832
\BOOKMARK [2][-]{subsection.34.1.48}{Supuestos}{section.34.1}% 833
\BOOKMARK [2][-]{subsection.34.1.49}{Procesos Harris Recurrente}{section.34.1}% 834
\BOOKMARK [2][-]{subsection.34.1.50}{Modelo de Flujo}{section.34.1}% 835
\BOOKMARK [2][-]{subsection.34.1.51}{Modelo de Flujo}{section.34.1}% 836
\BOOKMARK [2][-]{subsection.34.1.52}{Estabilidad de los Sistemas de Visitas C\355clicas}{section.34.1}% 837
\BOOKMARK [2][-]{subsection.34.1.53}{Resultados principales}{section.34.1}% 838
\BOOKMARK [2][-]{subsection.34.1.54}{Supuestos}{section.34.1}% 839
\BOOKMARK [2][-]{subsection.34.1.55}{Procesos Harris Recurrente}{section.34.1}% 840
\BOOKMARK [2][-]{subsection.34.1.56}{Modelo de Flujo}{section.34.1}% 841
\BOOKMARK [2][-]{subsection.34.1.57}{Supuestos}{section.34.1}% 842
\BOOKMARK [2][-]{subsection.34.1.58}{Procesos Harris Recurrente}{section.34.1}% 843
\BOOKMARK [2][-]{subsection.34.1.59}{Modelo de Flujo}{section.34.1}% 844
\BOOKMARK [2][-]{subsection.34.1.60}{Procesos Harris Recurrente}{section.34.1}% 845
\BOOKMARK [2][-]{subsection.34.1.61}{Modelo de Flujo}{section.34.1}% 846
\BOOKMARK [2][-]{subsection.34.1.62}{Supuestos}{section.34.1}% 847
\BOOKMARK [2][-]{subsection.34.1.63}{Procesos Harris Recurrente}{section.34.1}% 848
\BOOKMARK [2][-]{subsection.34.1.64}{Modelo de Flujo}{section.34.1}% 849
\BOOKMARK [0][-]{chapter.35}{Sistemas de Visita}{part.4}% 850
\BOOKMARK [1][-]{section.35.1}{Preliminares: Modelos de Flujo}{chapter.35}% 851
\BOOKMARK [2][-]{subsection.35.1.1}{Supuestos B\341sicos}{section.35.1}% 852
\BOOKMARK [2][-]{subsection.35.1.2}{Procesos Regenerativos}{section.35.1}% 853
\BOOKMARK [2][-]{subsection.35.1.3}{Preliminares}{section.35.1}% 854
\BOOKMARK [2][-]{subsection.35.1.4}{Procesos Harris Recurrente}{section.35.1}% 855
\BOOKMARK [1][-]{section.35.2}{Modelo de Flujo}{chapter.35}% 856
\BOOKMARK [2][-]{subsection.35.2.1}{Teor\341 de Procesos Estoc\341sticos y Medibilidad}{section.35.2}% 857
\BOOKMARK [2][-]{subsection.35.2.2}{Construcci\363n del Modelo de Flujo}{section.35.2}% 858
\BOOKMARK [0][-]{chapter.36}{Teorema de Down}{part.4}% 859
\BOOKMARK [1][-]{section.36.1}{Teorema de Down}{chapter.36}% 860
\BOOKMARK [1][-]{section.36.2}{Preliminaries: }{chapter.36}% 861
\BOOKMARK [1][-]{section.36.3}{Main Result and An Example}{chapter.36}% 862
\BOOKMARK [1][-]{section.36.4}{Concluding Remarks}{chapter.36}% 863
\BOOKMARK [1][-]{section.36.5}{General Case Calculations Exhaustive Policy}{chapter.36}% 864
\BOOKMARK [1][-]{section.36.6}{Descripci\363n}{chapter.36}% 865
\BOOKMARK [1][-]{section.36.7}{Descripci\363n de una Red de Sistemas de Visitas C\355clicas}{chapter.36}% 866
\BOOKMARK [2][-]{subsection.36.7.1}{Funciones Generadoras de Probabilidades}{section.36.7}% 867
\BOOKMARK [2][-]{subsection.36.7.2}{El problema de la ruina del jugador}{section.36.7}% 868
\BOOKMARK [1][-]{section.36.8}{Procesos de Llegadas a las colas en la RSVC}{chapter.36}% 869
\BOOKMARK [1][-]{section.36.9}{Ecuaciones Recursivas para la RSVC}{chapter.36}% 870
\BOOKMARK [2][-]{subsection.36.9.1}{Tiempos de Traslado del Servidor}{section.36.9}% 871
\BOOKMARK [2][-]{subsection.36.9.2}{Longitudes de la Cola en tiempos del servidor del otro sistema}{section.36.9}% 872
\BOOKMARK [2][-]{subsection.36.9.3}{Usuarios presentes en la cola en tiempos del servidor de sus sistema}{section.36.9}% 873
\BOOKMARK [2][-]{subsection.36.9.4}{Usuarios presentes en la RSVC}{section.36.9}% 874
\BOOKMARK [2][-]{subsection.36.9.5}{Ecuaciones Recursivas}{section.36.9}% 875
\BOOKMARK [2][-]{subsection.36.9.6}{Soluci\363n del Sistema de Ecuaciones Lineales}{section.36.9}% 876
\BOOKMARK [1][-]{section.36.10}{Resultado Principal}{chapter.36}% 877
\BOOKMARK [1][-]{section.36.11}{Derivadas de Orden Superior}{chapter.36}% 878
\BOOKMARK [2][-]{subsection.36.11.1}{Derivadas de Segundo Orden: Tiempos de Traslado del Servidor}{section.36.11}% 879
\BOOKMARK [2][-]{subsection.36.11.2}{Derivadas de Segundo Orden: Longitudes de las Colas}{section.36.11}% 880
\BOOKMARK [1][-]{section.36.12}{Aplicaciones}{chapter.36}% 881
\BOOKMARK [2][-]{subsection.36.12.1}{Ejemplo 1: Automatizaci\363n en dos l\355neas de trabajo}{section.36.12}% 882
\BOOKMARK [2][-]{subsection.36.12.2}{Ejemplo 2: Sistema de Salud P\372blica}{section.36.12}% 883
\BOOKMARK [2][-]{subsection.36.12.3}{Ejemplo 3: RSVC con dos conexiones}{section.36.12}% 884
\BOOKMARK [1][-]{section.36.13}{Descripci\363n de una Red de Sistemas de Visitas C\355clicas}{chapter.36}% 885
\BOOKMARK [2][-]{subsection.36.13.1}{Funciones Generadoras de Probabilidades}{section.36.13}% 886
\BOOKMARK [2][-]{subsection.36.13.2}{El problema de la ruina del jugador}{section.36.13}% 887
\BOOKMARK [1][-]{section.36.14}{Procesos de Llegadas a las colas en la RSVC}{chapter.36}% 888
\BOOKMARK [1][-]{section.36.15}{Ecuaciones Recursivas para la RSVC}{chapter.36}% 889
\BOOKMARK [2][-]{subsection.36.15.1}{Tiempos de Traslado del Servidor}{section.36.15}% 890
\BOOKMARK [2][-]{subsection.36.15.2}{Longitudes de la Cola en tiempos del servidor del otro sistema}{section.36.15}% 891
\BOOKMARK [2][-]{subsection.36.15.3}{Usuarios presentes en la cola en tiempos del servidor de sus sistema}{section.36.15}% 892
\BOOKMARK [2][-]{subsection.36.15.4}{Usuarios presentes en la RSVC}{section.36.15}% 893
\BOOKMARK [2][-]{subsection.36.15.5}{Ecuaciones Recursivas}{section.36.15}% 894
\BOOKMARK [2][-]{subsection.36.15.6}{Soluci\363n del Sistema de Ecuaciones Lineales}{section.36.15}% 895
\BOOKMARK [1][-]{section.36.16}{Resultado Principal}{chapter.36}% 896
\BOOKMARK [1][-]{section.36.17}{Derivadas de Orden Superior}{chapter.36}% 897
\BOOKMARK [2][-]{subsection.36.17.1}{Derivadas de Segundo Orden: Tiempos de Traslado del Servidor}{section.36.17}% 898
\BOOKMARK [2][-]{subsection.36.17.2}{Derivadas de Segundo Orden: Longitudes de las Colas}{section.36.17}% 899
\BOOKMARK [1][-]{section.36.18}{Aplicaciones}{chapter.36}% 900
\BOOKMARK [2][-]{subsection.36.18.1}{Ejemplo 1: Automatizaci\363n en dos l\355neas de trabajo}{section.36.18}% 901
\BOOKMARK [2][-]{subsection.36.18.2}{Ejemplo 2: Sistema de Salud P\372blica}{section.36.18}% 902
\BOOKMARK [2][-]{subsection.36.18.3}{Ejemplo 3: RSVC con dos conexiones}{section.36.18}% 903
\BOOKMARK [2][-]{subsection.36.18.4}{General Second Order Derivatives}{section.36.18}% 904
\BOOKMARK [2][-]{subsection.36.18.5}{Second Grade Derivative Recursive Equations}{section.36.18}% 905
\BOOKMARK [1][-]{section.36.19}{Generalizaciones}{chapter.36}% 906
\BOOKMARK [2][-]{subsection.36.19.1}{RSVC con dos conexiones}{section.36.19}% 907
\BOOKMARK [2][-]{subsection.36.19.2}{First Moments of the Queue Lengths}{section.36.19}% 908
\BOOKMARK [2][-]{subsection.36.19.3}{General Second Order Derivatives}{section.36.19}% 909
\BOOKMARK [2][-]{subsection.36.19.4}{Second Grade Derivative Recursive Equations}{section.36.19}% 910
\BOOKMARK [1][-]{section.36.20}{Generalizaciones}{chapter.36}% 911
\BOOKMARK [2][-]{subsection.36.20.1}{RSVC con dos conexiones}{section.36.20}% 912
\BOOKMARK [2][-]{subsection.36.20.2}{First Moments of the Queue Lengths}{section.36.20}% 913
\BOOKMARK [2][-]{subsection.36.20.3}{General Second Order Derivatives}{section.36.20}% 914
\BOOKMARK [1][-]{section.36.21}{Generalizaciones}{chapter.36}% 915
\BOOKMARK [2][-]{subsection.36.21.1}{RSVC con dos conexiones}{section.36.21}% 916
\BOOKMARK [2][-]{subsection.36.21.2}{First Moments of the Queue Lengths}{section.36.21}% 917
\BOOKMARK [2][-]{subsection.36.21.3}{General Second Order Derivatives}{section.36.21}% 918
\BOOKMARK [1][-]{section.36.22}{Generalizaciones}{chapter.36}% 919
\BOOKMARK [2][-]{subsection.36.22.1}{RSVC con dos conexiones}{section.36.22}% 920
\BOOKMARK [2][-]{subsection.36.22.2}{First Moments of the Queue Lengths}{section.36.22}% 921
\BOOKMARK [2][-]{subsection.36.22.3}{General Second Order Derivatives}{section.36.22}% 922
\BOOKMARK [1][-]{section.36.23}{Generalizaciones}{chapter.36}% 923
\BOOKMARK [2][-]{subsection.36.23.1}{RSVC con dos conexiones}{section.36.23}% 924
\BOOKMARK [2][-]{subsection.36.23.2}{First Moments of the Queue Lengths}{section.36.23}% 925
\BOOKMARK [2][-]{subsection.36.23.3}{General Second Order Derivatives}{section.36.23}% 926
\BOOKMARK [1][-]{section.36.24}{Generalizaciones}{chapter.36}% 927
\BOOKMARK [2][-]{subsection.36.24.1}{RSVC con dos conexiones}{section.36.24}% 928
\BOOKMARK [2][-]{subsection.36.24.2}{First Moments of the Queue Lengths}{section.36.24}% 929
\BOOKMARK [1][-]{section.36.25}{Generalizaciones}{chapter.36}% 930
\BOOKMARK [2][-]{subsection.36.25.1}{RSVC con dos conexiones}{section.36.25}% 931
\BOOKMARK [2][-]{subsection.36.25.2}{First Moments of the Queue Lengths}{section.36.25}% 932
\BOOKMARK [1][-]{section.36.26}{Generalizaciones}{chapter.36}% 933
\BOOKMARK [2][-]{subsection.36.26.1}{RSVC con dos conexiones}{section.36.26}% 934
\BOOKMARK [2][-]{subsection.36.26.2}{First Moments of the Queue Lengths}{section.36.26}% 935
\BOOKMARK [2][-]{subsection.36.26.3}{General Second Order Derivatives}{section.36.26}% 936
\BOOKMARK [2][-]{subsection.36.26.4}{Second Grade Derivative Recursive Equations}{section.36.26}% 937
\BOOKMARK [1][-]{section.36.27}{Generalizaciones}{chapter.36}% 938
\BOOKMARK [2][-]{subsection.36.27.1}{RSVC con dos conexiones}{section.36.27}% 939
\BOOKMARK [2][-]{subsection.36.27.2}{First Moments of the Queue Lengths}{section.36.27}% 940
\BOOKMARK [1][-]{section.36.28}{Generalizaciones}{chapter.36}% 941
\BOOKMARK [2][-]{subsection.36.28.1}{RSVC con dos conexiones}{section.36.28}% 942
\BOOKMARK [2][-]{subsection.36.28.2}{Derivadas de Orden Superior}{section.36.28}% 943
\BOOKMARK [1][-]{section.36.29}{Teor\355a General}{chapter.36}% 944
\BOOKMARK [2][-]{subsection.36.29.1}{Ecuaciones Recursivas para la RSVC}{section.36.29}% 945
\BOOKMARK [2][-]{subsection.36.29.2}{Derivadas de Orden Superior}{section.36.29}% 946
\BOOKMARK [1][-]{section.36.30}{Ejemplos Particulares}{chapter.36}% 947
\BOOKMARK [2][-]{subsection.36.30.1}{Automatizaci\363n en dos l\355neas de trabajo}{section.36.30}% 948
\BOOKMARK [2][-]{subsection.36.30.2}{Sistema de Salud P\372blica}{section.36.30}% 949
\BOOKMARK [2][-]{subsection.36.30.3}{RSVC con dos conexiones}{section.36.30}% 950
\BOOKMARK [1][-]{section.36.31}{Preliminaries: }{chapter.36}% 951
\BOOKMARK [1][-]{section.36.32}{Main Result and An Example}{chapter.36}% 952
\BOOKMARK [1][-]{section.36.33}{Concluding Remarks}{chapter.36}% 953
\BOOKMARK [1][-]{section.36.34}{Appendix A: Gambler's ruin problem Proof}{chapter.36}% 954
\BOOKMARK [1][-]{section.36.35}{Appendix B: General Case Calculations Exhaustive Policy}{chapter.36}% 955
\BOOKMARK [1][-]{section.36.36}{Appendix C: General Case Calculations Gated Policy}{chapter.36}% 956
\BOOKMARK [1][-]{section.36.37}{Resultados Necesarios}{chapter.36}% 957
\BOOKMARK [2][-]{subsection.36.37.1}{Derivadas de Segundo Orden para F1}{section.36.37}% 958
\BOOKMARK [2][-]{subsection.36.37.2}{Derivadas de Segundo Orden para F2}{section.36.37}% 959
\BOOKMARK [2][-]{subsection.36.37.3}{Derivadas de Segundo Orden para 1}{section.36.37}% 960
\BOOKMARK [2][-]{subsection.36.37.4}{Derivadas de Segundo Orden para 2}{section.36.37}% 961
\BOOKMARK [2][-]{subsection.36.37.5}{Longitudes de la Cola en cualquier tiempo}{section.36.37}% 962
\BOOKMARK [1][-]{section.36.38}{Descripci\363n de una Red de Sistemas de Visitas C\355clicas}{chapter.36}% 963
\BOOKMARK [2][-]{subsection.36.38.1}{Funciones Generadoras de Probabilidades}{section.36.38}% 964
\BOOKMARK [2][-]{subsection.36.38.2}{El problema de la ruina del jugador}{section.36.38}% 965
\BOOKMARK [1][-]{section.36.39}{Procesos de Llegadas a las colas en la RSVC}{chapter.36}% 966
\BOOKMARK [1][-]{section.36.40}{Ecuaciones Recursivas para la R.S.V.C.}{chapter.36}% 967
\BOOKMARK [2][-]{subsection.36.40.1}{Tiempos de Traslado del Servidor}{section.36.40}% 968
\BOOKMARK [2][-]{subsection.36.40.2}{Usuarios presentes en la cola}{section.36.40}% 969
\BOOKMARK [2][-]{subsection.36.40.3}{Ecuaciones Recursivas}{section.36.40}% 970
\BOOKMARK [2][-]{subsection.36.40.4}{Soluci\363n del Sistema de Ecuaciones Lineales}{section.36.40}% 971
\BOOKMARK [1][-]{section.36.41}{Resultado Principal}{chapter.36}% 972
\BOOKMARK [1][-]{section.36.42}{Segundos Momentos}{chapter.36}% 973
\BOOKMARK [2][-]{subsection.36.42.1}{Sistema de Ecuaciones Lineales para los Segundos Momentos}{section.36.42}% 974
\BOOKMARK [1][-]{section.36.43}{Medidas de Desempe\361o}{chapter.36}% 975
\BOOKMARK [1][-]{section.36.44}{Descripci\363n de una Red de Sistemas de Visitas C\355clicas}{chapter.36}% 976
\BOOKMARK [2][-]{subsection.36.44.1}{Funciones Generadoras de Probabilidades}{section.36.44}% 977
\BOOKMARK [2][-]{subsection.36.44.2}{El problema de la ruina del jugador}{section.36.44}% 978
\BOOKMARK [1][-]{section.36.45}{Procesos de Llegadas a las colas en la RSVC}{chapter.36}% 979
\BOOKMARK [1][-]{section.36.46}{Ecuaciones Recursivas para la R.S.V.C.}{chapter.36}% 980
\BOOKMARK [2][-]{subsection.36.46.1}{Tiempos de Traslado del Servidor}{section.36.46}% 981
\BOOKMARK [2][-]{subsection.36.46.2}{Usuarios presentes en la cola}{section.36.46}% 982
\BOOKMARK [2][-]{subsection.36.46.3}{Ecuaciones Recursivas}{section.36.46}% 983
\BOOKMARK [2][-]{subsection.36.46.4}{Soluci\363n del Sistema de Ecuaciones Lineales}{section.36.46}% 984
\BOOKMARK [1][-]{section.36.47}{Resultado Principal}{chapter.36}% 985
\BOOKMARK [1][-]{section.36.48}{Segundos Momentos}{chapter.36}% 986
\BOOKMARK [2][-]{subsection.36.48.1}{Sistema de Ecuaciones Lineales para los Segundos Momentos}{section.36.48}% 987
\BOOKMARK [1][-]{section.36.49}{Medidas de Desempe\361o}{chapter.36}% 988
\BOOKMARK [1][-]{section.36.50}{Descripci\363n de una Red de Sistemas de Visitas C\355clicas}{chapter.36}% 989
\BOOKMARK [2][-]{subsection.36.50.1}{Funciones Generadoras de Probabilidades}{section.36.50}% 990
\BOOKMARK [2][-]{subsection.36.50.2}{El problema de la ruina del jugador}{section.36.50}% 991
\BOOKMARK [1][-]{section.36.51}{Procesos de Llegadas a las colas en la RSVC}{chapter.36}% 992
\BOOKMARK [1][-]{section.36.52}{Ecuaciones Recursivas para la R.S.V.C.}{chapter.36}% 993
\BOOKMARK [2][-]{subsection.36.52.1}{Tiempos de Traslado del Servidor}{section.36.52}% 994
\BOOKMARK [2][-]{subsection.36.52.2}{Usuarios presentes en la cola}{section.36.52}% 995
\BOOKMARK [2][-]{subsection.36.52.3}{Ecuaciones Recursivas}{section.36.52}% 996
\BOOKMARK [2][-]{subsection.36.52.4}{Soluci\363n del Sistema de Ecuaciones Lineales}{section.36.52}% 997
\BOOKMARK [1][-]{section.36.53}{Resultado Principal}{chapter.36}% 998
\BOOKMARK [1][-]{section.36.54}{Segundos Momentos}{chapter.36}% 999
\BOOKMARK [2][-]{subsection.36.54.1}{Sistema de Ecuaciones Lineales para los Segundos Momentos}{section.36.54}% 1000
\BOOKMARK [1][-]{section.36.55}{Medidas de Desempe\361o}{chapter.36}% 1001
\BOOKMARK [1][-]{section.36.56}{Descripci\363n de una Red de Sistemas de Visitas C\355clicas}{chapter.36}% 1002
\BOOKMARK [2][-]{subsection.36.56.1}{Funciones Generadoras de Probabilidades}{section.36.56}% 1003
\BOOKMARK [2][-]{subsection.36.56.2}{El problema de la ruina del jugador}{section.36.56}% 1004
\BOOKMARK [1][-]{section.36.57}{Procesos de Llegadas a las colas en la RSVC}{chapter.36}% 1005
\BOOKMARK [1][-]{section.36.58}{Ecuaciones Recursivas para la R.S.V.C.}{chapter.36}% 1006
\BOOKMARK [2][-]{subsection.36.58.1}{Tiempos de Traslado del Servidor}{section.36.58}% 1007
\BOOKMARK [2][-]{subsection.36.58.2}{Usuarios presentes en la cola}{section.36.58}% 1008
\BOOKMARK [2][-]{subsection.36.58.3}{Ecuaciones Recursivas}{section.36.58}% 1009
\BOOKMARK [2][-]{subsection.36.58.4}{Soluci\363n del Sistema de Ecuaciones Lineales}{section.36.58}% 1010
\BOOKMARK [1][-]{section.36.59}{Resultado Principal}{chapter.36}% 1011
\BOOKMARK [1][-]{section.36.60}{Segundos Momentos}{chapter.36}% 1012
\BOOKMARK [2][-]{subsection.36.60.1}{Sistema de Ecuaciones Lineales para los Segundos Momentos}{section.36.60}% 1013
\BOOKMARK [1][-]{section.36.61}{Medidas de Desempe\361o}{chapter.36}% 1014
\BOOKMARK [1][-]{section.36.62}{Descripci\363n de una Red de Sistemas de Visitas C\355clicas}{chapter.36}% 1015
\BOOKMARK [2][-]{subsection.36.62.1}{Funciones Generadoras de Probabilidades}{section.36.62}% 1016
\BOOKMARK [2][-]{subsection.36.62.2}{El problema de la ruina del jugador}{section.36.62}% 1017
\BOOKMARK [1][-]{section.36.63}{Procesos de Llegadas a las colas en la RSVC}{chapter.36}% 1018
\BOOKMARK [1][-]{section.36.64}{Ecuaciones Recursivas para la R.S.V.C.}{chapter.36}% 1019
\BOOKMARK [2][-]{subsection.36.64.1}{Tiempos de Traslado del Servidor}{section.36.64}% 1020
\BOOKMARK [2][-]{subsection.36.64.2}{Usuarios presentes en la cola}{section.36.64}% 1021
\BOOKMARK [2][-]{subsection.36.64.3}{Ecuaciones Recursivas}{section.36.64}% 1022
\BOOKMARK [2][-]{subsection.36.64.4}{Soluci\363n del Sistema de Ecuaciones Lineales}{section.36.64}% 1023
\BOOKMARK [1][-]{section.36.65}{Resultado Principal}{chapter.36}% 1024
\BOOKMARK [1][-]{section.36.66}{Segundos Momentos}{chapter.36}% 1025
\BOOKMARK [2][-]{subsection.36.66.1}{Sistema de Ecuaciones Lineales para los Segundos Momentos}{section.36.66}% 1026
\BOOKMARK [1][-]{section.36.67}{Medidas de Desempe\361o}{chapter.36}% 1027
\BOOKMARK [2][-]{subsection.36.67.1}{Distribuci\363n para los usuarios de traslado}{section.36.67}% 1028
\BOOKMARK [1][-]{section.36.68}{Descripci\363n de una Red de Sistemas de Visitas C\355clicas}{chapter.36}% 1029
\BOOKMARK [2][-]{subsection.36.68.1}{Funciones Generadoras de Probabilidades}{section.36.68}% 1030
\BOOKMARK [2][-]{subsection.36.68.2}{La ruina del jugador}{section.36.68}% 1031
\BOOKMARK [1][-]{section.36.69}{Descripci\363n de una Red de S.V.C.}{chapter.36}% 1032
\BOOKMARK [1][-]{section.36.70}{Ecuaciones Recursivas para la R.S.V.C.}{chapter.36}% 1033
\BOOKMARK [2][-]{subsection.36.70.1}{Tiempos de Traslado del Servidor}{section.36.70}% 1034
\BOOKMARK [2][-]{subsection.36.70.2}{Usuarios presentes en la cola}{section.36.70}% 1035
\BOOKMARK [2][-]{subsection.36.70.3}{Ecuaciones Recursivas}{section.36.70}% 1036
\BOOKMARK [2][-]{subsection.36.70.4}{Soluci\363n del Sistema de Ecuaciones Lineales}{section.36.70}% 1037
\BOOKMARK [1][-]{section.36.71}{Segundos Momentos}{chapter.36}% 1038
\BOOKMARK [2][-]{subsection.36.71.1}{Sistema de Ecuaciones Lineales para los Segundos Momentos}{section.36.71}% 1039
\BOOKMARK [1][-]{section.36.72}{Tiempos de Ciclo e Intervisita}{chapter.36}% 1040
\BOOKMARK [2][-]{subsection.36.72.1}{Longitudes de la Cola en cualquier tiempo}{section.36.72}% 1041
\BOOKMARK [1][-]{section.36.73}{Procesos de Renovaci\363n y Regenerativos}{chapter.36}% 1042
\BOOKMARK [2][-]{subsection.36.73.1}{Propiedades de los Procesos de Renovaci\363n}{section.36.73}% 1043
\BOOKMARK [2][-]{subsection.36.73.2}{Funci\363n de Renovaci\363n}{section.36.73}% 1044
\BOOKMARK [2][-]{subsection.36.73.3}{Teorema Principal de Renovaci\363n}{section.36.73}% 1045
\BOOKMARK [2][-]{subsection.36.73.4}{Procesos Regenerativos}{section.36.73}% 1046
\BOOKMARK [2][-]{subsection.36.73.5}{Procesos Regenerativos Estacionarios}{section.36.73}% 1047
\BOOKMARK [1][-]{section.36.74}{Tiempo de Ciclo Promedio}{chapter.36}% 1048
\BOOKMARK [1][-]{section.36.75}{Expresion de las Parciales mixtas para F1 y F2}{chapter.36}% 1049
\BOOKMARK [1][-]{section.36.76}{Sistemas de Visitas C\355clicas}{chapter.36}% 1050
\BOOKMARK [1][-]{section.36.77}{Definiciones}{chapter.36}% 1051
\BOOKMARK [1][-]{section.36.78}{La ruina del jugador}{chapter.36}% 1052
\BOOKMARK [1][-]{section.36.79}{Funciones Generadoras de Probabilidad Conjunta}{chapter.36}% 1053
\BOOKMARK [1][-]{section.36.80}{Definiciones}{chapter.36}% 1054
\BOOKMARK [1][-]{section.36.81}{La ruina del jugador}{chapter.36}% 1055
\BOOKMARK [1][-]{section.36.82}{Funciones Generadoras de Probabilidades}{chapter.36}% 1056
\BOOKMARK [1][-]{section.36.83}{Descripci\363n de una Red de S.V.C.}{chapter.36}% 1057
\BOOKMARK [1][-]{section.36.84}{Ecuaciones Recursivas para la R.S.V.C.}{chapter.36}% 1058
\BOOKMARK [2][-]{subsection.36.84.1}{Tiempos de Traslado del Servidor}{section.36.84}% 1059
\BOOKMARK [2][-]{subsection.36.84.2}{Usuarios presentes en la cola}{section.36.84}% 1060
\BOOKMARK [2][-]{subsection.36.84.3}{Ecuaciones Recursivas}{section.36.84}% 1061
\BOOKMARK [2][-]{subsection.36.84.4}{Soluci\363n del Sistema de Ecuaciones Lineales}{section.36.84}% 1062
\BOOKMARK [1][-]{section.36.85}{Segundos Momentos}{chapter.36}% 1063
\BOOKMARK [1][-]{section.36.86}{Sistema de Ecuaciones Lineales para los Segundos Momentos}{chapter.36}% 1064
\BOOKMARK [1][-]{section.36.87}{Tiempos de Ciclo e Intervisita}{chapter.36}% 1065
\BOOKMARK [2][-]{subsection.36.87.1}{Longitudes de la Cola en cualquier tiempo}{section.36.87}% 1066
\BOOKMARK [1][-]{section.36.88}{Procesos de Renovaci\363n}{chapter.36}% 1067
\BOOKMARK [2][-]{subsection.36.88.1}{Propiedades de los Procesos de Renovaci\363n}{section.36.88}% 1068
\BOOKMARK [2][-]{subsection.36.88.2}{Funci\363n de Renovaci\363n}{section.36.88}% 1069
\BOOKMARK [2][-]{subsection.36.88.3}{Funci\363n de Renovaci\363n}{section.36.88}% 1070
\BOOKMARK [2][-]{subsection.36.88.4}{Teorema Principal de Renovaci\363n}{section.36.88}% 1071
\BOOKMARK [1][-]{section.36.89}{Procesos Regenerativos}{chapter.36}% 1072
\BOOKMARK [2][-]{subsection.36.89.1}{Procesos Regenerativos Estacionarios}{section.36.89}% 1073
\BOOKMARK [1][-]{section.36.90}{Tiempo de Ciclo Promedio}{chapter.36}% 1074
\BOOKMARK [2][-]{subsection.36.90.1}{Derivadas de Segundo Orden para F1}{section.36.90}% 1075
\BOOKMARK [2][-]{subsection.36.90.2}{Derivadas de Segundo Orden para F2}{section.36.90}% 1076
\BOOKMARK [2][-]{subsection.36.90.3}{Derivadas de Segundo Orden para 1}{section.36.90}% 1077
\BOOKMARK [2][-]{subsection.36.90.4}{Derivadas de Segundo Orden para 2}{section.36.90}% 1078
\BOOKMARK [2][-]{subsection.36.90.5}{Longitudes de la Cola en cualquier tiempo}{section.36.90}% 1079
\BOOKMARK [0][-]{chapter.37}{Thorisson}{part.4}% 1080
\BOOKMARK [1][-]{section.37.1}{Existencia de Tiempos de Regeneraci\363n}{chapter.37}% 1081
\BOOKMARK [2][-]{subsection.37.1.1}{Procesos Regenerativos: Thorisson}{section.37.1}% 1082
\BOOKMARK [1][-]{section.37.2}{Procesos Regenerativos}{chapter.37}% 1083
\BOOKMARK [2][-]{subsection.37.2.1}{Procesos Regenerativos Sigman, Thorisson y Wolff Sigman2}{section.37.2}% 1084
\BOOKMARK [2][-]{subsection.37.2.2}{Procesos Regenerativos Estacionarios - Stidham Stidham}{section.37.2}% 1085
\BOOKMARK [2][-]{subsection.37.2.3}{Puntos de Renovaci\363n}{section.37.2}% 1086
\BOOKMARK [2][-]{subsection.37.2.4}{Resultados para Procesos de Salida}{section.37.2}% 1087
\BOOKMARK [2][-]{subsection.37.2.5}{Procesos Regenerativos}{section.37.2}% 1088
\BOOKMARK [2][-]{subsection.37.2.6}{Renewal and Regenerative Processes: SerfozoSerfozo}{section.37.2}% 1089
\BOOKMARK [2][-]{subsection.37.2.7}{Procesos Regenerativos}{section.37.2}% 1090
\BOOKMARK [2][-]{subsection.37.2.8}{Procesos Regenerativos}{section.37.2}% 1091
\BOOKMARK [2][-]{subsection.37.2.9}{Procesos Regenerativos Estacionarios - Stidham Stidham}{section.37.2}% 1092
\BOOKMARK [2][-]{subsection.37.2.10}{Procesos Regenerativos Estacionarios - Stidham Stidham}{section.37.2}% 1093
\BOOKMARK [2][-]{subsection.37.2.11}{Propiedades de los Procesos de Renovaci\363n}{section.37.2}% 1094
\BOOKMARK [2][-]{subsection.37.2.12}{Propiedades de los Procesos de Renovaci\363n}{section.37.2}% 1095
\BOOKMARK [2][-]{subsection.37.2.13}{Propiedades de los Procesos de Renovaci\363n}{section.37.2}% 1096
\BOOKMARK [2][-]{subsection.37.2.14}{Propiedades de los Procesos de Renovaci\363n}{section.37.2}% 1097
\BOOKMARK [2][-]{subsection.37.2.15}{Procesos Regenerativos Estacionarios - Stidham Stidham}{section.37.2}% 1098
\BOOKMARK [2][-]{subsection.37.2.16}{Procesos de Renovaci\363n}{section.37.2}% 1099
\BOOKMARK [2][-]{subsection.37.2.17}{Teorema Principal de Renovaci\363n}{section.37.2}% 1100
\BOOKMARK [2][-]{subsection.37.2.18}{Funci\363n de Renovaci\363n}{section.37.2}% 1101
\BOOKMARK [2][-]{subsection.37.2.19}{Propiedades de los Procesos de Renovaci\363n}{section.37.2}% 1102
\BOOKMARK [2][-]{subsection.37.2.20}{Funci\363n de Renovaci\363n}{section.37.2}% 1103
\BOOKMARK [2][-]{subsection.37.2.21}{Procesos de Renovaci\363n}{section.37.2}% 1104
\BOOKMARK [2][-]{subsection.37.2.22}{Puntos de Renovaci\363n}{section.37.2}% 1105
\BOOKMARK [2][-]{subsection.37.2.23}{Resultados para Procesos de Salida}{section.37.2}% 1106
\BOOKMARK [2][-]{subsection.37.2.24}{Procesos Regenerativos}{section.37.2}% 1107
\BOOKMARK [2][-]{subsection.37.2.25}{Renewal and Regenerative Processes: SerfozoSerfozo}{section.37.2}% 1108
\BOOKMARK [2][-]{subsection.37.2.26}{Procesos Regenerativos}{section.37.2}% 1109
\BOOKMARK [2][-]{subsection.37.2.27}{Procesos Regenerativos}{section.37.2}% 1110
\BOOKMARK [2][-]{subsection.37.2.28}{Procesos Regenerativos Estacionarios - Stidham Stidham}{section.37.2}% 1111
\BOOKMARK [2][-]{subsection.37.2.29}{Procesos Regenerativos Estacionarios - Stidham Stidham}{section.37.2}% 1112
\BOOKMARK [2][-]{subsection.37.2.30}{Propiedades de los Procesos de Renovaci\363n}{section.37.2}% 1113
\BOOKMARK [2][-]{subsection.37.2.31}{Propiedades de los Procesos de Renovaci\363n}{section.37.2}% 1114
\BOOKMARK [2][-]{subsection.37.2.32}{Procesos Regenerativos Estacionarios - Stidham Stidham}{section.37.2}% 1115
\BOOKMARK [2][-]{subsection.37.2.33}{Procesos de Renovaci\363n}{section.37.2}% 1116
\BOOKMARK [2][-]{subsection.37.2.34}{Teorema Principal de Renovaci\363n}{section.37.2}% 1117
\BOOKMARK [2][-]{subsection.37.2.35}{Funci\363n de Renovaci\363n}{section.37.2}% 1118
\BOOKMARK [2][-]{subsection.37.2.36}{Propiedades de los Procesos de Renovaci\363n}{section.37.2}% 1119
\BOOKMARK [2][-]{subsection.37.2.37}{Funci\363n de Renovaci\363n}{section.37.2}% 1120
\BOOKMARK [2][-]{subsection.37.2.38}{Procesos de Renovaci\363n}{section.37.2}% 1121
\BOOKMARK [2][-]{subsection.37.2.39}{Puntos de Renovaci\363n}{section.37.2}% 1122
\BOOKMARK [2][-]{subsection.37.2.40}{Resultados para Procesos de Salida}{section.37.2}% 1123
\BOOKMARK [2][-]{subsection.37.2.41}{Ya revisado}{section.37.2}% 1124
\BOOKMARK [2][-]{subsection.37.2.42}{Procesos de Renovaci\363n y Regenerativos}{section.37.2}% 1125
\BOOKMARK [2][-]{subsection.37.2.43}{Tiempo de Ciclo Promedio}{section.37.2}% 1126
\BOOKMARK [2][-]{subsection.37.2.44}{Tiempos de Ciclo e Intervisita}{section.37.2}% 1127
\BOOKMARK [2][-]{subsection.37.2.45}{Longitudes de la Cola en cualquier tiempo}{section.37.2}% 1128
\BOOKMARK [2][-]{subsection.37.2.46}{Por resolver}{section.37.2}% 1129
\BOOKMARK [2][-]{subsection.37.2.47}{Tiempos de Ciclo e Intervisita}{section.37.2}% 1130
\BOOKMARK [2][-]{subsection.37.2.48}{Longitudes de la Cola en cualquier tiempo}{section.37.2}% 1131
\BOOKMARK [2][-]{subsection.37.2.49}{Material por agregar}{section.37.2}% 1132
\BOOKMARK [1][-]{section.37.3}{Introduction}{chapter.37}% 1133
\BOOKMARK [1][-]{section.37.4}{Construcci\363n del Modelo e Hip\363tesis}{chapter.37}% 1134
\BOOKMARK [2][-]{subsection.37.4.1}{Description of the model: Probability Generating Function}{section.37.4}% 1135
\BOOKMARK [2][-]{subsection.37.4.2}{Stability Analysis}{section.37.4}% 1136
\BOOKMARK [1][-]{section.37.5}{Appendix A: General Case Calculations Exhaustive Policy}{chapter.37}% 1137
\BOOKMARK [1][-]{section.37.6}{Appendix B: Stability Analysis for a NCPS}{chapter.37}% 1138
\BOOKMARK [1][-]{section.37.7}{Appendix C: Output Process and Regenerative Processes}{chapter.37}% 1139
\BOOKMARK [1][-]{section.37.8}{Renewal and Regenerative Processes: SerfozoSerfozo}{chapter.37}% 1140
\BOOKMARK [1][-]{section.37.9}{Existencia de Tiempos de Regeneraci\363n}{chapter.37}% 1141
\BOOKMARK [1][-]{section.37.10}{Main Theorem: Article}{chapter.37}% 1142
\BOOKMARK [-1][-]{part.5}{V AP\311NDICES}{}% 1143
\BOOKMARK [0][-]{chapter.38}{IMPLEMENTACIONES NUM\311RICAS}{part.5}% 1144
\BOOKMARK [1][-]{section.38.1}{D\355a 1: Regresi\363n Log\355stica}{chapter.38}% 1145
\BOOKMARK [2][-]{subsection.38.1.1}{Ejemplo de Regresi\363n Log\355stica en R}{section.38.1}% 1146
\BOOKMARK [2][-]{subsection.38.1.2}{Aplicaci\363n a Datos de C\341ncer - Parte I}{section.38.1}% 1147
\BOOKMARK [2][-]{subsection.38.1.3}{Simulaci\363n de Datos de C\341ncer - Parte II}{section.38.1}% 1148
\BOOKMARK [2][-]{subsection.38.1.4}{Simulaci\363n de Datos de C\341ncer - Parte III}{section.38.1}% 1149
\BOOKMARK [-1][-]{part.6}{VI BIBLIOGRAFIA}{}% 1150
\BOOKMARK [0][-]{chapter.39}{Bibliograf\355a}{part.6}% 1151
