\BOOKMARK [-1][-]{part.1}{I PRIMERA PARTE: Regresi\363n Log\355stica}{}% 1
\BOOKMARK [0][-]{chapter.1}{D\355a 1: Introducci\363n}{part.1}% 2
\BOOKMARK [1][-]{section.1.1}{Conceptos B\341sicos}{chapter.1}% 3
\BOOKMARK [1][-]{section.1.2}{Regresi\363n Lineal}{chapter.1}% 4
\BOOKMARK [1][-]{section.1.3}{Regresi\363n Log\355stica}{chapter.1}% 5
\BOOKMARK [1][-]{section.1.4}{M\351todo de M\341xima Verosimilitud}{chapter.1}% 6
\BOOKMARK [1][-]{section.1.5}{M\351todo de Newton-Raphson}{chapter.1}% 7
\BOOKMARK [1][-]{section.1.6}{Espec\355ficando}{chapter.1}% 8
\BOOKMARK [0][-]{chapter.2}{Elementos de Probabilidad}{part.1}% 9
\BOOKMARK [1][-]{section.2.1}{Introducci\363n}{chapter.2}% 10
\BOOKMARK [1][-]{section.2.2}{Probabilidad}{chapter.2}% 11
\BOOKMARK [2][-]{subsection.2.2.1}{Espacio Muestral y Eventos}{section.2.2}% 12
\BOOKMARK [2][-]{subsection.2.2.2}{Definiciones de Probabilidad}{section.2.2}% 13
\BOOKMARK [1][-]{section.2.3}{Estad\355stica Bayesiana}{chapter.2}% 14
\BOOKMARK [2][-]{subsection.2.3.1}{Prior y Posterior}{section.2.3}% 15
\BOOKMARK [1][-]{section.2.4}{Distribuciones de Probabilidad}{chapter.2}% 16
\BOOKMARK [2][-]{subsection.2.4.1}{Distribuciones Discretas}{section.2.4}% 17
\BOOKMARK [2][-]{subsection.2.4.2}{Distribuciones Continuas}{section.2.4}% 18
\BOOKMARK [1][-]{section.2.5}{Estad\355stica Descriptiva}{chapter.2}% 19
\BOOKMARK [2][-]{subsection.2.5.1}{Medidas de Tendencia Central}{section.2.5}% 20
\BOOKMARK [2][-]{subsection.2.5.2}{Medidas de Dispersi\363n}{section.2.5}% 21
\BOOKMARK [1][-]{section.2.6}{Inferencia Estad\355stica}{chapter.2}% 22
\BOOKMARK [2][-]{subsection.2.6.1}{Estimaci\363n de Par\341metros}{section.2.6}% 23
\BOOKMARK [2][-]{subsection.2.6.2}{Prueba de Hip\363tesis}{section.2.6}% 24
\BOOKMARK [0][-]{chapter.3}{Matem\341ticas Detr\341s de la Regresi\363n Log\355stica}{part.1}% 25
\BOOKMARK [1][-]{section.3.1}{Introducci\363n}{chapter.3}% 26
\BOOKMARK [1][-]{section.3.2}{Funci\363n Log\355stica}{chapter.3}% 27
\BOOKMARK [2][-]{subsection.3.2.1}{Definici\363n}{section.3.2}% 28
\BOOKMARK [2][-]{subsection.3.2.2}{Propiedades}{section.3.2}% 29
\BOOKMARK [1][-]{section.3.3}{Funci\363n de Verosimilitud}{chapter.3}% 30
\BOOKMARK [2][-]{subsection.3.3.1}{Definici\363n}{section.3.3}% 31
\BOOKMARK [2][-]{subsection.3.3.2}{Funci\363n de Log-Verosimilitud}{section.3.3}% 32
\BOOKMARK [1][-]{section.3.4}{Estimaci\363n de Coeficientes}{chapter.3}% 33
\BOOKMARK [2][-]{subsection.3.4.1}{Gradiente y Hessiana}{section.3.4}% 34
\BOOKMARK [2][-]{subsection.3.4.2}{Algoritmo Newton-Raphson}{section.3.4}% 35
\BOOKMARK [1][-]{section.3.5}{Validaci\363n del Modelo}{chapter.3}% 36
\BOOKMARK [2][-]{subsection.3.5.1}{Curva ROC y AUC}{section.3.5}% 37
\BOOKMARK [2][-]{subsection.3.5.2}{Matriz de Confusi\363n}{section.3.5}% 38
\BOOKMARK [0][-]{chapter.4}{Preparaci\363n de Datos y Selecci\363n de Variables}{part.1}% 39
\BOOKMARK [1][-]{section.4.1}{Introducci\363n}{chapter.4}% 40
\BOOKMARK [1][-]{section.4.2}{Importancia de la Preparaci\363n de Datos}{chapter.4}% 41
\BOOKMARK [1][-]{section.4.3}{Limpieza de Datos}{chapter.4}% 42
\BOOKMARK [1][-]{section.4.4}{Tratamiento de Datos Faltantes}{chapter.4}% 43
\BOOKMARK [2][-]{subsection.4.4.1}{Imputaci\363n de la Media}{section.4.4}% 44
\BOOKMARK [1][-]{section.4.5}{Codificaci\363n de Variables Categ\363ricas}{chapter.4}% 45
\BOOKMARK [2][-]{subsection.4.5.1}{Codificaci\363n One-Hot}{section.4.5}% 46
\BOOKMARK [2][-]{subsection.4.5.2}{Codificaci\363n Ordinal}{section.4.5}% 47
\BOOKMARK [1][-]{section.4.6}{Selecci\363n de Variables}{chapter.4}% 48
\BOOKMARK [2][-]{subsection.4.6.1}{M\351todos de Filtrado}{section.4.6}% 49
\BOOKMARK [2][-]{subsection.4.6.2}{M\351todos de Wrapper}{section.4.6}% 50
\BOOKMARK [2][-]{subsection.4.6.3}{M\351todos Basados en Modelos}{section.4.6}% 51
\BOOKMARK [1][-]{section.4.7}{Implementaci\363n en R}{chapter.4}% 52
\BOOKMARK [2][-]{subsection.4.7.1}{Limpieza de Datos}{section.4.7}% 53
\BOOKMARK [2][-]{subsection.4.7.2}{Codificaci\363n de Variables Categ\363ricas}{section.4.7}% 54
\BOOKMARK [2][-]{subsection.4.7.3}{Selecci\363n de Variables}{section.4.7}% 55
\BOOKMARK [0][-]{chapter.5}{Evaluaci\363n del Modelo y Validaci\363n Cruzada}{part.1}% 56
\BOOKMARK [1][-]{section.5.1}{Introducci\363n}{chapter.5}% 57
\BOOKMARK [1][-]{section.5.2}{M\351tricas de Evaluaci\363n del Modelo}{chapter.5}% 58
\BOOKMARK [2][-]{subsection.5.2.1}{Curva ROC y AUC}{section.5.2}% 59
\BOOKMARK [2][-]{subsection.5.2.2}{Matriz de Confusi\363n}{section.5.2}% 60
\BOOKMARK [2][-]{subsection.5.2.3}{Precisi\363n, Recall y F1-Score}{section.5.2}% 61
\BOOKMARK [2][-]{subsection.5.2.4}{Log-Loss}{section.5.2}% 62
\BOOKMARK [1][-]{section.5.3}{Validaci\363n Cruzada}{chapter.5}% 63
\BOOKMARK [2][-]{subsection.5.3.1}{K-Fold Cross-Validation}{section.5.3}% 64
\BOOKMARK [2][-]{subsection.5.3.2}{Leave-One-Out Cross-Validation \(LOOCV\)}{section.5.3}% 65
\BOOKMARK [1][-]{section.5.4}{Ajuste y Sobreajuste del Modelo}{chapter.5}% 66
\BOOKMARK [2][-]{subsection.5.4.1}{Sobreajuste}{section.5.4}% 67
\BOOKMARK [2][-]{subsection.5.4.2}{Subajuste}{section.5.4}% 68
\BOOKMARK [2][-]{subsection.5.4.3}{Regularizaci\363n}{section.5.4}% 69
\BOOKMARK [1][-]{section.5.5}{Implementaci\363n en R}{chapter.5}% 70
\BOOKMARK [2][-]{subsection.5.5.1}{Evaluaci\363n del Modelo}{section.5.5}% 71
\BOOKMARK [2][-]{subsection.5.5.2}{Validaci\363n Cruzada}{section.5.5}% 72
\BOOKMARK [0][-]{chapter.6}{Diagn\363stico del Modelo y Ajuste de Par\341metros}{part.1}% 73
\BOOKMARK [1][-]{section.6.1}{Introducci\363n}{chapter.6}% 74
\BOOKMARK [1][-]{section.6.2}{Diagn\363stico del Modelo}{chapter.6}% 75
\BOOKMARK [2][-]{subsection.6.2.1}{Residuos}{section.6.2}% 76
\BOOKMARK [2][-]{subsection.6.2.2}{Influencia}{section.6.2}% 77
\BOOKMARK [2][-]{subsection.6.2.3}{Multicolinealidad}{section.6.2}% 78
\BOOKMARK [1][-]{section.6.3}{Ajuste de Par\341metros}{chapter.6}% 79
\BOOKMARK [2][-]{subsection.6.3.1}{Grid Search}{section.6.3}% 80
\BOOKMARK [2][-]{subsection.6.3.2}{Random Search}{section.6.3}% 81
\BOOKMARK [2][-]{subsection.6.3.3}{Bayesian Optimization}{section.6.3}% 82
\BOOKMARK [1][-]{section.6.4}{Implementaci\363n en R}{chapter.6}% 83
\BOOKMARK [2][-]{subsection.6.4.1}{Diagn\363stico del Modelo}{section.6.4}% 84
\BOOKMARK [2][-]{subsection.6.4.2}{Ajuste de Par\341metros}{section.6.4}% 85
\BOOKMARK [0][-]{chapter.7}{Interpretaci\363n de los Resultados}{part.1}% 86
\BOOKMARK [1][-]{section.7.1}{Introducci\363n}{chapter.7}% 87
\BOOKMARK [1][-]{section.7.2}{Coeficientes de Regresi\363n Log\355stica}{chapter.7}% 88
\BOOKMARK [2][-]{subsection.7.2.1}{Interpretaci\363n de los Coeficientes}{section.7.2}% 89
\BOOKMARK [2][-]{subsection.7.2.2}{Signo de los Coeficientes}{section.7.2}% 90
\BOOKMARK [1][-]{section.7.3}{Odds Ratios}{chapter.7}% 91
\BOOKMARK [2][-]{subsection.7.3.1}{C\341lculo de las Odds Ratios}{section.7.3}% 92
\BOOKMARK [2][-]{subsection.7.3.2}{Interpretaci\363n de las Odds Ratios}{section.7.3}% 93
\BOOKMARK [1][-]{section.7.4}{Intervalos de Confianza}{chapter.7}% 94
\BOOKMARK [2][-]{subsection.7.4.1}{C\341lculo de los Intervalos de Confianza}{section.7.4}% 95
\BOOKMARK [1][-]{section.7.5}{Significancia Estad\355stica}{chapter.7}% 96
\BOOKMARK [2][-]{subsection.7.5.1}{Prueba de Hip\363tesis}{section.7.5}% 97
\BOOKMARK [2][-]{subsection.7.5.2}{P-valor}{section.7.5}% 98
\BOOKMARK [1][-]{section.7.6}{Implementaci\363n en R}{chapter.7}% 99
\BOOKMARK [2][-]{subsection.7.6.1}{C\341lculo de Coeficientes y Odds Ratios}{section.7.6}% 100
\BOOKMARK [2][-]{subsection.7.6.2}{Intervalos de Confianza}{section.7.6}% 101
\BOOKMARK [2][-]{subsection.7.6.3}{P-valores y Significancia Estad\355stica}{section.7.6}% 102
\BOOKMARK [0][-]{chapter.8}{Regresi\363n Log\355stica Multinomial y An\341lisis de Supervivencia}{part.1}% 103
\BOOKMARK [1][-]{section.8.1}{Introducci\363n}{chapter.8}% 104
\BOOKMARK [1][-]{section.8.2}{Regresi\363n Log\355stica Multinomial}{chapter.8}% 105
\BOOKMARK [2][-]{subsection.8.2.1}{Modelo Multinomial}{section.8.2}% 106
\BOOKMARK [2][-]{subsection.8.2.2}{Estimaci\363n de Par\341metros}{section.8.2}% 107
\BOOKMARK [1][-]{section.8.3}{An\341lisis de Supervivencia}{chapter.8}% 108
\BOOKMARK [2][-]{subsection.8.3.1}{Funci\363n de Supervivencia}{section.8.3}% 109
\BOOKMARK [2][-]{subsection.8.3.2}{Modelo de Riesgos Proporcionales de Cox}{section.8.3}% 110
\BOOKMARK [1][-]{section.8.4}{Implementaci\363n en R}{chapter.8}% 111
\BOOKMARK [2][-]{subsection.8.4.1}{Regresi\363n Log\355stica Multinomial}{section.8.4}% 112
\BOOKMARK [2][-]{subsection.8.4.2}{An\341lisis de Supervivencia}{section.8.4}% 113
\BOOKMARK [0][-]{chapter.9}{Implementaci\363n de Regresi\363n Log\355stica en Datos Reales}{part.1}% 114
\BOOKMARK [1][-]{section.9.1}{Introducci\363n}{chapter.9}% 115
\BOOKMARK [1][-]{section.9.2}{Conjunto de Datos}{chapter.9}% 116
\BOOKMARK [1][-]{section.9.3}{Preparaci\363n de Datos}{chapter.9}% 117
\BOOKMARK [2][-]{subsection.9.3.1}{Carga y Exploraci\363n de Datos}{section.9.3}% 118
\BOOKMARK [2][-]{subsection.9.3.2}{Limpieza de Datos}{section.9.3}% 119
\BOOKMARK [2][-]{subsection.9.3.3}{Codificaci\363n de Variables Categ\363ricas}{section.9.3}% 120
\BOOKMARK [1][-]{section.9.4}{Divisi\363n de Datos}{chapter.9}% 121
\BOOKMARK [1][-]{section.9.5}{Entrenamiento del Modelo}{chapter.9}% 122
\BOOKMARK [1][-]{section.9.6}{Evaluaci\363n del Modelo}{chapter.9}% 123
\BOOKMARK [1][-]{section.9.7}{Interpretaci\363n de los Resultados}{chapter.9}% 124
\BOOKMARK [0][-]{chapter.10}{Resumen y Proyecto Final}{part.1}% 125
\BOOKMARK [1][-]{section.10.1}{Resumen de Conceptos Clave}{chapter.10}% 126
\BOOKMARK [1][-]{section.10.2}{Buenas Pr\341cticas}{chapter.10}% 127
\BOOKMARK [1][-]{section.10.3}{Proyecto Final}{chapter.10}% 128
\BOOKMARK [2][-]{subsection.10.3.1}{Selecci\363n del Conjunto de Datos}{section.10.3}% 129
\BOOKMARK [2][-]{subsection.10.3.2}{Exploraci\363n y Preparaci\363n de Datos}{section.10.3}% 130
\BOOKMARK [2][-]{subsection.10.3.3}{Entrenamiento y Evaluaci\363n del Modelo}{section.10.3}% 131
\BOOKMARK [2][-]{subsection.10.3.4}{Interpretaci\363n de Resultados}{section.10.3}% 132
\BOOKMARK [2][-]{subsection.10.3.5}{Presentaci\363n del Proyecto}{section.10.3}% 133
\BOOKMARK [-1][-]{part.2}{II SEGUNDA PARTE}{}% 134
\BOOKMARK [0][-]{chapter.11}{Introducci\363n al An\341lisis de Supervivencia}{part.2}% 135
\BOOKMARK [1][-]{section.11.1}{Conceptos B\341sicos}{chapter.11}% 136
\BOOKMARK [1][-]{section.11.2}{Definici\363n de Eventos y Tiempos}{chapter.11}% 137
\BOOKMARK [1][-]{section.11.3}{Censura}{chapter.11}% 138
\BOOKMARK [1][-]{section.11.4}{Funci\363n de Supervivencia}{chapter.11}% 139
\BOOKMARK [1][-]{section.11.5}{Funci\363n de Densidad de Probabilidad}{chapter.11}% 140
\BOOKMARK [1][-]{section.11.6}{Funci\363n de Riesgo}{chapter.11}% 141
\BOOKMARK [1][-]{section.11.7}{Relaci\363n entre Funci\363n de Supervivencia y Funci\363n de Riesgo}{chapter.11}% 142
\BOOKMARK [1][-]{section.11.8}{Deducci\363n de la Funci\363n de Supervivencia}{chapter.11}% 143
\BOOKMARK [1][-]{section.11.9}{Ejemplo de C\341lculo}{chapter.11}% 144
\BOOKMARK [1][-]{section.11.10}{Conclusi\363n}{chapter.11}% 145
\BOOKMARK [0][-]{chapter.12}{Funci\363n de Supervivencia y Funci\363n de Riesgo}{part.2}% 146
\BOOKMARK [1][-]{section.12.1}{Introducci\363n}{chapter.12}% 147
\BOOKMARK [1][-]{section.12.2}{Funci\363n de Supervivencia}{chapter.12}% 148
\BOOKMARK [2][-]{subsection.12.2.1}{Propiedades de la Funci\363n de Supervivencia}{section.12.2}% 149
\BOOKMARK [2][-]{subsection.12.2.2}{Derivaci\363n de S\(t\)}{section.12.2}% 150
\BOOKMARK [2][-]{subsection.12.2.3}{Ejemplo de C\341lculo de S\(t\)}{section.12.2}% 151
\BOOKMARK [1][-]{section.12.3}{Funci\363n de Riesgo}{chapter.12}% 152
\BOOKMARK [2][-]{subsection.12.3.1}{Relaci\363n entre \(t\) y f\(t\)}{section.12.3}% 153
\BOOKMARK [2][-]{subsection.12.3.2}{Derivaci\363n de \(t\)}{section.12.3}% 154
\BOOKMARK [1][-]{section.12.4}{Relaci\363n entre Funci\363n de Supervivencia y Funci\363n de Riesgo}{chapter.12}% 155
\BOOKMARK [2][-]{subsection.12.4.1}{Deducci\363n de la Relaci\363n}{section.12.4}% 156
\BOOKMARK [1][-]{section.12.5}{Interpretaci\363n de la Funci\363n de Riesgo}{chapter.12}% 157
\BOOKMARK [2][-]{subsection.12.5.1}{Ejemplo de C\341lculo de \(t\)}{section.12.5}% 158
\BOOKMARK [1][-]{section.12.6}{Funciones de Riesgo Acumulada y Media Residual}{chapter.12}% 159
\BOOKMARK [1][-]{section.12.7}{Ejemplo de C\341lculo de Funci\363n de Riesgo Acumulada y Vida Media Residual}{chapter.12}% 160
\BOOKMARK [1][-]{section.12.8}{Conclusi\363n}{chapter.12}% 161
\BOOKMARK [0][-]{chapter.13}{Estimador de Kaplan-Meier}{part.2}% 162
\BOOKMARK [1][-]{section.13.1}{Introducci\363n}{chapter.13}% 163
\BOOKMARK [1][-]{section.13.2}{Definici\363n del Estimador de Kaplan-Meier}{chapter.13}% 164
\BOOKMARK [1][-]{section.13.3}{Propiedades del Estimador de Kaplan-Meier}{chapter.13}% 165
\BOOKMARK [2][-]{subsection.13.3.1}{Funci\363n Escalonada}{section.13.3}% 166
\BOOKMARK [2][-]{subsection.13.3.2}{Manejo de Datos Censurados}{section.13.3}% 167
\BOOKMARK [2][-]{subsection.13.3.3}{Estimaci\363n No Param\351trica}{section.13.3}% 168
\BOOKMARK [1][-]{section.13.4}{Deducci\363n del Estimador de Kaplan-Meier}{chapter.13}% 169
\BOOKMARK [2][-]{subsection.13.4.1}{Probabilidad Condicional}{section.13.4}% 170
\BOOKMARK [2][-]{subsection.13.4.2}{Producto de Probabilidades Condicionales}{section.13.4}% 171
\BOOKMARK [1][-]{section.13.5}{Ejemplo de C\341lculo}{chapter.13}% 172
\BOOKMARK [1][-]{section.13.6}{Intervalos de Confianza para el Estimador de Kaplan-Meier}{chapter.13}% 173
\BOOKMARK [1][-]{section.13.7}{Transformaci\363n Logar\355tmica Inversa}{chapter.13}% 174
\BOOKMARK [1][-]{section.13.8}{C\341lculo Detallado de Intervalos de Confianza}{chapter.13}% 175
\BOOKMARK [1][-]{section.13.9}{Ejemplo de Intervalo de Confianza}{chapter.13}% 176
\BOOKMARK [1][-]{section.13.10}{Interpretaci\363n del Estimador de Kaplan-Meier}{chapter.13}% 177
\BOOKMARK [1][-]{section.13.11}{Conclusi\363n}{chapter.13}% 178
\BOOKMARK [0][-]{chapter.14}{Comparaci\363n de Curvas de Supervivencia}{part.2}% 179
\BOOKMARK [1][-]{section.14.1}{Introducci\363n}{chapter.14}% 180
\BOOKMARK [1][-]{section.14.2}{Test de Log-rank}{chapter.14}% 181
\BOOKMARK [2][-]{subsection.14.2.1}{F\363rmula del Test de Log-rank}{section.14.2}% 182
\BOOKMARK [2][-]{subsection.14.2.2}{C\341lculo de Ei y Vi}{section.14.2}% 183
\BOOKMARK [1][-]{section.14.3}{Ejemplo de C\341lculo del Test de Log-rank}{chapter.14}% 184
\BOOKMARK [1][-]{section.14.4}{Interpretaci\363n del Test de Log-rank}{chapter.14}% 185
\BOOKMARK [1][-]{section.14.5}{Pruebas Alternativas}{chapter.14}% 186
\BOOKMARK [1][-]{section.14.6}{Conclusi\363n}{chapter.14}% 187
\BOOKMARK [0][-]{chapter.15}{Modelos de Riesgos Proporcionales de Cox}{part.2}% 188
\BOOKMARK [1][-]{section.15.1}{Introducci\363n}{chapter.15}% 189
\BOOKMARK [1][-]{section.15.2}{Definici\363n del Modelo de Cox}{chapter.15}% 190
\BOOKMARK [1][-]{section.15.3}{Supuesto de Proporcionalidad de Riesgos}{chapter.15}% 191
\BOOKMARK [1][-]{section.15.4}{Estimaci\363n de los Par\341metros}{chapter.15}% 192
\BOOKMARK [2][-]{subsection.15.4.1}{Funci\363n de Log-Verosimilitud Parcial}{section.15.4}% 193
\BOOKMARK [2][-]{subsection.15.4.2}{Derivadas Parciales y Maximizaci\363n}{section.15.4}% 194
\BOOKMARK [1][-]{section.15.5}{Interpretaci\363n de los Coeficientes}{chapter.15}% 195
\BOOKMARK [1][-]{section.15.6}{Evaluaci\363n del Modelo}{chapter.15}% 196
\BOOKMARK [2][-]{subsection.15.6.1}{Residuos de Schoenfeld}{section.15.6}% 197
\BOOKMARK [2][-]{subsection.15.6.2}{Curvas de Supervivencia Ajustadas}{section.15.6}% 198
\BOOKMARK [1][-]{section.15.7}{Ejemplo de Aplicaci\363n del Modelo de Cox}{chapter.15}% 199
\BOOKMARK [1][-]{section.15.8}{Conclusi\363n}{chapter.15}% 200
\BOOKMARK [0][-]{chapter.16}{Diagn\363stico y Validaci\363n de Modelos de Cox}{part.2}% 201
\BOOKMARK [1][-]{section.16.1}{Introducci\363n}{chapter.16}% 202
\BOOKMARK [1][-]{section.16.2}{Supuesto de Proporcionalidad de Riesgos}{chapter.16}% 203
\BOOKMARK [2][-]{subsection.16.2.1}{Residuos de Schoenfeld}{section.16.2}% 204
\BOOKMARK [1][-]{section.16.3}{Bondad de Ajuste}{chapter.16}% 205
\BOOKMARK [2][-]{subsection.16.3.1}{Curvas de Supervivencia Ajustadas}{section.16.3}% 206
\BOOKMARK [2][-]{subsection.16.3.2}{Estad\355sticas de Ajuste Global}{section.16.3}% 207
\BOOKMARK [1][-]{section.16.4}{Diagn\363stico de Influencia}{chapter.16}% 208
\BOOKMARK [2][-]{subsection.16.4.1}{Residuos de Deviance}{section.16.4}% 209
\BOOKMARK [2][-]{subsection.16.4.2}{Residuos de Martingala}{section.16.4}% 210
\BOOKMARK [1][-]{section.16.5}{Ejemplo de Diagn\363stico}{chapter.16}% 211
\BOOKMARK [1][-]{section.16.6}{Conclusi\363n}{chapter.16}% 212
\BOOKMARK [0][-]{chapter.17}{Modelos Acelerados de Fallos}{part.2}% 213
\BOOKMARK [1][-]{section.17.1}{Introducci\363n}{chapter.17}% 214
\BOOKMARK [1][-]{section.17.2}{Definici\363n del Modelo AFT}{chapter.17}% 215
\BOOKMARK [2][-]{subsection.17.2.1}{Transformaci\363n Logar\355tmica}{section.17.2}% 216
\BOOKMARK [1][-]{section.17.3}{Estimaci\363n de los Par\341metros}{chapter.17}% 217
\BOOKMARK [2][-]{subsection.17.3.1}{Funci\363n de Log-Verosimilitud}{section.17.3}% 218
\BOOKMARK [2][-]{subsection.17.3.2}{Maximizaci\363n de la Verosimilitud}{section.17.3}% 219
\BOOKMARK [1][-]{section.17.4}{Distribuciones Comunes en Modelos AFT}{chapter.17}% 220
\BOOKMARK [2][-]{subsection.17.4.1}{Modelo Exponencial AFT}{section.17.4}% 221
\BOOKMARK [2][-]{subsection.17.4.2}{Modelo Weibull AFT}{section.17.4}% 222
\BOOKMARK [1][-]{section.17.5}{Interpretaci\363n de los Coeficientes}{chapter.17}% 223
\BOOKMARK [1][-]{section.17.6}{Ejemplo de Aplicaci\363n del Modelo AFT}{chapter.17}% 224
\BOOKMARK [1][-]{section.17.7}{Conclusi\363n}{chapter.17}% 225
\BOOKMARK [0][-]{chapter.18}{An\341lisis Multivariado de Supervivencia}{part.2}% 226
\BOOKMARK [1][-]{section.18.1}{Introducci\363n}{chapter.18}% 227
\BOOKMARK [1][-]{section.18.2}{Modelo de Cox Multivariado}{chapter.18}% 228
\BOOKMARK [2][-]{subsection.18.2.1}{Estimaci\363n de los Par\341metros}{section.18.2}% 229
\BOOKMARK [1][-]{section.18.3}{Modelo AFT Multivariado}{chapter.18}% 230
\BOOKMARK [2][-]{subsection.18.3.1}{Estimaci\363n de los Par\341metros}{section.18.3}% 231
\BOOKMARK [1][-]{section.18.4}{Interacci\363n y Efectos No Lineales}{chapter.18}% 232
\BOOKMARK [2][-]{subsection.18.4.1}{Interacciones}{section.18.4}% 233
\BOOKMARK [2][-]{subsection.18.4.2}{Efectos No Lineales}{section.18.4}% 234
\BOOKMARK [1][-]{section.18.5}{Selecci\363n de Variables}{chapter.18}% 235
\BOOKMARK [2][-]{subsection.18.5.1}{Regresi\363n Hacia Atr\341s}{section.18.5}% 236
\BOOKMARK [2][-]{subsection.18.5.2}{Regresi\363n Hacia Adelante}{section.18.5}% 237
\BOOKMARK [2][-]{subsection.18.5.3}{Criterios de Informaci\363n}{section.18.5}% 238
\BOOKMARK [1][-]{section.18.6}{Ejemplo de An\341lisis Multivariado}{chapter.18}% 239
\BOOKMARK [1][-]{section.18.7}{Conclusi\363n}{chapter.18}% 240
\BOOKMARK [0][-]{chapter.19}{Supervivencia en Datos Complicados}{part.2}% 241
\BOOKMARK [1][-]{section.19.1}{Introducci\363n}{chapter.19}% 242
\BOOKMARK [1][-]{section.19.2}{Censura por Intervalo}{chapter.19}% 243
\BOOKMARK [2][-]{subsection.19.2.1}{Modelo para Datos Censurados por Intervalo}{section.19.2}% 244
\BOOKMARK [1][-]{section.19.3}{Datos Truncados}{chapter.19}% 245
\BOOKMARK [2][-]{subsection.19.3.1}{Modelo para Datos Truncados}{section.19.3}% 246
\BOOKMARK [1][-]{section.19.4}{An\341lisis de Competing Risks}{chapter.19}% 247
\BOOKMARK [2][-]{subsection.19.4.1}{Modelo de Competing Risks}{section.19.4}% 248
\BOOKMARK [1][-]{section.19.5}{M\351todos de Imputaci\363n}{chapter.19}% 249
\BOOKMARK [2][-]{subsection.19.5.1}{Imputaci\363n M\372ltiple}{section.19.5}% 250
\BOOKMARK [1][-]{section.19.6}{Ejemplo de An\341lisis con Datos Complicados}{chapter.19}% 251
\BOOKMARK [1][-]{section.19.7}{Conclusi\363n}{chapter.19}% 252
\BOOKMARK [0][-]{chapter.20}{Proyecto Final y Revisi\363n}{part.2}% 253
\BOOKMARK [1][-]{section.20.1}{Introducci\363n}{chapter.20}% 254
\BOOKMARK [1][-]{section.20.2}{Desarrollo del Proyecto}{chapter.20}% 255
\BOOKMARK [1][-]{section.20.3}{Revisi\363n de Conceptos Clave}{chapter.20}% 256
\BOOKMARK [1][-]{section.20.4}{Ejemplo de Proyecto Final}{chapter.20}% 257
\BOOKMARK [2][-]{subsection.20.4.1}{Definici\363n del Problema}{section.20.4}% 258
\BOOKMARK [2][-]{subsection.20.4.2}{Descripci\363n de los Datos}{section.20.4}% 259
\BOOKMARK [2][-]{subsection.20.4.3}{An\341lisis Exploratorio}{section.20.4}% 260
\BOOKMARK [2][-]{subsection.20.4.4}{Ajuste del Modelo}{section.20.4}% 261
\BOOKMARK [2][-]{subsection.20.4.5}{Diagn\363stico del Modelo}{section.20.4}% 262
\BOOKMARK [2][-]{subsection.20.4.6}{Interpretaci\363n de Resultados}{section.20.4}% 263
\BOOKMARK [2][-]{subsection.20.4.7}{Conclusiones}{section.20.4}% 264
\BOOKMARK [1][-]{section.20.5}{Conclusi\363n}{chapter.20}% 265
\BOOKMARK [-1][-]{part.3}{III AP\311NDICES}{}% 266
\BOOKMARK [0][-]{chapter.21}{IMPLEMENTACIONES NUM\311RICAS}{part.3}% 267
\BOOKMARK [1][-]{section.21.1}{D\355a 1: Regresi\363n Log\355stica}{chapter.21}% 268
\BOOKMARK [2][-]{subsection.21.1.1}{Ejemplo de Regresi\363n Log\355stica en R}{section.21.1}% 269
\BOOKMARK [2][-]{subsection.21.1.2}{Aplicaci\363n a Datos de C\341ncer - Parte I}{section.21.1}% 270
\BOOKMARK [2][-]{subsection.21.1.3}{Simulaci\363n de Datos de C\341ncer - Parte II}{section.21.1}% 271
\BOOKMARK [2][-]{subsection.21.1.4}{Simulaci\363n de Datos de C\341ncer - Parte III}{section.21.1}% 272
\BOOKMARK [0][-]{chapter.22}{Bibliograf\355a}{part.3}% 273
