\BOOKMARK [-1][-]{part.1}{\376\377\000I\000\040\000T\000E\000R\000C\000E\000R\000A\000\040\000P\000A\000R\000T\000E\000:\000\040\000T\000E\000M\000A\000S\000\040\000S\000E\000L\000E\000C\000T\000O\000S}{}% 1
\BOOKMARK [0][-]{chapter.1}{\376\377\000C\000A\000D\000E\000N\000A\000S\000\040\000D\000E\000\040\000M\000A\000R\000K\000O\000V}{part.1}% 2
\BOOKMARK [1][-]{section.1.1}{\376\377\000E\000s\000t\000a\000c\000i\000o\000n\000a\000r\000e\000i\000d\000a\000d}{chapter.1}% 3
\BOOKMARK [1][-]{section.1.2}{\376\377\000F\000u\000n\000c\000i\000o\000n\000e\000s\000\040\000A\000r\000m\000\363\000n\000i\000c\000a\000s\000,\000\040\000R\000e\000c\000u\000r\000r\000e\000n\000c\000i\000a\000\040\000y\000\040\000T\000r\000a\000n\000s\000i\000t\000o\000r\000i\000e\000d\000a\000d}{chapter.1}% 4
\BOOKMARK [1][-]{section.1.3}{\376\377\000T\000e\000o\000r\000\355\000a\000\040\000E\000r\000g\000\363\000d\000i\000c\000a}{chapter.1}% 5
\BOOKMARK [2][-]{subsection.1.3.1}{\376\377\000E\000j\000e\000m\000p\000l\000o\000\040\000d\000e\000\040\000C\000a\000d\000e\000n\000a\000\040\000d\000e\000\040\000M\000a\000r\000k\000o\000v\000\040\000p\000a\000r\000a\000\040\000d\000o\000s\000\040\000E\000s\000t\000a\000d\000o\000s}{section.1.3}% 6
\BOOKMARK [1][-]{section.1.4}{\376\377\000P\000r\000o\000c\000e\000s\000o\000s\000\040\000d\000e\000\040\000M\000a\000r\000k\000o\000v\000\040\000d\000e\000\040\000S\000a\000l\000t\000o\000s}{chapter.1}% 7
\BOOKMARK [1][-]{section.1.5}{\376\377\000M\000a\000t\000r\000i\000z\000\040\000I\000n\000t\000e\000n\000s\000i\000d\000a\000d}{chapter.1}% 8
\BOOKMARK [1][-]{section.1.6}{\376\377\000M\000e\000d\000i\000d\000a\000s\000\040\000E\000s\000t\000a\000c\000i\000o\000n\000a\000r\000i\000a\000s}{chapter.1}% 9
\BOOKMARK [1][-]{section.1.7}{\376\377\000C\000r\000i\000t\000e\000r\000i\000o\000s\000\040\000d\000e\000\040\000E\000r\000g\000o\000d\000i\000c\000i\000d\000a\000d}{chapter.1}% 10
\BOOKMARK [1][-]{section.1.8}{\376\377\000P\000r\000o\000c\000e\000s\000o\000s\000\040\000d\000e\000\040\000N\000a\000c\000i\000m\000i\000e\000n\000t\000o\000\040\000y\000\040\000M\000u\000e\000r\000t\000e}{chapter.1}% 11
\BOOKMARK [1][-]{section.1.9}{\376\377\000P\000r\000o\000c\000e\000s\000o\000s\000\040\000d\000e\000\040\000N\000a\000c\000i\000m\000i\000e\000n\000t\000o\000\040\000y\000\040\000M\000u\000e\000r\000t\000e\000\040\000G\000e\000n\000e\000r\000a\000l\000e\000s}{chapter.1}% 12
\BOOKMARK [1][-]{section.1.10}{\376\377\000N\000o\000t\000a\000c\000i\000\363\000n\000\040\000K\000e\000n\000d\000a\000l\000l\000-\000L\000e\000e}{chapter.1}% 13
\BOOKMARK [2][-]{subsection.1.10.1}{\376\377\000C\000o\000l\000a\000\040\000M\000/\000M\000/\0001}{section.1.10}% 14
\BOOKMARK [2][-]{subsection.1.10.2}{\376\377\000C\000o\000l\000a\000\040\000M\000/\000M\000/}{section.1.10}% 15
\BOOKMARK [2][-]{subsection.1.10.3}{\376\377\000C\000o\000l\000a\000\040\000M\000/\000M\000/\000m}{section.1.10}% 16
\BOOKMARK [2][-]{subsection.1.10.4}{\376\377\000C\000o\000l\000a\000\040\000M\000/\000M\000/\000m\000/\000m}{section.1.10}% 17
\BOOKMARK [2][-]{subsection.1.10.5}{\376\377\000C\000o\000l\000a\000\040\000M\000/\000G\000/\0001}{section.1.10}% 18
\BOOKMARK [2][-]{subsection.1.10.6}{\376\377\000C\000o\000l\000a\000\040\000c\000o\000n\000\040\000I\000n\000f\000i\000n\000i\000d\000a\000d\000\040\000d\000e\000\040\000S\000e\000r\000v\000i\000d\000o\000r\000e\000s}{section.1.10}% 19
\BOOKMARK [1][-]{section.1.11}{\376\377\000R\000e\000d\000e\000s\000\040\000d\000e\000\040\000C\000o\000l\000a\000s\000:\000S\000i\000s\000t\000e\000m\000a\000s\000\040\000A\000b\000i\000e\000r\000t\000o\000s}{chapter.1}% 20
\BOOKMARK [0][-]{chapter.2}{\376\377\000S\000i\000s\000t\000e\000m\000a\000s\000\040\000d\000e\000\040\000V\000i\000s\000i\000t\000a}{part.1}% 21
\BOOKMARK [1][-]{section.2.1}{\376\377\000S\000i\000s\000t\000e\000m\000a\000s\000\040\000d\000e\000\040\000V\000i\000s\000i\000t\000a\000s}{chapter.2}% 22
\BOOKMARK [1][-]{section.2.2}{\376\377\000F\000u\000n\000c\000i\000\363\000n\000\040\000G\000e\000n\000e\000r\000a\000d\000o\000r\000a\000\040\000d\000e\000\040\000P\000r\000o\000b\000a\000b\000i\000l\000i\000d\000a\000d\000e\000s}{chapter.2}% 23
\BOOKMARK [1][-]{section.2.3}{\376\377\000E\000l\000\040\000p\000r\000o\000b\000l\000e\000m\000a\000\040\000d\000e\000\040\000l\000a\000\040\000r\000u\000i\000n\000a\000\040\000d\000e\000l\000\040\000j\000u\000g\000a\000d\000o\000r}{chapter.2}% 24
\BOOKMARK [1][-]{section.2.4}{\376\377\000E\000c\000u\000a\000c\000i\000o\000n\000e\000s\000\040\000C\000e\000n\000t\000r\000a\000l\000e\000s}{chapter.2}% 25
\BOOKMARK [1][-]{section.2.5}{\376\377\000R\000e\000d\000e\000s\000\040\000d\000e\000\040\000J\000a\000c\000k\000s\000o\000n}{chapter.2}% 26
\BOOKMARK [0][-]{chapter.3}{\376\377\000F\000u\000n\000c\000i\000o\000n\000e\000s\000\040\000G\000e\000n\000e\000r\000a\000d\000o\000r\000a\000s\000\040\000d\000e\000\040\000P\000r\000o\000b\000a\000b\000i\000l\000i\000d\000a\000d\000e\000s}{part.1}% 27
\BOOKMARK [0][-]{chapter.4}{\376\377\000M\000o\000d\000e\000l\000o\000s\000\040\000d\000e\000\040\000F\000l\000u\000j\000o}{part.1}% 28
\BOOKMARK [0][-]{chapter.5}{\376\377\000M\000o\000d\000e\000l\000o\000s\000\040\000d\000e\000\040\000F\000l\000u\000j\000o\000:\000\040\000P\000r\000e\000l\000i\000m\000i\000n\000a\000r\000i\000o}{part.1}% 29
\BOOKMARK [0][-]{chapter.6}{\376\377\000T\000e\000o\000r\000e\000m\000a\000\040\000d\000e\000\040\000D\000o\000w\000n}{part.1}% 30
\BOOKMARK [0][-]{chapter.7}{\376\377\000R\000e\000v\000i\000\363\000n\000\040\000d\000e\000\040\000P\000r\000o\000c\000e\000s\000o\000s\000\040\000R\000e\000g\000e\000n\000e\000r\000a\000t\000i\000v\000o\000s}{part.1}% 31
\BOOKMARK [0][-]{chapter.8}{\376\377\000P\000r\000o\000c\000e\000s\000o\000s\000\040\000E\000s\000t\000o\000c\000a\000s\000t\000i\000c\000o\000s}{part.1}% 32
\BOOKMARK [0][-]{chapter.9}{\376\377\000P\000r\000o\000c\000e\000s\000o\000s\000\040\000R\000e\000g\000e\000n\000e\000r\000a\000t\000i\000v\000o\000s}{part.1}% 33
\BOOKMARK [0][-]{chapter.10}{\376\377\000I\000n\000t\000r\000o\000d\000u\000c\000c\000i\000\363\000n\000\040\000a\000\040\000l\000o\000s\000\040\000P\000r\000o\000c\000e\000s\000o\000s\000\040\000d\000e\000\040\000R\000e\000n\000o\000v\000a\000c\000i\000o\000n}{part.1}% 34
\BOOKMARK [0][-]{chapter.11}{\376\377\000T\000h\000o\000r\000i\000s\000s\000o\000n}{part.1}% 35
\BOOKMARK [0][-]{chapter.12}{\376\377\000T\000r\000a\000n\000s\000f\000o\000r\000m\000a\000c\000i\000o\000n\000e\000s}{part.1}% 36
\BOOKMARK [0][-]{chapter.13}{\376\377\000S\000i\000m\000u\000l\000a\000c\000i\000o\000n\000\040\000d\000e\000\040\000V\000a\000r\000i\000a\000b\000l\000e\000s\000\040\000A\000l\000e\000a\000t\000o\000r\000i\000a\000s}{part.1}% 37
\BOOKMARK [0][-]{chapter.14}{\376\377\000P\000r\000o\000c\000e\000s\000o\000s\000\040\000d\000e\000\040\000R\000e\000n\000o\000v\000a\000c\000i\000o\000n}{part.1}% 38
\BOOKMARK [0][-]{chapter.15}{\376\377\000R\000e\000v\000i\000s\000i\000o\000n\000\040\000P\000r\000o\000c\000e\000s\000o\000s\000\040\000R\000e\000g\000e\000n\000e\000r\000a\000t\000i\000v\000o\000s}{part.1}% 39
\BOOKMARK [-1][-]{part.2}{\376\377\000I\000I\000\040\000B\000I\000B\000L\000I\000O\000G\000R\000A\000F\000I\000A}{}% 40
\BOOKMARK [0][-]{chapter.16}{\376\377\000B\000i\000b\000l\000i\000o\000g\000r\000a\000f\000\355\000a}{part.2}% 41
