\BOOKMARK [-1][-]{part.1}{\376\377\000I\000\040\000C\000U\000A\000R\000T\000A\000\040\000P\000A\000R\000T\000E\000:\000\040\000M\000O\000D\000E\000L\000O\000S\000\040\000D\000E\000\040\000F\000L\000U\000J\000O}{}% 1
\BOOKMARK [0][-]{chapter.1}{\376\377\000M\000O\000D\000E\000L\000O\000S\000\040\000D\000E\000\040\000F\000L\000U\000J\000O}{part.1}% 2
\BOOKMARK [1][-]{section.1.1}{\376\377\000F\000u\000n\000c\000i\000o\000n\000e\000s\000\040\000G\000e\000n\000e\000r\000a\000d\000o\000r\000a\000s\000\040\000d\000e\000\040\000P\000r\000o\000b\000a\000b\000i\000l\000i\000d\000a\000d\000e\000s}{chapter.1}% 3
\BOOKMARK [1][-]{section.1.2}{\376\377\000E\000l\000\040\000p\000r\000o\000b\000l\000e\000m\000a\000\040\000d\000e\000\040\000l\000a\000\040\000r\000u\000i\000n\000a\000\040\000d\000e\000l\000\040\000j\000u\000g\000a\000d\000o\000r}{chapter.1}% 4
\BOOKMARK [1][-]{section.1.3}{\376\377\000S\000i\000s\000t\000e\000m\000a\000s\000\040\000d\000e\000\040\000v\000i\000s\000i\000t\000a\000s\000:\000\040\000E\000c\000u\000a\000c\000i\000o\000n\000e\000s\000\040\000R\000e\000c\000u\000r\000s\000i\000v\000a\000s}{chapter.1}% 5
\BOOKMARK [2][-]{subsection.1.3.1}{\376\377\000D\000e\000f\000i\000n\000i\000c\000i\000o\000n\000e\000s}{section.1.3}% 6
\BOOKMARK [2][-]{subsection.1.3.2}{\376\377\000F\000u\000n\000c\000i\000o\000n\000e\000s\000\040\000G\000e\000n\000e\000r\000a\000d\000o\000r\000a\000s\000\040\000d\000e\000\040\000P\000r\000o\000b\000a\000b\000i\000l\000i\000d\000a\000d\000\040\000C\000o\000n\000j\000u\000n\000t\000a}{section.1.3}% 7
\BOOKMARK [1][-]{section.1.4}{\376\377\000P\000r\000o\000c\000e\000s\000o\000s\000\040\000R\000e\000g\000e\000n\000e\000r\000a\000t\000i\000v\000o\000s}{chapter.1}% 8
\BOOKMARK [2][-]{subsection.1.4.1}{\376\377\000P\000r\000o\000c\000e\000s\000o\000s\000\040\000H\000a\000r\000r\000i\000s\000\040\000R\000e\000c\000u\000r\000r\000e\000n\000t\000e}{section.1.4}% 9
\BOOKMARK [1][-]{section.1.5}{\376\377\000P\000r\000e\000l\000i\000m\000i\000n\000a\000r\000e\000s\000:\000\040\000M\000o\000d\000e\000l\000o\000s\000\040\000d\000e\000\040\000F\000l\000u\000j\000o}{chapter.1}% 10
\BOOKMARK [2][-]{subsection.1.5.1}{\376\377\000P\000r\000o\000c\000e\000s\000o\000s\000\040\000R\000e\000g\000e\000n\000e\000r\000a\000t\000i\000v\000o\000s}{section.1.5}% 11
\BOOKMARK [2][-]{subsection.1.5.2}{\376\377\000P\000r\000o\000c\000e\000s\000o\000s\000\040\000H\000a\000r\000r\000i\000s\000\040\000R\000e\000c\000u\000r\000r\000e\000n\000t\000e}{section.1.5}% 12
\BOOKMARK [2][-]{subsection.1.5.3}{\376\377\000M\000o\000d\000e\000l\000o\000\040\000d\000e\000\040\000F\000l\000u\000j\000o}{section.1.5}% 13
\BOOKMARK [2][-]{subsection.1.5.4}{\376\377\000P\000r\000o\000c\000e\000s\000o\000s\000\040\000d\000e\000\040\000E\000s\000t\000a\000d\000o\000s\000\040\000d\000e\000\040\000M\000a\000r\000k\000o\000v}{section.1.5}% 14
\BOOKMARK [2][-]{subsection.1.5.5}{\376\377\000T\000e\000o\000r\000\355\000a\000\040\000G\000e\000n\000e\000r\000a\000l\000\040\000d\000e\000\040\000P\000r\000o\000c\000e\000s\000o\000s\000\040\000E\000s\000t\000o\000c\000\341\000s\000t\000i\000c\000o\000s}{section.1.5}% 15
\BOOKMARK [2][-]{subsection.1.5.6}{\376\377\000P\000r\000o\000p\000i\000e\000d\000a\000d\000e\000s\000\040\000d\000e\000\040\000M\000a\000r\000k\000o\000v}{section.1.5}% 16
\BOOKMARK [2][-]{subsection.1.5.7}{\376\377\000P\000r\000i\000m\000e\000r\000\040\000C\000o\000n\000d\000i\000c\000i\000\363\000n\000\040\000d\000e\000\040\000R\000e\000g\000u\000l\000a\000r\000i\000d\000a\000d}{section.1.5}% 17
\BOOKMARK [2][-]{subsection.1.5.8}{\376\377\000C\000o\000n\000s\000t\000r\000u\000c\000c\000i\000\363\000n\000\040\000d\000e\000l\000\040\000M\000o\000d\000e\000l\000o\000\040\000d\000e\000\040\000F\000l\000u\000j\000o}{section.1.5}% 18
\BOOKMARK [2][-]{subsection.1.5.9}{\376\377\000E\000s\000t\000a\000b\000i\000l\000i\000d\000a\000d}{section.1.5}% 19
\BOOKMARK [2][-]{subsection.1.5.10}{\376\377\000P\000r\000o\000p\000i\000e\000d\000a\000d\000e\000s\000\040\000d\000e\000\040\000M\000a\000r\000k\000o\000v}{section.1.5}% 20
\BOOKMARK [2][-]{subsection.1.5.11}{\376\377\000P\000r\000i\000m\000e\000r\000\040\000C\000o\000n\000d\000i\000c\000i\000\363\000n\000\040\000d\000e\000\040\000R\000e\000g\000u\000l\000a\000r\000i\000d\000a\000d}{section.1.5}% 21
\BOOKMARK [2][-]{subsection.1.5.12}{\376\377\000P\000r\000o\000c\000e\000s\000o\000s\000\040\000F\000u\000e\000r\000t\000e\000\040\000d\000e\000\040\000M\000a\000r\000k\000o\000v}{section.1.5}% 22
\BOOKMARK [2][-]{subsection.1.5.13}{\376\377\000P\000r\000o\000c\000e\000s\000o\000s\000\040\000H\000a\000r\000r\000i\000s\000\040\000R\000e\000c\000u\000r\000r\000e\000n\000t\000e\000s\000\040\000P\000o\000s\000i\000t\000i\000v\000o\000s}{section.1.5}% 23
\BOOKMARK [2][-]{subsection.1.5.14}{\376\377\000C\000o\000n\000s\000t\000r\000u\000c\000c\000i\000\363\000n\000\040\000d\000e\000\040\000u\000n\000\040\000M\000o\000d\000e\000l\000o\000\040\000d\000e\000\040\000F\000l\000u\000j\000o\000\040\000L\000\355\000m\000i\000t\000e}{section.1.5}% 24
\BOOKMARK [2][-]{subsection.1.5.15}{\376\377\000M\000o\000d\000e\000l\000o\000\040\000d\000e\000\040\000V\000i\000s\000i\000t\000a\000s\000\040\000C\000\355\000c\000l\000i\000c\000a\000s\000\040\000c\000o\000n\000\040\000u\000n\000\040\000S\000e\000r\000v\000i\000d\000o\000r\000:\000\040\000E\000s\000t\000a\000b\000i\000l\000i\000d\000a\000d}{section.1.5}% 25
\BOOKMARK [2][-]{subsection.1.5.16}{\376\377\000T\000e\000o\000r\000e\000m\000a\000\040\0002\000.\0001}{section.1.5}% 26
\BOOKMARK [2][-]{subsection.1.5.17}{\376\377\000T\000e\000o\000r\000e\000m\000a\000\040\0002\000.\0002}{section.1.5}% 27
\BOOKMARK [2][-]{subsection.1.5.18}{\376\377\000T\000e\000o\000r\000e\000m\000a\000\040\0002\000.\0003}{section.1.5}% 28
\BOOKMARK [2][-]{subsection.1.5.19}{\376\377\000D\000e\000f\000i\000n\000i\000c\000i\000o\000n\000e\000s\000\040\000B\000\341\000s\000i\000c\000a\000s}{section.1.5}% 29
\BOOKMARK [2][-]{subsection.1.5.20}{\376\377\000P\000r\000e\000l\000i\000m\000i\000n\000a\000r\000e\000s}{section.1.5}% 30
\BOOKMARK [2][-]{subsection.1.5.21}{\376\377\000P\000r\000o\000c\000e\000s\000o\000s\000\040\000H\000a\000r\000r\000i\000s\000\040\000R\000e\000c\000u\000r\000r\000e\000n\000t\000e}{section.1.5}% 31
\BOOKMARK [2][-]{subsection.1.5.22}{\376\377\000M\000o\000d\000e\000l\000o\000\040\000d\000e\000\040\000F\000l\000u\000j\000o}{section.1.5}% 32
\BOOKMARK [2][-]{subsection.1.5.23}{\376\377\000P\000r\000o\000c\000e\000s\000o\000s\000\040\000d\000e\000\040\000E\000s\000t\000a\000d\000o\000s\000\040\000d\000e\000\040\000M\000a\000r\000k\000o\000v}{section.1.5}% 33
\BOOKMARK [2][-]{subsection.1.5.24}{\376\377\000T\000e\000o\000r\000\355\000a\000\040\000G\000e\000n\000e\000r\000a\000l\000\040\000d\000e\000\040\000P\000r\000o\000c\000e\000s\000o\000s\000\040\000E\000s\000t\000o\000c\000\341\000s\000t\000i\000c\000o\000s}{section.1.5}% 34
\BOOKMARK [2][-]{subsection.1.5.25}{\376\377\000P\000r\000o\000p\000i\000e\000d\000a\000d\000e\000s\000\040\000d\000e\000\040\000M\000a\000r\000k\000o\000v}{section.1.5}% 35
\BOOKMARK [2][-]{subsection.1.5.26}{\376\377\000P\000r\000i\000m\000e\000r\000\040\000C\000o\000n\000d\000i\000c\000i\000\363\000n\000\040\000d\000e\000\040\000R\000e\000g\000u\000l\000a\000r\000i\000d\000a\000d}{section.1.5}% 36
\BOOKMARK [2][-]{subsection.1.5.27}{\376\377\000C\000o\000n\000s\000t\000r\000u\000c\000c\000i\000\363\000n\000\040\000d\000e\000l\000\040\000M\000o\000d\000e\000l\000o\000\040\000d\000e\000\040\000F\000l\000u\000j\000o}{section.1.5}% 37
\BOOKMARK [2][-]{subsection.1.5.28}{\376\377\000E\000s\000t\000a\000b\000i\000l\000i\000d\000a\000d}{section.1.5}% 38
\BOOKMARK [2][-]{subsection.1.5.29}{\376\377\000P\000r\000o\000p\000i\000e\000d\000a\000d\000e\000s\000\040\000d\000e\000\040\000M\000a\000r\000k\000o\000v}{section.1.5}% 39
\BOOKMARK [2][-]{subsection.1.5.30}{\376\377\000P\000r\000i\000m\000e\000r\000\040\000C\000o\000n\000d\000i\000c\000i\000\363\000n\000\040\000d\000e\000\040\000R\000e\000g\000u\000l\000a\000r\000i\000d\000a\000d}{section.1.5}% 40
\BOOKMARK [2][-]{subsection.1.5.31}{\376\377\000P\000r\000o\000c\000e\000s\000o\000s\000\040\000d\000e\000\040\000E\000s\000t\000a\000d\000o\000s\000\040\000M\000a\000r\000k\000o\000v\000i\000a\000n\000o\000\040\000p\000a\000r\000a\000\040\000e\000l\000\040\000S\000i\000s\000t\000e\000m\000a}{section.1.5}% 41
\BOOKMARK [2][-]{subsection.1.5.32}{\376\377\000P\000r\000o\000c\000e\000s\000o\000s\000\040\000F\000u\000e\000r\000t\000e\000\040\000d\000e\000\040\000M\000a\000r\000k\000o\000v}{section.1.5}% 42
\BOOKMARK [2][-]{subsection.1.5.33}{\376\377\000P\000r\000o\000c\000e\000s\000o\000s\000\040\000H\000a\000r\000r\000i\000s\000\040\000R\000e\000c\000u\000r\000r\000e\000n\000t\000e\000s\000\040\000P\000o\000s\000i\000t\000i\000v\000o\000s}{section.1.5}% 43
\BOOKMARK [2][-]{subsection.1.5.34}{\376\377\000C\000o\000n\000s\000t\000r\000u\000c\000c\000i\000\363\000n\000\040\000d\000e\000\040\000u\000n\000\040\000M\000o\000d\000e\000l\000o\000\040\000d\000e\000\040\000F\000l\000u\000j\000o\000\040\000L\000\355\000m\000i\000t\000e}{section.1.5}% 44
\BOOKMARK [2][-]{subsection.1.5.35}{\376\377\000M\000o\000d\000e\000l\000o\000\040\000d\000e\000\040\000V\000i\000s\000i\000t\000a\000s\000\040\000C\000\355\000c\000l\000i\000c\000a\000s\000\040\000c\000o\000n\000\040\000u\000n\000\040\000S\000e\000r\000v\000i\000d\000o\000r\000:\000\040\000E\000s\000t\000a\000b\000i\000l\000i\000d\000a\000d}{section.1.5}% 45
\BOOKMARK [2][-]{subsection.1.5.36}{\376\377\000T\000e\000o\000r\000e\000m\000a\000\040\0002\000.\0001}{section.1.5}% 46
\BOOKMARK [2][-]{subsection.1.5.37}{\376\377\000T\000e\000o\000r\000e\000m\000a\000\040\0002\000.\0002}{section.1.5}% 47
\BOOKMARK [2][-]{subsection.1.5.38}{\376\377\000T\000e\000o\000r\000e\000m\000a\000\040\0002\000.\0003}{section.1.5}% 48
\BOOKMARK [2][-]{subsection.1.5.39}{\376\377\000D\000e\000f\000i\000n\000i\000c\000i\000o\000n\000e\000s\000\040\000B\000\341\000s\000i\000c\000a\000s}{section.1.5}% 49
\BOOKMARK [2][-]{subsection.1.5.40}{\376\377\000P\000r\000o\000c\000e\000s\000o\000\040\000d\000e\000\040\000E\000s\000t\000a\000d\000o\000s\000\040\000M\000a\000r\000k\000o\000v\000i\000a\000n\000o\000\040\000p\000a\000r\000a\000\040\000e\000l\000\040\000S\000i\000s\000t\000e\000m\000a}{section.1.5}% 50
\BOOKMARK [2][-]{subsection.1.5.41}{\376\377\000P\000r\000o\000c\000e\000s\000o\000s\000\040\000F\000u\000e\000r\000t\000e\000\040\000d\000e\000\040\000M\000a\000r\000k\000o\000v}{section.1.5}% 51
\BOOKMARK [2][-]{subsection.1.5.42}{\376\377\000P\000r\000o\000p\000i\000e\000d\000a\000d\000e\000s\000\040\000d\000e\000\040\000M\000a\000r\000k\000o\000v}{section.1.5}% 52
\BOOKMARK [2][-]{subsection.1.5.43}{\376\377\000P\000r\000i\000m\000e\000r\000\040\000C\000o\000n\000d\000i\000c\000i\000\363\000n\000\040\000d\000e\000\040\000R\000e\000g\000u\000l\000a\000r\000i\000d\000a\000d}{section.1.5}% 53
\BOOKMARK [2][-]{subsection.1.5.44}{\376\377\000P\000r\000o\000p\000i\000e\000d\000a\000d\000e\000s\000\040\000d\000e\000\040\000M\000a\000r\000k\000o\000v}{section.1.5}% 54
\BOOKMARK [2][-]{subsection.1.5.45}{\376\377\000P\000r\000i\000m\000e\000r\000\040\000C\000o\000n\000d\000i\000c\000i\000\363\000n\000\040\000d\000e\000\040\000R\000e\000g\000u\000l\000a\000r\000i\000d\000a\000d}{section.1.5}% 55
\BOOKMARK [2][-]{subsection.1.5.46}{\376\377\000S\000u\000p\000u\000e\000s\000t\000o\000s}{section.1.5}% 56
\BOOKMARK [2][-]{subsection.1.5.47}{\376\377\000P\000r\000o\000c\000e\000s\000o\000s\000\040\000H\000a\000r\000r\000i\000s\000\040\000R\000e\000c\000u\000r\000r\000e\000n\000t\000e}{section.1.5}% 57
\BOOKMARK [2][-]{subsection.1.5.48}{\376\377\000M\000o\000d\000e\000l\000o\000\040\000d\000e\000\040\000F\000l\000u\000j\000o}{section.1.5}% 58
\BOOKMARK [2][-]{subsection.1.5.49}{\376\377\000S\000u\000p\000u\000e\000s\000t\000o\000s}{section.1.5}% 59
\BOOKMARK [2][-]{subsection.1.5.50}{\376\377\000P\000r\000o\000c\000e\000s\000o\000s\000\040\000H\000a\000r\000r\000i\000s\000\040\000R\000e\000c\000u\000r\000r\000e\000n\000t\000e}{section.1.5}% 60
\BOOKMARK [2][-]{subsection.1.5.51}{\376\377\000M\000o\000d\000e\000l\000o\000\040\000d\000e\000\040\000F\000l\000u\000j\000o}{section.1.5}% 61
\BOOKMARK [2][-]{subsection.1.5.52}{\376\377\000M\000o\000d\000e\000l\000o\000\040\000d\000e\000\040\000F\000l\000u\000j\000o}{section.1.5}% 62
\BOOKMARK [2][-]{subsection.1.5.53}{\376\377\000E\000s\000t\000a\000b\000i\000l\000i\000d\000a\000d\000\040\000d\000e\000\040\000l\000o\000s\000\040\000S\000i\000s\000t\000e\000m\000a\000s\000\040\000d\000e\000\040\000V\000i\000s\000i\000t\000a\000s\000\040\000C\000\355\000c\000l\000i\000c\000a\000s}{section.1.5}% 63
\BOOKMARK [2][-]{subsection.1.5.54}{\376\377\000R\000e\000s\000u\000l\000t\000a\000d\000o\000s\000\040\000p\000r\000i\000n\000c\000i\000p\000a\000l\000e\000s}{section.1.5}% 64
\BOOKMARK [2][-]{subsection.1.5.55}{\376\377\000S\000u\000p\000u\000e\000s\000t\000o\000s}{section.1.5}% 65
\BOOKMARK [2][-]{subsection.1.5.56}{\376\377\000P\000r\000o\000c\000e\000s\000o\000s\000\040\000H\000a\000r\000r\000i\000s\000\040\000R\000e\000c\000u\000r\000r\000e\000n\000t\000e}{section.1.5}% 66
\BOOKMARK [2][-]{subsection.1.5.57}{\376\377\000M\000o\000d\000e\000l\000o\000\040\000d\000e\000\040\000F\000l\000u\000j\000o}{section.1.5}% 67
\BOOKMARK [2][-]{subsection.1.5.58}{\376\377\000S\000u\000p\000u\000e\000s\000t\000o\000s}{section.1.5}% 68
\BOOKMARK [2][-]{subsection.1.5.59}{\376\377\000P\000r\000o\000c\000e\000s\000o\000s\000\040\000H\000a\000r\000r\000i\000s\000\040\000R\000e\000c\000u\000r\000r\000e\000n\000t\000e}{section.1.5}% 69
\BOOKMARK [2][-]{subsection.1.5.60}{\376\377\000M\000o\000d\000e\000l\000o\000\040\000d\000e\000\040\000F\000l\000u\000j\000o}{section.1.5}% 70
\BOOKMARK [2][-]{subsection.1.5.61}{\376\377\000P\000r\000o\000c\000e\000s\000o\000s\000\040\000H\000a\000r\000r\000i\000s\000\040\000R\000e\000c\000u\000r\000r\000e\000n\000t\000e}{section.1.5}% 71
\BOOKMARK [2][-]{subsection.1.5.62}{\376\377\000M\000o\000d\000e\000l\000o\000\040\000d\000e\000\040\000F\000l\000u\000j\000o}{section.1.5}% 72
\BOOKMARK [2][-]{subsection.1.5.63}{\376\377\000S\000u\000p\000u\000e\000s\000t\000o\000s}{section.1.5}% 73
\BOOKMARK [2][-]{subsection.1.5.64}{\376\377\000P\000r\000o\000c\000e\000s\000o\000s\000\040\000H\000a\000r\000r\000i\000s\000\040\000R\000e\000c\000u\000r\000r\000e\000n\000t\000e}{section.1.5}% 74
\BOOKMARK [2][-]{subsection.1.5.65}{\376\377\000M\000o\000d\000e\000l\000o\000\040\000d\000e\000\040\000F\000l\000u\000j\000o}{section.1.5}% 75
\BOOKMARK [2][-]{subsection.1.5.66}{\376\377\000Y\000a\000\040\000r\000e\000v\000i\000s\000a\000d\000o}{section.1.5}% 76
\BOOKMARK [2][-]{subsection.1.5.67}{\376\377\000P\000r\000o\000c\000e\000s\000o\000s\000\040\000d\000e\000\040\000R\000e\000n\000o\000v\000a\000c\000i\000\363\000n\000\040\000y\000\040\000R\000e\000g\000e\000n\000e\000r\000a\000t\000i\000v\000o\000s}{section.1.5}% 77
\BOOKMARK [2][-]{subsection.1.5.68}{\376\377\000T\000i\000e\000m\000p\000o\000\040\000d\000e\000\040\000C\000i\000c\000l\000o\000\040\000P\000r\000o\000m\000e\000d\000i\000o}{section.1.5}% 78
\BOOKMARK [2][-]{subsection.1.5.69}{\376\377\000T\000i\000e\000m\000p\000o\000s\000\040\000d\000e\000\040\000C\000i\000c\000l\000o\000\040\000e\000\040\000I\000n\000t\000e\000r\000v\000i\000s\000i\000t\000a}{section.1.5}% 79
\BOOKMARK [2][-]{subsection.1.5.70}{\376\377\000L\000o\000n\000g\000i\000t\000u\000d\000e\000s\000\040\000d\000e\000\040\000l\000a\000\040\000C\000o\000l\000a\000\040\000e\000n\000\040\000c\000u\000a\000l\000q\000u\000i\000e\000r\000\040\000t\000i\000e\000m\000p\000o}{section.1.5}% 80
\BOOKMARK [2][-]{subsection.1.5.71}{\376\377\000P\000o\000r\000\040\000r\000e\000s\000o\000l\000v\000e\000r}{section.1.5}% 81
\BOOKMARK [2][-]{subsection.1.5.72}{\376\377\000T\000i\000e\000m\000p\000o\000s\000\040\000d\000e\000\040\000C\000i\000c\000l\000o\000\040\000e\000\040\000I\000n\000t\000e\000r\000v\000i\000s\000i\000t\000a}{section.1.5}% 82
\BOOKMARK [2][-]{subsection.1.5.73}{\376\377\000L\000o\000n\000g\000i\000t\000u\000d\000e\000s\000\040\000d\000e\000\040\000l\000a\000\040\000C\000o\000l\000a\000\040\000e\000n\000\040\000c\000u\000a\000l\000q\000u\000i\000e\000r\000\040\000t\000i\000e\000m\000p\000o}{section.1.5}% 83
\BOOKMARK [2][-]{subsection.1.5.74}{\376\377\000M\000a\000t\000e\000r\000i\000a\000l\000\040\000p\000o\000r\000\040\000a\000g\000r\000e\000g\000a\000r}{section.1.5}% 84
\BOOKMARK [2][-]{subsection.1.5.75}{\376\377\000P\000r\000o\000p\000i\000e\000d\000a\000d\000e\000s\000\040\000d\000e\000\040\000l\000o\000s\000\040\000P\000r\000o\000c\000e\000s\000o\000s\000\040\000d\000e\000\040\000R\000e\000n\000o\000v\000a\000c\000i\000\363\000n}{section.1.5}% 85
\BOOKMARK [1][-]{section.1.6}{\376\377\000P\000r\000e\000l\000i\000m\000i\000n\000a\000r\000e\000s\000:\000\040\000M\000o\000d\000e\000l\000o\000s\000\040\000d\000e\000\040\000F\000l\000u\000j\000o}{chapter.1}% 86
\BOOKMARK [2][-]{subsection.1.6.1}{\376\377\000P\000r\000o\000c\000e\000s\000o\000s\000\040\000R\000e\000g\000e\000n\000e\000r\000a\000t\000i\000v\000o\000s}{section.1.6}% 87
\BOOKMARK [2][-]{subsection.1.6.2}{\376\377\000P\000r\000o\000c\000e\000s\000o\000s\000\040\000H\000a\000r\000r\000i\000s\000\040\000R\000e\000c\000u\000r\000r\000e\000n\000t\000e}{section.1.6}% 88
\BOOKMARK [2][-]{subsection.1.6.3}{\376\377\000M\000o\000d\000e\000l\000o\000\040\000d\000e\000\040\000F\000l\000u\000j\000o}{section.1.6}% 89
\BOOKMARK [2][-]{subsection.1.6.4}{\376\377\000P\000r\000o\000c\000e\000s\000o\000s\000\040\000d\000e\000\040\000E\000s\000t\000a\000d\000o\000s\000\040\000d\000e\000\040\000M\000a\000r\000k\000o\000v}{section.1.6}% 90
\BOOKMARK [2][-]{subsection.1.6.5}{\376\377\000T\000e\000o\000r\000\355\000a\000\040\000G\000e\000n\000e\000r\000a\000l\000\040\000d\000e\000\040\000P\000r\000o\000c\000e\000s\000o\000s\000\040\000E\000s\000t\000o\000c\000\341\000s\000t\000i\000c\000o\000s}{section.1.6}% 91
\BOOKMARK [2][-]{subsection.1.6.6}{\376\377\000P\000r\000o\000p\000i\000e\000d\000a\000d\000e\000s\000\040\000d\000e\000\040\000M\000a\000r\000k\000o\000v}{section.1.6}% 92
\BOOKMARK [2][-]{subsection.1.6.7}{\376\377\000P\000r\000i\000m\000e\000r\000\040\000C\000o\000n\000d\000i\000c\000i\000\363\000n\000\040\000d\000e\000\040\000R\000e\000g\000u\000l\000a\000r\000i\000d\000a\000d}{section.1.6}% 93
\BOOKMARK [2][-]{subsection.1.6.8}{\376\377\000C\000o\000n\000s\000t\000r\000u\000c\000c\000i\000\363\000n\000\040\000d\000e\000l\000\040\000M\000o\000d\000e\000l\000o\000\040\000d\000e\000\040\000F\000l\000u\000j\000o}{section.1.6}% 94
\BOOKMARK [2][-]{subsection.1.6.9}{\376\377\000E\000s\000t\000a\000b\000i\000l\000i\000d\000a\000d}{section.1.6}% 95
\BOOKMARK [2][-]{subsection.1.6.10}{\376\377\000P\000r\000o\000p\000i\000e\000d\000a\000d\000e\000s\000\040\000d\000e\000\040\000M\000a\000r\000k\000o\000v}{section.1.6}% 96
\BOOKMARK [2][-]{subsection.1.6.11}{\376\377\000P\000r\000i\000m\000e\000r\000\040\000C\000o\000n\000d\000i\000c\000i\000\363\000n\000\040\000d\000e\000\040\000R\000e\000g\000u\000l\000a\000r\000i\000d\000a\000d}{section.1.6}% 97
\BOOKMARK [2][-]{subsection.1.6.12}{\376\377\000P\000r\000o\000c\000e\000s\000o\000s\000\040\000F\000u\000e\000r\000t\000e\000\040\000d\000e\000\040\000M\000a\000r\000k\000o\000v}{section.1.6}% 98
\BOOKMARK [2][-]{subsection.1.6.13}{\376\377\000P\000r\000o\000c\000e\000s\000o\000s\000\040\000H\000a\000r\000r\000i\000s\000\040\000R\000e\000c\000u\000r\000r\000e\000n\000t\000e\000s\000\040\000P\000o\000s\000i\000t\000i\000v\000o\000s}{section.1.6}% 99
\BOOKMARK [2][-]{subsection.1.6.14}{\376\377\000C\000o\000n\000s\000t\000r\000u\000c\000c\000i\000\363\000n\000\040\000d\000e\000\040\000u\000n\000\040\000M\000o\000d\000e\000l\000o\000\040\000d\000e\000\040\000F\000l\000u\000j\000o\000\040\000L\000\355\000m\000i\000t\000e}{section.1.6}% 100
\BOOKMARK [2][-]{subsection.1.6.15}{\376\377\000M\000o\000d\000e\000l\000o\000\040\000d\000e\000\040\000V\000i\000s\000i\000t\000a\000s\000\040\000C\000\355\000c\000l\000i\000c\000a\000s\000\040\000c\000o\000n\000\040\000u\000n\000\040\000S\000e\000r\000v\000i\000d\000o\000r\000:\000\040\000E\000s\000t\000a\000b\000i\000l\000i\000d\000a\000d}{section.1.6}% 101
\BOOKMARK [2][-]{subsection.1.6.16}{\376\377\000T\000e\000o\000r\000e\000m\000a\000\040\0002\000.\0001}{section.1.6}% 102
\BOOKMARK [2][-]{subsection.1.6.17}{\376\377\000T\000e\000o\000r\000e\000m\000a\000\040\0002\000.\0002}{section.1.6}% 103
\BOOKMARK [2][-]{subsection.1.6.18}{\376\377\000T\000e\000o\000r\000e\000m\000a\000\040\0002\000.\0003}{section.1.6}% 104
\BOOKMARK [2][-]{subsection.1.6.19}{\376\377\000D\000e\000f\000i\000n\000i\000c\000i\000o\000n\000e\000s\000\040\000B\000\341\000s\000i\000c\000a\000s}{section.1.6}% 105
\BOOKMARK [2][-]{subsection.1.6.20}{\376\377\000P\000r\000e\000l\000i\000m\000i\000n\000a\000r\000e\000s}{section.1.6}% 106
\BOOKMARK [2][-]{subsection.1.6.21}{\376\377\000P\000r\000o\000c\000e\000s\000o\000s\000\040\000H\000a\000r\000r\000i\000s\000\040\000R\000e\000c\000u\000r\000r\000e\000n\000t\000e}{section.1.6}% 107
\BOOKMARK [2][-]{subsection.1.6.22}{\376\377\000M\000o\000d\000e\000l\000o\000\040\000d\000e\000\040\000F\000l\000u\000j\000o}{section.1.6}% 108
\BOOKMARK [2][-]{subsection.1.6.23}{\376\377\000P\000r\000o\000c\000e\000s\000o\000s\000\040\000d\000e\000\040\000E\000s\000t\000a\000d\000o\000s\000\040\000d\000e\000\040\000M\000a\000r\000k\000o\000v}{section.1.6}% 109
\BOOKMARK [2][-]{subsection.1.6.24}{\376\377\000T\000e\000o\000r\000\355\000a\000\040\000G\000e\000n\000e\000r\000a\000l\000\040\000d\000e\000\040\000P\000r\000o\000c\000e\000s\000o\000s\000\040\000E\000s\000t\000o\000c\000\341\000s\000t\000i\000c\000o\000s}{section.1.6}% 110
\BOOKMARK [2][-]{subsection.1.6.25}{\376\377\000P\000r\000o\000p\000i\000e\000d\000a\000d\000e\000s\000\040\000d\000e\000\040\000M\000a\000r\000k\000o\000v}{section.1.6}% 111
\BOOKMARK [2][-]{subsection.1.6.26}{\376\377\000P\000r\000i\000m\000e\000r\000\040\000C\000o\000n\000d\000i\000c\000i\000\363\000n\000\040\000d\000e\000\040\000R\000e\000g\000u\000l\000a\000r\000i\000d\000a\000d}{section.1.6}% 112
\BOOKMARK [2][-]{subsection.1.6.27}{\376\377\000C\000o\000n\000s\000t\000r\000u\000c\000c\000i\000\363\000n\000\040\000d\000e\000l\000\040\000M\000o\000d\000e\000l\000o\000\040\000d\000e\000\040\000F\000l\000u\000j\000o}{section.1.6}% 113
\BOOKMARK [2][-]{subsection.1.6.28}{\376\377\000E\000s\000t\000a\000b\000i\000l\000i\000d\000a\000d}{section.1.6}% 114
\BOOKMARK [2][-]{subsection.1.6.29}{\376\377\000P\000r\000o\000p\000i\000e\000d\000a\000d\000e\000s\000\040\000d\000e\000\040\000M\000a\000r\000k\000o\000v}{section.1.6}% 115
\BOOKMARK [2][-]{subsection.1.6.30}{\376\377\000P\000r\000i\000m\000e\000r\000\040\000C\000o\000n\000d\000i\000c\000i\000\363\000n\000\040\000d\000e\000\040\000R\000e\000g\000u\000l\000a\000r\000i\000d\000a\000d}{section.1.6}% 116
\BOOKMARK [2][-]{subsection.1.6.31}{\376\377\000P\000r\000o\000c\000e\000s\000o\000s\000\040\000d\000e\000\040\000E\000s\000t\000a\000d\000o\000s\000\040\000M\000a\000r\000k\000o\000v\000i\000a\000n\000o\000\040\000p\000a\000r\000a\000\040\000e\000l\000\040\000S\000i\000s\000t\000e\000m\000a}{section.1.6}% 117
\BOOKMARK [2][-]{subsection.1.6.32}{\376\377\000P\000r\000o\000c\000e\000s\000o\000s\000\040\000F\000u\000e\000r\000t\000e\000\040\000d\000e\000\040\000M\000a\000r\000k\000o\000v}{section.1.6}% 118
\BOOKMARK [2][-]{subsection.1.6.33}{\376\377\000P\000r\000o\000c\000e\000s\000o\000s\000\040\000H\000a\000r\000r\000i\000s\000\040\000R\000e\000c\000u\000r\000r\000e\000n\000t\000e\000s\000\040\000P\000o\000s\000i\000t\000i\000v\000o\000s}{section.1.6}% 119
\BOOKMARK [2][-]{subsection.1.6.34}{\376\377\000C\000o\000n\000s\000t\000r\000u\000c\000c\000i\000\363\000n\000\040\000d\000e\000\040\000u\000n\000\040\000M\000o\000d\000e\000l\000o\000\040\000d\000e\000\040\000F\000l\000u\000j\000o\000\040\000L\000\355\000m\000i\000t\000e}{section.1.6}% 120
\BOOKMARK [2][-]{subsection.1.6.35}{\376\377\000M\000o\000d\000e\000l\000o\000\040\000d\000e\000\040\000V\000i\000s\000i\000t\000a\000s\000\040\000C\000\355\000c\000l\000i\000c\000a\000s\000\040\000c\000o\000n\000\040\000u\000n\000\040\000S\000e\000r\000v\000i\000d\000o\000r\000:\000\040\000E\000s\000t\000a\000b\000i\000l\000i\000d\000a\000d}{section.1.6}% 121
\BOOKMARK [2][-]{subsection.1.6.36}{\376\377\000T\000e\000o\000r\000e\000m\000a\000\040\0002\000.\0001}{section.1.6}% 122
\BOOKMARK [2][-]{subsection.1.6.37}{\376\377\000T\000e\000o\000r\000e\000m\000a\000\040\0002\000.\0002}{section.1.6}% 123
\BOOKMARK [2][-]{subsection.1.6.38}{\376\377\000T\000e\000o\000r\000e\000m\000a\000\040\0002\000.\0003}{section.1.6}% 124
\BOOKMARK [2][-]{subsection.1.6.39}{\376\377\000D\000e\000f\000i\000n\000i\000c\000i\000o\000n\000e\000s\000\040\000B\000\341\000s\000i\000c\000a\000s}{section.1.6}% 125
\BOOKMARK [2][-]{subsection.1.6.40}{\376\377\000P\000r\000o\000c\000e\000s\000o\000\040\000d\000e\000\040\000E\000s\000t\000a\000d\000o\000s\000\040\000M\000a\000r\000k\000o\000v\000i\000a\000n\000o\000\040\000p\000a\000r\000a\000\040\000e\000l\000\040\000S\000i\000s\000t\000e\000m\000a}{section.1.6}% 126
\BOOKMARK [2][-]{subsection.1.6.41}{\376\377\000P\000r\000o\000c\000e\000s\000o\000s\000\040\000F\000u\000e\000r\000t\000e\000\040\000d\000e\000\040\000M\000a\000r\000k\000o\000v}{section.1.6}% 127
\BOOKMARK [2][-]{subsection.1.6.42}{\376\377\000P\000r\000o\000p\000i\000e\000d\000a\000d\000e\000s\000\040\000d\000e\000\040\000M\000a\000r\000k\000o\000v}{section.1.6}% 128
\BOOKMARK [2][-]{subsection.1.6.43}{\376\377\000P\000r\000i\000m\000e\000r\000\040\000C\000o\000n\000d\000i\000c\000i\000\363\000n\000\040\000d\000e\000\040\000R\000e\000g\000u\000l\000a\000r\000i\000d\000a\000d}{section.1.6}% 129
\BOOKMARK [2][-]{subsection.1.6.44}{\376\377\000P\000r\000o\000p\000i\000e\000d\000a\000d\000e\000s\000\040\000d\000e\000\040\000M\000a\000r\000k\000o\000v}{section.1.6}% 130
\BOOKMARK [2][-]{subsection.1.6.45}{\376\377\000P\000r\000i\000m\000e\000r\000\040\000C\000o\000n\000d\000i\000c\000i\000\363\000n\000\040\000d\000e\000\040\000R\000e\000g\000u\000l\000a\000r\000i\000d\000a\000d}{section.1.6}% 131
\BOOKMARK [2][-]{subsection.1.6.46}{\376\377\000S\000u\000p\000u\000e\000s\000t\000o\000s}{section.1.6}% 132
\BOOKMARK [2][-]{subsection.1.6.47}{\376\377\000P\000r\000o\000c\000e\000s\000o\000s\000\040\000H\000a\000r\000r\000i\000s\000\040\000R\000e\000c\000u\000r\000r\000e\000n\000t\000e}{section.1.6}% 133
\BOOKMARK [2][-]{subsection.1.6.48}{\376\377\000M\000o\000d\000e\000l\000o\000\040\000d\000e\000\040\000F\000l\000u\000j\000o}{section.1.6}% 134
\BOOKMARK [2][-]{subsection.1.6.49}{\376\377\000S\000u\000p\000u\000e\000s\000t\000o\000s}{section.1.6}% 135
\BOOKMARK [2][-]{subsection.1.6.50}{\376\377\000P\000r\000o\000c\000e\000s\000o\000s\000\040\000H\000a\000r\000r\000i\000s\000\040\000R\000e\000c\000u\000r\000r\000e\000n\000t\000e}{section.1.6}% 136
\BOOKMARK [2][-]{subsection.1.6.51}{\376\377\000M\000o\000d\000e\000l\000o\000\040\000d\000e\000\040\000F\000l\000u\000j\000o}{section.1.6}% 137
\BOOKMARK [2][-]{subsection.1.6.52}{\376\377\000M\000o\000d\000e\000l\000o\000\040\000d\000e\000\040\000F\000l\000u\000j\000o}{section.1.6}% 138
\BOOKMARK [2][-]{subsection.1.6.53}{\376\377\000E\000s\000t\000a\000b\000i\000l\000i\000d\000a\000d\000\040\000d\000e\000\040\000l\000o\000s\000\040\000S\000i\000s\000t\000e\000m\000a\000s\000\040\000d\000e\000\040\000V\000i\000s\000i\000t\000a\000s\000\040\000C\000\355\000c\000l\000i\000c\000a\000s}{section.1.6}% 139
\BOOKMARK [2][-]{subsection.1.6.54}{\376\377\000R\000e\000s\000u\000l\000t\000a\000d\000o\000s\000\040\000p\000r\000i\000n\000c\000i\000p\000a\000l\000e\000s}{section.1.6}% 140
\BOOKMARK [2][-]{subsection.1.6.55}{\376\377\000S\000u\000p\000u\000e\000s\000t\000o\000s}{section.1.6}% 141
\BOOKMARK [2][-]{subsection.1.6.56}{\376\377\000P\000r\000o\000c\000e\000s\000o\000s\000\040\000H\000a\000r\000r\000i\000s\000\040\000R\000e\000c\000u\000r\000r\000e\000n\000t\000e}{section.1.6}% 142
\BOOKMARK [2][-]{subsection.1.6.57}{\376\377\000M\000o\000d\000e\000l\000o\000\040\000d\000e\000\040\000F\000l\000u\000j\000o}{section.1.6}% 143
\BOOKMARK [2][-]{subsection.1.6.58}{\376\377\000S\000u\000p\000u\000e\000s\000t\000o\000s}{section.1.6}% 144
\BOOKMARK [2][-]{subsection.1.6.59}{\376\377\000P\000r\000o\000c\000e\000s\000o\000s\000\040\000H\000a\000r\000r\000i\000s\000\040\000R\000e\000c\000u\000r\000r\000e\000n\000t\000e}{section.1.6}% 145
\BOOKMARK [2][-]{subsection.1.6.60}{\376\377\000M\000o\000d\000e\000l\000o\000\040\000d\000e\000\040\000F\000l\000u\000j\000o}{section.1.6}% 146
\BOOKMARK [2][-]{subsection.1.6.61}{\376\377\000P\000r\000o\000c\000e\000s\000o\000s\000\040\000H\000a\000r\000r\000i\000s\000\040\000R\000e\000c\000u\000r\000r\000e\000n\000t\000e}{section.1.6}% 147
\BOOKMARK [2][-]{subsection.1.6.62}{\376\377\000M\000o\000d\000e\000l\000o\000\040\000d\000e\000\040\000F\000l\000u\000j\000o}{section.1.6}% 148
\BOOKMARK [2][-]{subsection.1.6.63}{\376\377\000S\000u\000p\000u\000e\000s\000t\000o\000s}{section.1.6}% 149
\BOOKMARK [2][-]{subsection.1.6.64}{\376\377\000P\000r\000o\000c\000e\000s\000o\000s\000\040\000H\000a\000r\000r\000i\000s\000\040\000R\000e\000c\000u\000r\000r\000e\000n\000t\000e}{section.1.6}% 150
\BOOKMARK [2][-]{subsection.1.6.65}{\376\377\000M\000o\000d\000e\000l\000o\000\040\000d\000e\000\040\000F\000l\000u\000j\000o}{section.1.6}% 151
\BOOKMARK [1][-]{section.1.7}{\376\377\000F\000u\000e\000r\000a\000\040\000d\000e\000\040\000t\000e\000m\000a}{chapter.1}% 152
\BOOKMARK [2][-]{subsection.1.7.1}{\376\377\000T\000e\000o\000r\000e\000m\000a\000\040\000P\000r\000i\000n\000c\000i\000p\000a\000l\000\040\000d\000e\000\040\000R\000e\000n\000o\000v\000a\000c\000i\000\363\000n}{section.1.7}% 153
\BOOKMARK [2][-]{subsection.1.7.2}{\376\377\000P\000r\000o\000p\000i\000e\000d\000a\000d\000e\000s\000\040\000d\000e\000\040\000l\000o\000s\000\040\000P\000r\000o\000c\000e\000s\000o\000s\000\040\000d\000e\000\040\000R\000e\000n\000o\000v\000a\000c\000i\000\363\000n}{section.1.7}% 154
\BOOKMARK [2][-]{subsection.1.7.3}{\376\377\000P\000r\000o\000c\000e\000s\000o\000s\000\040\000d\000e\000\040\000R\000e\000n\000o\000v\000a\000c\000i\000\363\000n}{section.1.7}% 155
\BOOKMARK [2][-]{subsection.1.7.4}{\376\377\000R\000e\000n\000e\000w\000a\000l\000\040\000a\000n\000d\000\040\000R\000e\000g\000e\000n\000e\000r\000a\000t\000i\000v\000e\000\040\000P\000r\000o\000c\000e\000s\000s\000e\000s\000:\000\040\000S\000e\000r\000f\000o\000z\000o\000S\000e\000r\000f\000o\000z\000o}{section.1.7}% 156
\BOOKMARK [2][-]{subsection.1.7.5}{\376\377\000R\000e\000n\000e\000w\000a\000l\000\040\000a\000n\000d\000\040\000R\000e\000g\000e\000n\000e\000r\000a\000t\000i\000v\000e\000\040\000P\000r\000o\000c\000e\000s\000s\000e\000s\000:\000\040\000S\000e\000r\000f\000o\000z\000o\000S\000e\000r\000f\000o\000z\000o}{section.1.7}% 157
\BOOKMARK [2][-]{subsection.1.7.6}{\376\377\000P\000r\000o\000c\000e\000s\000o\000s\000\040\000R\000e\000g\000e\000n\000e\000r\000a\000t\000i\000v\000o\000s}{section.1.7}% 158
\BOOKMARK [2][-]{subsection.1.7.7}{\376\377\000P\000r\000o\000c\000e\000s\000o\000s\000\040\000R\000e\000g\000e\000n\000e\000r\000a\000t\000i\000v\000o\000s\000\040\000E\000s\000t\000a\000c\000i\000o\000n\000a\000r\000i\000o\000s\000\040\000-\000\040\000S\000t\000i\000d\000h\000a\000m\000\040\000S\000t\000i\000d\000h\000a\000m}{section.1.7}% 159
\BOOKMARK [1][-]{section.1.8}{\376\377\000D\000e\000\040\000n\000u\000e\000v\000o}{chapter.1}% 160
\BOOKMARK [2][-]{subsection.1.8.1}{\376\377\000R\000e\000n\000e\000w\000a\000l\000\040\000a\000n\000d\000\040\000R\000e\000g\000e\000n\000e\000r\000a\000t\000i\000v\000e\000\040\000P\000r\000o\000c\000e\000s\000s\000e\000s\000:\000\040\000S\000e\000r\000f\000o\000z\000o\000S\000e\000r\000f\000o\000z\000o}{section.1.8}% 161
\BOOKMARK [2][-]{subsection.1.8.2}{\376\377\000P\000r\000o\000c\000e\000s\000o\000s\000\040\000R\000e\000g\000e\000n\000e\000r\000a\000t\000i\000v\000o\000s\000\040\000E\000s\000t\000a\000c\000i\000o\000n\000a\000r\000i\000o\000s\000\040\000-\000\040\000S\000t\000i\000d\000h\000a\000m\000\040\000S\000t\000i\000d\000h\000a\000m}{section.1.8}% 162
\BOOKMARK [2][-]{subsection.1.8.3}{\376\377\000P\000r\000o\000c\000e\000s\000o\000s\000\040\000R\000e\000g\000e\000n\000e\000r\000a\000t\000i\000v\000o\000s\000\040\000E\000s\000t\000a\000c\000i\000o\000n\000a\000r\000i\000o\000s\000\040\000-\000\040\000S\000t\000i\000d\000h\000a\000m\000\040\000S\000t\000i\000d\000h\000a\000m}{section.1.8}% 163
\BOOKMARK [2][-]{subsection.1.8.4}{\376\377\000P\000r\000o\000c\000e\000s\000o\000s\000\040\000R\000e\000g\000e\000n\000e\000r\000a\000t\000i\000v\000o\000s\000\040\000E\000s\000t\000a\000c\000i\000o\000n\000a\000r\000i\000o\000s\000\040\000-\000\040\000S\000t\000i\000d\000h\000a\000m\000\040\000S\000t\000i\000d\000h\000a\000m}{section.1.8}% 164
\BOOKMARK [2][-]{subsection.1.8.5}{\376\377\000P\000r\000o\000c\000e\000s\000o\000s\000\040\000d\000e\000\040\000R\000e\000n\000o\000v\000a\000c\000i\000\363\000n}{section.1.8}% 165
\BOOKMARK [2][-]{subsection.1.8.6}{\376\377\000T\000e\000o\000r\000e\000m\000a\000\040\000P\000r\000i\000n\000c\000i\000p\000a\000l\000\040\000d\000e\000\040\000R\000e\000n\000o\000v\000a\000c\000i\000\363\000n}{section.1.8}% 166
\BOOKMARK [2][-]{subsection.1.8.7}{\376\377\000F\000u\000n\000c\000i\000\363\000n\000\040\000d\000e\000\040\000R\000e\000n\000o\000v\000a\000c\000i\000\363\000n}{section.1.8}% 167
\BOOKMARK [2][-]{subsection.1.8.8}{\376\377\000P\000r\000o\000p\000i\000e\000d\000a\000d\000e\000s\000\040\000d\000e\000\040\000l\000o\000s\000\040\000P\000r\000o\000c\000e\000s\000o\000s\000\040\000d\000e\000\040\000R\000e\000n\000o\000v\000a\000c\000i\000\363\000n}{section.1.8}% 168
\BOOKMARK [2][-]{subsection.1.8.9}{\376\377\000F\000u\000n\000c\000i\000\363\000n\000\040\000d\000e\000\040\000R\000e\000n\000o\000v\000a\000c\000i\000\363\000n}{section.1.8}% 169
\BOOKMARK [2][-]{subsection.1.8.10}{\376\377\000P\000r\000o\000c\000e\000s\000o\000s\000\040\000d\000e\000\040\000R\000e\000n\000o\000v\000a\000c\000i\000\363\000n}{section.1.8}% 170
\BOOKMARK [2][-]{subsection.1.8.11}{\376\377\000P\000r\000o\000c\000e\000s\000o\000s\000\040\000R\000e\000g\000e\000n\000e\000r\000a\000t\000i\000v\000o\000s}{section.1.8}% 171
\BOOKMARK [2][-]{subsection.1.8.12}{\376\377\000P\000r\000o\000c\000e\000s\000o\000s\000\040\000d\000e\000\040\000R\000e\000n\000o\000v\000a\000c\000i\000\363\000n}{section.1.8}% 172
\BOOKMARK [2][-]{subsection.1.8.13}{\376\377\000T\000e\000o\000r\000e\000m\000a\000\040\000P\000r\000i\000n\000c\000i\000p\000a\000l\000\040\000d\000e\000\040\000R\000e\000n\000o\000v\000a\000c\000i\000\363\000n}{section.1.8}% 173
\BOOKMARK [2][-]{subsection.1.8.14}{\376\377\000F\000u\000n\000c\000i\000\363\000n\000\040\000d\000e\000\040\000R\000e\000n\000o\000v\000a\000c\000i\000\363\000n}{section.1.8}% 174
\BOOKMARK [2][-]{subsection.1.8.15}{\376\377\000F\000u\000n\000c\000i\000\363\000n\000\040\000d\000e\000\040\000R\000e\000n\000o\000v\000a\000c\000i\000\363\000n}{section.1.8}% 175
\BOOKMARK [2][-]{subsection.1.8.16}{\376\377\000P\000r\000o\000c\000e\000s\000o\000s\000\040\000d\000e\000\040\000R\000e\000n\000o\000v\000a\000c\000i\000\363\000n}{section.1.8}% 176
\BOOKMARK [2][-]{subsection.1.8.17}{\376\377\000P\000r\000o\000c\000e\000s\000o\000s\000\040\000R\000e\000g\000e\000n\000e\000r\000a\000t\000i\000v\000o\000s\000\040\000E\000s\000t\000a\000c\000i\000o\000n\000a\000r\000i\000o\000s\000\040\000-\000\040\000S\000t\000i\000d\000h\000a\000m\000\040\000S\000t\000i\000d\000h\000a\000m}{section.1.8}% 177
\BOOKMARK [2][-]{subsection.1.8.18}{\376\377\000O\000u\000t\000p\000u\000t\000\040\000P\000r\000o\000c\000e\000s\000s\000\040\000a\000n\000d\000\040\000R\000e\000g\000e\000n\000e\000r\000a\000t\000i\000v\000e\000\040\000P\000r\000o\000c\000e\000s\000s\000e\000s}{section.1.8}% 178
\BOOKMARK [2][-]{subsection.1.8.19}{\376\377\000P\000r\000o\000c\000e\000s\000o\000s\000\040\000R\000e\000g\000e\000n\000e\000r\000a\000t\000i\000v\000o\000s\000\040\000S\000i\000g\000m\000a\000n\000,\000\040\000T\000h\000o\000r\000i\000s\000s\000o\000n\000\040\000y\000\040\000W\000o\000l\000f\000f\000\040\000S\000i\000g\000m\000a\000n\0001}{section.1.8}% 179
\BOOKMARK [2][-]{subsection.1.8.20}{\376\377\000P\000r\000o\000c\000e\000s\000o\000s\000\040\000R\000e\000g\000e\000n\000e\000r\000a\000t\000i\000v\000o\000s\000\040\000S\000i\000g\000m\000a\000n\000,\000\040\000T\000h\000o\000r\000i\000s\000s\000o\000n\000\040\000y\000\040\000W\000o\000l\000f\000f\000\040\000S\000i\000g\000m\000a\000n\0002}{section.1.8}% 180
\BOOKMARK [2][-]{subsection.1.8.21}{\376\377\000P\000r\000o\000c\000e\000s\000o\000s\000\040\000R\000e\000g\000e\000n\000e\000r\000a\000t\000i\000v\000o\000s\000\040\000E\000s\000t\000a\000c\000i\000o\000n\000a\000r\000i\000o\000s\000\040\000-\000\040\000S\000t\000i\000d\000h\000a\000m\000\040\000S\000t\000i\000d\000h\000a\000m}{section.1.8}% 181
\BOOKMARK [2][-]{subsection.1.8.22}{\376\377\000P\000r\000o\000p\000i\000e\000d\000a\000d\000e\000s\000\040\000d\000e\000\040\000l\000o\000s\000\040\000P\000r\000o\000c\000e\000s\000o\000s\000\040\000d\000e\000\040\000R\000e\000n\000o\000v\000a\000c\000i\000\363\000n}{section.1.8}% 182
\BOOKMARK [2][-]{subsection.1.8.23}{\376\377\000F\000u\000n\000c\000i\000\363\000n\000\040\000d\000e\000\040\000R\000e\000n\000o\000v\000a\000c\000i\000\363\000n}{section.1.8}% 183
\BOOKMARK [2][-]{subsection.1.8.24}{\376\377\000R\000e\000n\000e\000w\000a\000l\000\040\000a\000n\000d\000\040\000R\000e\000g\000e\000n\000e\000r\000a\000t\000i\000v\000e\000\040\000P\000r\000o\000c\000e\000s\000s\000e\000s\000:\000\040\000S\000e\000r\000f\000o\000z\000o\000S\000e\000r\000f\000o\000z\000o}{section.1.8}% 184
\BOOKMARK [2][-]{subsection.1.8.25}{\376\377\000P\000r\000o\000c\000e\000s\000o\000s\000\040\000R\000e\000g\000e\000n\000e\000r\000a\000t\000i\000v\000o\000s}{section.1.8}% 185
\BOOKMARK [2][-]{subsection.1.8.26}{\376\377\000P\000u\000n\000t\000o\000s\000\040\000d\000e\000\040\000R\000e\000n\000o\000v\000a\000c\000i\000\363\000n}{section.1.8}% 186
\BOOKMARK [2][-]{subsection.1.8.27}{\376\377\000R\000e\000s\000u\000l\000t\000a\000d\000o\000s\000\040\000p\000a\000r\000a\000\040\000P\000r\000o\000c\000e\000s\000o\000s\000\040\000d\000e\000\040\000S\000a\000l\000i\000d\000a}{section.1.8}% 187
\BOOKMARK [2][-]{subsection.1.8.28}{\376\377\000P\000r\000o\000c\000e\000s\000o\000s\000\040\000R\000e\000g\000e\000n\000e\000r\000a\000t\000i\000v\000o\000s}{section.1.8}% 188
\BOOKMARK [2][-]{subsection.1.8.29}{\376\377\000R\000e\000n\000e\000w\000a\000l\000\040\000a\000n\000d\000\040\000R\000e\000g\000e\000n\000e\000r\000a\000t\000i\000v\000e\000\040\000P\000r\000o\000c\000e\000s\000s\000e\000s\000:\000\040\000S\000e\000r\000f\000o\000z\000o\000S\000e\000r\000f\000o\000z\000o}{section.1.8}% 189
\BOOKMARK [2][-]{subsection.1.8.30}{\376\377\000P\000r\000o\000c\000e\000s\000o\000s\000\040\000R\000e\000g\000e\000n\000e\000r\000a\000t\000i\000v\000o\000s}{section.1.8}% 190
\BOOKMARK [2][-]{subsection.1.8.31}{\376\377\000P\000r\000o\000c\000e\000s\000o\000s\000\040\000R\000e\000g\000e\000n\000e\000r\000a\000t\000i\000v\000o\000s}{section.1.8}% 191
\BOOKMARK [2][-]{subsection.1.8.32}{\376\377\000P\000r\000o\000c\000e\000s\000o\000s\000\040\000R\000e\000g\000e\000n\000e\000r\000a\000t\000i\000v\000o\000s\000\040\000E\000s\000t\000a\000c\000i\000o\000n\000a\000r\000i\000o\000s\000\040\000-\000\040\000S\000t\000i\000d\000h\000a\000m\000\040\000S\000t\000i\000d\000h\000a\000m}{section.1.8}% 192
\BOOKMARK [2][-]{subsection.1.8.33}{\376\377\000P\000r\000o\000c\000e\000s\000o\000s\000\040\000R\000e\000g\000e\000n\000e\000r\000a\000t\000i\000v\000o\000s\000\040\000E\000s\000t\000a\000c\000i\000o\000n\000a\000r\000i\000o\000s\000\040\000-\000\040\000S\000t\000i\000d\000h\000a\000m\000\040\000S\000t\000i\000d\000h\000a\000m}{section.1.8}% 193
\BOOKMARK [2][-]{subsection.1.8.34}{\376\377\000P\000r\000o\000p\000i\000e\000d\000a\000d\000e\000s\000\040\000d\000e\000\040\000l\000o\000s\000\040\000P\000r\000o\000c\000e\000s\000o\000s\000\040\000d\000e\000\040\000R\000e\000n\000o\000v\000a\000c\000i\000\363\000n}{section.1.8}% 194
\BOOKMARK [2][-]{subsection.1.8.35}{\376\377\000P\000r\000o\000p\000i\000e\000d\000a\000d\000e\000s\000\040\000d\000e\000\040\000l\000o\000s\000\040\000P\000r\000o\000c\000e\000s\000o\000s\000\040\000d\000e\000\040\000R\000e\000n\000o\000v\000a\000c\000i\000\363\000n}{section.1.8}% 195
\BOOKMARK [2][-]{subsection.1.8.36}{\376\377\000P\000r\000o\000p\000i\000e\000d\000a\000d\000e\000s\000\040\000d\000e\000\040\000l\000o\000s\000\040\000P\000r\000o\000c\000e\000s\000o\000s\000\040\000d\000e\000\040\000R\000e\000n\000o\000v\000a\000c\000i\000\363\000n}{section.1.8}% 196
\BOOKMARK [2][-]{subsection.1.8.37}{\376\377\000P\000r\000o\000p\000i\000e\000d\000a\000d\000e\000s\000\040\000d\000e\000\040\000l\000o\000s\000\040\000P\000r\000o\000c\000e\000s\000o\000s\000\040\000d\000e\000\040\000R\000e\000n\000o\000v\000a\000c\000i\000\363\000n}{section.1.8}% 197
\BOOKMARK [2][-]{subsection.1.8.38}{\376\377\000P\000r\000o\000c\000e\000s\000o\000s\000\040\000R\000e\000g\000e\000n\000e\000r\000a\000t\000i\000v\000o\000s\000\040\000E\000s\000t\000a\000c\000i\000o\000n\000a\000r\000i\000o\000s\000\040\000-\000\040\000S\000t\000i\000d\000h\000a\000m\000\040\000S\000t\000i\000d\000h\000a\000m}{section.1.8}% 198
\BOOKMARK [2][-]{subsection.1.8.39}{\376\377\000P\000r\000o\000c\000e\000s\000o\000s\000\040\000d\000e\000\040\000R\000e\000n\000o\000v\000a\000c\000i\000\363\000n}{section.1.8}% 199
\BOOKMARK [2][-]{subsection.1.8.40}{\376\377\000T\000e\000o\000r\000e\000m\000a\000\040\000P\000r\000i\000n\000c\000i\000p\000a\000l\000\040\000d\000e\000\040\000R\000e\000n\000o\000v\000a\000c\000i\000\363\000n}{section.1.8}% 200
\BOOKMARK [2][-]{subsection.1.8.41}{\376\377\000F\000u\000n\000c\000i\000\363\000n\000\040\000d\000e\000\040\000R\000e\000n\000o\000v\000a\000c\000i\000\363\000n}{section.1.8}% 201
\BOOKMARK [2][-]{subsection.1.8.42}{\376\377\000P\000r\000o\000p\000i\000e\000d\000a\000d\000e\000s\000\040\000d\000e\000\040\000l\000o\000s\000\040\000P\000r\000o\000c\000e\000s\000o\000s\000\040\000d\000e\000\040\000R\000e\000n\000o\000v\000a\000c\000i\000\363\000n}{section.1.8}% 202
\BOOKMARK [2][-]{subsection.1.8.43}{\376\377\000F\000u\000n\000c\000i\000\363\000n\000\040\000d\000e\000\040\000R\000e\000n\000o\000v\000a\000c\000i\000\363\000n}{section.1.8}% 203
\BOOKMARK [2][-]{subsection.1.8.44}{\376\377\000P\000u\000n\000t\000o\000s\000\040\000d\000e\000\040\000R\000e\000n\000o\000v\000a\000c\000i\000\363\000n}{section.1.8}% 204
\BOOKMARK [2][-]{subsection.1.8.45}{\376\377\000R\000e\000s\000u\000l\000t\000a\000d\000o\000s\000\040\000p\000a\000r\000a\000\040\000P\000r\000o\000c\000e\000s\000o\000s\000\040\000d\000e\000\040\000S\000a\000l\000i\000d\000a}{section.1.8}% 205
\BOOKMARK [2][-]{subsection.1.8.46}{\376\377\000P\000r\000o\000c\000e\000s\000o\000s\000\040\000R\000e\000g\000e\000n\000e\000r\000a\000t\000i\000v\000o\000s}{section.1.8}% 206
\BOOKMARK [2][-]{subsection.1.8.47}{\376\377\000R\000e\000n\000e\000w\000a\000l\000\040\000a\000n\000d\000\040\000R\000e\000g\000e\000n\000e\000r\000a\000t\000i\000v\000e\000\040\000P\000r\000o\000c\000e\000s\000s\000e\000s\000:\000\040\000S\000e\000r\000f\000o\000z\000o\000S\000e\000r\000f\000o\000z\000o}{section.1.8}% 207
\BOOKMARK [2][-]{subsection.1.8.48}{\376\377\000P\000r\000o\000c\000e\000s\000o\000s\000\040\000R\000e\000g\000e\000n\000e\000r\000a\000t\000i\000v\000o\000s}{section.1.8}% 208
\BOOKMARK [2][-]{subsection.1.8.49}{\376\377\000P\000r\000o\000c\000e\000s\000o\000s\000\040\000R\000e\000g\000e\000n\000e\000r\000a\000t\000i\000v\000o\000s}{section.1.8}% 209
\BOOKMARK [2][-]{subsection.1.8.50}{\376\377\000P\000r\000o\000c\000e\000s\000o\000s\000\040\000R\000e\000g\000e\000n\000e\000r\000a\000t\000i\000v\000o\000s\000\040\000E\000s\000t\000a\000c\000i\000o\000n\000a\000r\000i\000o\000s\000\040\000-\000\040\000S\000t\000i\000d\000h\000a\000m\000\040\000S\000t\000i\000d\000h\000a\000m}{section.1.8}% 210
\BOOKMARK [2][-]{subsection.1.8.51}{\376\377\000P\000r\000o\000c\000e\000s\000o\000s\000\040\000R\000e\000g\000e\000n\000e\000r\000a\000t\000i\000v\000o\000s\000\040\000E\000s\000t\000a\000c\000i\000o\000n\000a\000r\000i\000o\000s\000\040\000-\000\040\000S\000t\000i\000d\000h\000a\000m\000\040\000S\000t\000i\000d\000h\000a\000m}{section.1.8}% 211
\BOOKMARK [2][-]{subsection.1.8.52}{\376\377\000P\000r\000o\000p\000i\000e\000d\000a\000d\000e\000s\000\040\000d\000e\000\040\000l\000o\000s\000\040\000P\000r\000o\000c\000e\000s\000o\000s\000\040\000d\000e\000\040\000R\000e\000n\000o\000v\000a\000c\000i\000\363\000n}{section.1.8}% 212
\BOOKMARK [2][-]{subsection.1.8.53}{\376\377\000P\000r\000o\000p\000i\000e\000d\000a\000d\000e\000s\000\040\000d\000e\000\040\000l\000o\000s\000\040\000P\000r\000o\000c\000e\000s\000o\000s\000\040\000d\000e\000\040\000R\000e\000n\000o\000v\000a\000c\000i\000\363\000n}{section.1.8}% 213
\BOOKMARK [2][-]{subsection.1.8.54}{\376\377\000P\000r\000o\000c\000e\000s\000o\000s\000\040\000R\000e\000g\000e\000n\000e\000r\000a\000t\000i\000v\000o\000s\000\040\000E\000s\000t\000a\000c\000i\000o\000n\000a\000r\000i\000o\000s\000\040\000-\000\040\000S\000t\000i\000d\000h\000a\000m\000\040\000S\000t\000i\000d\000h\000a\000m}{section.1.8}% 214
\BOOKMARK [2][-]{subsection.1.8.55}{\376\377\000P\000r\000o\000c\000e\000s\000o\000s\000\040\000d\000e\000\040\000R\000e\000n\000o\000v\000a\000c\000i\000\363\000n}{section.1.8}% 215
\BOOKMARK [2][-]{subsection.1.8.56}{\376\377\000T\000e\000o\000r\000e\000m\000a\000\040\000P\000r\000i\000n\000c\000i\000p\000a\000l\000\040\000d\000e\000\040\000R\000e\000n\000o\000v\000a\000c\000i\000\363\000n}{section.1.8}% 216
\BOOKMARK [2][-]{subsection.1.8.57}{\376\377\000F\000u\000n\000c\000i\000\363\000n\000\040\000d\000e\000\040\000R\000e\000n\000o\000v\000a\000c\000i\000\363\000n}{section.1.8}% 217
\BOOKMARK [2][-]{subsection.1.8.58}{\376\377\000P\000r\000o\000p\000i\000e\000d\000a\000d\000e\000s\000\040\000d\000e\000\040\000l\000o\000s\000\040\000P\000r\000o\000c\000e\000s\000o\000s\000\040\000d\000e\000\040\000R\000e\000n\000o\000v\000a\000c\000i\000\363\000n}{section.1.8}% 218
\BOOKMARK [2][-]{subsection.1.8.59}{\376\377\000F\000u\000n\000c\000i\000\363\000n\000\040\000d\000e\000\040\000R\000e\000n\000o\000v\000a\000c\000i\000\363\000n}{section.1.8}% 219
\BOOKMARK [2][-]{subsection.1.8.60}{\376\377\000P\000r\000o\000c\000e\000s\000o\000s\000\040\000d\000e\000\040\000R\000e\000n\000o\000v\000a\000c\000i\000\363\000n}{section.1.8}% 220
\BOOKMARK [2][-]{subsection.1.8.61}{\376\377\000P\000u\000n\000t\000o\000s\000\040\000d\000e\000\040\000R\000e\000n\000o\000v\000a\000c\000i\000\363\000n}{section.1.8}% 221
\BOOKMARK [2][-]{subsection.1.8.62}{\376\377\000R\000e\000s\000u\000l\000t\000a\000d\000o\000s\000\040\000p\000a\000r\000a\000\040\000P\000r\000o\000c\000e\000s\000o\000s\000\040\000d\000e\000\040\000S\000a\000l\000i\000d\000a}{section.1.8}% 222
\BOOKMARK [2][-]{subsection.1.8.63}{\376\377\000P\000r\000o\000c\000e\000s\000o\000s\000\040\000R\000e\000g\000e\000n\000e\000r\000a\000t\000i\000v\000o\000s}{section.1.8}% 223
\BOOKMARK [2][-]{subsection.1.8.64}{\376\377\000P\000r\000o\000c\000e\000s\000o\000s\000\040\000R\000e\000g\000e\000n\000e\000r\000a\000t\000i\000v\000o\000s\000\040\000S\000i\000g\000m\000a\000n\000,\000\040\000T\000h\000o\000r\000i\000s\000s\000o\000n\000\040\000y\000\040\000W\000o\000l\000f\000f\000\040\000S\000i\000g\000m\000a\000n\0001}{section.1.8}% 224
\BOOKMARK [2][-]{subsection.1.8.65}{\376\377\000P\000r\000o\000c\000e\000s\000o\000s\000\040\000R\000e\000g\000e\000n\000e\000r\000a\000t\000i\000v\000o\000s\000\040\000E\000s\000t\000a\000c\000i\000o\000n\000a\000r\000i\000o\000s\000\040\000-\000\040\000S\000t\000i\000d\000h\000a\000m\000\040\000S\000t\000i\000d\000h\000a\000m}{section.1.8}% 225
\BOOKMARK [2][-]{subsection.1.8.66}{\376\377\000P\000r\000o\000c\000e\000s\000o\000s\000\040\000d\000e\000\040\000R\000e\000n\000o\000v\000a\000c\000i\000\363\000n}{section.1.8}% 226
\BOOKMARK [2][-]{subsection.1.8.67}{\376\377\000P\000r\000o\000p\000i\000e\000d\000a\000d\000e\000s\000\040\000d\000e\000\040\000l\000o\000s\000\040\000P\000r\000o\000c\000e\000s\000o\000s\000\040\000d\000e\000\040\000R\000e\000n\000o\000v\000a\000c\000i\000\363\000n}{section.1.8}% 227
\BOOKMARK [2][-]{subsection.1.8.68}{\376\377\000P\000r\000o\000p\000i\000e\000d\000a\000d\000e\000s\000\040\000d\000e\000\040\000l\000o\000s\000\040\000P\000r\000o\000c\000e\000s\000o\000s\000\040\000d\000e\000\040\000R\000e\000n\000o\000v\000a\000c\000i\000\363\000n}{section.1.8}% 228
\BOOKMARK [2][-]{subsection.1.8.69}{\376\377\000P\000r\000o\000p\000i\000e\000d\000a\000d\000e\000s\000\040\000d\000e\000\040\000l\000o\000s\000\040\000P\000r\000o\000c\000e\000s\000o\000s\000\040\000d\000e\000\040\000R\000e\000n\000o\000v\000a\000c\000i\000\363\000n}{section.1.8}% 229
\BOOKMARK [2][-]{subsection.1.8.70}{\376\377\000P\000r\000o\000p\000i\000e\000d\000a\000d\000e\000s\000\040\000d\000e\000\040\000l\000o\000s\000\040\000P\000r\000o\000c\000e\000s\000o\000s\000\040\000d\000e\000\040\000R\000e\000n\000o\000v\000a\000c\000i\000\363\000n}{section.1.8}% 230
\BOOKMARK [2][-]{subsection.1.8.71}{\376\377\000P\000r\000o\000p\000i\000e\000d\000a\000d\000e\000s\000\040\000d\000e\000\040\000l\000o\000s\000\040\000P\000r\000o\000c\000e\000s\000o\000s\000\040\000d\000e\000\040\000R\000e\000n\000o\000v\000a\000c\000i\000\363\000n}{section.1.8}% 231
\BOOKMARK [2][-]{subsection.1.8.72}{\376\377\000F\000u\000n\000c\000i\000\363\000n\000\040\000d\000e\000\040\000R\000e\000n\000o\000v\000a\000c\000i\000\363\000n}{section.1.8}% 232
\BOOKMARK [2][-]{subsection.1.8.73}{\376\377\000F\000u\000n\000c\000i\000\363\000n\000\040\000d\000e\000\040\000R\000e\000n\000o\000v\000a\000c\000i\000\363\000n}{section.1.8}% 233
\BOOKMARK [2][-]{subsection.1.8.74}{\376\377\000P\000r\000o\000c\000e\000s\000o\000s\000\040\000d\000e\000\040\000R\000e\000n\000o\000v\000a\000c\000i\000\363\000n}{section.1.8}% 234
\BOOKMARK [2][-]{subsection.1.8.75}{\376\377\000P\000r\000o\000c\000e\000s\000o\000s\000\040\000R\000e\000g\000e\000n\000e\000r\000a\000t\000i\000v\000o\000s}{section.1.8}% 235
\BOOKMARK [2][-]{subsection.1.8.76}{\376\377\000P\000r\000o\000c\000e\000s\000o\000s\000\040\000R\000e\000g\000e\000n\000e\000r\000a\000t\000i\000v\000o\000s}{section.1.8}% 236
\BOOKMARK [2][-]{subsection.1.8.77}{\376\377\000P\000r\000o\000c\000e\000s\000o\000s\000\040\000R\000e\000g\000e\000n\000e\000r\000a\000t\000i\000v\000o\000s\000\040\000E\000s\000t\000a\000c\000i\000o\000n\000a\000r\000i\000o\000s\000\040\000-\000\040\000S\000t\000i\000d\000h\000a\000m\000\040\000S\000t\000i\000d\000h\000a\000m}{section.1.8}% 237
\BOOKMARK [2][-]{subsection.1.8.78}{\376\377\000E\000x\000i\000s\000t\000e\000n\000c\000i\000a\000\040\000d\000e\000\040\000T\000i\000e\000m\000p\000o\000s\000\040\000d\000e\000\040\000R\000e\000g\000e\000n\000e\000r\000a\000c\000i\000\363\000n}{section.1.8}% 238
\BOOKMARK [2][-]{subsection.1.8.79}{\376\377\000P\000r\000o\000c\000e\000s\000o\000s\000\040\000R\000e\000g\000e\000n\000e\000r\000a\000t\000i\000v\000o\000s\000:\000\040\000T\000h\000o\000r\000i\000s\000s\000o\000n}{section.1.8}% 239
\BOOKMARK [2][-]{subsection.1.8.80}{\376\377\000P\000r\000o\000c\000e\000s\000o\000s\000\040\000R\000e\000g\000e\000n\000e\000r\000a\000t\000i\000v\000o\000s}{section.1.8}% 240
\BOOKMARK [2][-]{subsection.1.8.81}{\376\377\000P\000r\000o\000c\000e\000s\000o\000s\000\040\000R\000e\000g\000e\000n\000e\000r\000a\000t\000i\000v\000o\000s\000\040\000S\000i\000g\000m\000a\000n\000,\000\040\000T\000h\000o\000r\000i\000s\000s\000o\000n\000\040\000y\000\040\000W\000o\000l\000f\000f\000\040\000S\000i\000g\000m\000a\000n\0002}{section.1.8}% 241
\BOOKMARK [2][-]{subsection.1.8.82}{\376\377\000P\000r\000o\000c\000e\000s\000o\000s\000\040\000R\000e\000g\000e\000n\000e\000r\000a\000t\000i\000v\000o\000s\000\040\000E\000s\000t\000a\000c\000i\000o\000n\000a\000r\000i\000o\000s\000\040\000-\000\040\000S\000t\000i\000d\000h\000a\000m\000\040\000S\000t\000i\000d\000h\000a\000m}{section.1.8}% 242
\BOOKMARK [2][-]{subsection.1.8.83}{\376\377\000P\000r\000o\000c\000e\000s\000o\000s\000\040\000d\000e\000\040\000R\000e\000n\000o\000v\000a\000c\000i\000\363\000n}{section.1.8}% 243
\BOOKMARK [2][-]{subsection.1.8.84}{\376\377\000T\000e\000o\000r\000e\000m\000a\000\040\000P\000r\000i\000n\000c\000i\000p\000a\000l\000\040\000d\000e\000\040\000R\000e\000n\000o\000v\000a\000c\000i\000\363\000n}{section.1.8}% 244
\BOOKMARK [2][-]{subsection.1.8.85}{\376\377\000P\000r\000o\000p\000i\000e\000d\000a\000d\000e\000s\000\040\000d\000e\000\040\000l\000o\000s\000\040\000P\000r\000o\000c\000e\000s\000o\000s\000\040\000d\000e\000\040\000R\000e\000n\000o\000v\000a\000c\000i\000\363\000n}{section.1.8}% 245
\BOOKMARK [2][-]{subsection.1.8.86}{\376\377\000P\000r\000o\000p\000i\000e\000d\000a\000d\000e\000s\000\040\000d\000e\000\040\000l\000o\000s\000\040\000P\000r\000o\000c\000e\000s\000o\000s\000\040\000d\000e\000\040\000R\000e\000n\000o\000v\000a\000c\000i\000\363\000n}{section.1.8}% 246
\BOOKMARK [2][-]{subsection.1.8.87}{\376\377\000P\000r\000o\000p\000i\000e\000d\000a\000d\000e\000s\000\040\000d\000e\000\040\000l\000o\000s\000\040\000P\000r\000o\000c\000e\000s\000o\000s\000\040\000d\000e\000\040\000R\000e\000n\000o\000v\000a\000c\000i\000\363\000n}{section.1.8}% 247
\BOOKMARK [2][-]{subsection.1.8.88}{\376\377\000P\000r\000o\000p\000i\000e\000d\000a\000d\000e\000s\000\040\000d\000e\000\040\000l\000o\000s\000\040\000P\000r\000o\000c\000e\000s\000o\000s\000\040\000d\000e\000\040\000R\000e\000n\000o\000v\000a\000c\000i\000\363\000n}{section.1.8}% 248
\BOOKMARK [2][-]{subsection.1.8.89}{\376\377\000P\000r\000o\000p\000i\000e\000d\000a\000d\000e\000s\000\040\000d\000e\000\040\000l\000o\000s\000\040\000P\000r\000o\000c\000e\000s\000o\000s\000\040\000d\000e\000\040\000R\000e\000n\000o\000v\000a\000c\000i\000\363\000n}{section.1.8}% 249
\BOOKMARK [2][-]{subsection.1.8.90}{\376\377\000F\000u\000n\000c\000i\000\363\000n\000\040\000d\000e\000\040\000R\000e\000n\000o\000v\000a\000c\000i\000\363\000n}{section.1.8}% 250
\BOOKMARK [2][-]{subsection.1.8.91}{\376\377\000F\000u\000n\000c\000i\000\363\000n\000\040\000d\000e\000\040\000R\000e\000n\000o\000v\000a\000c\000i\000\363\000n}{section.1.8}% 251
\BOOKMARK [2][-]{subsection.1.8.92}{\376\377\000P\000r\000o\000c\000e\000s\000o\000s\000\040\000d\000e\000\040\000R\000e\000n\000o\000v\000a\000c\000i\000\363\000n}{section.1.8}% 252
\BOOKMARK [2][-]{subsection.1.8.93}{\376\377\000R\000e\000n\000e\000w\000a\000l\000\040\000a\000n\000d\000\040\000R\000e\000g\000e\000n\000e\000r\000a\000t\000i\000v\000e\000\040\000P\000r\000o\000c\000e\000s\000s\000e\000s\000:\000\040\000S\000e\000r\000f\000o\000z\000o\000S\000e\000r\000f\000o\000z\000o}{section.1.8}% 253
\BOOKMARK [2][-]{subsection.1.8.94}{\376\377\000P\000r\000o\000c\000e\000s\000o\000s\000\040\000R\000e\000g\000e\000n\000e\000r\000a\000t\000i\000v\000o\000s}{section.1.8}% 254
\BOOKMARK [2][-]{subsection.1.8.95}{\376\377\000P\000u\000n\000t\000o\000s\000\040\000d\000e\000\040\000R\000e\000n\000o\000v\000a\000c\000i\000\363\000n}{section.1.8}% 255
\BOOKMARK [2][-]{subsection.1.8.96}{\376\377\000R\000e\000s\000u\000l\000t\000a\000d\000o\000s\000\040\000p\000a\000r\000a\000\040\000P\000r\000o\000c\000e\000s\000o\000s\000\040\000d\000e\000\040\000S\000a\000l\000i\000d\000a}{section.1.8}% 256
\BOOKMARK [2][-]{subsection.1.8.97}{\376\377\000P\000r\000o\000c\000e\000s\000o\000s\000\040\000R\000e\000g\000e\000n\000e\000r\000a\000t\000i\000v\000o\000s}{section.1.8}% 257
\BOOKMARK [2][-]{subsection.1.8.98}{\376\377\000R\000e\000n\000e\000w\000a\000l\000\040\000a\000n\000d\000\040\000R\000e\000g\000e\000n\000e\000r\000a\000t\000i\000v\000e\000\040\000P\000r\000o\000c\000e\000s\000s\000e\000s\000:\000\040\000S\000e\000r\000f\000o\000z\000o\000S\000e\000r\000f\000o\000z\000o}{section.1.8}% 258
\BOOKMARK [2][-]{subsection.1.8.99}{\376\377\000P\000r\000o\000c\000e\000s\000o\000s\000\040\000R\000e\000g\000e\000n\000e\000r\000a\000t\000i\000v\000o\000s}{section.1.8}% 259
\BOOKMARK [2][-]{subsection.1.8.100}{\376\377\000P\000r\000o\000c\000e\000s\000o\000s\000\040\000R\000e\000g\000e\000n\000e\000r\000a\000t\000i\000v\000o\000s}{section.1.8}% 260
\BOOKMARK [2][-]{subsection.1.8.101}{\376\377\000P\000r\000o\000c\000e\000s\000o\000s\000\040\000R\000e\000g\000e\000n\000e\000r\000a\000t\000i\000v\000o\000s\000\040\000E\000s\000t\000a\000c\000i\000o\000n\000a\000r\000i\000o\000s\000\040\000-\000\040\000S\000t\000i\000d\000h\000a\000m\000\040\000S\000t\000i\000d\000h\000a\000m}{section.1.8}% 261
\BOOKMARK [2][-]{subsection.1.8.102}{\376\377\000P\000r\000o\000c\000e\000s\000o\000s\000\040\000R\000e\000g\000e\000n\000e\000r\000a\000t\000i\000v\000o\000s\000\040\000E\000s\000t\000a\000c\000i\000o\000n\000a\000r\000i\000o\000s\000\040\000-\000\040\000S\000t\000i\000d\000h\000a\000m\000\040\000S\000t\000i\000d\000h\000a\000m}{section.1.8}% 262
\BOOKMARK [2][-]{subsection.1.8.103}{\376\377\000P\000r\000o\000p\000i\000e\000d\000a\000d\000e\000s\000\040\000d\000e\000\040\000l\000o\000s\000\040\000P\000r\000o\000c\000e\000s\000o\000s\000\040\000d\000e\000\040\000R\000e\000n\000o\000v\000a\000c\000i\000\363\000n}{section.1.8}% 263
\BOOKMARK [2][-]{subsection.1.8.104}{\376\377\000P\000r\000o\000p\000i\000e\000d\000a\000d\000e\000s\000\040\000d\000e\000\040\000l\000o\000s\000\040\000P\000r\000o\000c\000e\000s\000o\000s\000\040\000d\000e\000\040\000R\000e\000n\000o\000v\000a\000c\000i\000\363\000n}{section.1.8}% 264
\BOOKMARK [2][-]{subsection.1.8.105}{\376\377\000P\000r\000o\000p\000i\000e\000d\000a\000d\000e\000s\000\040\000d\000e\000\040\000l\000o\000s\000\040\000P\000r\000o\000c\000e\000s\000o\000s\000\040\000d\000e\000\040\000R\000e\000n\000o\000v\000a\000c\000i\000\363\000n}{section.1.8}% 265
\BOOKMARK [2][-]{subsection.1.8.106}{\376\377\000P\000r\000o\000p\000i\000e\000d\000a\000d\000e\000s\000\040\000d\000e\000\040\000l\000o\000s\000\040\000P\000r\000o\000c\000e\000s\000o\000s\000\040\000d\000e\000\040\000R\000e\000n\000o\000v\000a\000c\000i\000\363\000n}{section.1.8}% 266
\BOOKMARK [2][-]{subsection.1.8.107}{\376\377\000P\000r\000o\000c\000e\000s\000o\000s\000\040\000R\000e\000g\000e\000n\000e\000r\000a\000t\000i\000v\000o\000s\000\040\000E\000s\000t\000a\000c\000i\000o\000n\000a\000r\000i\000o\000s\000\040\000-\000\040\000S\000t\000i\000d\000h\000a\000m\000\040\000S\000t\000i\000d\000h\000a\000m}{section.1.8}% 267
\BOOKMARK [2][-]{subsection.1.8.108}{\376\377\000P\000r\000o\000c\000e\000s\000o\000s\000\040\000d\000e\000\040\000R\000e\000n\000o\000v\000a\000c\000i\000\363\000n}{section.1.8}% 268
\BOOKMARK [2][-]{subsection.1.8.109}{\376\377\000T\000e\000o\000r\000e\000m\000a\000\040\000P\000r\000i\000n\000c\000i\000p\000a\000l\000\040\000d\000e\000\040\000R\000e\000n\000o\000v\000a\000c\000i\000\363\000n}{section.1.8}% 269
\BOOKMARK [2][-]{subsection.1.8.110}{\376\377\000F\000u\000n\000c\000i\000\363\000n\000\040\000d\000e\000\040\000R\000e\000n\000o\000v\000a\000c\000i\000\363\000n}{section.1.8}% 270
\BOOKMARK [2][-]{subsection.1.8.111}{\376\377\000P\000r\000o\000p\000i\000e\000d\000a\000d\000e\000s\000\040\000d\000e\000\040\000l\000o\000s\000\040\000P\000r\000o\000c\000e\000s\000o\000s\000\040\000d\000e\000\040\000R\000e\000n\000o\000v\000a\000c\000i\000\363\000n}{section.1.8}% 271
\BOOKMARK [2][-]{subsection.1.8.112}{\376\377\000F\000u\000n\000c\000i\000\363\000n\000\040\000d\000e\000\040\000R\000e\000n\000o\000v\000a\000c\000i\000\363\000n}{section.1.8}% 272
\BOOKMARK [2][-]{subsection.1.8.113}{\376\377\000P\000r\000o\000c\000e\000s\000o\000s\000\040\000d\000e\000\040\000R\000e\000n\000o\000v\000a\000c\000i\000\363\000n}{section.1.8}% 273
\BOOKMARK [2][-]{subsection.1.8.114}{\376\377\000P\000u\000n\000t\000o\000s\000\040\000d\000e\000\040\000R\000e\000n\000o\000v\000a\000c\000i\000\363\000n}{section.1.8}% 274
\BOOKMARK [2][-]{subsection.1.8.115}{\376\377\000R\000e\000s\000u\000l\000t\000a\000d\000o\000s\000\040\000p\000a\000r\000a\000\040\000P\000r\000o\000c\000e\000s\000o\000s\000\040\000d\000e\000\040\000S\000a\000l\000i\000d\000a}{section.1.8}% 275
\BOOKMARK [2][-]{subsection.1.8.116}{\376\377\000P\000r\000o\000c\000e\000s\000o\000s\000\040\000R\000e\000g\000e\000n\000e\000r\000a\000t\000i\000v\000o\000s}{section.1.8}% 276
\BOOKMARK [2][-]{subsection.1.8.117}{\376\377\000R\000e\000n\000e\000w\000a\000l\000\040\000a\000n\000d\000\040\000R\000e\000g\000e\000n\000e\000r\000a\000t\000i\000v\000e\000\040\000P\000r\000o\000c\000e\000s\000s\000e\000s\000:\000\040\000S\000e\000r\000f\000o\000z\000o\000S\000e\000r\000f\000o\000z\000o}{section.1.8}% 277
\BOOKMARK [2][-]{subsection.1.8.118}{\376\377\000P\000r\000o\000c\000e\000s\000o\000s\000\040\000R\000e\000g\000e\000n\000e\000r\000a\000t\000i\000v\000o\000s}{section.1.8}% 278
\BOOKMARK [2][-]{subsection.1.8.119}{\376\377\000P\000r\000o\000c\000e\000s\000o\000s\000\040\000R\000e\000g\000e\000n\000e\000r\000a\000t\000i\000v\000o\000s}{section.1.8}% 279
\BOOKMARK [2][-]{subsection.1.8.120}{\376\377\000P\000r\000o\000p\000i\000e\000d\000a\000d\000e\000s\000\040\000d\000e\000\040\000l\000o\000s\000\040\000P\000r\000o\000c\000e\000s\000o\000s\000\040\000d\000e\000\040\000R\000e\000n\000o\000v\000a\000c\000i\000\363\000n}{section.1.8}% 280
\BOOKMARK [2][-]{subsection.1.8.121}{\376\377\000P\000r\000o\000p\000i\000e\000d\000a\000d\000e\000s\000\040\000d\000e\000\040\000l\000o\000s\000\040\000P\000r\000o\000c\000e\000s\000o\000s\000\040\000d\000e\000\040\000R\000e\000n\000o\000v\000a\000c\000i\000\363\000n}{section.1.8}% 281
\BOOKMARK [2][-]{subsection.1.8.122}{\376\377\000P\000r\000o\000c\000e\000s\000o\000s\000\040\000R\000e\000g\000e\000n\000e\000r\000a\000t\000i\000v\000o\000s\000\040\000E\000s\000t\000a\000c\000i\000o\000n\000a\000r\000i\000o\000s\000\040\000-\000\040\000S\000t\000i\000d\000h\000a\000m\000\040\000S\000t\000i\000d\000h\000a\000m}{section.1.8}% 282
\BOOKMARK [2][-]{subsection.1.8.123}{\376\377\000P\000r\000o\000c\000e\000s\000o\000s\000\040\000d\000e\000\040\000R\000e\000n\000o\000v\000a\000c\000i\000\363\000n}{section.1.8}% 283
\BOOKMARK [2][-]{subsection.1.8.124}{\376\377\000T\000e\000o\000r\000e\000m\000a\000\040\000P\000r\000i\000n\000c\000i\000p\000a\000l\000\040\000d\000e\000\040\000R\000e\000n\000o\000v\000a\000c\000i\000\363\000n}{section.1.8}% 284
\BOOKMARK [2][-]{subsection.1.8.125}{\376\377\000F\000u\000n\000c\000i\000\363\000n\000\040\000d\000e\000\040\000R\000e\000n\000o\000v\000a\000c\000i\000\363\000n}{section.1.8}% 285
\BOOKMARK [2][-]{subsection.1.8.126}{\376\377\000P\000r\000o\000p\000i\000e\000d\000a\000d\000e\000s\000\040\000d\000e\000\040\000l\000o\000s\000\040\000P\000r\000o\000c\000e\000s\000o\000s\000\040\000d\000e\000\040\000R\000e\000n\000o\000v\000a\000c\000i\000\363\000n}{section.1.8}% 286
\BOOKMARK [2][-]{subsection.1.8.127}{\376\377\000F\000u\000n\000c\000i\000\363\000n\000\040\000d\000e\000\040\000R\000e\000n\000o\000v\000a\000c\000i\000\363\000n}{section.1.8}% 287
\BOOKMARK [2][-]{subsection.1.8.128}{\376\377\000P\000r\000o\000c\000e\000s\000o\000s\000\040\000d\000e\000\040\000R\000e\000n\000o\000v\000a\000c\000i\000\363\000n}{section.1.8}% 288
\BOOKMARK [2][-]{subsection.1.8.129}{\376\377\000P\000u\000n\000t\000o\000s\000\040\000d\000e\000\040\000R\000e\000n\000o\000v\000a\000c\000i\000\363\000n}{section.1.8}% 289
\BOOKMARK [2][-]{subsection.1.8.130}{\376\377\000R\000e\000s\000u\000l\000t\000a\000d\000o\000s\000\040\000p\000a\000r\000a\000\040\000P\000r\000o\000c\000e\000s\000o\000s\000\040\000d\000e\000\040\000S\000a\000l\000i\000d\000a}{section.1.8}% 290
\BOOKMARK [2][-]{subsection.1.8.131}{\376\377\000P\000r\000o\000c\000e\000s\000o\000s\000\040\000R\000e\000g\000e\000n\000e\000r\000a\000t\000i\000v\000o\000s\000\040\000S\000i\000g\000m\000a\000n\000,\000\040\000T\000h\000o\000r\000i\000s\000s\000o\000n\000\040\000y\000\040\000W\000o\000l\000f\000f\000\040\000S\000i\000g\000m\000a\000n\0001}{section.1.8}% 291
\BOOKMARK [2][-]{subsection.1.8.132}{\376\377\000O\000u\000t\000p\000u\000t\000\040\000P\000r\000o\000c\000e\000s\000s\000\040\000a\000n\000d\000\040\000R\000e\000g\000e\000n\000e\000r\000a\000t\000i\000v\000e\000\040\000P\000r\000o\000c\000e\000s\000s\000e\000s}{section.1.8}% 292
\BOOKMARK [2][-]{subsection.1.8.133}{\376\377\000P\000r\000o\000c\000e\000s\000o\000s\000\040\000R\000e\000g\000e\000n\000e\000r\000a\000t\000i\000v\000o\000s}{section.1.8}% 293
\BOOKMARK [2][-]{subsection.1.8.134}{\376\377\000P\000r\000o\000c\000e\000s\000o\000s\000\040\000R\000e\000g\000e\000n\000e\000r\000a\000t\000i\000v\000o\000s\000\040\000S\000i\000g\000m\000a\000n\000,\000\040\000T\000h\000o\000r\000i\000s\000s\000o\000n\000\040\000y\000\040\000W\000o\000l\000f\000f\000\040\000S\000i\000g\000m\000a\000n\0001}{section.1.8}% 294
\BOOKMARK [2][-]{subsection.1.8.135}{\376\377\000R\000e\000n\000e\000w\000a\000l\000\040\000a\000n\000d\000\040\000R\000e\000g\000e\000n\000e\000r\000a\000t\000i\000v\000e\000\040\000P\000r\000o\000c\000e\000s\000s\000e\000s\000:\000\040\000S\000e\000r\000f\000o\000z\000o\000S\000e\000r\000f\000o\000z\000o}{section.1.8}% 295
\BOOKMARK [1][-]{section.1.9}{\376\377\000P\000r\000o\000c\000e\000s\000o\000s\000\040\000R\000e\000g\000e\000n\000e\000r\000a\000t\000i\000v\000o\000s\000\040\000S\000i\000g\000m\000a\000n\000,\000\040\000T\000h\000o\000r\000i\000s\000s\000o\000n\000\040\000y\000\040\000W\000o\000l\000f\000f\000\040\000S\000i\000g\000m\000a\000n\0001}{chapter.1}% 296
\BOOKMARK [2][-]{subsection.1.9.1}{\376\377\000T\000e\000o\000r\000e\000m\000a\000\040\000P\000r\000i\000n\000c\000i\000p\000a\000l\000\040\000d\000e\000\040\000R\000e\000n\000o\000v\000a\000c\000i\000\363\000n}{section.1.9}% 297
\BOOKMARK [2][-]{subsection.1.9.2}{\376\377\000P\000r\000o\000p\000i\000e\000d\000a\000d\000e\000s\000\040\000d\000e\000\040\000l\000o\000s\000\040\000P\000r\000o\000c\000e\000s\000o\000s\000\040\000d\000e\000\040\000R\000e\000n\000o\000v\000a\000c\000i\000\363\000n}{section.1.9}% 298
\BOOKMARK [2][-]{subsection.1.9.3}{\376\377\000F\000u\000n\000c\000i\000\363\000n\000\040\000d\000e\000\040\000R\000e\000n\000o\000v\000a\000c\000i\000\363\000n}{section.1.9}% 299
\BOOKMARK [2][-]{subsection.1.9.4}{\376\377\000P\000r\000o\000c\000e\000s\000o\000s\000\040\000d\000e\000\040\000R\000e\000n\000o\000v\000a\000c\000i\000\363\000n}{section.1.9}% 300
\BOOKMARK [2][-]{subsection.1.9.5}{\376\377\000R\000e\000n\000e\000w\000a\000l\000\040\000a\000n\000d\000\040\000R\000e\000g\000e\000n\000e\000r\000a\000t\000i\000v\000e\000\040\000P\000r\000o\000c\000e\000s\000s\000e\000s\000:\000\040\000S\000e\000r\000f\000o\000z\000o\000S\000e\000r\000f\000o\000z\000o}{section.1.9}% 301
\BOOKMARK [2][-]{subsection.1.9.6}{\376\377\000P\000r\000o\000c\000e\000s\000o\000s\000\040\000R\000e\000g\000e\000n\000e\000r\000a\000t\000i\000v\000o\000s}{section.1.9}% 302
\BOOKMARK [2][-]{subsection.1.9.7}{\376\377\000P\000r\000o\000c\000e\000s\000o\000s\000\040\000R\000e\000g\000e\000n\000e\000r\000a\000t\000i\000v\000o\000s}{section.1.9}% 303
\BOOKMARK [2][-]{subsection.1.9.8}{\376\377\000P\000r\000o\000c\000e\000s\000o\000s\000\040\000R\000e\000g\000e\000n\000e\000r\000a\000t\000i\000v\000o\000s\000\040\000E\000s\000t\000a\000c\000i\000o\000n\000a\000r\000i\000o\000s\000\040\000-\000\040\000S\000t\000i\000d\000h\000a\000m\000\040\000S\000t\000i\000d\000h\000a\000m}{section.1.9}% 304
\BOOKMARK [2][-]{subsection.1.9.9}{\376\377\000P\000r\000o\000c\000e\000s\000o\000s\000\040\000R\000e\000g\000e\000n\000e\000r\000a\000t\000i\000v\000o\000s\000\040\000E\000s\000t\000a\000c\000i\000o\000n\000a\000r\000i\000o\000s\000\040\000-\000\040\000S\000t\000i\000d\000h\000a\000m\000\040\000S\000t\000i\000d\000h\000a\000m}{section.1.9}% 305
\BOOKMARK [2][-]{subsection.1.9.10}{\376\377\000P\000r\000o\000c\000e\000s\000o\000s\000\040\000R\000e\000g\000e\000n\000e\000r\000a\000t\000i\000v\000o\000s}{section.1.9}% 306
\BOOKMARK [2][-]{subsection.1.9.11}{\376\377\000P\000r\000o\000c\000e\000s\000o\000s\000\040\000R\000e\000g\000e\000n\000e\000r\000a\000t\000i\000v\000o\000s\000\040\000S\000i\000g\000m\000a\000n\000,\000\040\000T\000h\000o\000r\000i\000s\000s\000o\000n\000\040\000y\000\040\000W\000o\000l\000f\000f\000\040\000S\000i\000g\000m\000a\000n\0001}{section.1.9}% 307
\BOOKMARK [2][-]{subsection.1.9.12}{\376\377\000P\000r\000o\000c\000e\000s\000o\000s\000\040\000R\000e\000g\000e\000n\000e\000r\000a\000t\000i\000v\000o\000s\000\040\000E\000s\000t\000a\000c\000i\000o\000n\000a\000r\000i\000o\000s\000\040\000-\000\040\000S\000t\000i\000d\000h\000a\000m\000\040\000S\000t\000i\000d\000h\000a\000m}{section.1.9}% 308
\BOOKMARK [2][-]{subsection.1.9.13}{\376\377\000P\000r\000o\000c\000e\000s\000o\000s\000\040\000R\000e\000g\000e\000n\000e\000r\000a\000t\000i\000v\000o\000s\000\040\000E\000s\000t\000a\000c\000i\000o\000n\000a\000r\000i\000o\000s\000\040\000-\000\040\000S\000t\000i\000d\000h\000a\000m\000\040\000S\000t\000i\000d\000h\000a\000m}{section.1.9}% 309
\BOOKMARK [2][-]{subsection.1.9.14}{\376\377\000M\000o\000d\000e\000l\000o\000\040\000d\000e\000\040\000F\000l\000u\000j\000o}{section.1.9}% 310
\BOOKMARK [2][-]{subsection.1.9.15}{\376\377\000P\000r\000o\000c\000e\000s\000o\000s\000\040\000d\000e\000\040\000E\000s\000t\000a\000d\000o\000s\000\040\000d\000e\000\040\000M\000a\000r\000k\000o\000v}{section.1.9}% 311
\BOOKMARK [2][-]{subsection.1.9.16}{\376\377\000T\000e\000o\000r\000\355\000a\000\040\000G\000e\000n\000e\000r\000a\000l\000\040\000d\000e\000\040\000P\000r\000o\000c\000e\000s\000o\000s\000\040\000E\000s\000t\000o\000c\000\341\000s\000t\000i\000c\000o\000s}{section.1.9}% 312
\BOOKMARK [2][-]{subsection.1.9.17}{\376\377\000P\000r\000o\000p\000i\000e\000d\000a\000d\000e\000s\000\040\000d\000e\000\040\000M\000a\000r\000k\000o\000v}{section.1.9}% 313
\BOOKMARK [2][-]{subsection.1.9.18}{\376\377\000P\000r\000i\000m\000e\000r\000\040\000C\000o\000n\000d\000i\000c\000i\000\363\000n\000\040\000d\000e\000\040\000R\000e\000g\000u\000l\000a\000r\000i\000d\000a\000d}{section.1.9}% 314
\BOOKMARK [2][-]{subsection.1.9.19}{\376\377\000C\000o\000n\000s\000t\000r\000u\000c\000c\000i\000\363\000n\000\040\000d\000e\000l\000\040\000M\000o\000d\000e\000l\000o\000\040\000d\000e\000\040\000F\000l\000u\000j\000o}{section.1.9}% 315
\BOOKMARK [2][-]{subsection.1.9.20}{\376\377\000E\000s\000t\000a\000b\000i\000l\000i\000d\000a\000d}{section.1.9}% 316
\BOOKMARK [2][-]{subsection.1.9.21}{\376\377\000P\000r\000o\000p\000i\000e\000d\000a\000d\000e\000s\000\040\000d\000e\000\040\000M\000a\000r\000k\000o\000v}{section.1.9}% 317
\BOOKMARK [2][-]{subsection.1.9.22}{\376\377\000P\000r\000i\000m\000e\000r\000\040\000C\000o\000n\000d\000i\000c\000i\000\363\000n\000\040\000d\000e\000\040\000R\000e\000g\000u\000l\000a\000r\000i\000d\000a\000d}{section.1.9}% 318
\BOOKMARK [2][-]{subsection.1.9.23}{\376\377\000P\000r\000o\000c\000e\000s\000o\000s\000\040\000F\000u\000e\000r\000t\000e\000\040\000d\000e\000\040\000M\000a\000r\000k\000o\000v}{section.1.9}% 319
\BOOKMARK [2][-]{subsection.1.9.24}{\376\377\000P\000r\000o\000c\000e\000s\000o\000s\000\040\000H\000a\000r\000r\000i\000s\000\040\000R\000e\000c\000u\000r\000r\000e\000n\000t\000e\000s\000\040\000P\000o\000s\000i\000t\000i\000v\000o\000s}{section.1.9}% 320
\BOOKMARK [2][-]{subsection.1.9.25}{\376\377\000C\000o\000n\000s\000t\000r\000u\000c\000c\000i\000\363\000n\000\040\000d\000e\000\040\000u\000n\000\040\000M\000o\000d\000e\000l\000o\000\040\000d\000e\000\040\000F\000l\000u\000j\000o\000\040\000L\000\355\000m\000i\000t\000e}{section.1.9}% 321
\BOOKMARK [2][-]{subsection.1.9.26}{\376\377\000M\000o\000d\000e\000l\000o\000\040\000d\000e\000\040\000V\000i\000s\000i\000t\000a\000s\000\040\000C\000\355\000c\000l\000i\000c\000a\000s\000\040\000c\000o\000n\000\040\000u\000n\000\040\000S\000e\000r\000v\000i\000d\000o\000r\000:\000\040\000E\000s\000t\000a\000b\000i\000l\000i\000d\000a\000d}{section.1.9}% 322
\BOOKMARK [2][-]{subsection.1.9.27}{\376\377\000T\000e\000o\000r\000e\000m\000a\000\040\0002\000.\0001}{section.1.9}% 323
\BOOKMARK [2][-]{subsection.1.9.28}{\376\377\000T\000e\000o\000r\000e\000m\000a\000\040\0002\000.\0002}{section.1.9}% 324
\BOOKMARK [2][-]{subsection.1.9.29}{\376\377\000T\000e\000o\000r\000e\000m\000a\000\040\0002\000.\0003}{section.1.9}% 325
\BOOKMARK [2][-]{subsection.1.9.30}{\376\377\000D\000e\000f\000i\000n\000i\000c\000i\000o\000n\000e\000s\000\040\000B\000\341\000s\000i\000c\000a\000s}{section.1.9}% 326
\BOOKMARK [2][-]{subsection.1.9.31}{\376\377\000P\000r\000e\000l\000i\000m\000i\000n\000a\000r\000e\000s}{section.1.9}% 327
\BOOKMARK [2][-]{subsection.1.9.32}{\376\377\000P\000r\000o\000c\000e\000s\000o\000s\000\040\000H\000a\000r\000r\000i\000s\000\040\000R\000e\000c\000u\000r\000r\000e\000n\000t\000e}{section.1.9}% 328
\BOOKMARK [2][-]{subsection.1.9.33}{\376\377\000M\000o\000d\000e\000l\000o\000\040\000d\000e\000\040\000F\000l\000u\000j\000o}{section.1.9}% 329
\BOOKMARK [2][-]{subsection.1.9.34}{\376\377\000P\000r\000o\000c\000e\000s\000o\000s\000\040\000d\000e\000\040\000E\000s\000t\000a\000d\000o\000s\000\040\000d\000e\000\040\000M\000a\000r\000k\000o\000v}{section.1.9}% 330
\BOOKMARK [2][-]{subsection.1.9.35}{\376\377\000T\000e\000o\000r\000\355\000a\000\040\000G\000e\000n\000e\000r\000a\000l\000\040\000d\000e\000\040\000P\000r\000o\000c\000e\000s\000o\000s\000\040\000E\000s\000t\000o\000c\000\341\000s\000t\000i\000c\000o\000s}{section.1.9}% 331
\BOOKMARK [2][-]{subsection.1.9.36}{\376\377\000P\000r\000o\000p\000i\000e\000d\000a\000d\000e\000s\000\040\000d\000e\000\040\000M\000a\000r\000k\000o\000v}{section.1.9}% 332
\BOOKMARK [2][-]{subsection.1.9.37}{\376\377\000P\000r\000i\000m\000e\000r\000\040\000C\000o\000n\000d\000i\000c\000i\000\363\000n\000\040\000d\000e\000\040\000R\000e\000g\000u\000l\000a\000r\000i\000d\000a\000d}{section.1.9}% 333
\BOOKMARK [2][-]{subsection.1.9.38}{\376\377\000C\000o\000n\000s\000t\000r\000u\000c\000c\000i\000\363\000n\000\040\000d\000e\000l\000\040\000M\000o\000d\000e\000l\000o\000\040\000d\000e\000\040\000F\000l\000u\000j\000o}{section.1.9}% 334
\BOOKMARK [2][-]{subsection.1.9.39}{\376\377\000E\000s\000t\000a\000b\000i\000l\000i\000d\000a\000d}{section.1.9}% 335
\BOOKMARK [2][-]{subsection.1.9.40}{\376\377\000P\000r\000o\000p\000i\000e\000d\000a\000d\000e\000s\000\040\000d\000e\000\040\000M\000a\000r\000k\000o\000v}{section.1.9}% 336
\BOOKMARK [2][-]{subsection.1.9.41}{\376\377\000P\000r\000i\000m\000e\000r\000\040\000C\000o\000n\000d\000i\000c\000i\000\363\000n\000\040\000d\000e\000\040\000R\000e\000g\000u\000l\000a\000r\000i\000d\000a\000d}{section.1.9}% 337
\BOOKMARK [2][-]{subsection.1.9.42}{\376\377\000P\000r\000o\000c\000e\000s\000o\000s\000\040\000d\000e\000\040\000E\000s\000t\000a\000d\000o\000s\000\040\000M\000a\000r\000k\000o\000v\000i\000a\000n\000o\000\040\000p\000a\000r\000a\000\040\000e\000l\000\040\000S\000i\000s\000t\000e\000m\000a}{section.1.9}% 338
\BOOKMARK [2][-]{subsection.1.9.43}{\376\377\000P\000r\000o\000c\000e\000s\000o\000s\000\040\000F\000u\000e\000r\000t\000e\000\040\000d\000e\000\040\000M\000a\000r\000k\000o\000v}{section.1.9}% 339
\BOOKMARK [2][-]{subsection.1.9.44}{\376\377\000P\000r\000o\000c\000e\000s\000o\000s\000\040\000H\000a\000r\000r\000i\000s\000\040\000R\000e\000c\000u\000r\000r\000e\000n\000t\000e\000s\000\040\000P\000o\000s\000i\000t\000i\000v\000o\000s}{section.1.9}% 340
\BOOKMARK [2][-]{subsection.1.9.45}{\376\377\000C\000o\000n\000s\000t\000r\000u\000c\000c\000i\000\363\000n\000\040\000d\000e\000\040\000u\000n\000\040\000M\000o\000d\000e\000l\000o\000\040\000d\000e\000\040\000F\000l\000u\000j\000o\000\040\000L\000\355\000m\000i\000t\000e}{section.1.9}% 341
\BOOKMARK [2][-]{subsection.1.9.46}{\376\377\000M\000o\000d\000e\000l\000o\000\040\000d\000e\000\040\000V\000i\000s\000i\000t\000a\000s\000\040\000C\000\355\000c\000l\000i\000c\000a\000s\000\040\000c\000o\000n\000\040\000u\000n\000\040\000S\000e\000r\000v\000i\000d\000o\000r\000:\000\040\000E\000s\000t\000a\000b\000i\000l\000i\000d\000a\000d}{section.1.9}% 342
\BOOKMARK [2][-]{subsection.1.9.47}{\376\377\000T\000e\000o\000r\000e\000m\000a\000\040\0002\000.\0001}{section.1.9}% 343
\BOOKMARK [2][-]{subsection.1.9.48}{\376\377\000T\000e\000o\000r\000e\000m\000a\000\040\0002\000.\0002}{section.1.9}% 344
\BOOKMARK [2][-]{subsection.1.9.49}{\376\377\000T\000e\000o\000r\000e\000m\000a\000\040\0002\000.\0003}{section.1.9}% 345
\BOOKMARK [2][-]{subsection.1.9.50}{\376\377\000D\000e\000f\000i\000n\000i\000c\000i\000o\000n\000e\000s\000\040\000B\000\341\000s\000i\000c\000a\000s}{section.1.9}% 346
\BOOKMARK [2][-]{subsection.1.9.51}{\376\377\000P\000r\000o\000c\000e\000s\000o\000\040\000d\000e\000\040\000E\000s\000t\000a\000d\000o\000s\000\040\000M\000a\000r\000k\000o\000v\000i\000a\000n\000o\000\040\000p\000a\000r\000a\000\040\000e\000l\000\040\000S\000i\000s\000t\000e\000m\000a}{section.1.9}% 347
\BOOKMARK [2][-]{subsection.1.9.52}{\376\377\000P\000r\000o\000c\000e\000s\000o\000s\000\040\000F\000u\000e\000r\000t\000e\000\040\000d\000e\000\040\000M\000a\000r\000k\000o\000v}{section.1.9}% 348
\BOOKMARK [2][-]{subsection.1.9.53}{\376\377\000P\000r\000o\000p\000i\000e\000d\000a\000d\000e\000s\000\040\000d\000e\000\040\000M\000a\000r\000k\000o\000v}{section.1.9}% 349
\BOOKMARK [2][-]{subsection.1.9.54}{\376\377\000P\000r\000i\000m\000e\000r\000\040\000C\000o\000n\000d\000i\000c\000i\000\363\000n\000\040\000d\000e\000\040\000R\000e\000g\000u\000l\000a\000r\000i\000d\000a\000d}{section.1.9}% 350
\BOOKMARK [2][-]{subsection.1.9.55}{\376\377\000P\000r\000o\000p\000i\000e\000d\000a\000d\000e\000s\000\040\000d\000e\000\040\000M\000a\000r\000k\000o\000v}{section.1.9}% 351
\BOOKMARK [2][-]{subsection.1.9.56}{\376\377\000P\000r\000i\000m\000e\000r\000\040\000C\000o\000n\000d\000i\000c\000i\000\363\000n\000\040\000d\000e\000\040\000R\000e\000g\000u\000l\000a\000r\000i\000d\000a\000d}{section.1.9}% 352
\BOOKMARK [2][-]{subsection.1.9.57}{\376\377\000S\000u\000p\000u\000e\000s\000t\000o\000s}{section.1.9}% 353
\BOOKMARK [2][-]{subsection.1.9.58}{\376\377\000P\000r\000o\000c\000e\000s\000o\000s\000\040\000H\000a\000r\000r\000i\000s\000\040\000R\000e\000c\000u\000r\000r\000e\000n\000t\000e}{section.1.9}% 354
\BOOKMARK [2][-]{subsection.1.9.59}{\376\377\000M\000o\000d\000e\000l\000o\000\040\000d\000e\000\040\000F\000l\000u\000j\000o}{section.1.9}% 355
\BOOKMARK [2][-]{subsection.1.9.60}{\376\377\000S\000u\000p\000u\000e\000s\000t\000o\000s}{section.1.9}% 356
\BOOKMARK [2][-]{subsection.1.9.61}{\376\377\000P\000r\000o\000c\000e\000s\000o\000s\000\040\000H\000a\000r\000r\000i\000s\000\040\000R\000e\000c\000u\000r\000r\000e\000n\000t\000e}{section.1.9}% 357
\BOOKMARK [2][-]{subsection.1.9.62}{\376\377\000M\000o\000d\000e\000l\000o\000\040\000d\000e\000\040\000F\000l\000u\000j\000o}{section.1.9}% 358
\BOOKMARK [2][-]{subsection.1.9.63}{\376\377\000M\000o\000d\000e\000l\000o\000\040\000d\000e\000\040\000F\000l\000u\000j\000o}{section.1.9}% 359
\BOOKMARK [2][-]{subsection.1.9.64}{\376\377\000E\000s\000t\000a\000b\000i\000l\000i\000d\000a\000d\000\040\000d\000e\000\040\000l\000o\000s\000\040\000S\000i\000s\000t\000e\000m\000a\000s\000\040\000d\000e\000\040\000V\000i\000s\000i\000t\000a\000s\000\040\000C\000\355\000c\000l\000i\000c\000a\000s}{section.1.9}% 360
\BOOKMARK [2][-]{subsection.1.9.65}{\376\377\000R\000e\000s\000u\000l\000t\000a\000d\000o\000s\000\040\000p\000r\000i\000n\000c\000i\000p\000a\000l\000e\000s}{section.1.9}% 361
\BOOKMARK [2][-]{subsection.1.9.66}{\376\377\000S\000u\000p\000u\000e\000s\000t\000o\000s}{section.1.9}% 362
\BOOKMARK [2][-]{subsection.1.9.67}{\376\377\000P\000r\000o\000c\000e\000s\000o\000s\000\040\000H\000a\000r\000r\000i\000s\000\040\000R\000e\000c\000u\000r\000r\000e\000n\000t\000e}{section.1.9}% 363
\BOOKMARK [2][-]{subsection.1.9.68}{\376\377\000M\000o\000d\000e\000l\000o\000\040\000d\000e\000\040\000F\000l\000u\000j\000o}{section.1.9}% 364
\BOOKMARK [2][-]{subsection.1.9.69}{\376\377\000S\000u\000p\000u\000e\000s\000t\000o\000s}{section.1.9}% 365
\BOOKMARK [2][-]{subsection.1.9.70}{\376\377\000P\000r\000o\000c\000e\000s\000o\000s\000\040\000H\000a\000r\000r\000i\000s\000\040\000R\000e\000c\000u\000r\000r\000e\000n\000t\000e}{section.1.9}% 366
\BOOKMARK [2][-]{subsection.1.9.71}{\376\377\000M\000o\000d\000e\000l\000o\000\040\000d\000e\000\040\000F\000l\000u\000j\000o}{section.1.9}% 367
\BOOKMARK [2][-]{subsection.1.9.72}{\376\377\000P\000r\000o\000c\000e\000s\000o\000s\000\040\000H\000a\000r\000r\000i\000s\000\040\000R\000e\000c\000u\000r\000r\000e\000n\000t\000e}{section.1.9}% 368
\BOOKMARK [2][-]{subsection.1.9.73}{\376\377\000M\000o\000d\000e\000l\000o\000\040\000d\000e\000\040\000F\000l\000u\000j\000o}{section.1.9}% 369
\BOOKMARK [2][-]{subsection.1.9.74}{\376\377\000S\000u\000p\000u\000e\000s\000t\000o\000s}{section.1.9}% 370
\BOOKMARK [2][-]{subsection.1.9.75}{\376\377\000P\000r\000o\000c\000e\000s\000o\000s\000\040\000H\000a\000r\000r\000i\000s\000\040\000R\000e\000c\000u\000r\000r\000e\000n\000t\000e}{section.1.9}% 371
\BOOKMARK [2][-]{subsection.1.9.76}{\376\377\000M\000o\000d\000e\000l\000o\000\040\000d\000e\000\040\000F\000l\000u\000j\000o}{section.1.9}% 372
\BOOKMARK [1][-]{section.1.10}{\376\377\000P\000r\000e\000l\000i\000m\000i\000n\000a\000r\000e\000s\000:\000\040\000M\000o\000d\000e\000l\000o\000s\000\040\000d\000e\000\040\000F\000l\000u\000j\000o}{chapter.1}% 373
\BOOKMARK [2][-]{subsection.1.10.1}{\376\377\000S\000u\000p\000u\000e\000s\000t\000o\000s\000\040\000B\000\341\000s\000i\000c\000o\000s}{section.1.10}% 374
\BOOKMARK [2][-]{subsection.1.10.2}{\376\377\000P\000r\000o\000c\000e\000s\000o\000s\000\040\000R\000e\000g\000e\000n\000e\000r\000a\000t\000i\000v\000o\000s}{section.1.10}% 375
\BOOKMARK [2][-]{subsection.1.10.3}{\376\377\000P\000r\000e\000l\000i\000m\000i\000n\000a\000r\000e\000s}{section.1.10}% 376
\BOOKMARK [2][-]{subsection.1.10.4}{\376\377\000P\000r\000o\000c\000e\000s\000o\000s\000\040\000H\000a\000r\000r\000i\000s\000\040\000R\000e\000c\000u\000r\000r\000e\000n\000t\000e}{section.1.10}% 377
\BOOKMARK [1][-]{section.1.11}{\376\377\000M\000o\000d\000e\000l\000o\000\040\000d\000e\000\040\000F\000l\000u\000j\000o}{chapter.1}% 378
\BOOKMARK [2][-]{subsection.1.11.1}{\376\377\000T\000e\000o\000r\000\341\000\040\000d\000e\000\040\000P\000r\000o\000c\000e\000s\000o\000s\000\040\000E\000s\000t\000o\000c\000\341\000s\000t\000i\000c\000o\000s\000\040\000y\000\040\000M\000e\000d\000i\000b\000i\000l\000i\000d\000a\000d}{section.1.11}% 379
\BOOKMARK [2][-]{subsection.1.11.2}{\376\377\000C\000o\000n\000s\000t\000r\000u\000c\000c\000i\000\363\000n\000\040\000d\000e\000l\000\040\000M\000o\000d\000e\000l\000o\000\040\000d\000e\000\040\000F\000l\000u\000j\000o}{section.1.11}% 380
\BOOKMARK [-1][-]{part.2}{\376\377\000I\000I\000\040\000B\000I\000B\000L\000I\000O\000G\000R\000A\000F\000I\000A}{}% 381
\BOOKMARK [0][-]{chapter.2}{\376\377\000B\000i\000b\000l\000i\000o\000g\000r\000a\000f\000\355\000a}{part.2}% 382
