\BOOKMARK [0][-]{chapter.1}{\376\377\000I\000n\000t\000r\000o\000d\000u\000c\000c\000i\000\363\000n}{}% 1
\BOOKMARK [1][-]{section.1.1}{\376\377\000I\000n\000t\000r\000o\000d\000u\000c\000c\000i\000\363\000n}{chapter.1}% 2
\BOOKMARK [2][-]{subsection.1.1.1}{\376\377\000H\000i\000s\000t\000o\000r\000i\000a\000\040\000d\000e\000\040\000l\000a\000\040\000E\000s\000t\000a\000d\000\355\000s\000t\000i\000c\000a}{section.1.1}% 3
\BOOKMARK [2][-]{subsection.1.1.2}{\376\377\000M\000u\000e\000s\000t\000r\000e\000o\000:}{section.1.1}% 4
\BOOKMARK [2][-]{subsection.1.1.3}{\376\377\000E\000r\000r\000o\000r\000e\000s\000\040\000E\000s\000t\000a\000d\000\355\000s\000t\000i\000c\000o\000s\000\040\000C\000o\000m\000u\000n\000e\000s}{section.1.1}% 5
\BOOKMARK [1][-]{section.1.2}{\376\377\000F\000u\000n\000d\000a\000m\000e\000n\000t\000o\000s}{chapter.1}% 6
\BOOKMARK [2][-]{subsection.1.2.1}{\376\377\000P\000r\000u\000e\000b\000a\000s\000\040\000d\000e\000\040\000H\000i\000p\000\363\000t\000e\000s\000i\000s}{section.1.2}% 7
\BOOKMARK [2][-]{subsection.1.2.2}{\376\377\000M\000u\000e\000s\000t\000r\000a\000s\000\040\000g\000r\000a\000n\000d\000e\000s\000:\000\040\000u\000n\000a\000\040\000m\000e\000d\000i\000a\000\040\000p\000o\000b\000l\000a\000c\000i\000o\000n\000a\000l}{section.1.2}% 8
\BOOKMARK [1][-]{section.1.3}{\376\377\000E\000l\000e\000m\000e\000n\000t\000o\000s}{chapter.1}% 9
\BOOKMARK [2][-]{subsection.1.3.1}{\376\377\000P\000r\000u\000e\000b\000a\000s\000\040\000d\000e\000\040\000H\000i\000p\000\363\000t\000e\000s\000i\000s}{section.1.3}% 10
\BOOKMARK [2][-]{subsection.1.3.2}{\376\377\000M\000u\000e\000s\000t\000r\000a\000s\000\040\000g\000r\000a\000n\000d\000e\000s\000:\000\040\000u\000n\000a\000\040\000m\000e\000d\000i\000a\000\040\000p\000o\000b\000l\000a\000c\000i\000o\000n\000a\000l}{section.1.3}% 11
\BOOKMARK [2][-]{subsection.1.3.3}{\376\377\000M\000u\000e\000s\000t\000r\000a\000s\000\040\000P\000e\000q\000u\000e\000\361\000a\000s}{section.1.3}% 12
\BOOKMARK [1][-]{section.1.4}{\376\377\000R\000e\000q\000u\000i\000s\000i\000t\000o\000s}{chapter.1}% 13
\BOOKMARK [2][-]{subsection.1.4.1}{\376\377\000P\000r\000u\000e\000b\000a\000s\000\040\000d\000e\000\040\000H\000i\000p\000\363\000t\000e\000s\000i\000s}{section.1.4}% 14
\BOOKMARK [2][-]{subsection.1.4.2}{\376\377\000M\000u\000e\000s\000t\000r\000a\000s\000\040\000g\000r\000a\000n\000d\000e\000s\000:\000\040\000u\000n\000a\000\040\000m\000e\000d\000i\000a\000\040\000p\000o\000b\000l\000a\000c\000i\000o\000n\000a\000l}{section.1.4}% 15
\BOOKMARK [2][-]{subsection.1.4.3}{\376\377\000P\000r\000u\000e\000b\000a\000s\000\040\000d\000e\000\040\000H\000i\000p\000\363\000t\000e\000s\000i\000s}{section.1.4}% 16
\BOOKMARK [2][-]{subsection.1.4.4}{\376\377\000P\000r\000u\000e\000b\000a\000s\000\040\000d\000e\000\040\000H\000i\000p\000\363\000t\000e\000s\000i\000s}{section.1.4}% 17
\BOOKMARK [2][-]{subsection.1.4.5}{\376\377\000M\000u\000e\000s\000t\000r\000a\000s\000\040\000g\000r\000a\000n\000d\000e\000s\000:\000\040\000u\000n\000a\000\040\000m\000e\000d\000i\000a\000\040\000p\000o\000b\000l\000a\000c\000i\000o\000n\000a\000l}{section.1.4}% 18
\BOOKMARK [2][-]{subsection.1.4.6}{\376\377\000E\000s\000t\000i\000m\000a\000c\000i\000\363\000n\000\040\000p\000o\000r\000\040\000i\000n\000t\000e\000r\000v\000a\000l\000o\000s}{section.1.4}% 19
\BOOKMARK [2][-]{subsection.1.4.7}{\376\377\000I\000n\000t\000e\000r\000v\000a\000l\000o\000s\000\040\000d\000e\000\040\000c\000o\000n\000f\000i\000a\000n\000z\000a\000\040\000s\000o\000b\000r\000e\000\040\000l\000a\000\040\000v\000a\000r\000i\000a\000n\000z\000a}{section.1.4}% 20
\BOOKMARK [2][-]{subsection.1.4.8}{\376\377\000I\000n\000t\000e\000r\000v\000a\000l\000o\000s\000\040\000d\000e\000\040\000c\000o\000n\000f\000i\000a\000n\000z\000a\000\040\000p\000a\000r\000a\000\040\000p\000r\000o\000p\000o\000r\000c\000i\000o\000n\000e\000s}{section.1.4}% 21
\BOOKMARK [2][-]{subsection.1.4.9}{\376\377\000I\000n\000t\000e\000r\000v\000a\000l\000o\000s\000\040\000d\000e\000\040\000c\000o\000n\000f\000i\000a\000n\000z\000a\000\040\000p\000a\000r\000a\000\040\000d\000o\000s\000\040\000m\000u\000e\000s\000t\000r\000a\000s}{section.1.4}% 22
\BOOKMARK [2][-]{subsection.1.4.10}{\376\377\000V\000a\000r\000i\000a\000n\000z\000a\000s\000\040\000d\000e\000s\000c\000o\000n\000o\000c\000i\000d\000a\000s}{section.1.4}% 23
\BOOKMARK [2][-]{subsection.1.4.11}{\376\377\000I\000n\000t\000e\000r\000v\000a\000l\000o\000s\000\040\000d\000e\000\040\000c\000o\000n\000f\000i\000a\000n\000z\000a\000\040\000p\000a\000r\000a\000\040\000r\000a\000z\000\363\000n\000\040\000d\000e\000\040\000V\000a\000r\000i\000a\000n\000z\000a\000s}{section.1.4}% 24
\BOOKMARK [2][-]{subsection.1.4.12}{\376\377\000I\000n\000t\000e\000r\000v\000a\000l\000o\000s\000\040\000d\000e\000\040\000c\000o\000n\000f\000i\000a\000n\000z\000a\000\040\000p\000a\000r\000a\000\040\000d\000i\000f\000e\000r\000e\000n\000c\000i\000a\000\040\000d\000e\000\040\000p\000r\000o\000p\000o\000r\000c\000i\000o\000n\000e\000s}{section.1.4}% 25
\BOOKMARK [1][-]{section.1.5}{\376\377\000B\000a\000s\000e\000s}{chapter.1}% 26
\BOOKMARK [2][-]{subsection.1.5.1}{\376\377\000A\000n\000\341\000l\000i\000s\000i\000s\000\040\000d\000e\000\040\000R\000e\000g\000r\000e\000s\000i\000o\000n\000\040\000L\000i\000n\000e\000a\000l\000\040\000\050\000R\000L\000\051}{section.1.5}% 27
\BOOKMARK [2][-]{subsection.1.5.2}{\376\377\000A\000n\000\341\000l\000i\000s\000i\000s\000\040\000d\000e\000\040\000R\000e\000g\000r\000e\000s\000i\000o\000n\000\040\000L\000i\000n\000e\000a\000l\000\040\000\050\000R\000L\000\051}{section.1.5}% 28
\BOOKMARK [2][-]{subsection.1.5.3}{\376\377\0003\000.\000\040\000A\000n\000\341\000l\000i\000s\000i\000s\000\040\000d\000e\000\040\000R\000e\000g\000r\000e\000s\000i\000o\000n\000\040\000L\000i\000n\000e\000a\000l\000\040\000\050\000R\000L\000\051}{section.1.5}% 29
\BOOKMARK [2][-]{subsection.1.5.4}{\376\377\0003\000.\000\040\000A\000n\000\341\000l\000i\000s\000i\000s\000\040\000d\000e\000\040\000R\000e\000g\000r\000e\000s\000i\000o\000n\000\040\000L\000i\000n\000e\000a\000l\000\040\000\050\000R\000L\000\051}{section.1.5}% 30
\BOOKMARK [0][-]{chapter.2}{\376\377\000R\000e\000g\000r\000e\000s\000i\000\363\000n\000\040\000L\000o\000g\000\355\000s\000t\000i\000c\000a}{}% 31
\BOOKMARK [1][-]{section.2.1}{\376\377\000C\000o\000n\000c\000e\000p\000t\000o\000s\000\040\000B\000\341\000s\000i\000c\000o\000s\000\040\000d\000e\000\040\000l\000a\000\040\000R\000e\000g\000r\000e\000s\000i\000\363\000n\000\040\000L\000o\000g\000\355\000s\000t\000i\000c\000a}{chapter.2}% 32
\BOOKMARK [1][-]{section.2.2}{\376\377\000D\000i\000f\000e\000r\000e\000n\000c\000i\000a\000s\000\040\000e\000n\000t\000r\000e\000\040\000R\000e\000g\000r\000e\000s\000i\000\363\000n\000\040\000L\000i\000n\000e\000a\000l\000\040\000y\000\040\000L\000o\000g\000\355\000s\000t\000i\000c\000a}{chapter.2}% 33
\BOOKMARK [2][-]{subsection.2.2.1}{\376\377\000R\000e\000g\000r\000e\000s\000i\000\363\000n\000\040\000L\000i\000n\000e\000a\000l}{section.2.2}% 34
\BOOKMARK [2][-]{subsection.2.2.2}{\376\377\000R\000e\000g\000r\000e\000s\000i\000\363\000n\000\040\000L\000o\000g\000\355\000s\000t\000i\000c\000a}{section.2.2}% 35
\BOOKMARK [1][-]{section.2.3}{\376\377\000C\000a\000s\000o\000s\000\040\000d\000e\000\040\000U\000s\000o\000\040\000d\000e\000\040\000l\000a\000\040\000R\000e\000g\000r\000e\000s\000i\000\363\000n\000\040\000L\000o\000g\000\355\000s\000t\000i\000c\000a}{chapter.2}% 36
\BOOKMARK [1][-]{section.2.4}{\376\377\000I\000m\000p\000l\000e\000m\000e\000n\000t\000a\000c\000i\000\363\000n\000\040\000B\000\341\000s\000i\000c\000a\000\040\000e\000n\000\040\000R}{chapter.2}% 37
\BOOKMARK [2][-]{subsection.2.4.1}{\376\377\000I\000n\000s\000t\000a\000l\000a\000c\000i\000\363\000n\000\040\000y\000\040\000C\000o\000n\000f\000i\000g\000u\000r\000a\000c\000i\000\363\000n\000\040\000d\000e\000\040\000R\000\040\000y\000\040\000R\000S\000t\000u\000d\000i\000o}{section.2.4}% 38
\BOOKMARK [2][-]{subsection.2.4.2}{\376\377\000I\000n\000t\000r\000o\000d\000u\000c\000c\000i\000\363\000n\000\040\000B\000\341\000s\000i\000c\000a\000\040\000a\000\040\000R}{section.2.4}% 39
\BOOKMARK [2][-]{subsection.2.4.3}{\376\377\000E\000j\000e\000m\000p\000l\000o\000\040\000d\000e\000\040\000R\000e\000g\000r\000e\000s\000i\000\363\000n\000\040\000L\000o\000g\000\355\000s\000t\000i\000c\000a\000\040\000e\000n\000\040\000R}{section.2.4}% 40
\BOOKMARK [1][-]{section.2.5}{\376\377\000C\000o\000n\000c\000e\000p\000t\000o\000s\000\040\000B\000\341\000s\000i\000c\000o\000s}{chapter.2}% 41
\BOOKMARK [1][-]{section.2.6}{\376\377\000R\000e\000g\000r\000e\000s\000i\000\363\000n\000\040\000L\000i\000n\000e\000a\000l}{chapter.2}% 42
\BOOKMARK [1][-]{section.2.7}{\376\377\000R\000e\000g\000r\000e\000s\000i\000\363\000n\000\040\000L\000o\000g\000\355\000s\000t\000i\000c\000a}{chapter.2}% 43
\BOOKMARK [1][-]{section.2.8}{\376\377\000M\000\351\000t\000o\000d\000o\000\040\000d\000e\000\040\000M\000\341\000x\000i\000m\000a\000\040\000V\000e\000r\000o\000s\000i\000m\000i\000l\000i\000t\000u\000d}{chapter.2}% 44
\BOOKMARK [1][-]{section.2.9}{\376\377\000M\000\351\000t\000o\000d\000o\000\040\000d\000e\000\040\000N\000e\000w\000t\000o\000n\000-\000R\000a\000p\000h\000s\000o\000n}{chapter.2}% 45
\BOOKMARK [1][-]{section.2.10}{\376\377\000E\000s\000p\000e\000c\000\355\000f\000i\000c\000a\000n\000d\000o}{chapter.2}% 46
\BOOKMARK [0][-]{chapter.3}{\376\377\000E\000l\000e\000m\000e\000n\000t\000o\000s\000\040\000d\000e\000\040\000P\000r\000o\000b\000a\000b\000i\000l\000i\000d\000a\000d}{}% 47
\BOOKMARK [1][-]{section.3.1}{\376\377\000I\000n\000t\000r\000o\000d\000u\000c\000c\000i\000\363\000n}{chapter.3}% 48
\BOOKMARK [1][-]{section.3.2}{\376\377\000P\000r\000o\000b\000a\000b\000i\000l\000i\000d\000a\000d}{chapter.3}% 49
\BOOKMARK [2][-]{subsection.3.2.1}{\376\377\000E\000s\000p\000a\000c\000i\000o\000\040\000M\000u\000e\000s\000t\000r\000a\000l\000\040\000y\000\040\000E\000v\000e\000n\000t\000o\000s}{section.3.2}% 50
\BOOKMARK [2][-]{subsection.3.2.2}{\376\377\000D\000e\000f\000i\000n\000i\000c\000i\000o\000n\000e\000s\000\040\000d\000e\000\040\000P\000r\000o\000b\000a\000b\000i\000l\000i\000d\000a\000d}{section.3.2}% 51
\BOOKMARK [1][-]{section.3.3}{\376\377\000E\000s\000t\000a\000d\000\355\000s\000t\000i\000c\000a\000\040\000B\000a\000y\000e\000s\000i\000a\000n\000a}{chapter.3}% 52
\BOOKMARK [2][-]{subsection.3.3.1}{\376\377\000P\000r\000i\000o\000r\000\040\000y\000\040\000P\000o\000s\000t\000e\000r\000i\000o\000r}{section.3.3}% 53
\BOOKMARK [1][-]{section.3.4}{\376\377\000D\000i\000s\000t\000r\000i\000b\000u\000c\000i\000o\000n\000e\000s\000\040\000d\000e\000\040\000P\000r\000o\000b\000a\000b\000i\000l\000i\000d\000a\000d}{chapter.3}% 54
\BOOKMARK [2][-]{subsection.3.4.1}{\376\377\000D\000i\000s\000t\000r\000i\000b\000u\000c\000i\000o\000n\000e\000s\000\040\000D\000i\000s\000c\000r\000e\000t\000a\000s}{section.3.4}% 55
\BOOKMARK [2][-]{subsection.3.4.2}{\376\377\000D\000i\000s\000t\000r\000i\000b\000u\000c\000i\000o\000n\000e\000s\000\040\000C\000o\000n\000t\000i\000n\000u\000a\000s}{section.3.4}% 56
\BOOKMARK [1][-]{section.3.5}{\376\377\000E\000s\000t\000a\000d\000\355\000s\000t\000i\000c\000a\000\040\000D\000e\000s\000c\000r\000i\000p\000t\000i\000v\000a}{chapter.3}% 57
\BOOKMARK [2][-]{subsection.3.5.1}{\376\377\000M\000e\000d\000i\000d\000a\000s\000\040\000d\000e\000\040\000T\000e\000n\000d\000e\000n\000c\000i\000a\000\040\000C\000e\000n\000t\000r\000a\000l}{section.3.5}% 58
\BOOKMARK [2][-]{subsection.3.5.2}{\376\377\000M\000e\000d\000i\000d\000a\000s\000\040\000d\000e\000\040\000D\000i\000s\000p\000e\000r\000s\000i\000\363\000n}{section.3.5}% 59
\BOOKMARK [1][-]{section.3.6}{\376\377\000I\000n\000f\000e\000r\000e\000n\000c\000i\000a\000\040\000E\000s\000t\000a\000d\000\355\000s\000t\000i\000c\000a}{chapter.3}% 60
\BOOKMARK [2][-]{subsection.3.6.1}{\376\377\000E\000s\000t\000i\000m\000a\000c\000i\000\363\000n\000\040\000d\000e\000\040\000P\000a\000r\000\341\000m\000e\000t\000r\000o\000s}{section.3.6}% 61
\BOOKMARK [2][-]{subsection.3.6.2}{\376\377\000P\000r\000u\000e\000b\000a\000\040\000d\000e\000\040\000H\000i\000p\000\363\000t\000e\000s\000i\000s}{section.3.6}% 62
\BOOKMARK [0][-]{chapter.4}{\376\377\000M\000a\000t\000e\000m\000\341\000t\000i\000c\000a\000s\000\040\000D\000e\000t\000r\000\341\000s\000\040\000d\000e\000\040\000l\000a\000\040\000R\000e\000g\000r\000e\000s\000i\000\363\000n\000\040\000L\000o\000g\000\355\000s\000t\000i\000c\000a}{}% 63
\BOOKMARK [1][-]{section.4.1}{\376\377\000I\000n\000t\000r\000o\000d\000u\000c\000c\000i\000\363\000n}{chapter.4}% 64
\BOOKMARK [1][-]{section.4.2}{\376\377\000F\000u\000n\000c\000i\000\363\000n\000\040\000L\000o\000g\000\355\000s\000t\000i\000c\000a}{chapter.4}% 65
\BOOKMARK [2][-]{subsection.4.2.1}{\376\377\000D\000e\000f\000i\000n\000i\000c\000i\000\363\000n}{section.4.2}% 66
\BOOKMARK [2][-]{subsection.4.2.2}{\376\377\000P\000r\000o\000p\000i\000e\000d\000a\000d\000e\000s}{section.4.2}% 67
\BOOKMARK [1][-]{section.4.3}{\376\377\000F\000u\000n\000c\000i\000\363\000n\000\040\000d\000e\000\040\000V\000e\000r\000o\000s\000i\000m\000i\000l\000i\000t\000u\000d}{chapter.4}% 68
\BOOKMARK [2][-]{subsection.4.3.1}{\376\377\000D\000e\000f\000i\000n\000i\000c\000i\000\363\000n}{section.4.3}% 69
\BOOKMARK [2][-]{subsection.4.3.2}{\376\377\000F\000u\000n\000c\000i\000\363\000n\000\040\000d\000e\000\040\000L\000o\000g\000-\000V\000e\000r\000o\000s\000i\000m\000i\000l\000i\000t\000u\000d}{section.4.3}% 70
\BOOKMARK [1][-]{section.4.4}{\376\377\000E\000s\000t\000i\000m\000a\000c\000i\000\363\000n\000\040\000d\000e\000\040\000C\000o\000e\000f\000i\000c\000i\000e\000n\000t\000e\000s}{chapter.4}% 71
\BOOKMARK [2][-]{subsection.4.4.1}{\376\377\000G\000r\000a\000d\000i\000e\000n\000t\000e\000\040\000y\000\040\000H\000e\000s\000s\000i\000a\000n\000a}{section.4.4}% 72
\BOOKMARK [2][-]{subsection.4.4.2}{\376\377\000A\000l\000g\000o\000r\000i\000t\000m\000o\000\040\000N\000e\000w\000t\000o\000n\000-\000R\000a\000p\000h\000s\000o\000n}{section.4.4}% 73
\BOOKMARK [1][-]{section.4.5}{\376\377\000V\000a\000l\000i\000d\000a\000c\000i\000\363\000n\000\040\000d\000e\000l\000\040\000M\000o\000d\000e\000l\000o}{chapter.4}% 74
\BOOKMARK [2][-]{subsection.4.5.1}{\376\377\000C\000u\000r\000v\000a\000\040\000R\000O\000C\000\040\000y\000\040\000A\000U\000C}{section.4.5}% 75
\BOOKMARK [2][-]{subsection.4.5.2}{\376\377\000M\000a\000t\000r\000i\000z\000\040\000d\000e\000\040\000C\000o\000n\000f\000u\000s\000i\000\363\000n}{section.4.5}% 76
\BOOKMARK [0][-]{chapter.5}{\376\377\000P\000r\000e\000p\000a\000r\000a\000c\000i\000\363\000n\000\040\000d\000e\000\040\000D\000a\000t\000o\000s\000\040\000y\000\040\000S\000e\000l\000e\000c\000c\000i\000\363\000n\000\040\000d\000e\000\040\000V\000a\000r\000i\000a\000b\000l\000e\000s}{}% 77
\BOOKMARK [1][-]{section.5.1}{\376\377\000I\000n\000t\000r\000o\000d\000u\000c\000c\000i\000\363\000n}{chapter.5}% 78
\BOOKMARK [1][-]{section.5.2}{\376\377\000I\000m\000p\000o\000r\000t\000a\000n\000c\000i\000a\000\040\000d\000e\000\040\000l\000a\000\040\000P\000r\000e\000p\000a\000r\000a\000c\000i\000\363\000n\000\040\000d\000e\000\040\000D\000a\000t\000o\000s}{chapter.5}% 79
\BOOKMARK [1][-]{section.5.3}{\376\377\000L\000i\000m\000p\000i\000e\000z\000a\000\040\000d\000e\000\040\000D\000a\000t\000o\000s}{chapter.5}% 80
\BOOKMARK [1][-]{section.5.4}{\376\377\000T\000r\000a\000t\000a\000m\000i\000e\000n\000t\000o\000\040\000d\000e\000\040\000D\000a\000t\000o\000s\000\040\000F\000a\000l\000t\000a\000n\000t\000e\000s}{chapter.5}% 81
\BOOKMARK [2][-]{subsection.5.4.1}{\376\377\000I\000m\000p\000u\000t\000a\000c\000i\000\363\000n\000\040\000d\000e\000\040\000l\000a\000\040\000M\000e\000d\000i\000a}{section.5.4}% 82
\BOOKMARK [1][-]{section.5.5}{\376\377\000C\000o\000d\000i\000f\000i\000c\000a\000c\000i\000\363\000n\000\040\000d\000e\000\040\000V\000a\000r\000i\000a\000b\000l\000e\000s\000\040\000C\000a\000t\000e\000g\000\363\000r\000i\000c\000a\000s}{chapter.5}% 83
\BOOKMARK [2][-]{subsection.5.5.1}{\376\377\000C\000o\000d\000i\000f\000i\000c\000a\000c\000i\000\363\000n\000\040\000O\000n\000e\000-\000H\000o\000t}{section.5.5}% 84
\BOOKMARK [2][-]{subsection.5.5.2}{\376\377\000C\000o\000d\000i\000f\000i\000c\000a\000c\000i\000\363\000n\000\040\000O\000r\000d\000i\000n\000a\000l}{section.5.5}% 85
\BOOKMARK [1][-]{section.5.6}{\376\377\000S\000e\000l\000e\000c\000c\000i\000\363\000n\000\040\000d\000e\000\040\000V\000a\000r\000i\000a\000b\000l\000e\000s}{chapter.5}% 86
\BOOKMARK [2][-]{subsection.5.6.1}{\376\377\000M\000\351\000t\000o\000d\000o\000s\000\040\000d\000e\000\040\000F\000i\000l\000t\000r\000a\000d\000o}{section.5.6}% 87
\BOOKMARK [2][-]{subsection.5.6.2}{\376\377\000M\000\351\000t\000o\000d\000o\000s\000\040\000d\000e\000\040\000W\000r\000a\000p\000p\000e\000r}{section.5.6}% 88
\BOOKMARK [2][-]{subsection.5.6.3}{\376\377\000M\000\351\000t\000o\000d\000o\000s\000\040\000B\000a\000s\000a\000d\000o\000s\000\040\000e\000n\000\040\000M\000o\000d\000e\000l\000o\000s}{section.5.6}% 89
\BOOKMARK [1][-]{section.5.7}{\376\377\000I\000m\000p\000l\000e\000m\000e\000n\000t\000a\000c\000i\000\363\000n\000\040\000e\000n\000\040\000R}{chapter.5}% 90
\BOOKMARK [2][-]{subsection.5.7.1}{\376\377\000L\000i\000m\000p\000i\000e\000z\000a\000\040\000d\000e\000\040\000D\000a\000t\000o\000s}{section.5.7}% 91
\BOOKMARK [2][-]{subsection.5.7.2}{\376\377\000C\000o\000d\000i\000f\000i\000c\000a\000c\000i\000\363\000n\000\040\000d\000e\000\040\000V\000a\000r\000i\000a\000b\000l\000e\000s\000\040\000C\000a\000t\000e\000g\000\363\000r\000i\000c\000a\000s}{section.5.7}% 92
\BOOKMARK [2][-]{subsection.5.7.3}{\376\377\000S\000e\000l\000e\000c\000c\000i\000\363\000n\000\040\000d\000e\000\040\000V\000a\000r\000i\000a\000b\000l\000e\000s}{section.5.7}% 93
\BOOKMARK [0][-]{chapter.6}{\376\377\000E\000v\000a\000l\000u\000a\000c\000i\000\363\000n\000\040\000d\000e\000l\000\040\000M\000o\000d\000e\000l\000o\000\040\000y\000\040\000V\000a\000l\000i\000d\000a\000c\000i\000\363\000n\000\040\000C\000r\000u\000z\000a\000d\000a}{}% 94
\BOOKMARK [1][-]{section.6.1}{\376\377\000I\000n\000t\000r\000o\000d\000u\000c\000c\000i\000\363\000n}{chapter.6}% 95
\BOOKMARK [1][-]{section.6.2}{\376\377\000M\000\351\000t\000r\000i\000c\000a\000s\000\040\000d\000e\000\040\000E\000v\000a\000l\000u\000a\000c\000i\000\363\000n\000\040\000d\000e\000l\000\040\000M\000o\000d\000e\000l\000o}{chapter.6}% 96
\BOOKMARK [2][-]{subsection.6.2.1}{\376\377\000C\000u\000r\000v\000a\000\040\000R\000O\000C\000\040\000y\000\040\000A\000U\000C}{section.6.2}% 97
\BOOKMARK [2][-]{subsection.6.2.2}{\376\377\000M\000a\000t\000r\000i\000z\000\040\000d\000e\000\040\000C\000o\000n\000f\000u\000s\000i\000\363\000n}{section.6.2}% 98
\BOOKMARK [2][-]{subsection.6.2.3}{\376\377\000P\000r\000e\000c\000i\000s\000i\000\363\000n\000,\000\040\000R\000e\000c\000a\000l\000l\000\040\000y\000\040\000F\0001\000-\000S\000c\000o\000r\000e}{section.6.2}% 99
\BOOKMARK [2][-]{subsection.6.2.4}{\376\377\000L\000o\000g\000-\000L\000o\000s\000s}{section.6.2}% 100
\BOOKMARK [1][-]{section.6.3}{\376\377\000V\000a\000l\000i\000d\000a\000c\000i\000\363\000n\000\040\000C\000r\000u\000z\000a\000d\000a}{chapter.6}% 101
\BOOKMARK [2][-]{subsection.6.3.1}{\376\377\000K\000-\000F\000o\000l\000d\000\040\000C\000r\000o\000s\000s\000-\000V\000a\000l\000i\000d\000a\000t\000i\000o\000n}{section.6.3}% 102
\BOOKMARK [2][-]{subsection.6.3.2}{\376\377\000L\000e\000a\000v\000e\000-\000O\000n\000e\000-\000O\000u\000t\000\040\000C\000r\000o\000s\000s\000-\000V\000a\000l\000i\000d\000a\000t\000i\000o\000n\000\040\000\050\000L\000O\000O\000C\000V\000\051}{section.6.3}% 103
\BOOKMARK [1][-]{section.6.4}{\376\377\000A\000j\000u\000s\000t\000e\000\040\000y\000\040\000S\000o\000b\000r\000e\000a\000j\000u\000s\000t\000e\000\040\000d\000e\000l\000\040\000M\000o\000d\000e\000l\000o}{chapter.6}% 104
\BOOKMARK [2][-]{subsection.6.4.1}{\376\377\000S\000o\000b\000r\000e\000a\000j\000u\000s\000t\000e}{section.6.4}% 105
\BOOKMARK [2][-]{subsection.6.4.2}{\376\377\000S\000u\000b\000a\000j\000u\000s\000t\000e}{section.6.4}% 106
\BOOKMARK [2][-]{subsection.6.4.3}{\376\377\000R\000e\000g\000u\000l\000a\000r\000i\000z\000a\000c\000i\000\363\000n}{section.6.4}% 107
\BOOKMARK [1][-]{section.6.5}{\376\377\000I\000m\000p\000l\000e\000m\000e\000n\000t\000a\000c\000i\000\363\000n\000\040\000e\000n\000\040\000R}{chapter.6}% 108
\BOOKMARK [2][-]{subsection.6.5.1}{\376\377\000E\000v\000a\000l\000u\000a\000c\000i\000\363\000n\000\040\000d\000e\000l\000\040\000M\000o\000d\000e\000l\000o}{section.6.5}% 109
\BOOKMARK [2][-]{subsection.6.5.2}{\376\377\000V\000a\000l\000i\000d\000a\000c\000i\000\363\000n\000\040\000C\000r\000u\000z\000a\000d\000a}{section.6.5}% 110
\BOOKMARK [0][-]{chapter.7}{\376\377\000D\000i\000a\000g\000n\000\363\000s\000t\000i\000c\000o\000\040\000d\000e\000l\000\040\000M\000o\000d\000e\000l\000o\000\040\000y\000\040\000A\000j\000u\000s\000t\000e\000\040\000d\000e\000\040\000P\000a\000r\000\341\000m\000e\000t\000r\000o\000s}{}% 111
\BOOKMARK [1][-]{section.7.1}{\376\377\000I\000n\000t\000r\000o\000d\000u\000c\000c\000i\000\363\000n}{chapter.7}% 112
\BOOKMARK [1][-]{section.7.2}{\376\377\000D\000i\000a\000g\000n\000\363\000s\000t\000i\000c\000o\000\040\000d\000e\000l\000\040\000M\000o\000d\000e\000l\000o}{chapter.7}% 113
\BOOKMARK [2][-]{subsection.7.2.1}{\376\377\000R\000e\000s\000i\000d\000u\000o\000s}{section.7.2}% 114
\BOOKMARK [2][-]{subsection.7.2.2}{\376\377\000I\000n\000f\000l\000u\000e\000n\000c\000i\000a}{section.7.2}% 115
\BOOKMARK [2][-]{subsection.7.2.3}{\376\377\000M\000u\000l\000t\000i\000c\000o\000l\000i\000n\000e\000a\000l\000i\000d\000a\000d}{section.7.2}% 116
\BOOKMARK [1][-]{section.7.3}{\376\377\000A\000j\000u\000s\000t\000e\000\040\000d\000e\000\040\000P\000a\000r\000\341\000m\000e\000t\000r\000o\000s}{chapter.7}% 117
\BOOKMARK [2][-]{subsection.7.3.1}{\376\377\000G\000r\000i\000d\000\040\000S\000e\000a\000r\000c\000h}{section.7.3}% 118
\BOOKMARK [2][-]{subsection.7.3.2}{\376\377\000R\000a\000n\000d\000o\000m\000\040\000S\000e\000a\000r\000c\000h}{section.7.3}% 119
\BOOKMARK [2][-]{subsection.7.3.3}{\376\377\000B\000a\000y\000e\000s\000i\000a\000n\000\040\000O\000p\000t\000i\000m\000i\000z\000a\000t\000i\000o\000n}{section.7.3}% 120
\BOOKMARK [1][-]{section.7.4}{\376\377\000I\000m\000p\000l\000e\000m\000e\000n\000t\000a\000c\000i\000\363\000n\000\040\000e\000n\000\040\000R}{chapter.7}% 121
\BOOKMARK [2][-]{subsection.7.4.1}{\376\377\000D\000i\000a\000g\000n\000\363\000s\000t\000i\000c\000o\000\040\000d\000e\000l\000\040\000M\000o\000d\000e\000l\000o}{section.7.4}% 122
\BOOKMARK [2][-]{subsection.7.4.2}{\376\377\000A\000j\000u\000s\000t\000e\000\040\000d\000e\000\040\000P\000a\000r\000\341\000m\000e\000t\000r\000o\000s}{section.7.4}% 123
\BOOKMARK [0][-]{chapter.8}{\376\377\000I\000n\000t\000e\000r\000p\000r\000e\000t\000a\000c\000i\000\363\000n\000\040\000d\000e\000\040\000l\000o\000s\000\040\000R\000e\000s\000u\000l\000t\000a\000d\000o\000s}{}% 124
\BOOKMARK [1][-]{section.8.1}{\376\377\000I\000n\000t\000r\000o\000d\000u\000c\000c\000i\000\363\000n}{chapter.8}% 125
\BOOKMARK [1][-]{section.8.2}{\376\377\000C\000o\000e\000f\000i\000c\000i\000e\000n\000t\000e\000s\000\040\000d\000e\000\040\000R\000e\000g\000r\000e\000s\000i\000\363\000n\000\040\000L\000o\000g\000\355\000s\000t\000i\000c\000a}{chapter.8}% 126
\BOOKMARK [2][-]{subsection.8.2.1}{\376\377\000I\000n\000t\000e\000r\000p\000r\000e\000t\000a\000c\000i\000\363\000n\000\040\000d\000e\000\040\000l\000o\000s\000\040\000C\000o\000e\000f\000i\000c\000i\000e\000n\000t\000e\000s}{section.8.2}% 127
\BOOKMARK [2][-]{subsection.8.2.2}{\376\377\000S\000i\000g\000n\000o\000\040\000d\000e\000\040\000l\000o\000s\000\040\000C\000o\000e\000f\000i\000c\000i\000e\000n\000t\000e\000s}{section.8.2}% 128
\BOOKMARK [1][-]{section.8.3}{\376\377\000O\000d\000d\000s\000\040\000R\000a\000t\000i\000o\000s}{chapter.8}% 129
\BOOKMARK [2][-]{subsection.8.3.1}{\376\377\000C\000\341\000l\000c\000u\000l\000o\000\040\000d\000e\000\040\000l\000a\000s\000\040\000O\000d\000d\000s\000\040\000R\000a\000t\000i\000o\000s}{section.8.3}% 130
\BOOKMARK [2][-]{subsection.8.3.2}{\376\377\000I\000n\000t\000e\000r\000p\000r\000e\000t\000a\000c\000i\000\363\000n\000\040\000d\000e\000\040\000l\000a\000s\000\040\000O\000d\000d\000s\000\040\000R\000a\000t\000i\000o\000s}{section.8.3}% 131
\BOOKMARK [1][-]{section.8.4}{\376\377\000I\000n\000t\000e\000r\000v\000a\000l\000o\000s\000\040\000d\000e\000\040\000C\000o\000n\000f\000i\000a\000n\000z\000a}{chapter.8}% 132
\BOOKMARK [2][-]{subsection.8.4.1}{\376\377\000C\000\341\000l\000c\000u\000l\000o\000\040\000d\000e\000\040\000l\000o\000s\000\040\000I\000n\000t\000e\000r\000v\000a\000l\000o\000s\000\040\000d\000e\000\040\000C\000o\000n\000f\000i\000a\000n\000z\000a}{section.8.4}% 133
\BOOKMARK [1][-]{section.8.5}{\376\377\000S\000i\000g\000n\000i\000f\000i\000c\000a\000n\000c\000i\000a\000\040\000E\000s\000t\000a\000d\000\355\000s\000t\000i\000c\000a}{chapter.8}% 134
\BOOKMARK [2][-]{subsection.8.5.1}{\376\377\000P\000r\000u\000e\000b\000a\000\040\000d\000e\000\040\000H\000i\000p\000\363\000t\000e\000s\000i\000s}{section.8.5}% 135
\BOOKMARK [2][-]{subsection.8.5.2}{\376\377\000P\000-\000v\000a\000l\000o\000r}{section.8.5}% 136
\BOOKMARK [1][-]{section.8.6}{\376\377\000I\000m\000p\000l\000e\000m\000e\000n\000t\000a\000c\000i\000\363\000n\000\040\000e\000n\000\040\000R}{chapter.8}% 137
\BOOKMARK [2][-]{subsection.8.6.1}{\376\377\000C\000\341\000l\000c\000u\000l\000o\000\040\000d\000e\000\040\000C\000o\000e\000f\000i\000c\000i\000e\000n\000t\000e\000s\000\040\000y\000\040\000O\000d\000d\000s\000\040\000R\000a\000t\000i\000o\000s}{section.8.6}% 138
\BOOKMARK [2][-]{subsection.8.6.2}{\376\377\000I\000n\000t\000e\000r\000v\000a\000l\000o\000s\000\040\000d\000e\000\040\000C\000o\000n\000f\000i\000a\000n\000z\000a}{section.8.6}% 139
\BOOKMARK [2][-]{subsection.8.6.3}{\376\377\000P\000-\000v\000a\000l\000o\000r\000e\000s\000\040\000y\000\040\000S\000i\000g\000n\000i\000f\000i\000c\000a\000n\000c\000i\000a\000\040\000E\000s\000t\000a\000d\000\355\000s\000t\000i\000c\000a}{section.8.6}% 140
\BOOKMARK [0][-]{chapter.9}{\376\377\000R\000e\000g\000r\000e\000s\000i\000\363\000n\000\040\000L\000o\000g\000\355\000s\000t\000i\000c\000a\000\040\000M\000u\000l\000t\000i\000n\000o\000m\000i\000a\000l\000\040\000y\000\040\000A\000n\000\341\000l\000i\000s\000i\000s\000\040\000d\000e\000\040\000S\000u\000p\000e\000r\000v\000i\000v\000e\000n\000c\000i\000a}{}% 141
\BOOKMARK [1][-]{section.9.1}{\376\377\000I\000n\000t\000r\000o\000d\000u\000c\000c\000i\000\363\000n}{chapter.9}% 142
\BOOKMARK [1][-]{section.9.2}{\376\377\000R\000e\000g\000r\000e\000s\000i\000\363\000n\000\040\000L\000o\000g\000\355\000s\000t\000i\000c\000a\000\040\000M\000u\000l\000t\000i\000n\000o\000m\000i\000a\000l}{chapter.9}% 143
\BOOKMARK [2][-]{subsection.9.2.1}{\376\377\000M\000o\000d\000e\000l\000o\000\040\000M\000u\000l\000t\000i\000n\000o\000m\000i\000a\000l}{section.9.2}% 144
\BOOKMARK [2][-]{subsection.9.2.2}{\376\377\000E\000s\000t\000i\000m\000a\000c\000i\000\363\000n\000\040\000d\000e\000\040\000P\000a\000r\000\341\000m\000e\000t\000r\000o\000s}{section.9.2}% 145
\BOOKMARK [1][-]{section.9.3}{\376\377\000A\000n\000\341\000l\000i\000s\000i\000s\000\040\000d\000e\000\040\000S\000u\000p\000e\000r\000v\000i\000v\000e\000n\000c\000i\000a}{chapter.9}% 146
\BOOKMARK [2][-]{subsection.9.3.1}{\376\377\000F\000u\000n\000c\000i\000\363\000n\000\040\000d\000e\000\040\000S\000u\000p\000e\000r\000v\000i\000v\000e\000n\000c\000i\000a}{section.9.3}% 147
\BOOKMARK [2][-]{subsection.9.3.2}{\376\377\000M\000o\000d\000e\000l\000o\000\040\000d\000e\000\040\000R\000i\000e\000s\000g\000o\000s\000\040\000P\000r\000o\000p\000o\000r\000c\000i\000o\000n\000a\000l\000e\000s\000\040\000d\000e\000\040\000C\000o\000x}{section.9.3}% 148
\BOOKMARK [1][-]{section.9.4}{\376\377\000I\000m\000p\000l\000e\000m\000e\000n\000t\000a\000c\000i\000\363\000n\000\040\000e\000n\000\040\000R}{chapter.9}% 149
\BOOKMARK [2][-]{subsection.9.4.1}{\376\377\000R\000e\000g\000r\000e\000s\000i\000\363\000n\000\040\000L\000o\000g\000\355\000s\000t\000i\000c\000a\000\040\000M\000u\000l\000t\000i\000n\000o\000m\000i\000a\000l}{section.9.4}% 150
\BOOKMARK [2][-]{subsection.9.4.2}{\376\377\000A\000n\000\341\000l\000i\000s\000i\000s\000\040\000d\000e\000\040\000S\000u\000p\000e\000r\000v\000i\000v\000e\000n\000c\000i\000a}{section.9.4}% 151
\BOOKMARK [0][-]{chapter.10}{\376\377\000I\000m\000p\000l\000e\000m\000e\000n\000t\000a\000c\000i\000\363\000n\000\040\000d\000e\000\040\000R\000e\000g\000r\000e\000s\000i\000\363\000n\000\040\000L\000o\000g\000\355\000s\000t\000i\000c\000a\000\040\000e\000n\000\040\000D\000a\000t\000o\000s\000\040\000R\000e\000a\000l\000e\000s}{}% 152
\BOOKMARK [1][-]{section.10.1}{\376\377\000I\000n\000t\000r\000o\000d\000u\000c\000c\000i\000\363\000n}{chapter.10}% 153
\BOOKMARK [1][-]{section.10.2}{\376\377\000C\000o\000n\000j\000u\000n\000t\000o\000\040\000d\000e\000\040\000D\000a\000t\000o\000s}{chapter.10}% 154
\BOOKMARK [1][-]{section.10.3}{\376\377\000P\000r\000e\000p\000a\000r\000a\000c\000i\000\363\000n\000\040\000d\000e\000\040\000D\000a\000t\000o\000s}{chapter.10}% 155
\BOOKMARK [2][-]{subsection.10.3.1}{\376\377\000C\000a\000r\000g\000a\000\040\000y\000\040\000E\000x\000p\000l\000o\000r\000a\000c\000i\000\363\000n\000\040\000d\000e\000\040\000D\000a\000t\000o\000s}{section.10.3}% 156
\BOOKMARK [2][-]{subsection.10.3.2}{\376\377\000L\000i\000m\000p\000i\000e\000z\000a\000\040\000d\000e\000\040\000D\000a\000t\000o\000s}{section.10.3}% 157
\BOOKMARK [2][-]{subsection.10.3.3}{\376\377\000C\000o\000d\000i\000f\000i\000c\000a\000c\000i\000\363\000n\000\040\000d\000e\000\040\000V\000a\000r\000i\000a\000b\000l\000e\000s\000\040\000C\000a\000t\000e\000g\000\363\000r\000i\000c\000a\000s}{section.10.3}% 158
\BOOKMARK [1][-]{section.10.4}{\376\377\000D\000i\000v\000i\000s\000i\000\363\000n\000\040\000d\000e\000\040\000D\000a\000t\000o\000s}{chapter.10}% 159
\BOOKMARK [1][-]{section.10.5}{\376\377\000E\000n\000t\000r\000e\000n\000a\000m\000i\000e\000n\000t\000o\000\040\000d\000e\000l\000\040\000M\000o\000d\000e\000l\000o}{chapter.10}% 160
\BOOKMARK [1][-]{section.10.6}{\376\377\000E\000v\000a\000l\000u\000a\000c\000i\000\363\000n\000\040\000d\000e\000l\000\040\000M\000o\000d\000e\000l\000o}{chapter.10}% 161
\BOOKMARK [1][-]{section.10.7}{\376\377\000I\000n\000t\000e\000r\000p\000r\000e\000t\000a\000c\000i\000\363\000n\000\040\000d\000e\000\040\000l\000o\000s\000\040\000R\000e\000s\000u\000l\000t\000a\000d\000o\000s}{chapter.10}% 162
\BOOKMARK [0][-]{chapter.11}{\376\377\000R\000e\000s\000u\000m\000e\000n\000\040\000y\000\040\000P\000r\000o\000y\000e\000c\000t\000o\000\040\000F\000i\000n\000a\000l}{}% 163
\BOOKMARK [1][-]{section.11.1}{\376\377\000R\000e\000s\000u\000m\000e\000n\000\040\000d\000e\000\040\000C\000o\000n\000c\000e\000p\000t\000o\000s\000\040\000C\000l\000a\000v\000e}{chapter.11}% 164
\BOOKMARK [1][-]{section.11.2}{\376\377\000B\000u\000e\000n\000a\000s\000\040\000P\000r\000\341\000c\000t\000i\000c\000a\000s}{chapter.11}% 165
\BOOKMARK [1][-]{section.11.3}{\376\377\000P\000r\000o\000y\000e\000c\000t\000o\000\040\000F\000i\000n\000a\000l}{chapter.11}% 166
\BOOKMARK [2][-]{subsection.11.3.1}{\376\377\000S\000e\000l\000e\000c\000c\000i\000\363\000n\000\040\000d\000e\000l\000\040\000C\000o\000n\000j\000u\000n\000t\000o\000\040\000d\000e\000\040\000D\000a\000t\000o\000s}{section.11.3}% 167
\BOOKMARK [2][-]{subsection.11.3.2}{\376\377\000E\000x\000p\000l\000o\000r\000a\000c\000i\000\363\000n\000\040\000y\000\040\000P\000r\000e\000p\000a\000r\000a\000c\000i\000\363\000n\000\040\000d\000e\000\040\000D\000a\000t\000o\000s}{section.11.3}% 168
\BOOKMARK [2][-]{subsection.11.3.3}{\376\377\000E\000n\000t\000r\000e\000n\000a\000m\000i\000e\000n\000t\000o\000\040\000y\000\040\000E\000v\000a\000l\000u\000a\000c\000i\000\363\000n\000\040\000d\000e\000l\000\040\000M\000o\000d\000e\000l\000o}{section.11.3}% 169
\BOOKMARK [2][-]{subsection.11.3.4}{\376\377\000I\000n\000t\000e\000r\000p\000r\000e\000t\000a\000c\000i\000\363\000n\000\040\000d\000e\000\040\000R\000e\000s\000u\000l\000t\000a\000d\000o\000s}{section.11.3}% 170
\BOOKMARK [2][-]{subsection.11.3.5}{\376\377\000P\000r\000e\000s\000e\000n\000t\000a\000c\000i\000\363\000n\000\040\000d\000e\000l\000\040\000P\000r\000o\000y\000e\000c\000t\000o}{section.11.3}% 171
\BOOKMARK [-1][-]{part.1}{\376\377\000I\000\040\000S\000E\000G\000U\000N\000D\000A\000\040\000P\000A\000R\000T\000E\000:\000\040\000A\000N\000A\000L\000I\000S\000I\000S\000\040\000D\000E\000\040\000S\000U\000P\000E\000R\000V\000I\000V\000E\000N\000C\000I\000A}{}% 172
\BOOKMARK [0][-]{chapter.12}{\376\377\000I\000n\000t\000r\000o\000d\000u\000c\000c\000i\000\363\000n\000\040\000a\000l\000\040\000A\000n\000\341\000l\000i\000s\000i\000s\000\040\000d\000e\000\040\000S\000u\000p\000e\000r\000v\000i\000v\000e\000n\000c\000i\000a}{part.1}% 173
\BOOKMARK [1][-]{section.12.1}{\376\377\000C\000o\000n\000c\000e\000p\000t\000o\000s\000\040\000B\000\341\000s\000i\000c\000o\000s}{chapter.12}% 174
\BOOKMARK [1][-]{section.12.2}{\376\377\000D\000e\000f\000i\000n\000i\000c\000i\000\363\000n\000\040\000d\000e\000\040\000E\000v\000e\000n\000t\000o\000s\000\040\000y\000\040\000T\000i\000e\000m\000p\000o\000s}{chapter.12}% 175
\BOOKMARK [1][-]{section.12.3}{\376\377\000C\000e\000n\000s\000u\000r\000a}{chapter.12}% 176
\BOOKMARK [1][-]{section.12.4}{\376\377\000F\000u\000n\000c\000i\000\363\000n\000\040\000d\000e\000\040\000S\000u\000p\000e\000r\000v\000i\000v\000e\000n\000c\000i\000a}{chapter.12}% 177
\BOOKMARK [1][-]{section.12.5}{\376\377\000F\000u\000n\000c\000i\000\363\000n\000\040\000d\000e\000\040\000D\000e\000n\000s\000i\000d\000a\000d\000\040\000d\000e\000\040\000P\000r\000o\000b\000a\000b\000i\000l\000i\000d\000a\000d}{chapter.12}% 178
\BOOKMARK [1][-]{section.12.6}{\376\377\000F\000u\000n\000c\000i\000\363\000n\000\040\000d\000e\000\040\000R\000i\000e\000s\000g\000o}{chapter.12}% 179
\BOOKMARK [1][-]{section.12.7}{\376\377\000R\000e\000l\000a\000c\000i\000\363\000n\000\040\000e\000n\000t\000r\000e\000\040\000F\000u\000n\000c\000i\000\363\000n\000\040\000d\000e\000\040\000S\000u\000p\000e\000r\000v\000i\000v\000e\000n\000c\000i\000a\000\040\000y\000\040\000F\000u\000n\000c\000i\000\363\000n\000\040\000d\000e\000\040\000R\000i\000e\000s\000g\000o}{chapter.12}% 180
\BOOKMARK [1][-]{section.12.8}{\376\377\000D\000e\000d\000u\000c\000c\000i\000\363\000n\000\040\000d\000e\000\040\000l\000a\000\040\000F\000u\000n\000c\000i\000\363\000n\000\040\000d\000e\000\040\000S\000u\000p\000e\000r\000v\000i\000v\000e\000n\000c\000i\000a}{chapter.12}% 181
\BOOKMARK [1][-]{section.12.9}{\376\377\000E\000j\000e\000m\000p\000l\000o\000\040\000d\000e\000\040\000C\000\341\000l\000c\000u\000l\000o}{chapter.12}% 182
\BOOKMARK [1][-]{section.12.10}{\376\377\000C\000o\000n\000c\000l\000u\000s\000i\000\363\000n}{chapter.12}% 183
\BOOKMARK [0][-]{chapter.13}{\376\377\000F\000u\000n\000c\000i\000\363\000n\000\040\000d\000e\000\040\000S\000u\000p\000e\000r\000v\000i\000v\000e\000n\000c\000i\000a\000\040\000y\000\040\000F\000u\000n\000c\000i\000\363\000n\000\040\000d\000e\000\040\000R\000i\000e\000s\000g\000o}{part.1}% 184
\BOOKMARK [1][-]{section.13.1}{\376\377\000I\000n\000t\000r\000o\000d\000u\000c\000c\000i\000\363\000n}{chapter.13}% 185
\BOOKMARK [1][-]{section.13.2}{\376\377\000F\000u\000n\000c\000i\000\363\000n\000\040\000d\000e\000\040\000S\000u\000p\000e\000r\000v\000i\000v\000e\000n\000c\000i\000a}{chapter.13}% 186
\BOOKMARK [2][-]{subsection.13.2.1}{\376\377\000P\000r\000o\000p\000i\000e\000d\000a\000d\000e\000s\000\040\000d\000e\000\040\000l\000a\000\040\000F\000u\000n\000c\000i\000\363\000n\000\040\000d\000e\000\040\000S\000u\000p\000e\000r\000v\000i\000v\000e\000n\000c\000i\000a}{section.13.2}% 187
\BOOKMARK [2][-]{subsection.13.2.2}{\376\377\000D\000e\000r\000i\000v\000a\000c\000i\000\363\000n\000\040\000d\000e\000\040\000S\000\050\000t\000\051}{section.13.2}% 188
\BOOKMARK [2][-]{subsection.13.2.3}{\376\377\000E\000j\000e\000m\000p\000l\000o\000\040\000d\000e\000\040\000C\000\341\000l\000c\000u\000l\000o\000\040\000d\000e\000\040\000S\000\050\000t\000\051}{section.13.2}% 189
\BOOKMARK [1][-]{section.13.3}{\376\377\000F\000u\000n\000c\000i\000\363\000n\000\040\000d\000e\000\040\000R\000i\000e\000s\000g\000o}{chapter.13}% 190
\BOOKMARK [2][-]{subsection.13.3.1}{\376\377\000R\000e\000l\000a\000c\000i\000\363\000n\000\040\000e\000n\000t\000r\000e\000\040\000\050\000t\000\051\000\040\000y\000\040\000f\000\050\000t\000\051}{section.13.3}% 191
\BOOKMARK [2][-]{subsection.13.3.2}{\376\377\000D\000e\000r\000i\000v\000a\000c\000i\000\363\000n\000\040\000d\000e\000\040\000\050\000t\000\051}{section.13.3}% 192
\BOOKMARK [1][-]{section.13.4}{\376\377\000R\000e\000l\000a\000c\000i\000\363\000n\000\040\000e\000n\000t\000r\000e\000\040\000F\000u\000n\000c\000i\000\363\000n\000\040\000d\000e\000\040\000S\000u\000p\000e\000r\000v\000i\000v\000e\000n\000c\000i\000a\000\040\000y\000\040\000F\000u\000n\000c\000i\000\363\000n\000\040\000d\000e\000\040\000R\000i\000e\000s\000g\000o}{chapter.13}% 193
\BOOKMARK [2][-]{subsection.13.4.1}{\376\377\000D\000e\000d\000u\000c\000c\000i\000\363\000n\000\040\000d\000e\000\040\000l\000a\000\040\000R\000e\000l\000a\000c\000i\000\363\000n}{section.13.4}% 194
\BOOKMARK [1][-]{section.13.5}{\376\377\000I\000n\000t\000e\000r\000p\000r\000e\000t\000a\000c\000i\000\363\000n\000\040\000d\000e\000\040\000l\000a\000\040\000F\000u\000n\000c\000i\000\363\000n\000\040\000d\000e\000\040\000R\000i\000e\000s\000g\000o}{chapter.13}% 195
\BOOKMARK [2][-]{subsection.13.5.1}{\376\377\000E\000j\000e\000m\000p\000l\000o\000\040\000d\000e\000\040\000C\000\341\000l\000c\000u\000l\000o\000\040\000d\000e\000\040\000\050\000t\000\051}{section.13.5}% 196
\BOOKMARK [1][-]{section.13.6}{\376\377\000F\000u\000n\000c\000i\000o\000n\000e\000s\000\040\000d\000e\000\040\000R\000i\000e\000s\000g\000o\000\040\000A\000c\000u\000m\000u\000l\000a\000d\000a\000\040\000y\000\040\000M\000e\000d\000i\000a\000\040\000R\000e\000s\000i\000d\000u\000a\000l}{chapter.13}% 197
\BOOKMARK [1][-]{section.13.7}{\376\377\000E\000j\000e\000m\000p\000l\000o\000\040\000d\000e\000\040\000C\000\341\000l\000c\000u\000l\000o\000\040\000d\000e\000\040\000F\000u\000n\000c\000i\000\363\000n\000\040\000d\000e\000\040\000R\000i\000e\000s\000g\000o\000\040\000A\000c\000u\000m\000u\000l\000a\000d\000a\000\040\000y\000\040\000V\000i\000d\000a\000\040\000M\000e\000d\000i\000a\000\040\000R\000e\000s\000i\000d\000u\000a\000l}{chapter.13}% 198
\BOOKMARK [1][-]{section.13.8}{\376\377\000C\000o\000n\000c\000l\000u\000s\000i\000\363\000n}{chapter.13}% 199
\BOOKMARK [0][-]{chapter.14}{\376\377\000E\000s\000t\000i\000m\000a\000d\000o\000r\000\040\000d\000e\000\040\000K\000a\000p\000l\000a\000n\000-\000M\000e\000i\000e\000r}{part.1}% 200
\BOOKMARK [1][-]{section.14.1}{\376\377\000I\000n\000t\000r\000o\000d\000u\000c\000c\000i\000\363\000n}{chapter.14}% 201
\BOOKMARK [1][-]{section.14.2}{\376\377\000D\000e\000f\000i\000n\000i\000c\000i\000\363\000n\000\040\000d\000e\000l\000\040\000E\000s\000t\000i\000m\000a\000d\000o\000r\000\040\000d\000e\000\040\000K\000a\000p\000l\000a\000n\000-\000M\000e\000i\000e\000r}{chapter.14}% 202
\BOOKMARK [1][-]{section.14.3}{\376\377\000P\000r\000o\000p\000i\000e\000d\000a\000d\000e\000s\000\040\000d\000e\000l\000\040\000E\000s\000t\000i\000m\000a\000d\000o\000r\000\040\000d\000e\000\040\000K\000a\000p\000l\000a\000n\000-\000M\000e\000i\000e\000r}{chapter.14}% 203
\BOOKMARK [2][-]{subsection.14.3.1}{\376\377\000F\000u\000n\000c\000i\000\363\000n\000\040\000E\000s\000c\000a\000l\000o\000n\000a\000d\000a}{section.14.3}% 204
\BOOKMARK [2][-]{subsection.14.3.2}{\376\377\000M\000a\000n\000e\000j\000o\000\040\000d\000e\000\040\000D\000a\000t\000o\000s\000\040\000C\000e\000n\000s\000u\000r\000a\000d\000o\000s}{section.14.3}% 205
\BOOKMARK [2][-]{subsection.14.3.3}{\376\377\000E\000s\000t\000i\000m\000a\000c\000i\000\363\000n\000\040\000N\000o\000\040\000P\000a\000r\000a\000m\000\351\000t\000r\000i\000c\000a}{section.14.3}% 206
\BOOKMARK [1][-]{section.14.4}{\376\377\000D\000e\000d\000u\000c\000c\000i\000\363\000n\000\040\000d\000e\000l\000\040\000E\000s\000t\000i\000m\000a\000d\000o\000r\000\040\000d\000e\000\040\000K\000a\000p\000l\000a\000n\000-\000M\000e\000i\000e\000r}{chapter.14}% 207
\BOOKMARK [2][-]{subsection.14.4.1}{\376\377\000P\000r\000o\000b\000a\000b\000i\000l\000i\000d\000a\000d\000\040\000C\000o\000n\000d\000i\000c\000i\000o\000n\000a\000l}{section.14.4}% 208
\BOOKMARK [2][-]{subsection.14.4.2}{\376\377\000P\000r\000o\000d\000u\000c\000t\000o\000\040\000d\000e\000\040\000P\000r\000o\000b\000a\000b\000i\000l\000i\000d\000a\000d\000e\000s\000\040\000C\000o\000n\000d\000i\000c\000i\000o\000n\000a\000l\000e\000s}{section.14.4}% 209
\BOOKMARK [1][-]{section.14.5}{\376\377\000E\000j\000e\000m\000p\000l\000o\000\040\000d\000e\000\040\000C\000\341\000l\000c\000u\000l\000o}{chapter.14}% 210
\BOOKMARK [1][-]{section.14.6}{\376\377\000I\000n\000t\000e\000r\000v\000a\000l\000o\000s\000\040\000d\000e\000\040\000C\000o\000n\000f\000i\000a\000n\000z\000a\000\040\000p\000a\000r\000a\000\040\000e\000l\000\040\000E\000s\000t\000i\000m\000a\000d\000o\000r\000\040\000d\000e\000\040\000K\000a\000p\000l\000a\000n\000-\000M\000e\000i\000e\000r}{chapter.14}% 211
\BOOKMARK [1][-]{section.14.7}{\376\377\000T\000r\000a\000n\000s\000f\000o\000r\000m\000a\000c\000i\000\363\000n\000\040\000L\000o\000g\000a\000r\000\355\000t\000m\000i\000c\000a\000\040\000I\000n\000v\000e\000r\000s\000a}{chapter.14}% 212
\BOOKMARK [1][-]{section.14.8}{\376\377\000C\000\341\000l\000c\000u\000l\000o\000\040\000D\000e\000t\000a\000l\000l\000a\000d\000o\000\040\000d\000e\000\040\000I\000n\000t\000e\000r\000v\000a\000l\000o\000s\000\040\000d\000e\000\040\000C\000o\000n\000f\000i\000a\000n\000z\000a}{chapter.14}% 213
\BOOKMARK [1][-]{section.14.9}{\376\377\000E\000j\000e\000m\000p\000l\000o\000\040\000d\000e\000\040\000I\000n\000t\000e\000r\000v\000a\000l\000o\000\040\000d\000e\000\040\000C\000o\000n\000f\000i\000a\000n\000z\000a}{chapter.14}% 214
\BOOKMARK [1][-]{section.14.10}{\376\377\000I\000n\000t\000e\000r\000p\000r\000e\000t\000a\000c\000i\000\363\000n\000\040\000d\000e\000l\000\040\000E\000s\000t\000i\000m\000a\000d\000o\000r\000\040\000d\000e\000\040\000K\000a\000p\000l\000a\000n\000-\000M\000e\000i\000e\000r}{chapter.14}% 215
\BOOKMARK [1][-]{section.14.11}{\376\377\000C\000o\000n\000c\000l\000u\000s\000i\000\363\000n}{chapter.14}% 216
\BOOKMARK [0][-]{chapter.15}{\376\377\000C\000o\000m\000p\000a\000r\000a\000c\000i\000\363\000n\000\040\000d\000e\000\040\000C\000u\000r\000v\000a\000s\000\040\000d\000e\000\040\000S\000u\000p\000e\000r\000v\000i\000v\000e\000n\000c\000i\000a}{part.1}% 217
\BOOKMARK [1][-]{section.15.1}{\376\377\000I\000n\000t\000r\000o\000d\000u\000c\000c\000i\000\363\000n}{chapter.15}% 218
\BOOKMARK [1][-]{section.15.2}{\376\377\000T\000e\000s\000t\000\040\000d\000e\000\040\000L\000o\000g\000-\000r\000a\000n\000k}{chapter.15}% 219
\BOOKMARK [2][-]{subsection.15.2.1}{\376\377\000F\000\363\000r\000m\000u\000l\000a\000\040\000d\000e\000l\000\040\000T\000e\000s\000t\000\040\000d\000e\000\040\000L\000o\000g\000-\000r\000a\000n\000k}{section.15.2}% 220
\BOOKMARK [2][-]{subsection.15.2.2}{\376\377\000C\000\341\000l\000c\000u\000l\000o\000\040\000d\000e\000\040\000E\000i\000\040\000y\000\040\000V\000i}{section.15.2}% 221
\BOOKMARK [1][-]{section.15.3}{\376\377\000E\000j\000e\000m\000p\000l\000o\000\040\000d\000e\000\040\000C\000\341\000l\000c\000u\000l\000o\000\040\000d\000e\000l\000\040\000T\000e\000s\000t\000\040\000d\000e\000\040\000L\000o\000g\000-\000r\000a\000n\000k}{chapter.15}% 222
\BOOKMARK [1][-]{section.15.4}{\376\377\000I\000n\000t\000e\000r\000p\000r\000e\000t\000a\000c\000i\000\363\000n\000\040\000d\000e\000l\000\040\000T\000e\000s\000t\000\040\000d\000e\000\040\000L\000o\000g\000-\000r\000a\000n\000k}{chapter.15}% 223
\BOOKMARK [1][-]{section.15.5}{\376\377\000P\000r\000u\000e\000b\000a\000s\000\040\000A\000l\000t\000e\000r\000n\000a\000t\000i\000v\000a\000s}{chapter.15}% 224
\BOOKMARK [1][-]{section.15.6}{\376\377\000C\000o\000n\000c\000l\000u\000s\000i\000\363\000n}{chapter.15}% 225
\BOOKMARK [0][-]{chapter.16}{\376\377\000M\000o\000d\000e\000l\000o\000s\000\040\000d\000e\000\040\000R\000i\000e\000s\000g\000o\000s\000\040\000P\000r\000o\000p\000o\000r\000c\000i\000o\000n\000a\000l\000e\000s\000\040\000d\000e\000\040\000C\000o\000x}{part.1}% 226
\BOOKMARK [1][-]{section.16.1}{\376\377\000I\000n\000t\000r\000o\000d\000u\000c\000c\000i\000\363\000n}{chapter.16}% 227
\BOOKMARK [1][-]{section.16.2}{\376\377\000D\000e\000f\000i\000n\000i\000c\000i\000\363\000n\000\040\000d\000e\000l\000\040\000M\000o\000d\000e\000l\000o\000\040\000d\000e\000\040\000C\000o\000x}{chapter.16}% 228
\BOOKMARK [1][-]{section.16.3}{\376\377\000S\000u\000p\000u\000e\000s\000t\000o\000\040\000d\000e\000\040\000P\000r\000o\000p\000o\000r\000c\000i\000o\000n\000a\000l\000i\000d\000a\000d\000\040\000d\000e\000\040\000R\000i\000e\000s\000g\000o\000s}{chapter.16}% 229
\BOOKMARK [1][-]{section.16.4}{\376\377\000E\000s\000t\000i\000m\000a\000c\000i\000\363\000n\000\040\000d\000e\000\040\000l\000o\000s\000\040\000P\000a\000r\000\341\000m\000e\000t\000r\000o\000s}{chapter.16}% 230
\BOOKMARK [2][-]{subsection.16.4.1}{\376\377\000F\000u\000n\000c\000i\000\363\000n\000\040\000d\000e\000\040\000L\000o\000g\000-\000V\000e\000r\000o\000s\000i\000m\000i\000l\000i\000t\000u\000d\000\040\000P\000a\000r\000c\000i\000a\000l}{section.16.4}% 231
\BOOKMARK [2][-]{subsection.16.4.2}{\376\377\000D\000e\000r\000i\000v\000a\000d\000a\000s\000\040\000P\000a\000r\000c\000i\000a\000l\000e\000s\000\040\000y\000\040\000M\000a\000x\000i\000m\000i\000z\000a\000c\000i\000\363\000n}{section.16.4}% 232
\BOOKMARK [1][-]{section.16.5}{\376\377\000I\000n\000t\000e\000r\000p\000r\000e\000t\000a\000c\000i\000\363\000n\000\040\000d\000e\000\040\000l\000o\000s\000\040\000C\000o\000e\000f\000i\000c\000i\000e\000n\000t\000e\000s}{chapter.16}% 233
\BOOKMARK [1][-]{section.16.6}{\376\377\000E\000v\000a\000l\000u\000a\000c\000i\000\363\000n\000\040\000d\000e\000l\000\040\000M\000o\000d\000e\000l\000o}{chapter.16}% 234
\BOOKMARK [2][-]{subsection.16.6.1}{\376\377\000R\000e\000s\000i\000d\000u\000o\000s\000\040\000d\000e\000\040\000S\000c\000h\000o\000e\000n\000f\000e\000l\000d}{section.16.6}% 235
\BOOKMARK [2][-]{subsection.16.6.2}{\376\377\000C\000u\000r\000v\000a\000s\000\040\000d\000e\000\040\000S\000u\000p\000e\000r\000v\000i\000v\000e\000n\000c\000i\000a\000\040\000A\000j\000u\000s\000t\000a\000d\000a\000s}{section.16.6}% 236
\BOOKMARK [1][-]{section.16.7}{\376\377\000E\000j\000e\000m\000p\000l\000o\000\040\000d\000e\000\040\000A\000p\000l\000i\000c\000a\000c\000i\000\363\000n\000\040\000d\000e\000l\000\040\000M\000o\000d\000e\000l\000o\000\040\000d\000e\000\040\000C\000o\000x}{chapter.16}% 237
\BOOKMARK [1][-]{section.16.8}{\376\377\000C\000o\000n\000c\000l\000u\000s\000i\000\363\000n}{chapter.16}% 238
\BOOKMARK [0][-]{chapter.17}{\376\377\000D\000i\000a\000g\000n\000\363\000s\000t\000i\000c\000o\000\040\000y\000\040\000V\000a\000l\000i\000d\000a\000c\000i\000\363\000n\000\040\000d\000e\000\040\000M\000o\000d\000e\000l\000o\000s\000\040\000d\000e\000\040\000C\000o\000x}{part.1}% 239
\BOOKMARK [1][-]{section.17.1}{\376\377\000I\000n\000t\000r\000o\000d\000u\000c\000c\000i\000\363\000n}{chapter.17}% 240
\BOOKMARK [1][-]{section.17.2}{\376\377\000S\000u\000p\000u\000e\000s\000t\000o\000\040\000d\000e\000\040\000P\000r\000o\000p\000o\000r\000c\000i\000o\000n\000a\000l\000i\000d\000a\000d\000\040\000d\000e\000\040\000R\000i\000e\000s\000g\000o\000s}{chapter.17}% 241
\BOOKMARK [2][-]{subsection.17.2.1}{\376\377\000R\000e\000s\000i\000d\000u\000o\000s\000\040\000d\000e\000\040\000S\000c\000h\000o\000e\000n\000f\000e\000l\000d}{section.17.2}% 242
\BOOKMARK [1][-]{section.17.3}{\376\377\000B\000o\000n\000d\000a\000d\000\040\000d\000e\000\040\000A\000j\000u\000s\000t\000e}{chapter.17}% 243
\BOOKMARK [2][-]{subsection.17.3.1}{\376\377\000C\000u\000r\000v\000a\000s\000\040\000d\000e\000\040\000S\000u\000p\000e\000r\000v\000i\000v\000e\000n\000c\000i\000a\000\040\000A\000j\000u\000s\000t\000a\000d\000a\000s}{section.17.3}% 244
\BOOKMARK [2][-]{subsection.17.3.2}{\376\377\000E\000s\000t\000a\000d\000\355\000s\000t\000i\000c\000a\000s\000\040\000d\000e\000\040\000A\000j\000u\000s\000t\000e\000\040\000G\000l\000o\000b\000a\000l}{section.17.3}% 245
\BOOKMARK [1][-]{section.17.4}{\376\377\000D\000i\000a\000g\000n\000\363\000s\000t\000i\000c\000o\000\040\000d\000e\000\040\000I\000n\000f\000l\000u\000e\000n\000c\000i\000a}{chapter.17}% 246
\BOOKMARK [2][-]{subsection.17.4.1}{\376\377\000R\000e\000s\000i\000d\000u\000o\000s\000\040\000d\000e\000\040\000D\000e\000v\000i\000a\000n\000c\000e}{section.17.4}% 247
\BOOKMARK [2][-]{subsection.17.4.2}{\376\377\000R\000e\000s\000i\000d\000u\000o\000s\000\040\000d\000e\000\040\000M\000a\000r\000t\000i\000n\000g\000a\000l\000a}{section.17.4}% 248
\BOOKMARK [1][-]{section.17.5}{\376\377\000E\000j\000e\000m\000p\000l\000o\000\040\000d\000e\000\040\000D\000i\000a\000g\000n\000\363\000s\000t\000i\000c\000o}{chapter.17}% 249
\BOOKMARK [1][-]{section.17.6}{\376\377\000C\000o\000n\000c\000l\000u\000s\000i\000\363\000n}{chapter.17}% 250
\BOOKMARK [0][-]{chapter.18}{\376\377\000M\000o\000d\000e\000l\000o\000s\000\040\000A\000c\000e\000l\000e\000r\000a\000d\000o\000s\000\040\000d\000e\000\040\000F\000a\000l\000l\000o\000s}{part.1}% 251
\BOOKMARK [1][-]{section.18.1}{\376\377\000I\000n\000t\000r\000o\000d\000u\000c\000c\000i\000\363\000n}{chapter.18}% 252
\BOOKMARK [1][-]{section.18.2}{\376\377\000D\000e\000f\000i\000n\000i\000c\000i\000\363\000n\000\040\000d\000e\000l\000\040\000M\000o\000d\000e\000l\000o\000\040\000A\000F\000T}{chapter.18}% 253
\BOOKMARK [2][-]{subsection.18.2.1}{\376\377\000T\000r\000a\000n\000s\000f\000o\000r\000m\000a\000c\000i\000\363\000n\000\040\000L\000o\000g\000a\000r\000\355\000t\000m\000i\000c\000a}{section.18.2}% 254
\BOOKMARK [1][-]{section.18.3}{\376\377\000E\000s\000t\000i\000m\000a\000c\000i\000\363\000n\000\040\000d\000e\000\040\000l\000o\000s\000\040\000P\000a\000r\000\341\000m\000e\000t\000r\000o\000s}{chapter.18}% 255
\BOOKMARK [2][-]{subsection.18.3.1}{\376\377\000F\000u\000n\000c\000i\000\363\000n\000\040\000d\000e\000\040\000L\000o\000g\000-\000V\000e\000r\000o\000s\000i\000m\000i\000l\000i\000t\000u\000d}{section.18.3}% 256
\BOOKMARK [2][-]{subsection.18.3.2}{\376\377\000M\000a\000x\000i\000m\000i\000z\000a\000c\000i\000\363\000n\000\040\000d\000e\000\040\000l\000a\000\040\000V\000e\000r\000o\000s\000i\000m\000i\000l\000i\000t\000u\000d}{section.18.3}% 257
\BOOKMARK [1][-]{section.18.4}{\376\377\000D\000i\000s\000t\000r\000i\000b\000u\000c\000i\000o\000n\000e\000s\000\040\000C\000o\000m\000u\000n\000e\000s\000\040\000e\000n\000\040\000M\000o\000d\000e\000l\000o\000s\000\040\000A\000F\000T}{chapter.18}% 258
\BOOKMARK [2][-]{subsection.18.4.1}{\376\377\000M\000o\000d\000e\000l\000o\000\040\000E\000x\000p\000o\000n\000e\000n\000c\000i\000a\000l\000\040\000A\000F\000T}{section.18.4}% 259
\BOOKMARK [2][-]{subsection.18.4.2}{\376\377\000M\000o\000d\000e\000l\000o\000\040\000W\000e\000i\000b\000u\000l\000l\000\040\000A\000F\000T}{section.18.4}% 260
\BOOKMARK [1][-]{section.18.5}{\376\377\000I\000n\000t\000e\000r\000p\000r\000e\000t\000a\000c\000i\000\363\000n\000\040\000d\000e\000\040\000l\000o\000s\000\040\000C\000o\000e\000f\000i\000c\000i\000e\000n\000t\000e\000s}{chapter.18}% 261
\BOOKMARK [1][-]{section.18.6}{\376\377\000E\000j\000e\000m\000p\000l\000o\000\040\000d\000e\000\040\000A\000p\000l\000i\000c\000a\000c\000i\000\363\000n\000\040\000d\000e\000l\000\040\000M\000o\000d\000e\000l\000o\000\040\000A\000F\000T}{chapter.18}% 262
\BOOKMARK [1][-]{section.18.7}{\376\377\000C\000o\000n\000c\000l\000u\000s\000i\000\363\000n}{chapter.18}% 263
\BOOKMARK [0][-]{chapter.19}{\376\377\000A\000n\000\341\000l\000i\000s\000i\000s\000\040\000M\000u\000l\000t\000i\000v\000a\000r\000i\000a\000d\000o\000\040\000d\000e\000\040\000S\000u\000p\000e\000r\000v\000i\000v\000e\000n\000c\000i\000a}{part.1}% 264
\BOOKMARK [1][-]{section.19.1}{\376\377\000I\000n\000t\000r\000o\000d\000u\000c\000c\000i\000\363\000n}{chapter.19}% 265
\BOOKMARK [1][-]{section.19.2}{\376\377\000M\000o\000d\000e\000l\000o\000\040\000d\000e\000\040\000C\000o\000x\000\040\000M\000u\000l\000t\000i\000v\000a\000r\000i\000a\000d\000o}{chapter.19}% 266
\BOOKMARK [2][-]{subsection.19.2.1}{\376\377\000E\000s\000t\000i\000m\000a\000c\000i\000\363\000n\000\040\000d\000e\000\040\000l\000o\000s\000\040\000P\000a\000r\000\341\000m\000e\000t\000r\000o\000s}{section.19.2}% 267
\BOOKMARK [1][-]{section.19.3}{\376\377\000M\000o\000d\000e\000l\000o\000\040\000A\000F\000T\000\040\000M\000u\000l\000t\000i\000v\000a\000r\000i\000a\000d\000o}{chapter.19}% 268
\BOOKMARK [2][-]{subsection.19.3.1}{\376\377\000E\000s\000t\000i\000m\000a\000c\000i\000\363\000n\000\040\000d\000e\000\040\000l\000o\000s\000\040\000P\000a\000r\000\341\000m\000e\000t\000r\000o\000s}{section.19.3}% 269
\BOOKMARK [1][-]{section.19.4}{\376\377\000I\000n\000t\000e\000r\000a\000c\000c\000i\000\363\000n\000\040\000y\000\040\000E\000f\000e\000c\000t\000o\000s\000\040\000N\000o\000\040\000L\000i\000n\000e\000a\000l\000e\000s}{chapter.19}% 270
\BOOKMARK [2][-]{subsection.19.4.1}{\376\377\000I\000n\000t\000e\000r\000a\000c\000c\000i\000o\000n\000e\000s}{section.19.4}% 271
\BOOKMARK [2][-]{subsection.19.4.2}{\376\377\000E\000f\000e\000c\000t\000o\000s\000\040\000N\000o\000\040\000L\000i\000n\000e\000a\000l\000e\000s}{section.19.4}% 272
\BOOKMARK [1][-]{section.19.5}{\376\377\000S\000e\000l\000e\000c\000c\000i\000\363\000n\000\040\000d\000e\000\040\000V\000a\000r\000i\000a\000b\000l\000e\000s}{chapter.19}% 273
\BOOKMARK [2][-]{subsection.19.5.1}{\376\377\000R\000e\000g\000r\000e\000s\000i\000\363\000n\000\040\000H\000a\000c\000i\000a\000\040\000A\000t\000r\000\341\000s}{section.19.5}% 274
\BOOKMARK [2][-]{subsection.19.5.2}{\376\377\000R\000e\000g\000r\000e\000s\000i\000\363\000n\000\040\000H\000a\000c\000i\000a\000\040\000A\000d\000e\000l\000a\000n\000t\000e}{section.19.5}% 275
\BOOKMARK [2][-]{subsection.19.5.3}{\376\377\000C\000r\000i\000t\000e\000r\000i\000o\000s\000\040\000d\000e\000\040\000I\000n\000f\000o\000r\000m\000a\000c\000i\000\363\000n}{section.19.5}% 276
\BOOKMARK [1][-]{section.19.6}{\376\377\000E\000j\000e\000m\000p\000l\000o\000\040\000d\000e\000\040\000A\000n\000\341\000l\000i\000s\000i\000s\000\040\000M\000u\000l\000t\000i\000v\000a\000r\000i\000a\000d\000o}{chapter.19}% 277
\BOOKMARK [1][-]{section.19.7}{\376\377\000C\000o\000n\000c\000l\000u\000s\000i\000\363\000n}{chapter.19}% 278
\BOOKMARK [0][-]{chapter.20}{\376\377\000S\000u\000p\000e\000r\000v\000i\000v\000e\000n\000c\000i\000a\000\040\000e\000n\000\040\000D\000a\000t\000o\000s\000\040\000C\000o\000m\000p\000l\000i\000c\000a\000d\000o\000s}{part.1}% 279
\BOOKMARK [1][-]{section.20.1}{\376\377\000I\000n\000t\000r\000o\000d\000u\000c\000c\000i\000\363\000n}{chapter.20}% 280
\BOOKMARK [1][-]{section.20.2}{\376\377\000C\000e\000n\000s\000u\000r\000a\000\040\000p\000o\000r\000\040\000I\000n\000t\000e\000r\000v\000a\000l\000o}{chapter.20}% 281
\BOOKMARK [2][-]{subsection.20.2.1}{\376\377\000M\000o\000d\000e\000l\000o\000\040\000p\000a\000r\000a\000\040\000D\000a\000t\000o\000s\000\040\000C\000e\000n\000s\000u\000r\000a\000d\000o\000s\000\040\000p\000o\000r\000\040\000I\000n\000t\000e\000r\000v\000a\000l\000o}{section.20.2}% 282
\BOOKMARK [1][-]{section.20.3}{\376\377\000D\000a\000t\000o\000s\000\040\000T\000r\000u\000n\000c\000a\000d\000o\000s}{chapter.20}% 283
\BOOKMARK [2][-]{subsection.20.3.1}{\376\377\000M\000o\000d\000e\000l\000o\000\040\000p\000a\000r\000a\000\040\000D\000a\000t\000o\000s\000\040\000T\000r\000u\000n\000c\000a\000d\000o\000s}{section.20.3}% 284
\BOOKMARK [1][-]{section.20.4}{\376\377\000A\000n\000\341\000l\000i\000s\000i\000s\000\040\000d\000e\000\040\000C\000o\000m\000p\000e\000t\000i\000n\000g\000\040\000R\000i\000s\000k\000s}{chapter.20}% 285
\BOOKMARK [2][-]{subsection.20.4.1}{\376\377\000M\000o\000d\000e\000l\000o\000\040\000d\000e\000\040\000C\000o\000m\000p\000e\000t\000i\000n\000g\000\040\000R\000i\000s\000k\000s}{section.20.4}% 286
\BOOKMARK [1][-]{section.20.5}{\376\377\000M\000\351\000t\000o\000d\000o\000s\000\040\000d\000e\000\040\000I\000m\000p\000u\000t\000a\000c\000i\000\363\000n}{chapter.20}% 287
\BOOKMARK [2][-]{subsection.20.5.1}{\376\377\000I\000m\000p\000u\000t\000a\000c\000i\000\363\000n\000\040\000M\000\372\000l\000t\000i\000p\000l\000e}{section.20.5}% 288
\BOOKMARK [1][-]{section.20.6}{\376\377\000E\000j\000e\000m\000p\000l\000o\000\040\000d\000e\000\040\000A\000n\000\341\000l\000i\000s\000i\000s\000\040\000c\000o\000n\000\040\000D\000a\000t\000o\000s\000\040\000C\000o\000m\000p\000l\000i\000c\000a\000d\000o\000s}{chapter.20}% 289
\BOOKMARK [1][-]{section.20.7}{\376\377\000C\000o\000n\000c\000l\000u\000s\000i\000\363\000n}{chapter.20}% 290
\BOOKMARK [0][-]{chapter.21}{\376\377\000P\000r\000o\000y\000e\000c\000t\000o\000\040\000F\000i\000n\000a\000l\000\040\000y\000\040\000R\000e\000v\000i\000s\000i\000\363\000n}{part.1}% 291
\BOOKMARK [1][-]{section.21.1}{\376\377\000I\000n\000t\000r\000o\000d\000u\000c\000c\000i\000\363\000n}{chapter.21}% 292
\BOOKMARK [1][-]{section.21.2}{\376\377\000D\000e\000s\000a\000r\000r\000o\000l\000l\000o\000\040\000d\000e\000l\000\040\000P\000r\000o\000y\000e\000c\000t\000o}{chapter.21}% 293
\BOOKMARK [1][-]{section.21.3}{\376\377\000R\000e\000v\000i\000s\000i\000\363\000n\000\040\000d\000e\000\040\000C\000o\000n\000c\000e\000p\000t\000o\000s\000\040\000C\000l\000a\000v\000e}{chapter.21}% 294
\BOOKMARK [1][-]{section.21.4}{\376\377\000E\000j\000e\000m\000p\000l\000o\000\040\000d\000e\000\040\000P\000r\000o\000y\000e\000c\000t\000o\000\040\000F\000i\000n\000a\000l}{chapter.21}% 295
\BOOKMARK [2][-]{subsection.21.4.1}{\376\377\000D\000e\000f\000i\000n\000i\000c\000i\000\363\000n\000\040\000d\000e\000l\000\040\000P\000r\000o\000b\000l\000e\000m\000a}{section.21.4}% 296
\BOOKMARK [2][-]{subsection.21.4.2}{\376\377\000D\000e\000s\000c\000r\000i\000p\000c\000i\000\363\000n\000\040\000d\000e\000\040\000l\000o\000s\000\040\000D\000a\000t\000o\000s}{section.21.4}% 297
\BOOKMARK [2][-]{subsection.21.4.3}{\376\377\000A\000n\000\341\000l\000i\000s\000i\000s\000\040\000E\000x\000p\000l\000o\000r\000a\000t\000o\000r\000i\000o}{section.21.4}% 298
\BOOKMARK [2][-]{subsection.21.4.4}{\376\377\000A\000j\000u\000s\000t\000e\000\040\000d\000e\000l\000\040\000M\000o\000d\000e\000l\000o}{section.21.4}% 299
\BOOKMARK [2][-]{subsection.21.4.5}{\376\377\000D\000i\000a\000g\000n\000\363\000s\000t\000i\000c\000o\000\040\000d\000e\000l\000\040\000M\000o\000d\000e\000l\000o}{section.21.4}% 300
\BOOKMARK [2][-]{subsection.21.4.6}{\376\377\000I\000n\000t\000e\000r\000p\000r\000e\000t\000a\000c\000i\000\363\000n\000\040\000d\000e\000\040\000R\000e\000s\000u\000l\000t\000a\000d\000o\000s}{section.21.4}% 301
\BOOKMARK [2][-]{subsection.21.4.7}{\376\377\000C\000o\000n\000c\000l\000u\000s\000i\000o\000n\000e\000s}{section.21.4}% 302
\BOOKMARK [1][-]{section.21.5}{\376\377\000C\000o\000n\000c\000l\000u\000s\000i\000\363\000n}{chapter.21}% 303
