\BOOKMARK [-1][-]{part.1}{\376\377\000I\000\040\000P\000R\000I\000M\000E\000R\000A\000\040\000P\000A\000R\000T\000E\000:\000\040\000R\000E\000G\000R\000E\000S\000I\000\323\000N\000\040\000L\000O\000G\000\315\000S\000T\000I\000C\000A}{}% 1
\BOOKMARK [0][-]{chapter.1}{\376\377\000I\000n\000t\000r\000o\000d\000u\000c\000c\000i\000\363\000n}{part.1}% 2
\BOOKMARK [1][-]{section.1.1}{\376\377\000I\000n\000t\000r\000o\000d\000u\000c\000c\000i\000\363\000n}{chapter.1}% 3
\BOOKMARK [2][-]{subsection.1.1.1}{\376\377\000H\000i\000s\000t\000o\000r\000i\000a\000\040\000d\000e\000\040\000l\000a\000\040\000E\000s\000t\000a\000d\000\355\000s\000t\000i\000c\000a}{section.1.1}% 4
\BOOKMARK [2][-]{subsection.1.1.2}{\376\377\000M\000u\000e\000s\000t\000r\000e\000o\000:}{section.1.1}% 5
\BOOKMARK [2][-]{subsection.1.1.3}{\376\377\000E\000r\000r\000o\000r\000e\000s\000\040\000E\000s\000t\000a\000d\000\355\000s\000t\000i\000c\000o\000s\000\040\000C\000o\000m\000u\000n\000e\000s}{section.1.1}% 6
\BOOKMARK [1][-]{section.1.2}{\376\377\000E\000s\000t\000a\000d\000\355\000s\000t\000i\000c\000a\000\040\000D\000e\000s\000c\000r\000i\000p\000t\000i\000v\000a}{chapter.1}% 7
\BOOKMARK [2][-]{subsection.1.2.1}{\376\377\000M\000e\000d\000i\000d\000a\000s\000\040\000d\000e\000\040\000T\000e\000n\000d\000e\000n\000c\000i\000a\000\040\000C\000e\000n\000t\000r\000a\000l}{section.1.2}% 8
\BOOKMARK [2][-]{subsection.1.2.2}{\376\377\000M\000e\000d\000i\000d\000a\000s\000\040\000d\000e\000\040\000D\000i\000s\000p\000e\000r\000s\000i\000\363\000n}{section.1.2}% 9
\BOOKMARK [1][-]{section.1.3}{\376\377\000P\000r\000o\000b\000a\000b\000i\000l\000i\000d\000a\000d}{chapter.1}% 10
\BOOKMARK [2][-]{subsection.1.3.1}{\376\377\000E\000s\000p\000a\000c\000i\000o\000\040\000M\000u\000e\000s\000t\000r\000a\000l\000\040\000y\000\040\000E\000v\000e\000n\000t\000o\000s}{section.1.3}% 11
\BOOKMARK [2][-]{subsection.1.3.2}{\376\377\000D\000e\000f\000i\000n\000i\000c\000i\000o\000n\000e\000s\000\040\000d\000e\000\040\000P\000r\000o\000b\000a\000b\000i\000l\000i\000d\000a\000d}{section.1.3}% 12
\BOOKMARK [1][-]{section.1.4}{\376\377\000E\000s\000t\000a\000d\000\355\000s\000t\000i\000c\000a\000\040\000B\000a\000y\000e\000s\000i\000a\000n\000a}{chapter.1}% 13
\BOOKMARK [2][-]{subsection.1.4.1}{\376\377\000P\000r\000i\000o\000r\000\040\000y\000\040\000P\000o\000s\000t\000e\000r\000i\000o\000r}{section.1.4}% 14
\BOOKMARK [1][-]{section.1.5}{\376\377\000D\000i\000s\000t\000r\000i\000b\000u\000c\000i\000o\000n\000e\000s\000\040\000d\000e\000\040\000P\000r\000o\000b\000a\000b\000i\000l\000i\000d\000a\000d}{chapter.1}% 15
\BOOKMARK [2][-]{subsection.1.5.1}{\376\377\000D\000i\000s\000t\000r\000i\000b\000u\000c\000i\000o\000n\000e\000s\000\040\000D\000i\000s\000c\000r\000e\000t\000a\000s}{section.1.5}% 16
\BOOKMARK [2][-]{subsection.1.5.2}{\376\377\000D\000i\000s\000t\000r\000i\000b\000u\000c\000i\000o\000n\000e\000s\000\040\000C\000o\000n\000t\000i\000n\000u\000a\000s}{section.1.5}% 17
\BOOKMARK [2][-]{subsection.1.5.3}{\376\377\000P\000r\000u\000e\000b\000a\000s\000\040\000d\000e\000\040\000H\000i\000p\000\363\000t\000e\000s\000i\000s}{section.1.5}% 18
\BOOKMARK [2][-]{subsection.1.5.4}{\376\377\000M\000u\000e\000s\000t\000r\000a\000s\000\040\000g\000r\000a\000n\000d\000e\000s\000:\000\040\000u\000n\000a\000\040\000m\000e\000d\000i\000a\000\040\000p\000o\000b\000l\000a\000c\000i\000o\000n\000a\000l}{section.1.5}% 19
\BOOKMARK [2][-]{subsection.1.5.5}{\376\377\000M\000u\000e\000s\000t\000r\000a\000s\000\040\000P\000e\000q\000u\000e\000\361\000a\000s}{section.1.5}% 20
\BOOKMARK [2][-]{subsection.1.5.6}{\376\377\000E\000s\000t\000i\000m\000a\000c\000i\000\363\000n\000\040\000p\000o\000r\000\040\000i\000n\000t\000e\000r\000v\000a\000l\000o\000s}{section.1.5}% 21
\BOOKMARK [1][-]{section.1.6}{\376\377\000A\000n\000\341\000l\000i\000s\000i\000s\000\040\000d\000e\000\040\000R\000e\000g\000r\000e\000s\000i\000o\000n\000\040\000L\000i\000n\000e\000a\000l\000\040\000\050\000R\000L\000\051}{chapter.1}% 22
\BOOKMARK [2][-]{subsection.1.6.1}{\376\377\000R\000e\000g\000r\000e\000s\000i\000\363\000n\000\040\000L\000i\000n\000e\000a\000l\000\040\000S\000i\000m\000p\000l\000e\000\040\000\050\000R\000L\000S\000\051}{section.1.6}% 23
\BOOKMARK [2][-]{subsection.1.6.2}{\376\377\000P\000r\000o\000p\000i\000e\000d\000a\000d\000e\000s\000\040\000d\000e\000\040\000l\000o\000s\000\040\000E\000s\000t\000i\000m\000a\000d\000o\000r\000e\000s\000\040\0000\000\040\000y\000\040\0001}{section.1.6}% 24
\BOOKMARK [2][-]{subsection.1.6.3}{\376\377\000P\000r\000u\000e\000b\000a\000\040\000d\000e\000\040\000H\000i\000p\000\363\000t\000e\000s\000i\000s\000\040\000e\000n\000\040\000R\000L\000S}{section.1.6}% 25
\BOOKMARK [2][-]{subsection.1.6.4}{\376\377\000E\000s\000t\000i\000m\000a\000c\000i\000\363\000n\000\040\000d\000e\000\040\000I\000n\000t\000e\000r\000v\000a\000l\000o\000s\000\040\000e\000n\000\040\000R\000L\000S}{section.1.6}% 26
\BOOKMARK [2][-]{subsection.1.6.5}{\376\377\000P\000r\000e\000d\000i\000c\000c\000i\000\363\000n}{section.1.6}% 27
\BOOKMARK [2][-]{subsection.1.6.6}{\376\377\000P\000r\000u\000e\000b\000a\000\040\000d\000e\000\040\000f\000a\000l\000t\000a\000\040\000d\000e\000\040\000a\000j\000u\000s\000t\000e}{section.1.6}% 28
\BOOKMARK [2][-]{subsection.1.6.7}{\376\377\000C\000o\000e\000f\000i\000c\000i\000e\000n\000t\000e\000\040\000d\000e\000\040\000D\000e\000t\000e\000r\000m\000i\000n\000a\000c\000i\000\363\000n}{section.1.6}% 29
\BOOKMARK [0][-]{chapter.2}{\376\377\000R\000e\000g\000r\000e\000s\000i\000\363\000n\000\040\000L\000o\000g\000\355\000s\000t\000i\000c\000a}{part.1}% 30
\BOOKMARK [1][-]{section.2.1}{\376\377\000I\000n\000t\000r\000o\000d\000u\000c\000c\000i\000\363\000n}{chapter.2}% 31
\BOOKMARK [2][-]{subsection.2.1.1}{\376\377\000I\000m\000p\000l\000e\000m\000e\000n\000t\000a\000c\000i\000\363\000n\000\040\000B\000\341\000s\000i\000c\000a\000\040\000e\000n\000\040\000R}{section.2.1}% 32
\BOOKMARK [1][-]{section.2.2}{\376\377\000C\000o\000n\000c\000e\000p\000t\000o\000s\000\040\000B\000\341\000s\000i\000c\000o\000s}{chapter.2}% 33
\BOOKMARK [2][-]{subsection.2.2.1}{\376\377\000R\000e\000g\000r\000e\000s\000i\000\363\000n\000\040\000L\000i\000n\000e\000a\000l}{section.2.2}% 34
\BOOKMARK [2][-]{subsection.2.2.2}{\376\377\000R\000e\000g\000r\000e\000s\000i\000\363\000n\000\040\000L\000o\000g\000\355\000s\000t\000i\000c\000a}{section.2.2}% 35
\BOOKMARK [1][-]{section.2.3}{\376\377\000M\000\351\000t\000o\000d\000o\000\040\000d\000e\000\040\000M\000\341\000x\000i\000m\000a\000\040\000V\000e\000r\000o\000s\000i\000m\000i\000l\000i\000t\000u\000d}{chapter.2}% 36
\BOOKMARK [2][-]{subsection.2.3.1}{\376\377\000N\000o\000t\000a\000c\000i\000\363\000n\000\040\000M\000a\000t\000r\000i\000c\000i\000a\000l}{section.2.3}% 37
\BOOKMARK [2][-]{subsection.2.3.2}{\376\377\000M\000\351\000t\000o\000d\000o\000\040\000d\000e\000\040\000N\000e\000w\000t\000o\000n\000-\000R\000a\000p\000h\000s\000o\000n}{section.2.3}% 38
\BOOKMARK [2][-]{subsection.2.3.3}{\376\377\000N\000o\000t\000a\000s\000\040\000f\000i\000n\000a\000l\000e\000s}{section.2.3}% 39
\BOOKMARK [1][-]{section.2.4}{\376\377\000V\000a\000l\000i\000d\000a\000c\000i\000\363\000n\000\040\000d\000e\000l\000\040\000M\000o\000d\000e\000l\000o}{chapter.2}% 40
\BOOKMARK [2][-]{subsection.2.4.1}{\376\377\000C\000u\000r\000v\000a\000\040\000R\000O\000C\000\040\000y\000\040\000A\000U\000C}{section.2.4}% 41
\BOOKMARK [2][-]{subsection.2.4.2}{\376\377\000M\000a\000t\000r\000i\000z\000\040\000d\000e\000\040\000C\000o\000n\000f\000u\000s\000i\000\363\000n}{section.2.4}% 42
\BOOKMARK [2][-]{subsection.2.4.3}{\376\377\000P\000r\000e\000c\000i\000s\000i\000\363\000n\000,\000\040\000R\000e\000c\000a\000l\000l\000\040\000y\000\040\000F\0001\000-\000S\000c\000o\000r\000e}{section.2.4}% 43
\BOOKMARK [2][-]{subsection.2.4.4}{\376\377\000L\000o\000g\000-\000L\000o\000s\000s}{section.2.4}% 44
\BOOKMARK [2][-]{subsection.2.4.5}{\376\377\000K\000-\000F\000o\000l\000d\000\040\000C\000r\000o\000s\000s\000-\000V\000a\000l\000i\000d\000a\000t\000i\000o\000n}{section.2.4}% 45
\BOOKMARK [2][-]{subsection.2.4.6}{\376\377\000L\000e\000a\000v\000e\000-\000O\000n\000e\000-\000O\000u\000t\000\040\000C\000r\000o\000s\000s\000-\000V\000a\000l\000i\000d\000a\000t\000i\000o\000n\000\040\000\050\000L\000O\000O\000C\000V\000\051}{section.2.4}% 46
\BOOKMARK [1][-]{section.2.5}{\376\377\000A\000j\000u\000s\000t\000e\000\040\000y\000\040\000S\000o\000b\000r\000e\000a\000j\000u\000s\000t\000e\000\040\000d\000e\000l\000\040\000M\000o\000d\000e\000l\000o}{chapter.2}% 47
\BOOKMARK [0][-]{chapter.3}{\376\377\000P\000r\000e\000p\000a\000r\000a\000c\000i\000\363\000n\000\040\000d\000e\000\040\000D\000a\000t\000o\000s\000\040\000y\000\040\000S\000e\000l\000e\000c\000c\000i\000\363\000n\000\040\000d\000e\000\040\000V\000a\000r\000i\000a\000b\000l\000e\000s}{part.1}% 48
\BOOKMARK [1][-]{section.3.1}{\376\377\000I\000n\000t\000r\000o\000d\000u\000c\000c\000i\000\363\000n}{chapter.3}% 49
\BOOKMARK [1][-]{section.3.2}{\376\377\000I\000m\000p\000o\000r\000t\000a\000n\000c\000i\000a\000\040\000d\000e\000\040\000l\000a\000\040\000P\000r\000e\000p\000a\000r\000a\000c\000i\000\363\000n\000\040\000d\000e\000\040\000D\000a\000t\000o\000s}{chapter.3}% 50
\BOOKMARK [0][-]{chapter.4}{\376\377\000D\000i\000a\000g\000n\000\363\000s\000t\000i\000c\000o\000\040\000d\000e\000l\000\040\000M\000o\000d\000e\000l\000o\000\040\000y\000\040\000A\000j\000u\000s\000t\000e\000\040\000d\000e\000\040\000P\000a\000r\000\341\000m\000e\000t\000r\000o\000s}{part.1}% 51
\BOOKMARK [0][-]{chapter.5}{\376\377\000I\000n\000t\000e\000r\000p\000r\000e\000t\000a\000c\000i\000\363\000n\000\040\000d\000e\000\040\000l\000o\000s\000\040\000R\000e\000s\000u\000l\000t\000a\000d\000o\000s}{part.1}% 52
\BOOKMARK [1][-]{section.5.1}{\376\377\000C\000o\000e\000f\000i\000c\000i\000e\000n\000t\000e\000s\000\040\000d\000e\000\040\000R\000e\000g\000r\000e\000s\000i\000\363\000n\000\040\000L\000o\000g\000\355\000s\000t\000i\000c\000a}{chapter.5}% 53
\BOOKMARK [1][-]{section.5.2}{\376\377\000O\000d\000d\000s\000\040\000R\000a\000t\000i\000o\000s}{chapter.5}% 54
\BOOKMARK [1][-]{section.5.3}{\376\377\000I\000n\000t\000e\000r\000v\000a\000l\000o\000s\000\040\000d\000e\000\040\000C\000o\000n\000f\000i\000a\000n\000z\000a}{chapter.5}% 55
\BOOKMARK [1][-]{section.5.4}{\376\377\000S\000i\000g\000n\000i\000f\000i\000c\000a\000n\000c\000i\000a\000\040\000E\000s\000t\000a\000d\000\355\000s\000t\000i\000c\000a}{chapter.5}% 56
\BOOKMARK [0][-]{chapter.6}{\376\377\000R\000e\000g\000r\000e\000s\000i\000\363\000n\000\040\000L\000o\000g\000\355\000s\000t\000i\000c\000a\000\040\000M\000u\000l\000t\000i\000n\000o\000m\000i\000a\000l\000\040\000y\000\040\000A\000n\000\341\000l\000i\000s\000i\000s\000\040\000d\000e\000\040\000S\000u\000p\000e\000r\000v\000i\000v\000e\000n\000c\000i\000a}{part.1}% 57
\BOOKMARK [1][-]{section.6.1}{\376\377\000R\000e\000g\000r\000e\000s\000i\000\363\000n\000\040\000L\000o\000g\000\355\000s\000t\000i\000c\000a\000\040\000M\000u\000l\000t\000i\000n\000o\000m\000i\000a\000l}{chapter.6}% 58
\BOOKMARK [1][-]{section.6.2}{\376\377\000A\000n\000\341\000l\000i\000s\000i\000s\000\040\000d\000e\000\040\000S\000u\000p\000e\000r\000v\000i\000v\000e\000n\000c\000i\000a}{chapter.6}% 59
\BOOKMARK [-1][-]{part.2}{\376\377\000I\000I\000\040\000S\000E\000G\000U\000N\000D\000A\000\040\000P\000A\000R\000T\000E\000:\000\040\000A\000N\000A\000L\000I\000S\000I\000S\000\040\000D\000E\000\040\000S\000U\000P\000E\000R\000V\000I\000V\000E\000N\000C\000I\000A}{}% 60
\BOOKMARK [0][-]{chapter.7}{\376\377\000I\000n\000t\000r\000o\000d\000u\000c\000c\000i\000\363\000n\000\040\000a\000l\000\040\000A\000n\000\341\000l\000i\000s\000i\000s\000\040\000d\000e\000\040\000S\000u\000p\000e\000r\000v\000i\000v\000e\000n\000c\000i\000a}{part.2}% 61
\BOOKMARK [0][-]{chapter.8}{\376\377\000E\000s\000t\000i\000m\000a\000d\000o\000r\000\040\000d\000e\000\040\000K\000a\000p\000l\000a\000n\000-\000M\000e\000i\000e\000r}{part.2}% 62
\BOOKMARK [0][-]{chapter.9}{\376\377\000C\000o\000m\000p\000a\000r\000a\000c\000i\000\363\000n\000\040\000d\000e\000\040\000C\000u\000r\000v\000a\000s\000\040\000d\000e\000\040\000S\000u\000p\000e\000r\000v\000i\000v\000e\000n\000c\000i\000a}{part.2}% 63
\BOOKMARK [0][-]{chapter.10}{\376\377\000M\000o\000d\000e\000l\000o\000s\000\040\000d\000e\000\040\000R\000i\000e\000s\000g\000o\000s\000\040\000P\000r\000o\000p\000o\000r\000c\000i\000o\000n\000a\000l\000e\000s\000\040\000d\000e\000\040\000C\000o\000x}{part.2}% 64
\BOOKMARK [0][-]{chapter.11}{\376\377\000D\000i\000a\000g\000n\000\363\000s\000t\000i\000c\000o\000\040\000y\000\040\000V\000a\000l\000i\000d\000a\000c\000i\000\363\000n\000\040\000d\000e\000\040\000M\000o\000d\000e\000l\000o\000s\000\040\000d\000e\000\040\000C\000o\000x}{part.2}% 65
\BOOKMARK [0][-]{chapter.12}{\376\377\000M\000o\000d\000e\000l\000o\000s\000\040\000A\000c\000e\000l\000e\000r\000a\000d\000o\000s\000\040\000d\000e\000\040\000F\000a\000l\000l\000o\000s}{part.2}% 66
\BOOKMARK [0][-]{chapter.13}{\376\377\000A\000n\000\341\000l\000i\000s\000i\000s\000\040\000M\000u\000l\000t\000i\000v\000a\000r\000i\000a\000d\000o\000\040\000d\000e\000\040\000S\000u\000p\000e\000r\000v\000i\000v\000e\000n\000c\000i\000a}{part.2}% 67
\BOOKMARK [0][-]{chapter.14}{\376\377\000S\000u\000p\000e\000r\000v\000i\000v\000e\000n\000c\000i\000a\000\040\000e\000n\000\040\000D\000a\000t\000o\000s\000\040\000C\000o\000m\000p\000l\000i\000c\000a\000d\000o\000s}{part.2}% 68
\BOOKMARK [1][-]{section.14.1}{\376\377\000C\000e\000n\000s\000u\000r\000a\000\040\000p\000o\000r\000\040\000I\000n\000t\000e\000r\000v\000a\000l\000o}{chapter.14}% 69
\BOOKMARK [1][-]{section.14.2}{\376\377\000D\000a\000t\000o\000s\000\040\000T\000r\000u\000n\000c\000a\000d\000o\000s}{chapter.14}% 70
\BOOKMARK [1][-]{section.14.3}{\376\377\000A\000n\000\341\000l\000i\000s\000i\000s\000\040\000d\000e\000\040\000C\000o\000m\000p\000e\000t\000i\000n\000g\000\040\000R\000i\000s\000k\000s}{chapter.14}% 71
\BOOKMARK [1][-]{section.14.4}{\376\377\000M\000\351\000t\000o\000d\000o\000s\000\040\000d\000e\000\040\000I\000m\000p\000u\000t\000a\000c\000i\000\363\000n}{chapter.14}% 72
