\BOOKMARK [0][-]{chapter.1}{\376\377\000I\000n\000t\000r\000o\000d\000u\000c\000c\000i\000\363\000n}{}% 1
\BOOKMARK [1][-]{section.1.1}{\376\377\000I\000n\000t\000r\000o\000d\000u\000c\000c\000i\000\363\000n}{chapter.1}% 2
\BOOKMARK [2][-]{subsection.1.1.1}{\376\377\000H\000i\000s\000t\000o\000r\000i\000a\000\040\000d\000e\000\040\000l\000a\000\040\000E\000s\000t\000a\000d\000\355\000s\000t\000i\000c\000a}{section.1.1}% 3
\BOOKMARK [2][-]{subsection.1.1.2}{\376\377\000M\000u\000e\000s\000t\000r\000e\000o\000:}{section.1.1}% 4
\BOOKMARK [2][-]{subsection.1.1.3}{\376\377\000E\000r\000r\000o\000r\000e\000s\000\040\000E\000s\000t\000a\000d\000\355\000s\000t\000i\000c\000o\000s\000\040\000C\000o\000m\000u\000n\000e\000s}{section.1.1}% 5
\BOOKMARK [1][-]{section.1.2}{\376\377\000F\000u\000n\000d\000a\000m\000e\000n\000t\000o\000s}{chapter.1}% 6
\BOOKMARK [2][-]{subsection.1.2.1}{\376\377\000P\000r\000u\000e\000b\000a\000s\000\040\000d\000e\000\040\000H\000i\000p\000\363\000t\000e\000s\000i\000s}{section.1.2}% 7
\BOOKMARK [2][-]{subsection.1.2.2}{\376\377\000M\000u\000e\000s\000t\000r\000a\000s\000\040\000g\000r\000a\000n\000d\000e\000s\000:\000\040\000u\000n\000a\000\040\000m\000e\000d\000i\000a\000\040\000p\000o\000b\000l\000a\000c\000i\000o\000n\000a\000l}{section.1.2}% 8
\BOOKMARK [3][-]{subsubsection.1.2.2.1}{\376\377\000P\000r\000u\000e\000b\000a\000\040\000d\000e\000\040\000h\000i\000p\000\363\000t\000e\000s\000i\000s\000\040\000p\000a\000r\000a\000\040\000l\000a\000\040\000d\000i\000f\000e\000r\000e\000n\000c\000i\000a\000\040\000e\000n\000t\000r\000e\000\040\000d\000o\000s\000\040\000m\000e\000d\000i\000a\000s\000\040\000p\000o\000b\000l\000a\000c\000i\000o\000n\000a\000l\000e\000s}{subsection.1.2.2}% 9
\BOOKMARK [3][-]{subsubsection.1.2.2.2}{\376\377\000P\000r\000u\000e\000b\000a\000\040\000d\000e\000\040\000H\000i\000p\000\363\000t\000e\000s\000i\000s\000\040\000d\000i\000f\000e\000r\000e\000n\000c\000i\000a\000\040\000e\000n\000t\000r\000e\000\040\000d\000o\000s\000\040\000P\000r\000o\000p\000o\000r\000c\000i\000o\000n\000e\000s\000\040\000B\000i\000n\000o\000m\000i\000a\000l\000e\000s}{subsection.1.2.2}% 10
\BOOKMARK [2][-]{subsection.1.2.3}{\376\377\000M\000u\000e\000s\000t\000r\000a\000s\000\040\000P\000e\000q\000u\000e\000\361\000a\000s}{section.1.2}% 11
\BOOKMARK [3][-]{subsubsection.1.2.3.1}{\376\377\000D\000i\000f\000e\000r\000e\000n\000c\000i\000a\000\040\000e\000n\000t\000r\000e\000\040\000d\000o\000s\000\040\000m\000e\000d\000i\000a\000s\000\040\000p\000o\000b\000l\000a\000c\000i\000o\000n\000a\000l\000e\000s\000:\000\040\000M\000A\000I}{subsection.1.2.3}% 12
\BOOKMARK [3][-]{subsubsection.1.2.3.2}{\376\377\000D\000i\000f\000e\000r\000e\000n\000c\000i\000a\000\040\000e\000n\000t\000r\000e\000\040\000d\000o\000s\000\040\000m\000e\000d\000i\000a\000s\000\040\000p\000o\000b\000l\000a\000c\000i\000o\000n\000a\000l\000e\000s\000:\000\040\000D\000i\000f\000e\000r\000e\000n\000c\000i\000a\000s\000\040\000P\000a\000r\000e\000a\000d\000a\000s}{subsection.1.2.3}% 13
\BOOKMARK [3][-]{subsubsection.1.2.3.3}{\376\377\000I\000n\000f\000e\000r\000e\000n\000c\000i\000a\000s\000\040\000c\000o\000n\000\040\000r\000e\000s\000p\000e\000c\000t\000o\000\040\000a\000\040\000l\000a\000\040\000V\000a\000r\000i\000a\000n\000z\000a\000\040\000P\000o\000b\000l\000a\000c\000i\000o\000n\000a\000l}{subsection.1.2.3}% 14
\BOOKMARK [3][-]{subsubsection.1.2.3.4}{\376\377\000C\000o\000m\000p\000a\000r\000a\000c\000i\000\363\000n\000\040\000d\000e\000\040\000d\000o\000s\000\040\000v\000a\000r\000i\000a\000n\000z\000a\000s\000\040\000p\000o\000b\000l\000a\000c\000i\000o\000n\000a\000l\000e\000s}{subsection.1.2.3}% 15
\BOOKMARK [2][-]{subsection.1.2.4}{\376\377\000E\000s\000t\000i\000m\000a\000c\000i\000\363\000n\000\040\000p\000o\000r\000\040\000i\000n\000t\000e\000r\000v\000a\000l\000o\000s}{section.1.2}% 16
\BOOKMARK [3][-]{subsubsection.1.2.4.1}{\376\377\000I\000n\000t\000e\000r\000v\000a\000l\000o\000s\000\040\000d\000e\000\040\000c\000o\000n\000f\000i\000a\000n\000z\000a\000\040\000s\000o\000b\000r\000e\000\040\000l\000a\000\040\000v\000a\000r\000i\000a\000n\000z\000a}{subsection.1.2.4}% 17
\BOOKMARK [3][-]{subsubsection.1.2.4.2}{\376\377\000I\000n\000t\000e\000r\000v\000a\000l\000o\000s\000\040\000d\000e\000\040\000c\000o\000n\000f\000i\000a\000n\000z\000a\000\040\000p\000a\000r\000a\000\040\000p\000r\000o\000p\000o\000r\000c\000i\000o\000n\000e\000s}{subsection.1.2.4}% 18
\BOOKMARK [3][-]{subsubsection.1.2.4.3}{\376\377\000I\000n\000t\000e\000r\000v\000a\000l\000o\000s\000\040\000d\000e\000\040\000c\000o\000n\000f\000i\000a\000n\000z\000a\000\040\000p\000a\000r\000a\000\040\000d\000o\000s\000\040\000m\000u\000e\000s\000t\000r\000a\000s\000:\000\040\000V\000a\000r\000i\000a\000n\000z\000a\000s\000\040\000c\000o\000n\000o\000c\000i\000d\000a\000s}{subsection.1.2.4}% 19
\BOOKMARK [3][-]{subsubsection.1.2.4.4}{\376\377\000I\000n\000t\000e\000r\000v\000a\000l\000o\000s\000\040\000d\000e\000\040\000c\000o\000n\000f\000i\000a\000n\000z\000a\000\040\000p\000a\000r\000a\000\040\000d\000o\000s\000\040\000m\000u\000e\000s\000t\000r\000a\000s\000:\000\040\000V\000a\000r\000i\000a\000n\000z\000a\000s\000\040\000d\000e\000s\000c\000o\000n\000o\000c\000i\000d\000a\000s\000\040\000e\000\040\000i\000g\000u\000a\000l\000e\000s}{subsection.1.2.4}% 20
\BOOKMARK [3][-]{subsubsection.1.2.4.5}{\376\377\000I\000n\000t\000e\000r\000v\000a\000l\000o\000s\000\040\000d\000e\000\040\000c\000o\000n\000f\000i\000a\000n\000z\000a\000\040\000p\000a\000r\000a\000\040\000d\000o\000s\000\040\000m\000u\000e\000s\000t\000r\000a\000s\000:\000\040\000V\000a\000r\000i\000a\000n\000z\000a\000s\000\040\000d\000e\000s\000c\000o\000n\000o\000c\000i\000d\000a\000s\000\040\000d\000i\000f\000e\000r\000e\000n\000t\000e\000s}{subsection.1.2.4}% 21
\BOOKMARK [3][-]{subsubsection.1.2.4.6}{\376\377\000I\000n\000t\000e\000r\000v\000a\000l\000o\000s\000\040\000d\000e\000\040\000c\000o\000n\000f\000i\000a\000n\000z\000a\000\040\000p\000a\000r\000a\000\040\000r\000a\000z\000\363\000n\000\040\000d\000e\000\040\000V\000a\000r\000i\000a\000n\000z\000a\000s}{subsection.1.2.4}% 22
\BOOKMARK [3][-]{subsubsection.1.2.4.7}{\376\377\000I\000n\000t\000e\000r\000v\000a\000l\000o\000s\000\040\000d\000e\000\040\000c\000o\000n\000f\000i\000a\000n\000z\000a\000\040\000p\000a\000r\000a\000\040\000d\000i\000f\000e\000r\000e\000n\000c\000i\000a\000\040\000d\000e\000\040\000p\000r\000o\000p\000o\000r\000c\000i\000o\000n\000e\000s}{subsection.1.2.4}% 23
\BOOKMARK [1][-]{section.1.3}{\376\377\000B\000a\000s\000e\000s}{chapter.1}% 24
\BOOKMARK [2][-]{subsection.1.3.1}{\376\377\000A\000n\000\341\000l\000i\000s\000i\000s\000\040\000d\000e\000\040\000R\000e\000g\000r\000e\000s\000i\000o\000n\000\040\000L\000i\000n\000e\000a\000l\000\040\000\050\000R\000L\000\051}{section.1.3}% 25
\BOOKMARK [2][-]{subsection.1.3.2}{\376\377\000A\000n\000\341\000l\000i\000s\000i\000s\000\040\000d\000e\000\040\000R\000e\000g\000r\000e\000s\000i\000o\000n\000\040\000L\000i\000n\000e\000a\000l\000\040\000\050\000R\000L\000\051}{section.1.3}% 26
\BOOKMARK [3][-]{subsubsection.1.3.2.1}{\376\377\000R\000e\000g\000r\000e\000s\000i\000\363\000n\000\040\000L\000i\000n\000e\000a\000l\000\040\000S\000i\000m\000p\000l\000e\000\040\000\050\000R\000L\000S\000\051}{subsection.1.3.2}% 27
\BOOKMARK [3][-]{subsubsection.1.3.2.2}{\376\377\000R\000e\000g\000r\000e\000s\000i\000\363\000n\000\040\000L\000i\000n\000e\000a\000l\000\040\000S\000i\000m\000p\000l\000e\000\040\000\050\000R\000L\000S\000\051}{subsection.1.3.2}% 28
\BOOKMARK [2][-]{subsection.1.3.3}{\376\377\0003\000.\000\040\000A\000n\000\341\000l\000i\000s\000i\000s\000\040\000d\000e\000\040\000R\000e\000g\000r\000e\000s\000i\000o\000n\000\040\000L\000i\000n\000e\000a\000l\000\040\000\050\000R\000L\000\051}{section.1.3}% 29
\BOOKMARK [3][-]{subsubsection.1.3.3.1}{\376\377\0003\000.\0001\000\040\000R\000e\000g\000r\000e\000s\000i\000\363\000n\000\040\000L\000i\000n\000e\000a\000l\000\040\000S\000i\000m\000p\000l\000e\000\040\000\050\000R\000L\000S\000\051}{subsection.1.3.3}% 30
\BOOKMARK [3][-]{subsubsection.1.3.3.2}{\376\377\0003\000.\0002\000\040\000M\000\351\000t\000o\000d\000o\000\040\000d\000e\000\040\000M\000\355\000n\000i\000m\000o\000s\000\040\000C\000u\000a\000d\000r\000a\000d\000o\000s}{subsection.1.3.3}% 31
\BOOKMARK [3][-]{subsubsection.1.3.3.3}{\376\377\0003\000.\0003\000\040\000P\000r\000o\000p\000i\000e\000d\000a\000d\000e\000s\000\040\000d\000e\000\040\000l\000o\000s\000\040\000E\000s\000t\000i\000m\000a\000d\000o\000r\000e\000s\000\040\0000\000\040\000y\000\040\0001}{subsection.1.3.3}% 32
\BOOKMARK [3][-]{subsubsection.1.3.3.4}{\376\377\0003\000.\0004\000\040\000P\000r\000u\000e\000b\000a\000\040\000d\000e\000\040\000H\000i\000p\000\363\000t\000e\000s\000i\000s\000\040\000e\000n\000\040\000R\000L\000S}{subsection.1.3.3}% 33
\BOOKMARK [3][-]{subsubsection.1.3.3.5}{\376\377\000E\000s\000t\000i\000m\000a\000c\000i\000\363\000n\000\040\000d\000e\000\040\000I\000n\000t\000e\000r\000v\000a\000l\000o\000s\000\040\000e\000n\000\040\000R\000L\000S}{subsection.1.3.3}% 34
\BOOKMARK [2][-]{subsection.1.3.4}{\376\377\0003\000.\000\040\000A\000n\000\341\000l\000i\000s\000i\000s\000\040\000d\000e\000\040\000R\000e\000g\000r\000e\000s\000i\000o\000n\000\040\000L\000i\000n\000e\000a\000l\000\040\000\050\000R\000L\000\051}{section.1.3}% 35
\BOOKMARK [3][-]{subsubsection.1.3.4.1}{\376\377\0003\000.\0001\000\040\000R\000e\000g\000r\000e\000s\000i\000\363\000n\000\040\000L\000i\000n\000e\000a\000l\000\040\000S\000i\000m\000p\000l\000e\000\040\000\050\000R\000L\000S\000\051}{subsection.1.3.4}% 36
\BOOKMARK [3][-]{subsubsection.1.3.4.2}{\376\377\0003\000.\0002\000\040\000M\000\351\000t\000o\000d\000o\000\040\000d\000e\000\040\000M\000\355\000n\000i\000m\000o\000s\000\040\000C\000u\000a\000d\000r\000a\000d\000o\000s}{subsection.1.3.4}% 37
\BOOKMARK [3][-]{subsubsection.1.3.4.3}{\376\377\0003\000.\0003\000\040\000P\000r\000o\000p\000i\000e\000d\000a\000d\000e\000s\000\040\000d\000e\000\040\000l\000o\000s\000\040\000E\000s\000t\000i\000m\000a\000d\000o\000r\000e\000s\000\040\0000\000\040\000y\000\040\0001}{subsection.1.3.4}% 38
\BOOKMARK [3][-]{subsubsection.1.3.4.4}{\376\377\0003\000.\0004\000\040\000P\000r\000u\000e\000b\000a\000\040\000d\000e\000\040\000H\000i\000p\000\363\000t\000e\000s\000i\000s\000\040\000e\000n\000\040\000R\000L\000S}{subsection.1.3.4}% 39
\BOOKMARK [3][-]{subsubsection.1.3.4.5}{\376\377\000E\000s\000t\000i\000m\000a\000c\000i\000\363\000n\000\040\000d\000e\000\040\000I\000n\000t\000e\000r\000v\000a\000l\000o\000s\000\040\000e\000n\000\040\000R\000L\000S}{subsection.1.3.4}% 40
\BOOKMARK [3][-]{subsubsection.1.3.4.6}{\376\377\000P\000r\000e\000d\000i\000c\000c\000i\000\363\000n}{subsection.1.3.4}% 41
\BOOKMARK [3][-]{subsubsection.1.3.4.7}{\376\377\000P\000r\000u\000e\000b\000a\000\040\000d\000e\000\040\000f\000a\000l\000t\000a\000\040\000d\000e\000\040\000a\000j\000u\000s\000t\000e}{subsection.1.3.4}% 42
\BOOKMARK [3][-]{subsubsection.1.3.4.8}{\376\377\000C\000o\000e\000f\000i\000c\000i\000e\000n\000t\000e\000\040\000d\000e\000\040\000D\000e\000t\000e\000r\000m\000i\000n\000a\000c\000i\000\363\000n}{subsection.1.3.4}% 43
\BOOKMARK [0][-]{chapter.2}{\376\377\000R\000e\000g\000r\000e\000s\000i\000\363\000n\000\040\000L\000o\000g\000\355\000s\000t\000i\000c\000a}{}% 44
\BOOKMARK [1][-]{section.2.1}{\376\377\000C\000o\000n\000c\000e\000p\000t\000o\000s\000\040\000B\000\341\000s\000i\000c\000o\000s\000\040\000d\000e\000\040\000l\000a\000\040\000R\000e\000g\000r\000e\000s\000i\000\363\000n\000\040\000L\000o\000g\000\355\000s\000t\000i\000c\000a}{chapter.2}% 45
\BOOKMARK [1][-]{section.2.2}{\376\377\000D\000i\000f\000e\000r\000e\000n\000c\000i\000a\000s\000\040\000e\000n\000t\000r\000e\000\040\000R\000e\000g\000r\000e\000s\000i\000\363\000n\000\040\000L\000i\000n\000e\000a\000l\000\040\000y\000\040\000L\000o\000g\000\355\000s\000t\000i\000c\000a}{chapter.2}% 46
\BOOKMARK [2][-]{subsection.2.2.1}{\376\377\000R\000e\000g\000r\000e\000s\000i\000\363\000n\000\040\000L\000i\000n\000e\000a\000l}{section.2.2}% 47
\BOOKMARK [2][-]{subsection.2.2.2}{\376\377\000R\000e\000g\000r\000e\000s\000i\000\363\000n\000\040\000L\000o\000g\000\355\000s\000t\000i\000c\000a}{section.2.2}% 48
\BOOKMARK [1][-]{section.2.3}{\376\377\000C\000a\000s\000o\000s\000\040\000d\000e\000\040\000U\000s\000o\000\040\000d\000e\000\040\000l\000a\000\040\000R\000e\000g\000r\000e\000s\000i\000\363\000n\000\040\000L\000o\000g\000\355\000s\000t\000i\000c\000a}{chapter.2}% 49
\BOOKMARK [1][-]{section.2.4}{\376\377\000I\000m\000p\000l\000e\000m\000e\000n\000t\000a\000c\000i\000\363\000n\000\040\000B\000\341\000s\000i\000c\000a\000\040\000e\000n\000\040\000R}{chapter.2}% 50
\BOOKMARK [2][-]{subsection.2.4.1}{\376\377\000I\000n\000s\000t\000a\000l\000a\000c\000i\000\363\000n\000\040\000y\000\040\000C\000o\000n\000f\000i\000g\000u\000r\000a\000c\000i\000\363\000n\000\040\000d\000e\000\040\000R\000\040\000y\000\040\000R\000S\000t\000u\000d\000i\000o}{section.2.4}% 51
\BOOKMARK [2][-]{subsection.2.4.2}{\376\377\000I\000n\000t\000r\000o\000d\000u\000c\000c\000i\000\363\000n\000\040\000B\000\341\000s\000i\000c\000a\000\040\000a\000\040\000R}{section.2.4}% 52
\BOOKMARK [2][-]{subsection.2.4.3}{\376\377\000E\000j\000e\000m\000p\000l\000o\000\040\000d\000e\000\040\000R\000e\000g\000r\000e\000s\000i\000\363\000n\000\040\000L\000o\000g\000\355\000s\000t\000i\000c\000a\000\040\000e\000n\000\040\000R}{section.2.4}% 53
\BOOKMARK [1][-]{section.2.5}{\376\377\000C\000o\000n\000c\000e\000p\000t\000o\000s\000\040\000B\000\341\000s\000i\000c\000o\000s}{chapter.2}% 54
\BOOKMARK [1][-]{section.2.6}{\376\377\000R\000e\000g\000r\000e\000s\000i\000\363\000n\000\040\000L\000i\000n\000e\000a\000l}{chapter.2}% 55
\BOOKMARK [1][-]{section.2.7}{\376\377\000R\000e\000g\000r\000e\000s\000i\000\363\000n\000\040\000L\000o\000g\000\355\000s\000t\000i\000c\000a}{chapter.2}% 56
\BOOKMARK [1][-]{section.2.8}{\376\377\000M\000\351\000t\000o\000d\000o\000\040\000d\000e\000\040\000M\000\341\000x\000i\000m\000a\000\040\000V\000e\000r\000o\000s\000i\000m\000i\000l\000i\000t\000u\000d}{chapter.2}% 57
\BOOKMARK [1][-]{section.2.9}{\376\377\000M\000\351\000t\000o\000d\000o\000\040\000d\000e\000\040\000N\000e\000w\000t\000o\000n\000-\000R\000a\000p\000h\000s\000o\000n}{chapter.2}% 58
\BOOKMARK [1][-]{section.2.10}{\376\377\000E\000s\000p\000e\000c\000\355\000f\000i\000c\000a\000n\000d\000o}{chapter.2}% 59
\BOOKMARK [0][-]{chapter.3}{\376\377\000E\000l\000e\000m\000e\000n\000t\000o\000s\000\040\000d\000e\000\040\000P\000r\000o\000b\000a\000b\000i\000l\000i\000d\000a\000d}{}% 60
\BOOKMARK [1][-]{section.3.1}{\376\377\000I\000n\000t\000r\000o\000d\000u\000c\000c\000i\000\363\000n}{chapter.3}% 61
\BOOKMARK [1][-]{section.3.2}{\376\377\000P\000r\000o\000b\000a\000b\000i\000l\000i\000d\000a\000d}{chapter.3}% 62
\BOOKMARK [2][-]{subsection.3.2.1}{\376\377\000E\000s\000p\000a\000c\000i\000o\000\040\000M\000u\000e\000s\000t\000r\000a\000l\000\040\000y\000\040\000E\000v\000e\000n\000t\000o\000s}{section.3.2}% 63
\BOOKMARK [2][-]{subsection.3.2.2}{\376\377\000D\000e\000f\000i\000n\000i\000c\000i\000o\000n\000e\000s\000\040\000d\000e\000\040\000P\000r\000o\000b\000a\000b\000i\000l\000i\000d\000a\000d}{section.3.2}% 64
\BOOKMARK [3][-]{subsubsection.3.2.2.1}{\376\377\000P\000r\000o\000b\000a\000b\000i\000l\000i\000d\000a\000d\000\040\000C\000l\000\341\000s\000i\000c\000a}{subsection.3.2.2}% 65
\BOOKMARK [3][-]{subsubsection.3.2.2.2}{\376\377\000P\000r\000o\000b\000a\000b\000i\000l\000i\000d\000a\000d\000\040\000F\000r\000e\000c\000u\000e\000n\000t\000i\000s\000t\000a}{subsection.3.2.2}% 66
\BOOKMARK [3][-]{subsubsection.3.2.2.3}{\376\377\000P\000r\000o\000b\000a\000b\000i\000l\000i\000d\000a\000d\000\040\000B\000a\000y\000e\000s\000i\000a\000n\000a}{subsection.3.2.2}% 67
\BOOKMARK [1][-]{section.3.3}{\376\377\000E\000s\000t\000a\000d\000\355\000s\000t\000i\000c\000a\000\040\000B\000a\000y\000e\000s\000i\000a\000n\000a}{chapter.3}% 68
\BOOKMARK [2][-]{subsection.3.3.1}{\376\377\000P\000r\000i\000o\000r\000\040\000y\000\040\000P\000o\000s\000t\000e\000r\000i\000o\000r}{section.3.3}% 69
\BOOKMARK [3][-]{subsubsection.3.3.1.1}{\376\377\000D\000i\000s\000t\000r\000i\000b\000u\000c\000i\000\363\000n\000\040\000P\000r\000i\000o\000r}{subsection.3.3.1}% 70
\BOOKMARK [3][-]{subsubsection.3.3.1.2}{\376\377\000V\000e\000r\000o\000s\000i\000m\000i\000l\000i\000t\000u\000d}{subsection.3.3.1}% 71
\BOOKMARK [3][-]{subsubsection.3.3.1.3}{\376\377\000D\000i\000s\000t\000r\000i\000b\000u\000c\000i\000\363\000n\000\040\000P\000o\000s\000t\000e\000r\000i\000o\000r}{subsection.3.3.1}% 72
\BOOKMARK [1][-]{section.3.4}{\376\377\000D\000i\000s\000t\000r\000i\000b\000u\000c\000i\000o\000n\000e\000s\000\040\000d\000e\000\040\000P\000r\000o\000b\000a\000b\000i\000l\000i\000d\000a\000d}{chapter.3}% 73
\BOOKMARK [2][-]{subsection.3.4.1}{\376\377\000D\000i\000s\000t\000r\000i\000b\000u\000c\000i\000o\000n\000e\000s\000\040\000D\000i\000s\000c\000r\000e\000t\000a\000s}{section.3.4}% 74
\BOOKMARK [3][-]{subsubsection.3.4.1.1}{\376\377\000D\000i\000s\000t\000r\000i\000b\000u\000c\000i\000\363\000n\000\040\000B\000i\000n\000o\000m\000i\000a\000l}{subsection.3.4.1}% 75
\BOOKMARK [3][-]{subsubsection.3.4.1.2}{\376\377\000D\000i\000s\000t\000r\000i\000b\000u\000c\000i\000\363\000n\000\040\000d\000e\000\040\000P\000o\000i\000s\000s\000o\000n}{subsection.3.4.1}% 76
\BOOKMARK [2][-]{subsection.3.4.2}{\376\377\000D\000i\000s\000t\000r\000i\000b\000u\000c\000i\000o\000n\000e\000s\000\040\000C\000o\000n\000t\000i\000n\000u\000a\000s}{section.3.4}% 77
\BOOKMARK [3][-]{subsubsection.3.4.2.1}{\376\377\000D\000i\000s\000t\000r\000i\000b\000u\000c\000i\000\363\000n\000\040\000N\000o\000r\000m\000a\000l}{subsection.3.4.2}% 78
\BOOKMARK [3][-]{subsubsection.3.4.2.2}{\376\377\000D\000i\000s\000t\000r\000i\000b\000u\000c\000i\000\363\000n\000\040\000E\000x\000p\000o\000n\000e\000n\000c\000i\000a\000l}{subsection.3.4.2}% 79
\BOOKMARK [1][-]{section.3.5}{\376\377\000E\000s\000t\000a\000d\000\355\000s\000t\000i\000c\000a\000\040\000D\000e\000s\000c\000r\000i\000p\000t\000i\000v\000a}{chapter.3}% 80
\BOOKMARK [2][-]{subsection.3.5.1}{\376\377\000M\000e\000d\000i\000d\000a\000s\000\040\000d\000e\000\040\000T\000e\000n\000d\000e\000n\000c\000i\000a\000\040\000C\000e\000n\000t\000r\000a\000l}{section.3.5}% 81
\BOOKMARK [3][-]{subsubsection.3.5.1.1}{\376\377\000M\000e\000d\000i\000a}{subsection.3.5.1}% 82
\BOOKMARK [3][-]{subsubsection.3.5.1.2}{\376\377\000M\000e\000d\000i\000a\000n\000a}{subsection.3.5.1}% 83
\BOOKMARK [3][-]{subsubsection.3.5.1.3}{\376\377\000M\000o\000d\000a}{subsection.3.5.1}% 84
\BOOKMARK [2][-]{subsection.3.5.2}{\376\377\000M\000e\000d\000i\000d\000a\000s\000\040\000d\000e\000\040\000D\000i\000s\000p\000e\000r\000s\000i\000\363\000n}{section.3.5}% 85
\BOOKMARK [3][-]{subsubsection.3.5.2.1}{\376\377\000R\000a\000n\000g\000o}{subsection.3.5.2}% 86
\BOOKMARK [3][-]{subsubsection.3.5.2.2}{\376\377\000V\000a\000r\000i\000a\000n\000z\000a}{subsection.3.5.2}% 87
\BOOKMARK [3][-]{subsubsection.3.5.2.3}{\376\377\000D\000e\000s\000v\000i\000a\000c\000i\000\363\000n\000\040\000E\000s\000t\000\341\000n\000d\000a\000r}{subsection.3.5.2}% 88
\BOOKMARK [1][-]{section.3.6}{\376\377\000I\000n\000f\000e\000r\000e\000n\000c\000i\000a\000\040\000E\000s\000t\000a\000d\000\355\000s\000t\000i\000c\000a}{chapter.3}% 89
\BOOKMARK [2][-]{subsection.3.6.1}{\376\377\000E\000s\000t\000i\000m\000a\000c\000i\000\363\000n\000\040\000d\000e\000\040\000P\000a\000r\000\341\000m\000e\000t\000r\000o\000s}{section.3.6}% 90
\BOOKMARK [3][-]{subsubsection.3.6.1.1}{\376\377\000E\000s\000t\000i\000m\000a\000d\000o\000r\000\040\000P\000u\000n\000t\000u\000a\000l}{subsection.3.6.1}% 91
\BOOKMARK [3][-]{subsubsection.3.6.1.2}{\376\377\000P\000r\000o\000p\000i\000e\000d\000a\000d\000e\000s\000\040\000d\000e\000\040\000l\000o\000s\000\040\000E\000s\000t\000i\000m\000a\000d\000o\000r\000e\000s\000\040\000P\000u\000n\000t\000u\000a\000l\000e\000s}{subsection.3.6.1}% 92
\BOOKMARK [3][-]{subsubsection.3.6.1.3}{\376\377\000E\000s\000t\000i\000m\000a\000d\000o\000r\000\040\000p\000o\000r\000\040\000I\000n\000t\000e\000r\000v\000a\000l\000o}{subsection.3.6.1}% 93
\BOOKMARK [2][-]{subsection.3.6.2}{\376\377\000P\000r\000u\000e\000b\000a\000\040\000d\000e\000\040\000H\000i\000p\000\363\000t\000e\000s\000i\000s}{section.3.6}% 94
\BOOKMARK [3][-]{subsubsection.3.6.2.1}{\376\377\000H\000i\000p\000\363\000t\000e\000s\000i\000s\000\040\000N\000u\000l\000a\000\040\000y\000\040\000A\000l\000t\000e\000r\000n\000a\000t\000i\000v\000a}{subsection.3.6.2}% 95
\BOOKMARK [3][-]{subsubsection.3.6.2.2}{\376\377\000N\000i\000v\000e\000l\000\040\000d\000e\000\040\000S\000i\000g\000n\000i\000f\000i\000c\000a\000n\000c\000i\000a}{subsection.3.6.2}% 96
\BOOKMARK [3][-]{subsubsection.3.6.2.3}{\376\377\000E\000s\000t\000a\000d\000\355\000s\000t\000i\000c\000o\000\040\000d\000e\000\040\000P\000r\000u\000e\000b\000a}{subsection.3.6.2}% 97
\BOOKMARK [3][-]{subsubsection.3.6.2.4}{\376\377\000P\000-\000v\000a\000l\000o\000r}{subsection.3.6.2}% 98
\BOOKMARK [3][-]{subsubsection.3.6.2.5}{\376\377\000T\000i\000p\000o\000s\000\040\000d\000e\000\040\000E\000r\000r\000o\000r\000e\000s}{subsection.3.6.2}% 99
\BOOKMARK [3][-]{subsubsection.3.6.2.6}{\376\377\000T\000a\000b\000l\000a\000\040\000d\000e\000\040\000E\000r\000r\000o\000r\000e\000s\000\040\000e\000n\000\040\000l\000a\000\040\000P\000r\000u\000e\000b\000a\000\040\000d\000e\000\040\000H\000i\000p\000\363\000t\000e\000s\000i\000s}{subsection.3.6.2}% 100
\BOOKMARK [0][-]{chapter.4}{\376\377\000M\000a\000t\000e\000m\000\341\000t\000i\000c\000a\000s\000\040\000D\000e\000t\000r\000\341\000s\000\040\000d\000e\000\040\000l\000a\000\040\000R\000e\000g\000r\000e\000s\000i\000\363\000n\000\040\000L\000o\000g\000\355\000s\000t\000i\000c\000a}{}% 101
\BOOKMARK [1][-]{section.4.1}{\376\377\000I\000n\000t\000r\000o\000d\000u\000c\000c\000i\000\363\000n}{chapter.4}% 102
\BOOKMARK [1][-]{section.4.2}{\376\377\000F\000u\000n\000c\000i\000\363\000n\000\040\000L\000o\000g\000\355\000s\000t\000i\000c\000a}{chapter.4}% 103
\BOOKMARK [2][-]{subsection.4.2.1}{\376\377\000D\000e\000f\000i\000n\000i\000c\000i\000\363\000n}{section.4.2}% 104
\BOOKMARK [2][-]{subsection.4.2.2}{\376\377\000P\000r\000o\000p\000i\000e\000d\000a\000d\000e\000s}{section.4.2}% 105
\BOOKMARK [1][-]{section.4.3}{\376\377\000F\000u\000n\000c\000i\000\363\000n\000\040\000d\000e\000\040\000V\000e\000r\000o\000s\000i\000m\000i\000l\000i\000t\000u\000d}{chapter.4}% 106
\BOOKMARK [2][-]{subsection.4.3.1}{\376\377\000D\000e\000f\000i\000n\000i\000c\000i\000\363\000n}{section.4.3}% 107
\BOOKMARK [2][-]{subsection.4.3.2}{\376\377\000F\000u\000n\000c\000i\000\363\000n\000\040\000d\000e\000\040\000L\000o\000g\000-\000V\000e\000r\000o\000s\000i\000m\000i\000l\000i\000t\000u\000d}{section.4.3}% 108
\BOOKMARK [1][-]{section.4.4}{\376\377\000E\000s\000t\000i\000m\000a\000c\000i\000\363\000n\000\040\000d\000e\000\040\000C\000o\000e\000f\000i\000c\000i\000e\000n\000t\000e\000s}{chapter.4}% 109
\BOOKMARK [2][-]{subsection.4.4.1}{\376\377\000G\000r\000a\000d\000i\000e\000n\000t\000e\000\040\000y\000\040\000H\000e\000s\000s\000i\000a\000n\000a}{section.4.4}% 110
\BOOKMARK [3][-]{subsubsection.4.4.1.1}{\376\377\000G\000r\000a\000d\000i\000e\000n\000t\000e}{subsection.4.4.1}% 111
\BOOKMARK [3][-]{subsubsection.4.4.1.2}{\376\377\000H\000e\000s\000s\000i\000a\000n\000a}{subsection.4.4.1}% 112
\BOOKMARK [2][-]{subsection.4.4.2}{\376\377\000A\000l\000g\000o\000r\000i\000t\000m\000o\000\040\000N\000e\000w\000t\000o\000n\000-\000R\000a\000p\000h\000s\000o\000n}{section.4.4}% 113
\BOOKMARK [1][-]{section.4.5}{\376\377\000V\000a\000l\000i\000d\000a\000c\000i\000\363\000n\000\040\000d\000e\000l\000\040\000M\000o\000d\000e\000l\000o}{chapter.4}% 114
\BOOKMARK [2][-]{subsection.4.5.1}{\376\377\000C\000u\000r\000v\000a\000\040\000R\000O\000C\000\040\000y\000\040\000A\000U\000C}{section.4.5}% 115
\BOOKMARK [2][-]{subsection.4.5.2}{\376\377\000M\000a\000t\000r\000i\000z\000\040\000d\000e\000\040\000C\000o\000n\000f\000u\000s\000i\000\363\000n}{section.4.5}% 116
\BOOKMARK [0][-]{chapter.5}{\376\377\000P\000r\000e\000p\000a\000r\000a\000c\000i\000\363\000n\000\040\000d\000e\000\040\000D\000a\000t\000o\000s\000\040\000y\000\040\000S\000e\000l\000e\000c\000c\000i\000\363\000n\000\040\000d\000e\000\040\000V\000a\000r\000i\000a\000b\000l\000e\000s}{}% 117
\BOOKMARK [1][-]{section.5.1}{\376\377\000I\000n\000t\000r\000o\000d\000u\000c\000c\000i\000\363\000n}{chapter.5}% 118
\BOOKMARK [1][-]{section.5.2}{\376\377\000I\000m\000p\000o\000r\000t\000a\000n\000c\000i\000a\000\040\000d\000e\000\040\000l\000a\000\040\000P\000r\000e\000p\000a\000r\000a\000c\000i\000\363\000n\000\040\000d\000e\000\040\000D\000a\000t\000o\000s}{chapter.5}% 119
\BOOKMARK [1][-]{section.5.3}{\376\377\000L\000i\000m\000p\000i\000e\000z\000a\000\040\000d\000e\000\040\000D\000a\000t\000o\000s}{chapter.5}% 120
\BOOKMARK [1][-]{section.5.4}{\376\377\000T\000r\000a\000t\000a\000m\000i\000e\000n\000t\000o\000\040\000d\000e\000\040\000D\000a\000t\000o\000s\000\040\000F\000a\000l\000t\000a\000n\000t\000e\000s}{chapter.5}% 121
\BOOKMARK [2][-]{subsection.5.4.1}{\376\377\000I\000m\000p\000u\000t\000a\000c\000i\000\363\000n\000\040\000d\000e\000\040\000l\000a\000\040\000M\000e\000d\000i\000a}{section.5.4}% 122
\BOOKMARK [1][-]{section.5.5}{\376\377\000C\000o\000d\000i\000f\000i\000c\000a\000c\000i\000\363\000n\000\040\000d\000e\000\040\000V\000a\000r\000i\000a\000b\000l\000e\000s\000\040\000C\000a\000t\000e\000g\000\363\000r\000i\000c\000a\000s}{chapter.5}% 123
\BOOKMARK [2][-]{subsection.5.5.1}{\376\377\000C\000o\000d\000i\000f\000i\000c\000a\000c\000i\000\363\000n\000\040\000O\000n\000e\000-\000H\000o\000t}{section.5.5}% 124
\BOOKMARK [2][-]{subsection.5.5.2}{\376\377\000C\000o\000d\000i\000f\000i\000c\000a\000c\000i\000\363\000n\000\040\000O\000r\000d\000i\000n\000a\000l}{section.5.5}% 125
\BOOKMARK [1][-]{section.5.6}{\376\377\000S\000e\000l\000e\000c\000c\000i\000\363\000n\000\040\000d\000e\000\040\000V\000a\000r\000i\000a\000b\000l\000e\000s}{chapter.5}% 126
\BOOKMARK [2][-]{subsection.5.6.1}{\376\377\000M\000\351\000t\000o\000d\000o\000s\000\040\000d\000e\000\040\000F\000i\000l\000t\000r\000a\000d\000o}{section.5.6}% 127
\BOOKMARK [2][-]{subsection.5.6.2}{\376\377\000M\000\351\000t\000o\000d\000o\000s\000\040\000d\000e\000\040\000W\000r\000a\000p\000p\000e\000r}{section.5.6}% 128
\BOOKMARK [2][-]{subsection.5.6.3}{\376\377\000M\000\351\000t\000o\000d\000o\000s\000\040\000B\000a\000s\000a\000d\000o\000s\000\040\000e\000n\000\040\000M\000o\000d\000e\000l\000o\000s}{section.5.6}% 129
\BOOKMARK [3][-]{subsubsection.5.6.3.1}{\376\377\000R\000e\000g\000r\000e\000s\000i\000\363\000n\000\040\000L\000a\000s\000s\000o}{subsection.5.6.3}% 130
\BOOKMARK [3][-]{subsubsection.5.6.3.2}{\376\377\000R\000e\000g\000r\000e\000s\000i\000\363\000n\000\040\000R\000i\000d\000g\000e}{subsection.5.6.3}% 131
\BOOKMARK [1][-]{section.5.7}{\376\377\000I\000m\000p\000l\000e\000m\000e\000n\000t\000a\000c\000i\000\363\000n\000\040\000e\000n\000\040\000R}{chapter.5}% 132
\BOOKMARK [2][-]{subsection.5.7.1}{\376\377\000L\000i\000m\000p\000i\000e\000z\000a\000\040\000d\000e\000\040\000D\000a\000t\000o\000s}{section.5.7}% 133
\BOOKMARK [2][-]{subsection.5.7.2}{\376\377\000C\000o\000d\000i\000f\000i\000c\000a\000c\000i\000\363\000n\000\040\000d\000e\000\040\000V\000a\000r\000i\000a\000b\000l\000e\000s\000\040\000C\000a\000t\000e\000g\000\363\000r\000i\000c\000a\000s}{section.5.7}% 134
\BOOKMARK [2][-]{subsection.5.7.3}{\376\377\000S\000e\000l\000e\000c\000c\000i\000\363\000n\000\040\000d\000e\000\040\000V\000a\000r\000i\000a\000b\000l\000e\000s}{section.5.7}% 135
\BOOKMARK [0][-]{chapter.6}{\376\377\000E\000v\000a\000l\000u\000a\000c\000i\000\363\000n\000\040\000d\000e\000l\000\040\000M\000o\000d\000e\000l\000o\000\040\000y\000\040\000V\000a\000l\000i\000d\000a\000c\000i\000\363\000n\000\040\000C\000r\000u\000z\000a\000d\000a}{}% 136
\BOOKMARK [1][-]{section.6.1}{\376\377\000I\000n\000t\000r\000o\000d\000u\000c\000c\000i\000\363\000n}{chapter.6}% 137
\BOOKMARK [1][-]{section.6.2}{\376\377\000M\000\351\000t\000r\000i\000c\000a\000s\000\040\000d\000e\000\040\000E\000v\000a\000l\000u\000a\000c\000i\000\363\000n\000\040\000d\000e\000l\000\040\000M\000o\000d\000e\000l\000o}{chapter.6}% 138
\BOOKMARK [2][-]{subsection.6.2.1}{\376\377\000C\000u\000r\000v\000a\000\040\000R\000O\000C\000\040\000y\000\040\000A\000U\000C}{section.6.2}% 139
\BOOKMARK [2][-]{subsection.6.2.2}{\376\377\000M\000a\000t\000r\000i\000z\000\040\000d\000e\000\040\000C\000o\000n\000f\000u\000s\000i\000\363\000n}{section.6.2}% 140
\BOOKMARK [2][-]{subsection.6.2.3}{\376\377\000P\000r\000e\000c\000i\000s\000i\000\363\000n\000,\000\040\000R\000e\000c\000a\000l\000l\000\040\000y\000\040\000F\0001\000-\000S\000c\000o\000r\000e}{section.6.2}% 141
\BOOKMARK [2][-]{subsection.6.2.4}{\376\377\000L\000o\000g\000-\000L\000o\000s\000s}{section.6.2}% 142
\BOOKMARK [1][-]{section.6.3}{\376\377\000V\000a\000l\000i\000d\000a\000c\000i\000\363\000n\000\040\000C\000r\000u\000z\000a\000d\000a}{chapter.6}% 143
\BOOKMARK [2][-]{subsection.6.3.1}{\376\377\000K\000-\000F\000o\000l\000d\000\040\000C\000r\000o\000s\000s\000-\000V\000a\000l\000i\000d\000a\000t\000i\000o\000n}{section.6.3}% 144
\BOOKMARK [2][-]{subsection.6.3.2}{\376\377\000L\000e\000a\000v\000e\000-\000O\000n\000e\000-\000O\000u\000t\000\040\000C\000r\000o\000s\000s\000-\000V\000a\000l\000i\000d\000a\000t\000i\000o\000n\000\040\000\050\000L\000O\000O\000C\000V\000\051}{section.6.3}% 145
\BOOKMARK [1][-]{section.6.4}{\376\377\000A\000j\000u\000s\000t\000e\000\040\000y\000\040\000S\000o\000b\000r\000e\000a\000j\000u\000s\000t\000e\000\040\000d\000e\000l\000\040\000M\000o\000d\000e\000l\000o}{chapter.6}% 146
\BOOKMARK [2][-]{subsection.6.4.1}{\376\377\000S\000o\000b\000r\000e\000a\000j\000u\000s\000t\000e}{section.6.4}% 147
\BOOKMARK [2][-]{subsection.6.4.2}{\376\377\000S\000u\000b\000a\000j\000u\000s\000t\000e}{section.6.4}% 148
\BOOKMARK [2][-]{subsection.6.4.3}{\376\377\000R\000e\000g\000u\000l\000a\000r\000i\000z\000a\000c\000i\000\363\000n}{section.6.4}% 149
\BOOKMARK [1][-]{section.6.5}{\376\377\000I\000m\000p\000l\000e\000m\000e\000n\000t\000a\000c\000i\000\363\000n\000\040\000e\000n\000\040\000R}{chapter.6}% 150
\BOOKMARK [2][-]{subsection.6.5.1}{\376\377\000E\000v\000a\000l\000u\000a\000c\000i\000\363\000n\000\040\000d\000e\000l\000\040\000M\000o\000d\000e\000l\000o}{section.6.5}% 151
\BOOKMARK [2][-]{subsection.6.5.2}{\376\377\000V\000a\000l\000i\000d\000a\000c\000i\000\363\000n\000\040\000C\000r\000u\000z\000a\000d\000a}{section.6.5}% 152
\BOOKMARK [0][-]{chapter.7}{\376\377\000D\000i\000a\000g\000n\000\363\000s\000t\000i\000c\000o\000\040\000d\000e\000l\000\040\000M\000o\000d\000e\000l\000o\000\040\000y\000\040\000A\000j\000u\000s\000t\000e\000\040\000d\000e\000\040\000P\000a\000r\000\341\000m\000e\000t\000r\000o\000s}{}% 153
\BOOKMARK [1][-]{section.7.1}{\376\377\000I\000n\000t\000r\000o\000d\000u\000c\000c\000i\000\363\000n}{chapter.7}% 154
\BOOKMARK [1][-]{section.7.2}{\376\377\000D\000i\000a\000g\000n\000\363\000s\000t\000i\000c\000o\000\040\000d\000e\000l\000\040\000M\000o\000d\000e\000l\000o}{chapter.7}% 155
\BOOKMARK [2][-]{subsection.7.2.1}{\376\377\000R\000e\000s\000i\000d\000u\000o\000s}{section.7.2}% 156
\BOOKMARK [3][-]{subsubsection.7.2.1.1}{\376\377\000R\000e\000s\000i\000d\000u\000o\000s\000\040\000E\000s\000t\000u\000d\000i\000a\000n\000t\000i\000z\000a\000d\000o\000s}{subsection.7.2.1}% 157
\BOOKMARK [2][-]{subsection.7.2.2}{\376\377\000I\000n\000f\000l\000u\000e\000n\000c\000i\000a}{section.7.2}% 158
\BOOKMARK [3][-]{subsubsection.7.2.2.1}{\376\377\000D\000i\000s\000t\000a\000n\000c\000i\000a\000\040\000d\000e\000\040\000C\000o\000o\000k}{subsection.7.2.2}% 159
\BOOKMARK [2][-]{subsection.7.2.3}{\376\377\000M\000u\000l\000t\000i\000c\000o\000l\000i\000n\000e\000a\000l\000i\000d\000a\000d}{section.7.2}% 160
\BOOKMARK [3][-]{subsubsection.7.2.3.1}{\376\377\000F\000a\000c\000t\000o\000r\000\040\000d\000e\000\040\000I\000n\000f\000l\000a\000c\000i\000\363\000n\000\040\000d\000e\000\040\000l\000a\000\040\000V\000a\000r\000i\000a\000n\000z\000a\000\040\000\050\000V\000I\000F\000\051}{subsection.7.2.3}% 161
\BOOKMARK [1][-]{section.7.3}{\376\377\000A\000j\000u\000s\000t\000e\000\040\000d\000e\000\040\000P\000a\000r\000\341\000m\000e\000t\000r\000o\000s}{chapter.7}% 162
\BOOKMARK [2][-]{subsection.7.3.1}{\376\377\000G\000r\000i\000d\000\040\000S\000e\000a\000r\000c\000h}{section.7.3}% 163
\BOOKMARK [2][-]{subsection.7.3.2}{\376\377\000R\000a\000n\000d\000o\000m\000\040\000S\000e\000a\000r\000c\000h}{section.7.3}% 164
\BOOKMARK [2][-]{subsection.7.3.3}{\376\377\000B\000a\000y\000e\000s\000i\000a\000n\000\040\000O\000p\000t\000i\000m\000i\000z\000a\000t\000i\000o\000n}{section.7.3}% 165
\BOOKMARK [1][-]{section.7.4}{\376\377\000I\000m\000p\000l\000e\000m\000e\000n\000t\000a\000c\000i\000\363\000n\000\040\000e\000n\000\040\000R}{chapter.7}% 166
\BOOKMARK [2][-]{subsection.7.4.1}{\376\377\000D\000i\000a\000g\000n\000\363\000s\000t\000i\000c\000o\000\040\000d\000e\000l\000\040\000M\000o\000d\000e\000l\000o}{section.7.4}% 167
\BOOKMARK [2][-]{subsection.7.4.2}{\376\377\000A\000j\000u\000s\000t\000e\000\040\000d\000e\000\040\000P\000a\000r\000\341\000m\000e\000t\000r\000o\000s}{section.7.4}% 168
\BOOKMARK [0][-]{chapter.8}{\376\377\000I\000n\000t\000e\000r\000p\000r\000e\000t\000a\000c\000i\000\363\000n\000\040\000d\000e\000\040\000l\000o\000s\000\040\000R\000e\000s\000u\000l\000t\000a\000d\000o\000s}{}% 169
\BOOKMARK [1][-]{section.8.1}{\376\377\000I\000n\000t\000r\000o\000d\000u\000c\000c\000i\000\363\000n}{chapter.8}% 170
\BOOKMARK [1][-]{section.8.2}{\376\377\000C\000o\000e\000f\000i\000c\000i\000e\000n\000t\000e\000s\000\040\000d\000e\000\040\000R\000e\000g\000r\000e\000s\000i\000\363\000n\000\040\000L\000o\000g\000\355\000s\000t\000i\000c\000a}{chapter.8}% 171
\BOOKMARK [2][-]{subsection.8.2.1}{\376\377\000I\000n\000t\000e\000r\000p\000r\000e\000t\000a\000c\000i\000\363\000n\000\040\000d\000e\000\040\000l\000o\000s\000\040\000C\000o\000e\000f\000i\000c\000i\000e\000n\000t\000e\000s}{section.8.2}% 172
\BOOKMARK [2][-]{subsection.8.2.2}{\376\377\000S\000i\000g\000n\000o\000\040\000d\000e\000\040\000l\000o\000s\000\040\000C\000o\000e\000f\000i\000c\000i\000e\000n\000t\000e\000s}{section.8.2}% 173
\BOOKMARK [1][-]{section.8.3}{\376\377\000O\000d\000d\000s\000\040\000R\000a\000t\000i\000o\000s}{chapter.8}% 174
\BOOKMARK [2][-]{subsection.8.3.1}{\376\377\000C\000\341\000l\000c\000u\000l\000o\000\040\000d\000e\000\040\000l\000a\000s\000\040\000O\000d\000d\000s\000\040\000R\000a\000t\000i\000o\000s}{section.8.3}% 175
\BOOKMARK [2][-]{subsection.8.3.2}{\376\377\000I\000n\000t\000e\000r\000p\000r\000e\000t\000a\000c\000i\000\363\000n\000\040\000d\000e\000\040\000l\000a\000s\000\040\000O\000d\000d\000s\000\040\000R\000a\000t\000i\000o\000s}{section.8.3}% 176
\BOOKMARK [1][-]{section.8.4}{\376\377\000I\000n\000t\000e\000r\000v\000a\000l\000o\000s\000\040\000d\000e\000\040\000C\000o\000n\000f\000i\000a\000n\000z\000a}{chapter.8}% 177
\BOOKMARK [2][-]{subsection.8.4.1}{\376\377\000C\000\341\000l\000c\000u\000l\000o\000\040\000d\000e\000\040\000l\000o\000s\000\040\000I\000n\000t\000e\000r\000v\000a\000l\000o\000s\000\040\000d\000e\000\040\000C\000o\000n\000f\000i\000a\000n\000z\000a}{section.8.4}% 178
\BOOKMARK [1][-]{section.8.5}{\376\377\000S\000i\000g\000n\000i\000f\000i\000c\000a\000n\000c\000i\000a\000\040\000E\000s\000t\000a\000d\000\355\000s\000t\000i\000c\000a}{chapter.8}% 179
\BOOKMARK [2][-]{subsection.8.5.1}{\376\377\000P\000r\000u\000e\000b\000a\000\040\000d\000e\000\040\000H\000i\000p\000\363\000t\000e\000s\000i\000s}{section.8.5}% 180
\BOOKMARK [2][-]{subsection.8.5.2}{\376\377\000P\000-\000v\000a\000l\000o\000r}{section.8.5}% 181
\BOOKMARK [1][-]{section.8.6}{\376\377\000I\000m\000p\000l\000e\000m\000e\000n\000t\000a\000c\000i\000\363\000n\000\040\000e\000n\000\040\000R}{chapter.8}% 182
\BOOKMARK [2][-]{subsection.8.6.1}{\376\377\000C\000\341\000l\000c\000u\000l\000o\000\040\000d\000e\000\040\000C\000o\000e\000f\000i\000c\000i\000e\000n\000t\000e\000s\000\040\000y\000\040\000O\000d\000d\000s\000\040\000R\000a\000t\000i\000o\000s}{section.8.6}% 183
\BOOKMARK [2][-]{subsection.8.6.2}{\376\377\000I\000n\000t\000e\000r\000v\000a\000l\000o\000s\000\040\000d\000e\000\040\000C\000o\000n\000f\000i\000a\000n\000z\000a}{section.8.6}% 184
\BOOKMARK [2][-]{subsection.8.6.3}{\376\377\000P\000-\000v\000a\000l\000o\000r\000e\000s\000\040\000y\000\040\000S\000i\000g\000n\000i\000f\000i\000c\000a\000n\000c\000i\000a\000\040\000E\000s\000t\000a\000d\000\355\000s\000t\000i\000c\000a}{section.8.6}% 185
\BOOKMARK [0][-]{chapter.9}{\376\377\000R\000e\000g\000r\000e\000s\000i\000\363\000n\000\040\000L\000o\000g\000\355\000s\000t\000i\000c\000a\000\040\000M\000u\000l\000t\000i\000n\000o\000m\000i\000a\000l\000\040\000y\000\040\000A\000n\000\341\000l\000i\000s\000i\000s\000\040\000d\000e\000\040\000S\000u\000p\000e\000r\000v\000i\000v\000e\000n\000c\000i\000a}{}% 186
\BOOKMARK [1][-]{section.9.1}{\376\377\000I\000n\000t\000r\000o\000d\000u\000c\000c\000i\000\363\000n}{chapter.9}% 187
\BOOKMARK [1][-]{section.9.2}{\376\377\000R\000e\000g\000r\000e\000s\000i\000\363\000n\000\040\000L\000o\000g\000\355\000s\000t\000i\000c\000a\000\040\000M\000u\000l\000t\000i\000n\000o\000m\000i\000a\000l}{chapter.9}% 188
\BOOKMARK [2][-]{subsection.9.2.1}{\376\377\000M\000o\000d\000e\000l\000o\000\040\000M\000u\000l\000t\000i\000n\000o\000m\000i\000a\000l}{section.9.2}% 189
\BOOKMARK [2][-]{subsection.9.2.2}{\376\377\000E\000s\000t\000i\000m\000a\000c\000i\000\363\000n\000\040\000d\000e\000\040\000P\000a\000r\000\341\000m\000e\000t\000r\000o\000s}{section.9.2}% 190
\BOOKMARK [1][-]{section.9.3}{\376\377\000A\000n\000\341\000l\000i\000s\000i\000s\000\040\000d\000e\000\040\000S\000u\000p\000e\000r\000v\000i\000v\000e\000n\000c\000i\000a}{chapter.9}% 191
\BOOKMARK [2][-]{subsection.9.3.1}{\376\377\000F\000u\000n\000c\000i\000\363\000n\000\040\000d\000e\000\040\000S\000u\000p\000e\000r\000v\000i\000v\000e\000n\000c\000i\000a}{section.9.3}% 192
\BOOKMARK [2][-]{subsection.9.3.2}{\376\377\000M\000o\000d\000e\000l\000o\000\040\000d\000e\000\040\000R\000i\000e\000s\000g\000o\000s\000\040\000P\000r\000o\000p\000o\000r\000c\000i\000o\000n\000a\000l\000e\000s\000\040\000d\000e\000\040\000C\000o\000x}{section.9.3}% 193
\BOOKMARK [1][-]{section.9.4}{\376\377\000I\000m\000p\000l\000e\000m\000e\000n\000t\000a\000c\000i\000\363\000n\000\040\000e\000n\000\040\000R}{chapter.9}% 194
\BOOKMARK [2][-]{subsection.9.4.1}{\376\377\000R\000e\000g\000r\000e\000s\000i\000\363\000n\000\040\000L\000o\000g\000\355\000s\000t\000i\000c\000a\000\040\000M\000u\000l\000t\000i\000n\000o\000m\000i\000a\000l}{section.9.4}% 195
\BOOKMARK [2][-]{subsection.9.4.2}{\376\377\000A\000n\000\341\000l\000i\000s\000i\000s\000\040\000d\000e\000\040\000S\000u\000p\000e\000r\000v\000i\000v\000e\000n\000c\000i\000a}{section.9.4}% 196
\BOOKMARK [0][-]{chapter.10}{\376\377\000I\000m\000p\000l\000e\000m\000e\000n\000t\000a\000c\000i\000\363\000n\000\040\000d\000e\000\040\000R\000e\000g\000r\000e\000s\000i\000\363\000n\000\040\000L\000o\000g\000\355\000s\000t\000i\000c\000a\000\040\000e\000n\000\040\000D\000a\000t\000o\000s\000\040\000R\000e\000a\000l\000e\000s}{}% 197
\BOOKMARK [1][-]{section.10.1}{\376\377\000I\000n\000t\000r\000o\000d\000u\000c\000c\000i\000\363\000n}{chapter.10}% 198
\BOOKMARK [1][-]{section.10.2}{\376\377\000C\000o\000n\000j\000u\000n\000t\000o\000\040\000d\000e\000\040\000D\000a\000t\000o\000s}{chapter.10}% 199
\BOOKMARK [1][-]{section.10.3}{\376\377\000P\000r\000e\000p\000a\000r\000a\000c\000i\000\363\000n\000\040\000d\000e\000\040\000D\000a\000t\000o\000s}{chapter.10}% 200
\BOOKMARK [2][-]{subsection.10.3.1}{\376\377\000C\000a\000r\000g\000a\000\040\000y\000\040\000E\000x\000p\000l\000o\000r\000a\000c\000i\000\363\000n\000\040\000d\000e\000\040\000D\000a\000t\000o\000s}{section.10.3}% 201
\BOOKMARK [2][-]{subsection.10.3.2}{\376\377\000L\000i\000m\000p\000i\000e\000z\000a\000\040\000d\000e\000\040\000D\000a\000t\000o\000s}{section.10.3}% 202
\BOOKMARK [2][-]{subsection.10.3.3}{\376\377\000C\000o\000d\000i\000f\000i\000c\000a\000c\000i\000\363\000n\000\040\000d\000e\000\040\000V\000a\000r\000i\000a\000b\000l\000e\000s\000\040\000C\000a\000t\000e\000g\000\363\000r\000i\000c\000a\000s}{section.10.3}% 203
\BOOKMARK [1][-]{section.10.4}{\376\377\000D\000i\000v\000i\000s\000i\000\363\000n\000\040\000d\000e\000\040\000D\000a\000t\000o\000s}{chapter.10}% 204
\BOOKMARK [1][-]{section.10.5}{\376\377\000E\000n\000t\000r\000e\000n\000a\000m\000i\000e\000n\000t\000o\000\040\000d\000e\000l\000\040\000M\000o\000d\000e\000l\000o}{chapter.10}% 205
\BOOKMARK [1][-]{section.10.6}{\376\377\000E\000v\000a\000l\000u\000a\000c\000i\000\363\000n\000\040\000d\000e\000l\000\040\000M\000o\000d\000e\000l\000o}{chapter.10}% 206
\BOOKMARK [1][-]{section.10.7}{\376\377\000I\000n\000t\000e\000r\000p\000r\000e\000t\000a\000c\000i\000\363\000n\000\040\000d\000e\000\040\000l\000o\000s\000\040\000R\000e\000s\000u\000l\000t\000a\000d\000o\000s}{chapter.10}% 207
\BOOKMARK [0][-]{chapter.11}{\376\377\000R\000e\000s\000u\000m\000e\000n\000\040\000y\000\040\000P\000r\000o\000y\000e\000c\000t\000o\000\040\000F\000i\000n\000a\000l}{}% 208
\BOOKMARK [1][-]{section.11.1}{\376\377\000R\000e\000s\000u\000m\000e\000n\000\040\000d\000e\000\040\000C\000o\000n\000c\000e\000p\000t\000o\000s\000\040\000C\000l\000a\000v\000e}{chapter.11}% 209
\BOOKMARK [1][-]{section.11.2}{\376\377\000B\000u\000e\000n\000a\000s\000\040\000P\000r\000\341\000c\000t\000i\000c\000a\000s}{chapter.11}% 210
\BOOKMARK [1][-]{section.11.3}{\376\377\000P\000r\000o\000y\000e\000c\000t\000o\000\040\000F\000i\000n\000a\000l}{chapter.11}% 211
\BOOKMARK [2][-]{subsection.11.3.1}{\376\377\000S\000e\000l\000e\000c\000c\000i\000\363\000n\000\040\000d\000e\000l\000\040\000C\000o\000n\000j\000u\000n\000t\000o\000\040\000d\000e\000\040\000D\000a\000t\000o\000s}{section.11.3}% 212
\BOOKMARK [2][-]{subsection.11.3.2}{\376\377\000E\000x\000p\000l\000o\000r\000a\000c\000i\000\363\000n\000\040\000y\000\040\000P\000r\000e\000p\000a\000r\000a\000c\000i\000\363\000n\000\040\000d\000e\000\040\000D\000a\000t\000o\000s}{section.11.3}% 213
\BOOKMARK [2][-]{subsection.11.3.3}{\376\377\000E\000n\000t\000r\000e\000n\000a\000m\000i\000e\000n\000t\000o\000\040\000y\000\040\000E\000v\000a\000l\000u\000a\000c\000i\000\363\000n\000\040\000d\000e\000l\000\040\000M\000o\000d\000e\000l\000o}{section.11.3}% 214
\BOOKMARK [2][-]{subsection.11.3.4}{\376\377\000I\000n\000t\000e\000r\000p\000r\000e\000t\000a\000c\000i\000\363\000n\000\040\000d\000e\000\040\000R\000e\000s\000u\000l\000t\000a\000d\000o\000s}{section.11.3}% 215
\BOOKMARK [2][-]{subsection.11.3.5}{\376\377\000P\000r\000e\000s\000e\000n\000t\000a\000c\000i\000\363\000n\000\040\000d\000e\000l\000\040\000P\000r\000o\000y\000e\000c\000t\000o}{section.11.3}% 216
\BOOKMARK [-1][-]{part.1}{\376\377\000I\000\040\000S\000E\000G\000U\000N\000D\000A\000\040\000P\000A\000R\000T\000E\000:\000\040\000A\000N\000A\000L\000I\000S\000I\000S\000\040\000D\000E\000\040\000S\000U\000P\000E\000R\000V\000I\000V\000E\000N\000C\000I\000A}{}% 217
\BOOKMARK [0][-]{chapter.12}{\376\377\000I\000n\000t\000r\000o\000d\000u\000c\000c\000i\000\363\000n\000\040\000a\000l\000\040\000A\000n\000\341\000l\000i\000s\000i\000s\000\040\000d\000e\000\040\000S\000u\000p\000e\000r\000v\000i\000v\000e\000n\000c\000i\000a}{part.1}% 218
\BOOKMARK [1][-]{section.12.1}{\376\377\000C\000o\000n\000c\000e\000p\000t\000o\000s\000\040\000B\000\341\000s\000i\000c\000o\000s}{chapter.12}% 219
\BOOKMARK [1][-]{section.12.2}{\376\377\000D\000e\000f\000i\000n\000i\000c\000i\000\363\000n\000\040\000d\000e\000\040\000E\000v\000e\000n\000t\000o\000s\000\040\000y\000\040\000T\000i\000e\000m\000p\000o\000s}{chapter.12}% 220
\BOOKMARK [1][-]{section.12.3}{\376\377\000C\000e\000n\000s\000u\000r\000a}{chapter.12}% 221
\BOOKMARK [1][-]{section.12.4}{\376\377\000F\000u\000n\000c\000i\000\363\000n\000\040\000d\000e\000\040\000S\000u\000p\000e\000r\000v\000i\000v\000e\000n\000c\000i\000a}{chapter.12}% 222
\BOOKMARK [1][-]{section.12.5}{\376\377\000F\000u\000n\000c\000i\000\363\000n\000\040\000d\000e\000\040\000D\000e\000n\000s\000i\000d\000a\000d\000\040\000d\000e\000\040\000P\000r\000o\000b\000a\000b\000i\000l\000i\000d\000a\000d}{chapter.12}% 223
\BOOKMARK [1][-]{section.12.6}{\376\377\000F\000u\000n\000c\000i\000\363\000n\000\040\000d\000e\000\040\000R\000i\000e\000s\000g\000o}{chapter.12}% 224
\BOOKMARK [1][-]{section.12.7}{\376\377\000R\000e\000l\000a\000c\000i\000\363\000n\000\040\000e\000n\000t\000r\000e\000\040\000F\000u\000n\000c\000i\000\363\000n\000\040\000d\000e\000\040\000S\000u\000p\000e\000r\000v\000i\000v\000e\000n\000c\000i\000a\000\040\000y\000\040\000F\000u\000n\000c\000i\000\363\000n\000\040\000d\000e\000\040\000R\000i\000e\000s\000g\000o}{chapter.12}% 225
\BOOKMARK [1][-]{section.12.8}{\376\377\000D\000e\000d\000u\000c\000c\000i\000\363\000n\000\040\000d\000e\000\040\000l\000a\000\040\000F\000u\000n\000c\000i\000\363\000n\000\040\000d\000e\000\040\000S\000u\000p\000e\000r\000v\000i\000v\000e\000n\000c\000i\000a}{chapter.12}% 226
\BOOKMARK [1][-]{section.12.9}{\376\377\000E\000j\000e\000m\000p\000l\000o\000\040\000d\000e\000\040\000C\000\341\000l\000c\000u\000l\000o}{chapter.12}% 227
\BOOKMARK [1][-]{section.12.10}{\376\377\000C\000o\000n\000c\000l\000u\000s\000i\000\363\000n}{chapter.12}% 228
\BOOKMARK [0][-]{chapter.13}{\376\377\000F\000u\000n\000c\000i\000\363\000n\000\040\000d\000e\000\040\000S\000u\000p\000e\000r\000v\000i\000v\000e\000n\000c\000i\000a\000\040\000y\000\040\000F\000u\000n\000c\000i\000\363\000n\000\040\000d\000e\000\040\000R\000i\000e\000s\000g\000o}{part.1}% 229
\BOOKMARK [1][-]{section.13.1}{\376\377\000I\000n\000t\000r\000o\000d\000u\000c\000c\000i\000\363\000n}{chapter.13}% 230
\BOOKMARK [1][-]{section.13.2}{\376\377\000F\000u\000n\000c\000i\000\363\000n\000\040\000d\000e\000\040\000S\000u\000p\000e\000r\000v\000i\000v\000e\000n\000c\000i\000a}{chapter.13}% 231
\BOOKMARK [2][-]{subsection.13.2.1}{\376\377\000P\000r\000o\000p\000i\000e\000d\000a\000d\000e\000s\000\040\000d\000e\000\040\000l\000a\000\040\000F\000u\000n\000c\000i\000\363\000n\000\040\000d\000e\000\040\000S\000u\000p\000e\000r\000v\000i\000v\000e\000n\000c\000i\000a}{section.13.2}% 232
\BOOKMARK [2][-]{subsection.13.2.2}{\376\377\000D\000e\000r\000i\000v\000a\000c\000i\000\363\000n\000\040\000d\000e\000\040\000S\000\050\000t\000\051}{section.13.2}% 233
\BOOKMARK [2][-]{subsection.13.2.3}{\376\377\000E\000j\000e\000m\000p\000l\000o\000\040\000d\000e\000\040\000C\000\341\000l\000c\000u\000l\000o\000\040\000d\000e\000\040\000S\000\050\000t\000\051}{section.13.2}% 234
\BOOKMARK [1][-]{section.13.3}{\376\377\000F\000u\000n\000c\000i\000\363\000n\000\040\000d\000e\000\040\000R\000i\000e\000s\000g\000o}{chapter.13}% 235
\BOOKMARK [2][-]{subsection.13.3.1}{\376\377\000R\000e\000l\000a\000c\000i\000\363\000n\000\040\000e\000n\000t\000r\000e\000\040\000\050\000t\000\051\000\040\000y\000\040\000f\000\050\000t\000\051}{section.13.3}% 236
\BOOKMARK [2][-]{subsection.13.3.2}{\376\377\000D\000e\000r\000i\000v\000a\000c\000i\000\363\000n\000\040\000d\000e\000\040\000\050\000t\000\051}{section.13.3}% 237
\BOOKMARK [1][-]{section.13.4}{\376\377\000R\000e\000l\000a\000c\000i\000\363\000n\000\040\000e\000n\000t\000r\000e\000\040\000F\000u\000n\000c\000i\000\363\000n\000\040\000d\000e\000\040\000S\000u\000p\000e\000r\000v\000i\000v\000e\000n\000c\000i\000a\000\040\000y\000\040\000F\000u\000n\000c\000i\000\363\000n\000\040\000d\000e\000\040\000R\000i\000e\000s\000g\000o}{chapter.13}% 238
\BOOKMARK [2][-]{subsection.13.4.1}{\376\377\000D\000e\000d\000u\000c\000c\000i\000\363\000n\000\040\000d\000e\000\040\000l\000a\000\040\000R\000e\000l\000a\000c\000i\000\363\000n}{section.13.4}% 239
\BOOKMARK [1][-]{section.13.5}{\376\377\000I\000n\000t\000e\000r\000p\000r\000e\000t\000a\000c\000i\000\363\000n\000\040\000d\000e\000\040\000l\000a\000\040\000F\000u\000n\000c\000i\000\363\000n\000\040\000d\000e\000\040\000R\000i\000e\000s\000g\000o}{chapter.13}% 240
\BOOKMARK [2][-]{subsection.13.5.1}{\376\377\000E\000j\000e\000m\000p\000l\000o\000\040\000d\000e\000\040\000C\000\341\000l\000c\000u\000l\000o\000\040\000d\000e\000\040\000\050\000t\000\051}{section.13.5}% 241
\BOOKMARK [1][-]{section.13.6}{\376\377\000F\000u\000n\000c\000i\000o\000n\000e\000s\000\040\000d\000e\000\040\000R\000i\000e\000s\000g\000o\000\040\000A\000c\000u\000m\000u\000l\000a\000d\000a\000\040\000y\000\040\000M\000e\000d\000i\000a\000\040\000R\000e\000s\000i\000d\000u\000a\000l}{chapter.13}% 242
\BOOKMARK [1][-]{section.13.7}{\376\377\000E\000j\000e\000m\000p\000l\000o\000\040\000d\000e\000\040\000C\000\341\000l\000c\000u\000l\000o\000\040\000d\000e\000\040\000F\000u\000n\000c\000i\000\363\000n\000\040\000d\000e\000\040\000R\000i\000e\000s\000g\000o\000\040\000A\000c\000u\000m\000u\000l\000a\000d\000a\000\040\000y\000\040\000V\000i\000d\000a\000\040\000M\000e\000d\000i\000a\000\040\000R\000e\000s\000i\000d\000u\000a\000l}{chapter.13}% 243
\BOOKMARK [1][-]{section.13.8}{\376\377\000C\000o\000n\000c\000l\000u\000s\000i\000\363\000n}{chapter.13}% 244
\BOOKMARK [0][-]{chapter.14}{\376\377\000E\000s\000t\000i\000m\000a\000d\000o\000r\000\040\000d\000e\000\040\000K\000a\000p\000l\000a\000n\000-\000M\000e\000i\000e\000r}{part.1}% 245
\BOOKMARK [1][-]{section.14.1}{\376\377\000I\000n\000t\000r\000o\000d\000u\000c\000c\000i\000\363\000n}{chapter.14}% 246
\BOOKMARK [1][-]{section.14.2}{\376\377\000D\000e\000f\000i\000n\000i\000c\000i\000\363\000n\000\040\000d\000e\000l\000\040\000E\000s\000t\000i\000m\000a\000d\000o\000r\000\040\000d\000e\000\040\000K\000a\000p\000l\000a\000n\000-\000M\000e\000i\000e\000r}{chapter.14}% 247
\BOOKMARK [1][-]{section.14.3}{\376\377\000P\000r\000o\000p\000i\000e\000d\000a\000d\000e\000s\000\040\000d\000e\000l\000\040\000E\000s\000t\000i\000m\000a\000d\000o\000r\000\040\000d\000e\000\040\000K\000a\000p\000l\000a\000n\000-\000M\000e\000i\000e\000r}{chapter.14}% 248
\BOOKMARK [2][-]{subsection.14.3.1}{\376\377\000F\000u\000n\000c\000i\000\363\000n\000\040\000E\000s\000c\000a\000l\000o\000n\000a\000d\000a}{section.14.3}% 249
\BOOKMARK [2][-]{subsection.14.3.2}{\376\377\000M\000a\000n\000e\000j\000o\000\040\000d\000e\000\040\000D\000a\000t\000o\000s\000\040\000C\000e\000n\000s\000u\000r\000a\000d\000o\000s}{section.14.3}% 250
\BOOKMARK [2][-]{subsection.14.3.3}{\376\377\000E\000s\000t\000i\000m\000a\000c\000i\000\363\000n\000\040\000N\000o\000\040\000P\000a\000r\000a\000m\000\351\000t\000r\000i\000c\000a}{section.14.3}% 251
\BOOKMARK [1][-]{section.14.4}{\376\377\000D\000e\000d\000u\000c\000c\000i\000\363\000n\000\040\000d\000e\000l\000\040\000E\000s\000t\000i\000m\000a\000d\000o\000r\000\040\000d\000e\000\040\000K\000a\000p\000l\000a\000n\000-\000M\000e\000i\000e\000r}{chapter.14}% 252
\BOOKMARK [2][-]{subsection.14.4.1}{\376\377\000P\000r\000o\000b\000a\000b\000i\000l\000i\000d\000a\000d\000\040\000C\000o\000n\000d\000i\000c\000i\000o\000n\000a\000l}{section.14.4}% 253
\BOOKMARK [2][-]{subsection.14.4.2}{\376\377\000P\000r\000o\000d\000u\000c\000t\000o\000\040\000d\000e\000\040\000P\000r\000o\000b\000a\000b\000i\000l\000i\000d\000a\000d\000e\000s\000\040\000C\000o\000n\000d\000i\000c\000i\000o\000n\000a\000l\000e\000s}{section.14.4}% 254
\BOOKMARK [1][-]{section.14.5}{\376\377\000E\000j\000e\000m\000p\000l\000o\000\040\000d\000e\000\040\000C\000\341\000l\000c\000u\000l\000o}{chapter.14}% 255
\BOOKMARK [1][-]{section.14.6}{\376\377\000I\000n\000t\000e\000r\000v\000a\000l\000o\000s\000\040\000d\000e\000\040\000C\000o\000n\000f\000i\000a\000n\000z\000a\000\040\000p\000a\000r\000a\000\040\000e\000l\000\040\000E\000s\000t\000i\000m\000a\000d\000o\000r\000\040\000d\000e\000\040\000K\000a\000p\000l\000a\000n\000-\000M\000e\000i\000e\000r}{chapter.14}% 256
\BOOKMARK [1][-]{section.14.7}{\376\377\000T\000r\000a\000n\000s\000f\000o\000r\000m\000a\000c\000i\000\363\000n\000\040\000L\000o\000g\000a\000r\000\355\000t\000m\000i\000c\000a\000\040\000I\000n\000v\000e\000r\000s\000a}{chapter.14}% 257
\BOOKMARK [1][-]{section.14.8}{\376\377\000C\000\341\000l\000c\000u\000l\000o\000\040\000D\000e\000t\000a\000l\000l\000a\000d\000o\000\040\000d\000e\000\040\000I\000n\000t\000e\000r\000v\000a\000l\000o\000s\000\040\000d\000e\000\040\000C\000o\000n\000f\000i\000a\000n\000z\000a}{chapter.14}% 258
\BOOKMARK [1][-]{section.14.9}{\376\377\000E\000j\000e\000m\000p\000l\000o\000\040\000d\000e\000\040\000I\000n\000t\000e\000r\000v\000a\000l\000o\000\040\000d\000e\000\040\000C\000o\000n\000f\000i\000a\000n\000z\000a}{chapter.14}% 259
\BOOKMARK [1][-]{section.14.10}{\376\377\000I\000n\000t\000e\000r\000p\000r\000e\000t\000a\000c\000i\000\363\000n\000\040\000d\000e\000l\000\040\000E\000s\000t\000i\000m\000a\000d\000o\000r\000\040\000d\000e\000\040\000K\000a\000p\000l\000a\000n\000-\000M\000e\000i\000e\000r}{chapter.14}% 260
\BOOKMARK [1][-]{section.14.11}{\376\377\000C\000o\000n\000c\000l\000u\000s\000i\000\363\000n}{chapter.14}% 261
\BOOKMARK [0][-]{chapter.15}{\376\377\000C\000o\000m\000p\000a\000r\000a\000c\000i\000\363\000n\000\040\000d\000e\000\040\000C\000u\000r\000v\000a\000s\000\040\000d\000e\000\040\000S\000u\000p\000e\000r\000v\000i\000v\000e\000n\000c\000i\000a}{part.1}% 262
\BOOKMARK [1][-]{section.15.1}{\376\377\000I\000n\000t\000r\000o\000d\000u\000c\000c\000i\000\363\000n}{chapter.15}% 263
\BOOKMARK [1][-]{section.15.2}{\376\377\000T\000e\000s\000t\000\040\000d\000e\000\040\000L\000o\000g\000-\000r\000a\000n\000k}{chapter.15}% 264
\BOOKMARK [2][-]{subsection.15.2.1}{\376\377\000F\000\363\000r\000m\000u\000l\000a\000\040\000d\000e\000l\000\040\000T\000e\000s\000t\000\040\000d\000e\000\040\000L\000o\000g\000-\000r\000a\000n\000k}{section.15.2}% 265
\BOOKMARK [2][-]{subsection.15.2.2}{\376\377\000C\000\341\000l\000c\000u\000l\000o\000\040\000d\000e\000\040\000E\000i\000\040\000y\000\040\000V\000i}{section.15.2}% 266
\BOOKMARK [1][-]{section.15.3}{\376\377\000E\000j\000e\000m\000p\000l\000o\000\040\000d\000e\000\040\000C\000\341\000l\000c\000u\000l\000o\000\040\000d\000e\000l\000\040\000T\000e\000s\000t\000\040\000d\000e\000\040\000L\000o\000g\000-\000r\000a\000n\000k}{chapter.15}% 267
\BOOKMARK [1][-]{section.15.4}{\376\377\000I\000n\000t\000e\000r\000p\000r\000e\000t\000a\000c\000i\000\363\000n\000\040\000d\000e\000l\000\040\000T\000e\000s\000t\000\040\000d\000e\000\040\000L\000o\000g\000-\000r\000a\000n\000k}{chapter.15}% 268
\BOOKMARK [1][-]{section.15.5}{\376\377\000P\000r\000u\000e\000b\000a\000s\000\040\000A\000l\000t\000e\000r\000n\000a\000t\000i\000v\000a\000s}{chapter.15}% 269
\BOOKMARK [1][-]{section.15.6}{\376\377\000C\000o\000n\000c\000l\000u\000s\000i\000\363\000n}{chapter.15}% 270
\BOOKMARK [0][-]{chapter.16}{\376\377\000M\000o\000d\000e\000l\000o\000s\000\040\000d\000e\000\040\000R\000i\000e\000s\000g\000o\000s\000\040\000P\000r\000o\000p\000o\000r\000c\000i\000o\000n\000a\000l\000e\000s\000\040\000d\000e\000\040\000C\000o\000x}{part.1}% 271
\BOOKMARK [1][-]{section.16.1}{\376\377\000I\000n\000t\000r\000o\000d\000u\000c\000c\000i\000\363\000n}{chapter.16}% 272
\BOOKMARK [1][-]{section.16.2}{\376\377\000D\000e\000f\000i\000n\000i\000c\000i\000\363\000n\000\040\000d\000e\000l\000\040\000M\000o\000d\000e\000l\000o\000\040\000d\000e\000\040\000C\000o\000x}{chapter.16}% 273
\BOOKMARK [1][-]{section.16.3}{\376\377\000S\000u\000p\000u\000e\000s\000t\000o\000\040\000d\000e\000\040\000P\000r\000o\000p\000o\000r\000c\000i\000o\000n\000a\000l\000i\000d\000a\000d\000\040\000d\000e\000\040\000R\000i\000e\000s\000g\000o\000s}{chapter.16}% 274
\BOOKMARK [1][-]{section.16.4}{\376\377\000E\000s\000t\000i\000m\000a\000c\000i\000\363\000n\000\040\000d\000e\000\040\000l\000o\000s\000\040\000P\000a\000r\000\341\000m\000e\000t\000r\000o\000s}{chapter.16}% 275
\BOOKMARK [2][-]{subsection.16.4.1}{\376\377\000F\000u\000n\000c\000i\000\363\000n\000\040\000d\000e\000\040\000L\000o\000g\000-\000V\000e\000r\000o\000s\000i\000m\000i\000l\000i\000t\000u\000d\000\040\000P\000a\000r\000c\000i\000a\000l}{section.16.4}% 276
\BOOKMARK [2][-]{subsection.16.4.2}{\376\377\000D\000e\000r\000i\000v\000a\000d\000a\000s\000\040\000P\000a\000r\000c\000i\000a\000l\000e\000s\000\040\000y\000\040\000M\000a\000x\000i\000m\000i\000z\000a\000c\000i\000\363\000n}{section.16.4}% 277
\BOOKMARK [1][-]{section.16.5}{\376\377\000I\000n\000t\000e\000r\000p\000r\000e\000t\000a\000c\000i\000\363\000n\000\040\000d\000e\000\040\000l\000o\000s\000\040\000C\000o\000e\000f\000i\000c\000i\000e\000n\000t\000e\000s}{chapter.16}% 278
\BOOKMARK [1][-]{section.16.6}{\376\377\000E\000v\000a\000l\000u\000a\000c\000i\000\363\000n\000\040\000d\000e\000l\000\040\000M\000o\000d\000e\000l\000o}{chapter.16}% 279
\BOOKMARK [2][-]{subsection.16.6.1}{\376\377\000R\000e\000s\000i\000d\000u\000o\000s\000\040\000d\000e\000\040\000S\000c\000h\000o\000e\000n\000f\000e\000l\000d}{section.16.6}% 280
\BOOKMARK [2][-]{subsection.16.6.2}{\376\377\000C\000u\000r\000v\000a\000s\000\040\000d\000e\000\040\000S\000u\000p\000e\000r\000v\000i\000v\000e\000n\000c\000i\000a\000\040\000A\000j\000u\000s\000t\000a\000d\000a\000s}{section.16.6}% 281
\BOOKMARK [1][-]{section.16.7}{\376\377\000E\000j\000e\000m\000p\000l\000o\000\040\000d\000e\000\040\000A\000p\000l\000i\000c\000a\000c\000i\000\363\000n\000\040\000d\000e\000l\000\040\000M\000o\000d\000e\000l\000o\000\040\000d\000e\000\040\000C\000o\000x}{chapter.16}% 282
\BOOKMARK [1][-]{section.16.8}{\376\377\000C\000o\000n\000c\000l\000u\000s\000i\000\363\000n}{chapter.16}% 283
\BOOKMARK [0][-]{chapter.17}{\376\377\000D\000i\000a\000g\000n\000\363\000s\000t\000i\000c\000o\000\040\000y\000\040\000V\000a\000l\000i\000d\000a\000c\000i\000\363\000n\000\040\000d\000e\000\040\000M\000o\000d\000e\000l\000o\000s\000\040\000d\000e\000\040\000C\000o\000x}{part.1}% 284
\BOOKMARK [1][-]{section.17.1}{\376\377\000I\000n\000t\000r\000o\000d\000u\000c\000c\000i\000\363\000n}{chapter.17}% 285
\BOOKMARK [1][-]{section.17.2}{\376\377\000S\000u\000p\000u\000e\000s\000t\000o\000\040\000d\000e\000\040\000P\000r\000o\000p\000o\000r\000c\000i\000o\000n\000a\000l\000i\000d\000a\000d\000\040\000d\000e\000\040\000R\000i\000e\000s\000g\000o\000s}{chapter.17}% 286
\BOOKMARK [2][-]{subsection.17.2.1}{\376\377\000R\000e\000s\000i\000d\000u\000o\000s\000\040\000d\000e\000\040\000S\000c\000h\000o\000e\000n\000f\000e\000l\000d}{section.17.2}% 287
\BOOKMARK [1][-]{section.17.3}{\376\377\000B\000o\000n\000d\000a\000d\000\040\000d\000e\000\040\000A\000j\000u\000s\000t\000e}{chapter.17}% 288
\BOOKMARK [2][-]{subsection.17.3.1}{\376\377\000C\000u\000r\000v\000a\000s\000\040\000d\000e\000\040\000S\000u\000p\000e\000r\000v\000i\000v\000e\000n\000c\000i\000a\000\040\000A\000j\000u\000s\000t\000a\000d\000a\000s}{section.17.3}% 289
\BOOKMARK [2][-]{subsection.17.3.2}{\376\377\000E\000s\000t\000a\000d\000\355\000s\000t\000i\000c\000a\000s\000\040\000d\000e\000\040\000A\000j\000u\000s\000t\000e\000\040\000G\000l\000o\000b\000a\000l}{section.17.3}% 290
\BOOKMARK [1][-]{section.17.4}{\376\377\000D\000i\000a\000g\000n\000\363\000s\000t\000i\000c\000o\000\040\000d\000e\000\040\000I\000n\000f\000l\000u\000e\000n\000c\000i\000a}{chapter.17}% 291
\BOOKMARK [2][-]{subsection.17.4.1}{\376\377\000R\000e\000s\000i\000d\000u\000o\000s\000\040\000d\000e\000\040\000D\000e\000v\000i\000a\000n\000c\000e}{section.17.4}% 292
\BOOKMARK [2][-]{subsection.17.4.2}{\376\377\000R\000e\000s\000i\000d\000u\000o\000s\000\040\000d\000e\000\040\000M\000a\000r\000t\000i\000n\000g\000a\000l\000a}{section.17.4}% 293
\BOOKMARK [1][-]{section.17.5}{\376\377\000E\000j\000e\000m\000p\000l\000o\000\040\000d\000e\000\040\000D\000i\000a\000g\000n\000\363\000s\000t\000i\000c\000o}{chapter.17}% 294
\BOOKMARK [1][-]{section.17.6}{\376\377\000C\000o\000n\000c\000l\000u\000s\000i\000\363\000n}{chapter.17}% 295
\BOOKMARK [0][-]{chapter.18}{\376\377\000M\000o\000d\000e\000l\000o\000s\000\040\000A\000c\000e\000l\000e\000r\000a\000d\000o\000s\000\040\000d\000e\000\040\000F\000a\000l\000l\000o\000s}{part.1}% 296
\BOOKMARK [1][-]{section.18.1}{\376\377\000I\000n\000t\000r\000o\000d\000u\000c\000c\000i\000\363\000n}{chapter.18}% 297
\BOOKMARK [1][-]{section.18.2}{\376\377\000D\000e\000f\000i\000n\000i\000c\000i\000\363\000n\000\040\000d\000e\000l\000\040\000M\000o\000d\000e\000l\000o\000\040\000A\000F\000T}{chapter.18}% 298
\BOOKMARK [2][-]{subsection.18.2.1}{\376\377\000T\000r\000a\000n\000s\000f\000o\000r\000m\000a\000c\000i\000\363\000n\000\040\000L\000o\000g\000a\000r\000\355\000t\000m\000i\000c\000a}{section.18.2}% 299
\BOOKMARK [1][-]{section.18.3}{\376\377\000E\000s\000t\000i\000m\000a\000c\000i\000\363\000n\000\040\000d\000e\000\040\000l\000o\000s\000\040\000P\000a\000r\000\341\000m\000e\000t\000r\000o\000s}{chapter.18}% 300
\BOOKMARK [2][-]{subsection.18.3.1}{\376\377\000F\000u\000n\000c\000i\000\363\000n\000\040\000d\000e\000\040\000L\000o\000g\000-\000V\000e\000r\000o\000s\000i\000m\000i\000l\000i\000t\000u\000d}{section.18.3}% 301
\BOOKMARK [2][-]{subsection.18.3.2}{\376\377\000M\000a\000x\000i\000m\000i\000z\000a\000c\000i\000\363\000n\000\040\000d\000e\000\040\000l\000a\000\040\000V\000e\000r\000o\000s\000i\000m\000i\000l\000i\000t\000u\000d}{section.18.3}% 302
\BOOKMARK [1][-]{section.18.4}{\376\377\000D\000i\000s\000t\000r\000i\000b\000u\000c\000i\000o\000n\000e\000s\000\040\000C\000o\000m\000u\000n\000e\000s\000\040\000e\000n\000\040\000M\000o\000d\000e\000l\000o\000s\000\040\000A\000F\000T}{chapter.18}% 303
\BOOKMARK [2][-]{subsection.18.4.1}{\376\377\000M\000o\000d\000e\000l\000o\000\040\000E\000x\000p\000o\000n\000e\000n\000c\000i\000a\000l\000\040\000A\000F\000T}{section.18.4}% 304
\BOOKMARK [2][-]{subsection.18.4.2}{\376\377\000M\000o\000d\000e\000l\000o\000\040\000W\000e\000i\000b\000u\000l\000l\000\040\000A\000F\000T}{section.18.4}% 305
\BOOKMARK [1][-]{section.18.5}{\376\377\000I\000n\000t\000e\000r\000p\000r\000e\000t\000a\000c\000i\000\363\000n\000\040\000d\000e\000\040\000l\000o\000s\000\040\000C\000o\000e\000f\000i\000c\000i\000e\000n\000t\000e\000s}{chapter.18}% 306
\BOOKMARK [1][-]{section.18.6}{\376\377\000E\000j\000e\000m\000p\000l\000o\000\040\000d\000e\000\040\000A\000p\000l\000i\000c\000a\000c\000i\000\363\000n\000\040\000d\000e\000l\000\040\000M\000o\000d\000e\000l\000o\000\040\000A\000F\000T}{chapter.18}% 307
\BOOKMARK [1][-]{section.18.7}{\376\377\000C\000o\000n\000c\000l\000u\000s\000i\000\363\000n}{chapter.18}% 308
\BOOKMARK [0][-]{chapter.19}{\376\377\000A\000n\000\341\000l\000i\000s\000i\000s\000\040\000M\000u\000l\000t\000i\000v\000a\000r\000i\000a\000d\000o\000\040\000d\000e\000\040\000S\000u\000p\000e\000r\000v\000i\000v\000e\000n\000c\000i\000a}{part.1}% 309
\BOOKMARK [1][-]{section.19.1}{\376\377\000I\000n\000t\000r\000o\000d\000u\000c\000c\000i\000\363\000n}{chapter.19}% 310
\BOOKMARK [1][-]{section.19.2}{\376\377\000M\000o\000d\000e\000l\000o\000\040\000d\000e\000\040\000C\000o\000x\000\040\000M\000u\000l\000t\000i\000v\000a\000r\000i\000a\000d\000o}{chapter.19}% 311
\BOOKMARK [2][-]{subsection.19.2.1}{\376\377\000E\000s\000t\000i\000m\000a\000c\000i\000\363\000n\000\040\000d\000e\000\040\000l\000o\000s\000\040\000P\000a\000r\000\341\000m\000e\000t\000r\000o\000s}{section.19.2}% 312
\BOOKMARK [1][-]{section.19.3}{\376\377\000M\000o\000d\000e\000l\000o\000\040\000A\000F\000T\000\040\000M\000u\000l\000t\000i\000v\000a\000r\000i\000a\000d\000o}{chapter.19}% 313
\BOOKMARK [2][-]{subsection.19.3.1}{\376\377\000E\000s\000t\000i\000m\000a\000c\000i\000\363\000n\000\040\000d\000e\000\040\000l\000o\000s\000\040\000P\000a\000r\000\341\000m\000e\000t\000r\000o\000s}{section.19.3}% 314
\BOOKMARK [1][-]{section.19.4}{\376\377\000I\000n\000t\000e\000r\000a\000c\000c\000i\000\363\000n\000\040\000y\000\040\000E\000f\000e\000c\000t\000o\000s\000\040\000N\000o\000\040\000L\000i\000n\000e\000a\000l\000e\000s}{chapter.19}% 315
\BOOKMARK [2][-]{subsection.19.4.1}{\376\377\000I\000n\000t\000e\000r\000a\000c\000c\000i\000o\000n\000e\000s}{section.19.4}% 316
\BOOKMARK [2][-]{subsection.19.4.2}{\376\377\000E\000f\000e\000c\000t\000o\000s\000\040\000N\000o\000\040\000L\000i\000n\000e\000a\000l\000e\000s}{section.19.4}% 317
\BOOKMARK [1][-]{section.19.5}{\376\377\000S\000e\000l\000e\000c\000c\000i\000\363\000n\000\040\000d\000e\000\040\000V\000a\000r\000i\000a\000b\000l\000e\000s}{chapter.19}% 318
\BOOKMARK [2][-]{subsection.19.5.1}{\376\377\000R\000e\000g\000r\000e\000s\000i\000\363\000n\000\040\000H\000a\000c\000i\000a\000\040\000A\000t\000r\000\341\000s}{section.19.5}% 319
\BOOKMARK [2][-]{subsection.19.5.2}{\376\377\000R\000e\000g\000r\000e\000s\000i\000\363\000n\000\040\000H\000a\000c\000i\000a\000\040\000A\000d\000e\000l\000a\000n\000t\000e}{section.19.5}% 320
\BOOKMARK [2][-]{subsection.19.5.3}{\376\377\000C\000r\000i\000t\000e\000r\000i\000o\000s\000\040\000d\000e\000\040\000I\000n\000f\000o\000r\000m\000a\000c\000i\000\363\000n}{section.19.5}% 321
\BOOKMARK [1][-]{section.19.6}{\376\377\000E\000j\000e\000m\000p\000l\000o\000\040\000d\000e\000\040\000A\000n\000\341\000l\000i\000s\000i\000s\000\040\000M\000u\000l\000t\000i\000v\000a\000r\000i\000a\000d\000o}{chapter.19}% 322
\BOOKMARK [1][-]{section.19.7}{\376\377\000C\000o\000n\000c\000l\000u\000s\000i\000\363\000n}{chapter.19}% 323
\BOOKMARK [0][-]{chapter.20}{\376\377\000S\000u\000p\000e\000r\000v\000i\000v\000e\000n\000c\000i\000a\000\040\000e\000n\000\040\000D\000a\000t\000o\000s\000\040\000C\000o\000m\000p\000l\000i\000c\000a\000d\000o\000s}{part.1}% 324
\BOOKMARK [1][-]{section.20.1}{\376\377\000I\000n\000t\000r\000o\000d\000u\000c\000c\000i\000\363\000n}{chapter.20}% 325
\BOOKMARK [1][-]{section.20.2}{\376\377\000C\000e\000n\000s\000u\000r\000a\000\040\000p\000o\000r\000\040\000I\000n\000t\000e\000r\000v\000a\000l\000o}{chapter.20}% 326
\BOOKMARK [2][-]{subsection.20.2.1}{\376\377\000M\000o\000d\000e\000l\000o\000\040\000p\000a\000r\000a\000\040\000D\000a\000t\000o\000s\000\040\000C\000e\000n\000s\000u\000r\000a\000d\000o\000s\000\040\000p\000o\000r\000\040\000I\000n\000t\000e\000r\000v\000a\000l\000o}{section.20.2}% 327
\BOOKMARK [1][-]{section.20.3}{\376\377\000D\000a\000t\000o\000s\000\040\000T\000r\000u\000n\000c\000a\000d\000o\000s}{chapter.20}% 328
\BOOKMARK [2][-]{subsection.20.3.1}{\376\377\000M\000o\000d\000e\000l\000o\000\040\000p\000a\000r\000a\000\040\000D\000a\000t\000o\000s\000\040\000T\000r\000u\000n\000c\000a\000d\000o\000s}{section.20.3}% 329
\BOOKMARK [1][-]{section.20.4}{\376\377\000A\000n\000\341\000l\000i\000s\000i\000s\000\040\000d\000e\000\040\000C\000o\000m\000p\000e\000t\000i\000n\000g\000\040\000R\000i\000s\000k\000s}{chapter.20}% 330
\BOOKMARK [2][-]{subsection.20.4.1}{\376\377\000M\000o\000d\000e\000l\000o\000\040\000d\000e\000\040\000C\000o\000m\000p\000e\000t\000i\000n\000g\000\040\000R\000i\000s\000k\000s}{section.20.4}% 331
\BOOKMARK [1][-]{section.20.5}{\376\377\000M\000\351\000t\000o\000d\000o\000s\000\040\000d\000e\000\040\000I\000m\000p\000u\000t\000a\000c\000i\000\363\000n}{chapter.20}% 332
\BOOKMARK [2][-]{subsection.20.5.1}{\376\377\000I\000m\000p\000u\000t\000a\000c\000i\000\363\000n\000\040\000M\000\372\000l\000t\000i\000p\000l\000e}{section.20.5}% 333
\BOOKMARK [1][-]{section.20.6}{\376\377\000E\000j\000e\000m\000p\000l\000o\000\040\000d\000e\000\040\000A\000n\000\341\000l\000i\000s\000i\000s\000\040\000c\000o\000n\000\040\000D\000a\000t\000o\000s\000\040\000C\000o\000m\000p\000l\000i\000c\000a\000d\000o\000s}{chapter.20}% 334
\BOOKMARK [1][-]{section.20.7}{\376\377\000C\000o\000n\000c\000l\000u\000s\000i\000\363\000n}{chapter.20}% 335
\BOOKMARK [0][-]{chapter.21}{\376\377\000P\000r\000o\000y\000e\000c\000t\000o\000\040\000F\000i\000n\000a\000l\000\040\000y\000\040\000R\000e\000v\000i\000s\000i\000\363\000n}{part.1}% 336
\BOOKMARK [1][-]{section.21.1}{\376\377\000I\000n\000t\000r\000o\000d\000u\000c\000c\000i\000\363\000n}{chapter.21}% 337
\BOOKMARK [1][-]{section.21.2}{\376\377\000D\000e\000s\000a\000r\000r\000o\000l\000l\000o\000\040\000d\000e\000l\000\040\000P\000r\000o\000y\000e\000c\000t\000o}{chapter.21}% 338
\BOOKMARK [1][-]{section.21.3}{\376\377\000R\000e\000v\000i\000s\000i\000\363\000n\000\040\000d\000e\000\040\000C\000o\000n\000c\000e\000p\000t\000o\000s\000\040\000C\000l\000a\000v\000e}{chapter.21}% 339
\BOOKMARK [1][-]{section.21.4}{\376\377\000E\000j\000e\000m\000p\000l\000o\000\040\000d\000e\000\040\000P\000r\000o\000y\000e\000c\000t\000o\000\040\000F\000i\000n\000a\000l}{chapter.21}% 340
\BOOKMARK [2][-]{subsection.21.4.1}{\376\377\000D\000e\000f\000i\000n\000i\000c\000i\000\363\000n\000\040\000d\000e\000l\000\040\000P\000r\000o\000b\000l\000e\000m\000a}{section.21.4}% 341
\BOOKMARK [2][-]{subsection.21.4.2}{\376\377\000D\000e\000s\000c\000r\000i\000p\000c\000i\000\363\000n\000\040\000d\000e\000\040\000l\000o\000s\000\040\000D\000a\000t\000o\000s}{section.21.4}% 342
\BOOKMARK [2][-]{subsection.21.4.3}{\376\377\000A\000n\000\341\000l\000i\000s\000i\000s\000\040\000E\000x\000p\000l\000o\000r\000a\000t\000o\000r\000i\000o}{section.21.4}% 343
\BOOKMARK [2][-]{subsection.21.4.4}{\376\377\000A\000j\000u\000s\000t\000e\000\040\000d\000e\000l\000\040\000M\000o\000d\000e\000l\000o}{section.21.4}% 344
\BOOKMARK [2][-]{subsection.21.4.5}{\376\377\000D\000i\000a\000g\000n\000\363\000s\000t\000i\000c\000o\000\040\000d\000e\000l\000\040\000M\000o\000d\000e\000l\000o}{section.21.4}% 345
\BOOKMARK [2][-]{subsection.21.4.6}{\376\377\000I\000n\000t\000e\000r\000p\000r\000e\000t\000a\000c\000i\000\363\000n\000\040\000d\000e\000\040\000R\000e\000s\000u\000l\000t\000a\000d\000o\000s}{section.21.4}% 346
\BOOKMARK [2][-]{subsection.21.4.7}{\376\377\000C\000o\000n\000c\000l\000u\000s\000i\000o\000n\000e\000s}{section.21.4}% 347
\BOOKMARK [1][-]{section.21.5}{\376\377\000C\000o\000n\000c\000l\000u\000s\000i\000\363\000n}{chapter.21}% 348
