This is pdfTeX, Version 3.141592653-2.6-1.40.26 (TeX Live 2024) (preloaded format=pdflatex 2024.9.25)  26 SEP 2024 20:11
entering extended mode
 restricted \write18 enabled.
 %&-line parsing enabled.
**recuperado.tex
(./recuperado.tex
LaTeX2e <2023-11-01> patch level 1
L3 programming layer <2024-02-20>
(/usr/local/texlive/2024/texmf-dist/tex/latex/base/report.cls
Document Class: report 2023/05/17 v1.4n Standard LaTeX document class
(/usr/local/texlive/2024/texmf-dist/tex/latex/base/size10.clo
File: size10.clo 2023/05/17 v1.4n Standard LaTeX file (size option)
)
\c@part=\count188
\c@chapter=\count189
\c@section=\count190
\c@subsection=\count191
\c@subsubsection=\count192
\c@paragraph=\count193
\c@subparagraph=\count194
\c@figure=\count195
\c@table=\count196
\abovecaptionskip=\skip48
\belowcaptionskip=\skip49
\bibindent=\dimen140
)
(/usr/local/texlive/2024/texmf-dist/tex/latex/base/inputenc.sty
Package: inputenc 2021/02/14 v1.3d Input encoding file
\inpenc@prehook=\toks17
\inpenc@posthook=\toks18
)
(/usr/local/texlive/2024/texmf-dist/tex/latex/base/fontenc.sty
Package: fontenc 2021/04/29 v2.0v Standard LaTeX package
)
(/usr/local/texlive/2024/texmf-dist/tex/latex/amsmath/amsmath.sty
Package: amsmath 2023/05/13 v2.17o AMS math features
\@mathmargin=\skip50

For additional information on amsmath, use the `?' option.
(/usr/local/texlive/2024/texmf-dist/tex/latex/amsmath/amstext.sty
Package: amstext 2021/08/26 v2.01 AMS text

(/usr/local/texlive/2024/texmf-dist/tex/latex/amsmath/amsgen.sty
File: amsgen.sty 1999/11/30 v2.0 generic functions
\@emptytoks=\toks19
\ex@=\dimen141
))
(/usr/local/texlive/2024/texmf-dist/tex/latex/amsmath/amsbsy.sty
Package: amsbsy 1999/11/29 v1.2d Bold Symbols
\pmbraise@=\dimen142
)
(/usr/local/texlive/2024/texmf-dist/tex/latex/amsmath/amsopn.sty
Package: amsopn 2022/04/08 v2.04 operator names
)
\inf@bad=\count197
LaTeX Info: Redefining \frac on input line 234.
\uproot@=\count198
\leftroot@=\count199
LaTeX Info: Redefining \overline on input line 399.
LaTeX Info: Redefining \colon on input line 410.
\classnum@=\count266
\DOTSCASE@=\count267
LaTeX Info: Redefining \ldots on input line 496.
LaTeX Info: Redefining \dots on input line 499.
LaTeX Info: Redefining \cdots on input line 620.
\Mathstrutbox@=\box51
\strutbox@=\box52
LaTeX Info: Redefining \big on input line 722.
LaTeX Info: Redefining \Big on input line 723.
LaTeX Info: Redefining \bigg on input line 724.
LaTeX Info: Redefining \Bigg on input line 725.
\big@size=\dimen143
LaTeX Font Info:    Redeclaring font encoding OML on input line 743.
LaTeX Font Info:    Redeclaring font encoding OMS on input line 744.
\macc@depth=\count268
LaTeX Info: Redefining \bmod on input line 905.
LaTeX Info: Redefining \pmod on input line 910.
LaTeX Info: Redefining \smash on input line 940.
LaTeX Info: Redefining \relbar on input line 970.
LaTeX Info: Redefining \Relbar on input line 971.
\c@MaxMatrixCols=\count269
\dotsspace@=\muskip16
\c@parentequation=\count270
\dspbrk@lvl=\count271
\tag@help=\toks20
\row@=\count272
\column@=\count273
\maxfields@=\count274
\andhelp@=\toks21
\eqnshift@=\dimen144
\alignsep@=\dimen145
\tagshift@=\dimen146
\tagwidth@=\dimen147
\totwidth@=\dimen148
\lineht@=\dimen149
\@envbody=\toks22
\multlinegap=\skip51
\multlinetaggap=\skip52
\mathdisplay@stack=\toks23
LaTeX Info: Redefining \[ on input line 2953.
LaTeX Info: Redefining \] on input line 2954.
)
(/usr/local/texlive/2024/texmf-dist/tex/latex/amsfonts/amssymb.sty
Package: amssymb 2013/01/14 v3.01 AMS font symbols

(/usr/local/texlive/2024/texmf-dist/tex/latex/amsfonts/amsfonts.sty
Package: amsfonts 2013/01/14 v3.01 Basic AMSFonts support
\symAMSa=\mathgroup4
\symAMSb=\mathgroup5
LaTeX Font Info:    Redeclaring math symbol \hbar on input line 98.
LaTeX Font Info:    Overwriting math alphabet `\mathfrak' in version `bold'
(Font)                  U/euf/m/n --> U/euf/b/n on input line 106.
))
(/usr/local/texlive/2024/texmf-dist/tex/latex/geometry/geometry.sty
Package: geometry 2020/01/02 v5.9 Page Geometry

(/usr/local/texlive/2024/texmf-dist/tex/latex/graphics/keyval.sty
Package: keyval 2022/05/29 v1.15 key=value parser (DPC)
\KV@toks@=\toks24
)
(/usr/local/texlive/2024/texmf-dist/tex/generic/iftex/ifvtex.sty
Package: ifvtex 2019/10/25 v1.7 ifvtex legacy package. Use iftex instead.

(/usr/local/texlive/2024/texmf-dist/tex/generic/iftex/iftex.sty
Package: iftex 2022/02/03 v1.0f TeX engine tests
))
\Gm@cnth=\count275
\Gm@cntv=\count276
\c@Gm@tempcnt=\count277
\Gm@bindingoffset=\dimen150
\Gm@wd@mp=\dimen151
\Gm@odd@mp=\dimen152
\Gm@even@mp=\dimen153
\Gm@layoutwidth=\dimen154
\Gm@layoutheight=\dimen155
\Gm@layouthoffset=\dimen156
\Gm@layoutvoffset=\dimen157
\Gm@dimlist=\toks25
)
(/usr/local/texlive/2024/texmf-dist/tex/latex/hyperref/hyperref.sty
Package: hyperref 2024-01-20 v7.01h Hypertext links for LaTeX

(/usr/local/texlive/2024/texmf-dist/tex/latex/kvsetkeys/kvsetkeys.sty
Package: kvsetkeys 2022-10-05 v1.19 Key value parser (HO)
)
(/usr/local/texlive/2024/texmf-dist/tex/generic/kvdefinekeys/kvdefinekeys.sty
Package: kvdefinekeys 2019-12-19 v1.6 Define keys (HO)
)
(/usr/local/texlive/2024/texmf-dist/tex/generic/pdfescape/pdfescape.sty
Package: pdfescape 2019/12/09 v1.15 Implements pdfTeX's escape features (HO)

(/usr/local/texlive/2024/texmf-dist/tex/generic/ltxcmds/ltxcmds.sty
Package: ltxcmds 2023-12-04 v1.26 LaTeX kernel commands for general use (HO)
)
(/usr/local/texlive/2024/texmf-dist/tex/generic/pdftexcmds/pdftexcmds.sty
Package: pdftexcmds 2020-06-27 v0.33 Utility functions of pdfTeX for LuaTeX (HO
)

(/usr/local/texlive/2024/texmf-dist/tex/generic/infwarerr/infwarerr.sty
Package: infwarerr 2019/12/03 v1.5 Providing info/warning/error messages (HO)
)
Package pdftexcmds Info: \pdf@primitive is available.
Package pdftexcmds Info: \pdf@ifprimitive is available.
Package pdftexcmds Info: \pdfdraftmode found.
))
(/usr/local/texlive/2024/texmf-dist/tex/latex/hycolor/hycolor.sty
Package: hycolor 2020-01-27 v1.10 Color options for hyperref/bookmark (HO)
)
(/usr/local/texlive/2024/texmf-dist/tex/latex/auxhook/auxhook.sty
Package: auxhook 2019-12-17 v1.6 Hooks for auxiliary files (HO)
)
(/usr/local/texlive/2024/texmf-dist/tex/latex/hyperref/nameref.sty
Package: nameref 2023-11-26 v2.56 Cross-referencing by name of section

(/usr/local/texlive/2024/texmf-dist/tex/latex/refcount/refcount.sty
Package: refcount 2019/12/15 v3.6 Data extraction from label references (HO)
)
(/usr/local/texlive/2024/texmf-dist/tex/generic/gettitlestring/gettitlestring.s
ty
Package: gettitlestring 2019/12/15 v1.6 Cleanup title references (HO)
 (/usr/local/texlive/2024/texmf-dist/tex/latex/kvoptions/kvoptions.sty
Package: kvoptions 2022-06-15 v3.15 Key value format for package options (HO)
))
\c@section@level=\count278
)
(/usr/local/texlive/2024/texmf-dist/tex/latex/etoolbox/etoolbox.sty
Package: etoolbox 2020/10/05 v2.5k e-TeX tools for LaTeX (JAW)
\etb@tempcnta=\count279
)
\@linkdim=\dimen158
\Hy@linkcounter=\count280
\Hy@pagecounter=\count281

(/usr/local/texlive/2024/texmf-dist/tex/latex/hyperref/pd1enc.def
File: pd1enc.def 2024-01-20 v7.01h Hyperref: PDFDocEncoding definition (HO)
Now handling font encoding PD1 ...
... no UTF-8 mapping file for font encoding PD1
)
(/usr/local/texlive/2024/texmf-dist/tex/generic/intcalc/intcalc.sty
Package: intcalc 2019/12/15 v1.3 Expandable calculations with integers (HO)
)
\Hy@SavedSpaceFactor=\count282

(/usr/local/texlive/2024/texmf-dist/tex/latex/hyperref/puenc.def
File: puenc.def 2024-01-20 v7.01h Hyperref: PDF Unicode definition (HO)
Now handling font encoding PU ...
... no UTF-8 mapping file for font encoding PU
)
Package hyperref Info: Hyper figures OFF on input line 4179.
Package hyperref Info: Link nesting OFF on input line 4184.
Package hyperref Info: Hyper index ON on input line 4187.
Package hyperref Info: Plain pages OFF on input line 4194.
Package hyperref Info: Backreferencing OFF on input line 4199.
Package hyperref Info: Implicit mode ON; LaTeX internals redefined.
Package hyperref Info: Bookmarks ON on input line 4446.
\c@Hy@tempcnt=\count283

(/usr/local/texlive/2024/texmf-dist/tex/latex/url/url.sty
\Urlmuskip=\muskip17
Package: url 2013/09/16  ver 3.4  Verb mode for urls, etc.
)
LaTeX Info: Redefining \url on input line 4784.
\XeTeXLinkMargin=\dimen159

(/usr/local/texlive/2024/texmf-dist/tex/generic/bitset/bitset.sty
Package: bitset 2019/12/09 v1.3 Handle bit-vector datatype (HO)

(/usr/local/texlive/2024/texmf-dist/tex/generic/bigintcalc/bigintcalc.sty
Package: bigintcalc 2019/12/15 v1.5 Expandable calculations on big integers (HO
)
))
\Fld@menulength=\count284
\Field@Width=\dimen160
\Fld@charsize=\dimen161
Package hyperref Info: Hyper figures OFF on input line 6063.
Package hyperref Info: Link nesting OFF on input line 6068.
Package hyperref Info: Hyper index ON on input line 6071.
Package hyperref Info: backreferencing OFF on input line 6078.
Package hyperref Info: Link coloring OFF on input line 6083.
Package hyperref Info: Link coloring with OCG OFF on input line 6088.
Package hyperref Info: PDF/A mode OFF on input line 6093.

(/usr/local/texlive/2024/texmf-dist/tex/latex/base/atbegshi-ltx.sty
Package: atbegshi-ltx 2021/01/10 v1.0c Emulation of the original atbegshi
package with kernel methods
)
\Hy@abspage=\count285
\c@Item=\count286
\c@Hfootnote=\count287
)
Package hyperref Info: Driver (autodetected): hpdftex.

(/usr/local/texlive/2024/texmf-dist/tex/latex/hyperref/hpdftex.def
File: hpdftex.def 2024-01-20 v7.01h Hyperref driver for pdfTeX

(/usr/local/texlive/2024/texmf-dist/tex/latex/base/atveryend-ltx.sty
Package: atveryend-ltx 2020/08/19 v1.0a Emulation of the original atveryend pac
kage
with kernel methods
)
\Fld@listcount=\count288
\c@bookmark@seq@number=\count289

(/usr/local/texlive/2024/texmf-dist/tex/latex/rerunfilecheck/rerunfilecheck.sty
Package: rerunfilecheck 2022-07-10 v1.10 Rerun checks for auxiliary files (HO)

(/usr/local/texlive/2024/texmf-dist/tex/generic/uniquecounter/uniquecounter.sty
Package: uniquecounter 2019/12/15 v1.4 Provide unlimited unique counter (HO)
)
Package uniquecounter Info: New unique counter `rerunfilecheck' on input line 2
85.
)
\Hy@SectionHShift=\skip53
) (/usr/local/texlive/2024/texmf-dist/tex/latex/fancyhdr/fancyhdr.sty
Package: fancyhdr 2022/11/09 v4.1 Extensive control of page headers and footers

\f@nch@headwidth=\skip54
\f@nch@O@elh=\skip55
\f@nch@O@erh=\skip56
\f@nch@O@olh=\skip57
\f@nch@O@orh=\skip58
\f@nch@O@elf=\skip59
\f@nch@O@erf=\skip60
\f@nch@O@olf=\skip61
\f@nch@O@orf=\skip62
)
(/usr/local/texlive/2024/texmf-dist/tex/latex/titlesec/titlesec.sty
Package: titlesec 2023/10/27 v2.16 Sectioning titles
\ttl@box=\box53
\beforetitleunit=\skip63
\aftertitleunit=\skip64
\ttl@plus=\dimen162
\ttl@minus=\dimen163
\ttl@toksa=\toks26
\titlewidth=\dimen164
\titlewidthlast=\dimen165
\titlewidthfirst=\dimen166
)
(/usr/local/texlive/2024/texmf-dist/tex/generic/babel/babel.sty
Package: babel 2024/02/07 v24.2 The Babel package
\babel@savecnt=\count290
\U@D=\dimen167
\l@unhyphenated=\language89

(/usr/local/texlive/2024/texmf-dist/tex/generic/babel/txtbabel.def)
\bbl@readstream=\read2
\bbl@dirlevel=\count291

(/usr/local/texlive/2024/texmf-dist/tex/generic/babel-spanish/spanish.ldf
Language: spanish.ldf 2021/05/27 v5.0q Spanish support from the babel system
\es@quottoks=\toks27
\es@quotdepth=\count292
Package babel Info: Making " an active character on input line 570.
Package babel Info: Making . an active character on input line 675.
Package babel Info: Making < an active character on input line 722.
Package babel Info: Making > an active character on input line 722.
))
(/usr/local/texlive/2024/texmf-dist/tex/generic/babel/locale/es/babel-spanish.t
ex
Package babel Info: Importing font and identification data for spanish
(babel)             from babel-es.ini. Reported on input line 11.
) (/usr/local/texlive/2024/texmf-dist/tex/latex/listings/listings.sty
\lst@mode=\count293
\lst@gtempboxa=\box54
\lst@token=\toks28
\lst@length=\count294
\lst@currlwidth=\dimen168
\lst@column=\count295
\lst@pos=\count296
\lst@lostspace=\dimen169
\lst@width=\dimen170
\lst@newlines=\count297
\lst@lineno=\count298
\lst@maxwidth=\dimen171

(/usr/local/texlive/2024/texmf-dist/tex/latex/listings/lstpatch.sty
File: lstpatch.sty 2024/02/21 1.10 (Carsten Heinz)
)
(/usr/local/texlive/2024/texmf-dist/tex/latex/listings/lstmisc.sty
File: lstmisc.sty 2024/02/21 1.10 (Carsten Heinz)
\c@lstnumber=\count299
\lst@skipnumbers=\count300
\lst@framebox=\box55
)
(/usr/local/texlive/2024/texmf-dist/tex/latex/listings/listings.cfg
File: listings.cfg 2024/02/21 1.10 listings configuration
))
Package: listings 2024/02/21 1.10 (Carsten Heinz)

(/usr/local/texlive/2024/texmf-dist/tex/latex/graphics/graphicx.sty
Package: graphicx 2021/09/16 v1.2d Enhanced LaTeX Graphics (DPC,SPQR)

(/usr/local/texlive/2024/texmf-dist/tex/latex/graphics/graphics.sty
Package: graphics 2022/03/10 v1.4e Standard LaTeX Graphics (DPC,SPQR)

(/usr/local/texlive/2024/texmf-dist/tex/latex/graphics/trig.sty
Package: trig 2021/08/11 v1.11 sin cos tan (DPC)
)
(/usr/local/texlive/2024/texmf-dist/tex/latex/graphics-cfg/graphics.cfg
File: graphics.cfg 2016/06/04 v1.11 sample graphics configuration
)
Package graphics Info: Driver file: pdftex.def on input line 107.

(/usr/local/texlive/2024/texmf-dist/tex/latex/graphics-def/pdftex.def
File: pdftex.def 2022/09/22 v1.2b Graphics/color driver for pdftex
))
\Gin@req@height=\dimen172
\Gin@req@width=\dimen173
)
(/usr/local/texlive/2024/texmf-dist/tex/latex/listings/lstlang1.sty
File: lstlang1.sty 2024/02/21 1.10 listings language file
)
(/usr/local/texlive/2024/texmf-dist/tex/latex/listings/lstlang2.sty
File: lstlang2.sty 2024/02/21 1.10 listings language file
)
(/usr/local/texlive/2024/texmf-dist/tex/latex/listings/lstlang3.sty
File: lstlang3.sty 2024/02/21 1.10 listings language file
)
\c@Algthm=\count301
\c@Def=\count302
\c@Ejem=\count303
\c@Teo=\count304
\c@Dem=\count305
\c@Note=\count306
\c@Sol=\count307
\c@Prop=\count308
\c@Coro=\count309
\c@Lemma=\count310
\c@Sup=\count311
\c@Remark=\count312
\c@Condition=\count313
\c@Theorem=\count314
\c@Corollary=\count315
\c@Obs=\count316

(/usr/local/texlive/2024/texmf-dist/tex/latex/l3backend/l3backend-pdftex.def
File: l3backend-pdftex.def 2024-02-20 L3 backend support: PDF output (pdfTeX)
\l__color_backend_stack_int=\count317
\l__pdf_internal_box=\box56
)
(./recuperado.aux
LaTeX Info: Redefining \. on input line 11.
LaTeX Info: Redefining \% on input line 11.


LaTeX Warning: Label `Modelo.Regresion' multiply defined.


LaTeX Warning: Label `Modelo.Regresion.dos' multiply defined.


LaTeX Warning: Label `Modelo.Regresion' multiply defined.


LaTeX Warning: Label `Modelo.Regresion.dos' multiply defined.


LaTeX Warning: Label `Modelo.Regresion' multiply defined.


LaTeX Warning: Label `Modelo.Regresion.dos' multiply defined.


LaTeX Warning: Label `Ecs.Estimadores.Regresion' multiply defined.


LaTeX Warning: Label `Esperanza.Beta.1' multiply defined.


LaTeX Warning: Label `Varianza.Beta.1' multiply defined.


LaTeX Warning: Label `Estadistico.Beta.1' multiply defined.


LaTeX Warning: Label `Zona.Rechazo.Beta.1' multiply defined.


LaTeX Warning: Label `Estadistico.Beta.0' multiply defined.


LaTeX Warning: Label `Zona.Rechazo.Beta.0' multiply defined.


LaTeX Warning: Label `Suma.Total.Cuadrados' multiply defined.


LaTeX Warning: Label `Suma.Total.Cuadrados.Dos' multiply defined.


LaTeX Warning: Label `Estadistico.Beta.1.Cero' multiply defined.

)
\openout1 = `recuperado.aux'.

LaTeX Font Info:    Checking defaults for OML/cmm/m/it on input line 94.
LaTeX Font Info:    ... okay on input line 94.
LaTeX Font Info:    Checking defaults for OMS/cmsy/m/n on input line 94.
LaTeX Font Info:    ... okay on input line 94.
LaTeX Font Info:    Checking defaults for OT1/cmr/m/n on input line 94.
LaTeX Font Info:    ... okay on input line 94.
LaTeX Font Info:    Checking defaults for T1/cmr/m/n on input line 94.
LaTeX Font Info:    ... okay on input line 94.
LaTeX Font Info:    Checking defaults for TS1/cmr/m/n on input line 94.
LaTeX Font Info:    ... okay on input line 94.
LaTeX Font Info:    Checking defaults for OMX/cmex/m/n on input line 94.
LaTeX Font Info:    ... okay on input line 94.
LaTeX Font Info:    Checking defaults for U/cmr/m/n on input line 94.
LaTeX Font Info:    ... okay on input line 94.
LaTeX Font Info:    Checking defaults for PD1/pdf/m/n on input line 94.
LaTeX Font Info:    ... okay on input line 94.
LaTeX Font Info:    Checking defaults for PU/pdf/m/n on input line 94.
LaTeX Font Info:    ... okay on input line 94.

*geometry* driver: auto-detecting
*geometry* detected driver: pdftex
*geometry* verbose mode - [ preamble ] result:
* driver: pdftex
* paper: a4paper
* layout: <same size as paper>
* layoutoffset:(h,v)=(0.0pt,0.0pt)
* modes: 
* h-part:(L,W,R)=(71.13188pt, 455.24411pt, 71.13188pt)
* v-part:(T,H,B)=(85.35826pt, 674.33032pt, 85.35826pt)
* \paperwidth=597.50787pt
* \paperheight=845.04684pt
* \textwidth=455.24411pt
* \textheight=674.33032pt
* \oddsidemargin=-1.1381pt
* \evensidemargin=-1.1381pt
* \topmargin=-23.91173pt
* \headheight=12.0pt
* \headsep=25.0pt
* \topskip=10.0pt
* \footskip=30.0pt
* \marginparwidth=57.0pt
* \marginparsep=11.0pt
* \columnsep=10.0pt
* \skip\footins=9.0pt plus 4.0pt minus 2.0pt
* \hoffset=0.0pt
* \voffset=0.0pt
* \mag=1000
* \@twocolumnfalse
* \@twosidefalse
* \@mparswitchfalse
* \@reversemarginfalse
* (1in=72.27pt=25.4mm, 1cm=28.453pt)

Package hyperref Info: Link coloring OFF on input line 94.
(./recuperado.out) (./recuperado.out)
\@outlinefile=\write3
\openout3 = `recuperado.out'.

LaTeX Info: Redefining \. on input line 94.
LaTeX Info: Redefining \% on input line 94.
\c@lstlisting=\count318

(/usr/local/texlive/2024/texmf-dist/tex/context/base/mkii/supp-pdf.mkii
[Loading MPS to PDF converter (version 2006.09.02).]
\scratchcounter=\count319
\scratchdimen=\dimen174
\scratchbox=\box57
\nofMPsegments=\count320
\nofMParguments=\count321
\everyMPshowfont=\toks29
\MPscratchCnt=\count322
\MPscratchDim=\dimen175
\MPnumerator=\count323
\makeMPintoPDFobject=\count324
\everyMPtoPDFconversion=\toks30
) (/usr/local/texlive/2024/texmf-dist/tex/latex/epstopdf-pkg/epstopdf-base.sty
Package: epstopdf-base 2020-01-24 v2.11 Base part for package epstopdf
Package epstopdf-base Info: Redefining graphics rule for `.eps' on input line 4
85.

(/usr/local/texlive/2024/texmf-dist/tex/latex/latexconfig/epstopdf-sys.cfg
File: epstopdf-sys.cfg 2010/07/13 v1.3 Configuration of (r)epstopdf for TeX Liv
e
))
LaTeX Font Info:    Trying to load font information for U+msa on input line 97.


(/usr/local/texlive/2024/texmf-dist/tex/latex/amsfonts/umsa.fd
File: umsa.fd 2013/01/14 v3.01 AMS symbols A
)
LaTeX Font Info:    Trying to load font information for U+msb on input line 97.


(/usr/local/texlive/2024/texmf-dist/tex/latex/amsfonts/umsb.fd
File: umsb.fd 2013/01/14 v3.01 AMS symbols B
) [1

{/usr/local/texlive/2024/texmf-var/fonts/map/pdftex/updmap/pdftex.map}{/usr/loc
al/texlive/2024/texmf-dist/fonts/enc/dvips/cm-super/cm-super-t1.enc}] (./recupe
rado.toc
LaTeX Info: Redefining \. on input line 1.
LaTeX Info: Redefining \% on input line 1.

pdfTeX warning (ext4): destination with the same identifier (name{page.1}) has 
been already used, duplicate ignored
<to be read again> 
                   \relax 
l.45 ...{2}Regresi\'on Log\'istica}{38}{chapter.2}
                                                  % [1

]
LaTeX Info: Redefining \. on input line 101.
LaTeX Info: Redefining \% on input line 101.


Package fancyhdr Warning: \headheight is too small (12.0pt): 
(fancyhdr)                Make it at least 12.1638pt, for example:
(fancyhdr)                \setlength{\headheight}{12.1638pt}.
(fancyhdr)                You might also make \topmargin smaller to compensate:

(fancyhdr)                \addtolength{\topmargin}{-0.1638pt}.

LaTeX Info: Redefining \. on input line 101.
LaTeX Info: Redefining \% on input line 101.
[2]
LaTeX Info: Redefining \. on input line 154.
LaTeX Info: Redefining \% on input line 154.


Package fancyhdr Warning: \headheight is too small (12.0pt): 
(fancyhdr)                Make it at least 12.1638pt, for example:
(fancyhdr)                \setlength{\headheight}{12.1638pt}.
(fancyhdr)                You might also make \topmargin smaller to compensate:

(fancyhdr)                \addtolength{\topmargin}{-0.1638pt}.

LaTeX Info: Redefining \. on input line 154.
LaTeX Info: Redefining \% on input line 154.
[3]
LaTeX Info: Redefining \. on input line 207.
LaTeX Info: Redefining \% on input line 207.


Package fancyhdr Warning: \headheight is too small (12.0pt): 
(fancyhdr)                Make it at least 12.1638pt, for example:
(fancyhdr)                \setlength{\headheight}{12.1638pt}.
(fancyhdr)                You might also make \topmargin smaller to compensate:

(fancyhdr)                \addtolength{\topmargin}{-0.1638pt}.

LaTeX Info: Redefining \. on input line 207.
LaTeX Info: Redefining \% on input line 207.
[4]
Overfull \hbox (2.55492pt too wide) detected at line 229
\T1/cmr/m/n/10 12.10. 
 []

LaTeX Info: Redefining \. on input line 258.
LaTeX Info: Redefining \% on input line 258.

Package fancyhdr Warning: \headheight is too small (12.0pt): 
(fancyhdr)                Make it at least 12.1638pt, for example:
(fancyhdr)                \setlength{\headheight}{12.1638pt}.
(fancyhdr)                You might also make \topmargin smaller to compensate:

(fancyhdr)                \addtolength{\topmargin}{-0.1638pt}.

LaTeX Info: Redefining \. on input line 258.
LaTeX Info: Redefining \% on input line 258.
[5]
Overfull \hbox (2.55492pt too wide) detected at line 261
\T1/cmr/m/n/10 14.10. 
 []


Overfull \hbox (2.55492pt too wide) detected at line 262
\T1/cmr/m/n/10 14.11. 
 []

LaTeX Info: Redefining \. on input line 310.
LaTeX Info: Redefining \% on input line 310.

Package fancyhdr Warning: \headheight is too small (12.0pt): 
(fancyhdr)                Make it at least 12.1638pt, for example:
(fancyhdr)                \setlength{\headheight}{12.1638pt}.
(fancyhdr)                You might also make \topmargin smaller to compensate:

(fancyhdr)                \addtolength{\topmargin}{-0.1638pt}.

LaTeX Info: Redefining \. on input line 310.
LaTeX Info: Redefining \% on input line 310.
[6])
\tf@toc=\write4
\openout4 = `recuperado.toc'.

LaTeX Info: Redefining \. on input line 100.
LaTeX Info: Redefining \% on input line 100.


Package fancyhdr Warning: \headheight is too small (12.0pt): 
(fancyhdr)                Make it at least 12.1638pt, for example:
(fancyhdr)                \setlength{\headheight}{12.1638pt}.
(fancyhdr)                You might also make \topmargin smaller to compensate:

(fancyhdr)                \addtolength{\topmargin}{-0.1638pt}.

LaTeX Info: Redefining \. on input line 100.
LaTeX Info: Redefining \% on input line 100.
[7]
Cap\'{\i }tulo 1.
[8

]
LaTeX Info: Redefining \. on input line 128.
LaTeX Info: Redefining \% on input line 128.


Package fancyhdr Warning: \headheight is too small (12.0pt): 
(fancyhdr)                Make it at least 12.1638pt, for example:
(fancyhdr)                \setlength{\headheight}{12.1638pt}.
(fancyhdr)                You might also make \topmargin smaller to compensate:

(fancyhdr)                \addtolength{\topmargin}{-0.1638pt}.

LaTeX Info: Redefining \. on input line 128.
LaTeX Info: Redefining \% on input line 128.
[9]
LaTeX Info: Redefining \. on input line 164.
LaTeX Info: Redefining \% on input line 164.


Package fancyhdr Warning: \headheight is too small (12.0pt): 
(fancyhdr)                Make it at least 12.1638pt, for example:
(fancyhdr)                \setlength{\headheight}{12.1638pt}.
(fancyhdr)                You might also make \topmargin smaller to compensate:

(fancyhdr)                \addtolength{\topmargin}{-0.1638pt}.

LaTeX Info: Redefining \. on input line 164.
LaTeX Info: Redefining \% on input line 164.
[10]
LaTeX Info: Redefining \. on input line 196.
LaTeX Info: Redefining \% on input line 196.


Package fancyhdr Warning: \headheight is too small (12.0pt): 
(fancyhdr)                Make it at least 12.1638pt, for example:
(fancyhdr)                \setlength{\headheight}{12.1638pt}.
(fancyhdr)                You might also make \topmargin smaller to compensate:

(fancyhdr)                \addtolength{\topmargin}{-0.1638pt}.

LaTeX Info: Redefining \. on input line 196.
LaTeX Info: Redefining \% on input line 196.
[11]
LaTeX Info: Redefining \. on input line 249.
LaTeX Info: Redefining \% on input line 249.


Package fancyhdr Warning: \headheight is too small (12.0pt): 
(fancyhdr)                Make it at least 12.1638pt, for example:
(fancyhdr)                \setlength{\headheight}{12.1638pt}.
(fancyhdr)                You might also make \topmargin smaller to compensate:

(fancyhdr)                \addtolength{\topmargin}{-0.1638pt}.

LaTeX Info: Redefining \. on input line 249.
LaTeX Info: Redefining \% on input line 249.
[12{/usr/local/texlive/2024/texmf-dist/fonts/enc/dvips/cm-super/cm-super-ts1.en
c}]
LaTeX Info: Redefining \. on input line 272.
LaTeX Info: Redefining \% on input line 272.


Package fancyhdr Warning: \headheight is too small (12.0pt): 
(fancyhdr)                Make it at least 12.1638pt, for example:
(fancyhdr)                \setlength{\headheight}{12.1638pt}.
(fancyhdr)                You might also make \topmargin smaller to compensate:

(fancyhdr)                \addtolength{\topmargin}{-0.1638pt}.

LaTeX Info: Redefining \. on input line 272.
LaTeX Info: Redefining \% on input line 272.
[13]
LaTeX Info: Redefining \. on input line 306.
LaTeX Info: Redefining \% on input line 306.


Package fancyhdr Warning: \headheight is too small (12.0pt): 
(fancyhdr)                Make it at least 12.1638pt, for example:
(fancyhdr)                \setlength{\headheight}{12.1638pt}.
(fancyhdr)                You might also make \topmargin smaller to compensate:

(fancyhdr)                \addtolength{\topmargin}{-0.1638pt}.

LaTeX Info: Redefining \. on input line 306.
LaTeX Info: Redefining \% on input line 306.
[14]
LaTeX Info: Redefining \. on input line 329.
LaTeX Info: Redefining \% on input line 329.


Package fancyhdr Warning: \headheight is too small (12.0pt): 
(fancyhdr)                Make it at least 12.1638pt, for example:
(fancyhdr)                \setlength{\headheight}{12.1638pt}.
(fancyhdr)                You might also make \topmargin smaller to compensate:

(fancyhdr)                \addtolength{\topmargin}{-0.1638pt}.

LaTeX Info: Redefining \. on input line 329.
LaTeX Info: Redefining \% on input line 329.
[15]
LaTeX Info: Redefining \. on input line 374.
LaTeX Info: Redefining \% on input line 374.


Package fancyhdr Warning: \headheight is too small (12.0pt): 
(fancyhdr)                Make it at least 12.1638pt, for example:
(fancyhdr)                \setlength{\headheight}{12.1638pt}.
(fancyhdr)                You might also make \topmargin smaller to compensate:

(fancyhdr)                \addtolength{\topmargin}{-0.1638pt}.

LaTeX Info: Redefining \. on input line 374.
LaTeX Info: Redefining \% on input line 374.
[16]
LaTeX Info: Redefining \. on input line 440.
LaTeX Info: Redefining \% on input line 440.


Package fancyhdr Warning: \headheight is too small (12.0pt): 
(fancyhdr)                Make it at least 12.1638pt, for example:
(fancyhdr)                \setlength{\headheight}{12.1638pt}.
(fancyhdr)                You might also make \topmargin smaller to compensate:

(fancyhdr)                \addtolength{\topmargin}{-0.1638pt}.

LaTeX Info: Redefining \. on input line 440.
LaTeX Info: Redefining \% on input line 440.
[17]
LaTeX Info: Redefining \. on input line 481.
LaTeX Info: Redefining \% on input line 481.


Package fancyhdr Warning: \headheight is too small (12.0pt): 
(fancyhdr)                Make it at least 12.1638pt, for example:
(fancyhdr)                \setlength{\headheight}{12.1638pt}.
(fancyhdr)                You might also make \topmargin smaller to compensate:

(fancyhdr)                \addtolength{\topmargin}{-0.1638pt}.

LaTeX Info: Redefining \. on input line 481.
LaTeX Info: Redefining \% on input line 481.
[18]
LaTeX Info: Redefining \. on input line 533.
LaTeX Info: Redefining \% on input line 533.


Package fancyhdr Warning: \headheight is too small (12.0pt): 
(fancyhdr)                Make it at least 12.1638pt, for example:
(fancyhdr)                \setlength{\headheight}{12.1638pt}.
(fancyhdr)                You might also make \topmargin smaller to compensate:

(fancyhdr)                \addtolength{\topmargin}{-0.1638pt}.

LaTeX Info: Redefining \. on input line 533.
LaTeX Info: Redefining \% on input line 533.
[19]
LaTeX Info: Redefining \. on input line 592.
LaTeX Info: Redefining \% on input line 592.


Package fancyhdr Warning: \headheight is too small (12.0pt): 
(fancyhdr)                Make it at least 12.1638pt, for example:
(fancyhdr)                \setlength{\headheight}{12.1638pt}.
(fancyhdr)                You might also make \topmargin smaller to compensate:

(fancyhdr)                \addtolength{\topmargin}{-0.1638pt}.

LaTeX Info: Redefining \. on input line 592.
LaTeX Info: Redefining \% on input line 592.
[20]
LaTeX Info: Redefining \. on input line 656.
LaTeX Info: Redefining \% on input line 656.


Package fancyhdr Warning: \headheight is too small (12.0pt): 
(fancyhdr)                Make it at least 12.1638pt, for example:
(fancyhdr)                \setlength{\headheight}{12.1638pt}.
(fancyhdr)                You might also make \topmargin smaller to compensate:

(fancyhdr)                \addtolength{\topmargin}{-0.1638pt}.

LaTeX Info: Redefining \. on input line 656.
LaTeX Info: Redefining \% on input line 656.
[21]
LaTeX Info: Redefining \. on input line 727.
LaTeX Info: Redefining \% on input line 727.


Package fancyhdr Warning: \headheight is too small (12.0pt): 
(fancyhdr)                Make it at least 12.1638pt, for example:
(fancyhdr)                \setlength{\headheight}{12.1638pt}.
(fancyhdr)                You might also make \topmargin smaller to compensate:

(fancyhdr)                \addtolength{\topmargin}{-0.1638pt}.

LaTeX Info: Redefining \. on input line 727.
LaTeX Info: Redefining \% on input line 727.
[22]
LaTeX Info: Redefining \. on input line 808.
LaTeX Info: Redefining \% on input line 808.


Package fancyhdr Warning: \headheight is too small (12.0pt): 
(fancyhdr)                Make it at least 12.1638pt, for example:
(fancyhdr)                \setlength{\headheight}{12.1638pt}.
(fancyhdr)                You might also make \topmargin smaller to compensate:

(fancyhdr)                \addtolength{\topmargin}{-0.1638pt}.

LaTeX Info: Redefining \. on input line 808.
LaTeX Info: Redefining \% on input line 808.
[23]
Overfull \hbox (11.553pt too wide) in alignment at lines 852--855
 [][][] []
 []

LaTeX Info: Redefining \. on input line 858.
LaTeX Info: Redefining \% on input line 858.

Package fancyhdr Warning: \headheight is too small (12.0pt): 
(fancyhdr)                Make it at least 12.1638pt, for example:
(fancyhdr)                \setlength{\headheight}{12.1638pt}.
(fancyhdr)                You might also make \topmargin smaller to compensate:

(fancyhdr)                \addtolength{\topmargin}{-0.1638pt}.

LaTeX Info: Redefining \. on input line 858.
LaTeX Info: Redefining \% on input line 858.
[24]
LaTeX Info: Redefining \. on input line 903.
LaTeX Info: Redefining \% on input line 903.


Package fancyhdr Warning: \headheight is too small (12.0pt): 
(fancyhdr)                Make it at least 12.1638pt, for example:
(fancyhdr)                \setlength{\headheight}{12.1638pt}.
(fancyhdr)                You might also make \topmargin smaller to compensate:

(fancyhdr)                \addtolength{\topmargin}{-0.1638pt}.

LaTeX Info: Redefining \. on input line 903.
LaTeX Info: Redefining \% on input line 903.
[25]
LaTeX Info: Redefining \. on input line 939.
LaTeX Info: Redefining \% on input line 939.


Package fancyhdr Warning: \headheight is too small (12.0pt): 
(fancyhdr)                Make it at least 12.1638pt, for example:
(fancyhdr)                \setlength{\headheight}{12.1638pt}.
(fancyhdr)                You might also make \topmargin smaller to compensate:

(fancyhdr)                \addtolength{\topmargin}{-0.1638pt}.

LaTeX Info: Redefining \. on input line 939.
LaTeX Info: Redefining \% on input line 939.
[26]
LaTeX Info: Redefining \. on input line 993.
LaTeX Info: Redefining \% on input line 993.


Package fancyhdr Warning: \headheight is too small (12.0pt): 
(fancyhdr)                Make it at least 12.1638pt, for example:
(fancyhdr)                \setlength{\headheight}{12.1638pt}.
(fancyhdr)                You might also make \topmargin smaller to compensate:

(fancyhdr)                \addtolength{\topmargin}{-0.1638pt}.

LaTeX Info: Redefining \. on input line 993.
LaTeX Info: Redefining \% on input line 993.
[27]
LaTeX Info: Redefining \. on input line 1048.
LaTeX Info: Redefining \% on input line 1048.


Package fancyhdr Warning: \headheight is too small (12.0pt): 
(fancyhdr)                Make it at least 12.1638pt, for example:
(fancyhdr)                \setlength{\headheight}{12.1638pt}.
(fancyhdr)                You might also make \topmargin smaller to compensate:

(fancyhdr)                \addtolength{\topmargin}{-0.1638pt}.

LaTeX Info: Redefining \. on input line 1048.
LaTeX Info: Redefining \% on input line 1048.
[28]
LaTeX Info: Redefining \. on input line 1121.
LaTeX Info: Redefining \% on input line 1121.


Package fancyhdr Warning: \headheight is too small (12.0pt): 
(fancyhdr)                Make it at least 12.1638pt, for example:
(fancyhdr)                \setlength{\headheight}{12.1638pt}.
(fancyhdr)                You might also make \topmargin smaller to compensate:

(fancyhdr)                \addtolength{\topmargin}{-0.1638pt}.

LaTeX Info: Redefining \. on input line 1121.
LaTeX Info: Redefining \% on input line 1121.
[29]
LaTeX Info: Redefining \. on input line 1190.
LaTeX Info: Redefining \% on input line 1190.


Package fancyhdr Warning: \headheight is too small (12.0pt): 
(fancyhdr)                Make it at least 12.1638pt, for example:
(fancyhdr)                \setlength{\headheight}{12.1638pt}.
(fancyhdr)                You might also make \topmargin smaller to compensate:

(fancyhdr)                \addtolength{\topmargin}{-0.1638pt}.

LaTeX Info: Redefining \. on input line 1190.
LaTeX Info: Redefining \% on input line 1190.
[30]
LaTeX Info: Redefining \. on input line 1261.
LaTeX Info: Redefining \% on input line 1261.


Package fancyhdr Warning: \headheight is too small (12.0pt): 
(fancyhdr)                Make it at least 12.1638pt, for example:
(fancyhdr)                \setlength{\headheight}{12.1638pt}.
(fancyhdr)                You might also make \topmargin smaller to compensate:

(fancyhdr)                \addtolength{\topmargin}{-0.1638pt}.

LaTeX Info: Redefining \. on input line 1261.
LaTeX Info: Redefining \% on input line 1261.
[31]
LaTeX Info: Redefining \. on input line 1343.
LaTeX Info: Redefining \% on input line 1343.


Package fancyhdr Warning: \headheight is too small (12.0pt): 
(fancyhdr)                Make it at least 12.1638pt, for example:
(fancyhdr)                \setlength{\headheight}{12.1638pt}.
(fancyhdr)                You might also make \topmargin smaller to compensate:

(fancyhdr)                \addtolength{\topmargin}{-0.1638pt}.

LaTeX Info: Redefining \. on input line 1343.
LaTeX Info: Redefining \% on input line 1343.
[32]
LaTeX Info: Redefining \. on input line 1407.
LaTeX Info: Redefining \% on input line 1407.


Package fancyhdr Warning: \headheight is too small (12.0pt): 
(fancyhdr)                Make it at least 12.1638pt, for example:
(fancyhdr)                \setlength{\headheight}{12.1638pt}.
(fancyhdr)                You might also make \topmargin smaller to compensate:

(fancyhdr)                \addtolength{\topmargin}{-0.1638pt}.

LaTeX Info: Redefining \. on input line 1407.
LaTeX Info: Redefining \% on input line 1407.
[33]

Package hyperref Warning: Token not allowed in a PDF string (Unicode):
(hyperref)                removing `math shift' on input line 1412.


Package hyperref Warning: Token not allowed in a PDF string (Unicode):
(hyperref)                removing `subscript' on input line 1412.


Package hyperref Warning: Token not allowed in a PDF string (Unicode):
(hyperref)                removing `math shift' on input line 1412.


Package hyperref Warning: Token not allowed in a PDF string (Unicode):
(hyperref)                removing `math shift' on input line 1412.


Package hyperref Warning: Token not allowed in a PDF string (Unicode):
(hyperref)                removing `subscript' on input line 1412.


Package hyperref Warning: Token not allowed in a PDF string (Unicode):
(hyperref)                removing `math shift' on input line 1412.

LaTeX Info: Redefining \. on input line 1470.
LaTeX Info: Redefining \% on input line 1470.

Package fancyhdr Warning: \headheight is too small (12.0pt): 
(fancyhdr)                Make it at least 12.1638pt, for example:
(fancyhdr)                \setlength{\headheight}{12.1638pt}.
(fancyhdr)                You might also make \topmargin smaller to compensate:

(fancyhdr)                \addtolength{\topmargin}{-0.1638pt}.

LaTeX Info: Redefining \. on input line 1470.
LaTeX Info: Redefining \% on input line 1470.
[34]
LaTeX Info: Redefining \. on input line 1550.
LaTeX Info: Redefining \% on input line 1550.


Package fancyhdr Warning: \headheight is too small (12.0pt): 
(fancyhdr)                Make it at least 12.1638pt, for example:
(fancyhdr)                \setlength{\headheight}{12.1638pt}.
(fancyhdr)                You might also make \topmargin smaller to compensate:

(fancyhdr)                \addtolength{\topmargin}{-0.1638pt}.

LaTeX Info: Redefining \. on input line 1550.
LaTeX Info: Redefining \% on input line 1550.
[35]
LaTeX Info: Redefining \. on input line 1604.
LaTeX Info: Redefining \% on input line 1604.


Package fancyhdr Warning: \headheight is too small (12.0pt): 
(fancyhdr)                Make it at least 12.1638pt, for example:
(fancyhdr)                \setlength{\headheight}{12.1638pt}.
(fancyhdr)                You might also make \topmargin smaller to compensate:

(fancyhdr)                \addtolength{\topmargin}{-0.1638pt}.

LaTeX Info: Redefining \. on input line 1604.
LaTeX Info: Redefining \% on input line 1604.
[36]
LaTeX Info: Redefining \. on input line 1688.
LaTeX Info: Redefining \% on input line 1688.


Package fancyhdr Warning: \headheight is too small (12.0pt): 
(fancyhdr)                Make it at least 12.1638pt, for example:
(fancyhdr)                \setlength{\headheight}{12.1638pt}.
(fancyhdr)                You might also make \topmargin smaller to compensate:

(fancyhdr)                \addtolength{\topmargin}{-0.1638pt}.

LaTeX Info: Redefining \. on input line 1688.
LaTeX Info: Redefining \% on input line 1688.
[37]
LaTeX Info: Redefining \. on input line 1781.
LaTeX Info: Redefining \% on input line 1781.


Package fancyhdr Warning: \headheight is too small (12.0pt): 
(fancyhdr)                Make it at least 12.1638pt, for example:
(fancyhdr)                \setlength{\headheight}{12.1638pt}.
(fancyhdr)                You might also make \topmargin smaller to compensate:

(fancyhdr)                \addtolength{\topmargin}{-0.1638pt}.

LaTeX Info: Redefining \. on input line 1781.
LaTeX Info: Redefining \% on input line 1781.
[38]

Package hyperref Warning: Token not allowed in a PDF string (Unicode):
(hyperref)                removing `math shift' on input line 1825.


Package hyperref Warning: Token not allowed in a PDF string (Unicode):
(hyperref)                removing `subscript' on input line 1825.


Package hyperref Warning: Token not allowed in a PDF string (Unicode):
(hyperref)                removing `math shift' on input line 1825.


Package hyperref Warning: Token not allowed in a PDF string (Unicode):
(hyperref)                removing `math shift' on input line 1825.


Package hyperref Warning: Token not allowed in a PDF string (Unicode):
(hyperref)                removing `subscript' on input line 1825.


Package hyperref Warning: Token not allowed in a PDF string (Unicode):
(hyperref)                removing `math shift' on input line 1825.

LaTeX Info: Redefining \. on input line 1856.
LaTeX Info: Redefining \% on input line 1856.

Package fancyhdr Warning: \headheight is too small (12.0pt): 
(fancyhdr)                Make it at least 12.1638pt, for example:
(fancyhdr)                \setlength{\headheight}{12.1638pt}.
(fancyhdr)                You might also make \topmargin smaller to compensate:

(fancyhdr)                \addtolength{\topmargin}{-0.1638pt}.

LaTeX Info: Redefining \. on input line 1856.
LaTeX Info: Redefining \% on input line 1856.
[39]
LaTeX Info: Redefining \. on input line 1965.
LaTeX Info: Redefining \% on input line 1965.


Package fancyhdr Warning: \headheight is too small (12.0pt): 
(fancyhdr)                Make it at least 12.1638pt, for example:
(fancyhdr)                \setlength{\headheight}{12.1638pt}.
(fancyhdr)                You might also make \topmargin smaller to compensate:

(fancyhdr)                \addtolength{\topmargin}{-0.1638pt}.

LaTeX Info: Redefining \. on input line 1965.
LaTeX Info: Redefining \% on input line 1965.
[40]
LaTeX Info: Redefining \. on input line 2025.
LaTeX Info: Redefining \% on input line 2025.


Package fancyhdr Warning: \headheight is too small (12.0pt): 
(fancyhdr)                Make it at least 12.1638pt, for example:
(fancyhdr)                \setlength{\headheight}{12.1638pt}.
(fancyhdr)                You might also make \topmargin smaller to compensate:

(fancyhdr)                \addtolength{\topmargin}{-0.1638pt}.

LaTeX Info: Redefining \. on input line 2025.
LaTeX Info: Redefining \% on input line 2025.
[41]
LaTeX Info: Redefining \. on input line 2122.
LaTeX Info: Redefining \% on input line 2122.


Package fancyhdr Warning: \headheight is too small (12.0pt): 
(fancyhdr)                Make it at least 12.1638pt, for example:
(fancyhdr)                \setlength{\headheight}{12.1638pt}.
(fancyhdr)                You might also make \topmargin smaller to compensate:

(fancyhdr)                \addtolength{\topmargin}{-0.1638pt}.

LaTeX Info: Redefining \. on input line 2122.
LaTeX Info: Redefining \% on input line 2122.
[42]
Underfull \hbox (badness 10000) in paragraph at lines 2134--2135

 []

LaTeX Info: Redefining \. on input line 2190.
LaTeX Info: Redefining \% on input line 2190.

Package fancyhdr Warning: \headheight is too small (12.0pt): 
(fancyhdr)                Make it at least 12.1638pt, for example:
(fancyhdr)                \setlength{\headheight}{12.1638pt}.
(fancyhdr)                You might also make \topmargin smaller to compensate:

(fancyhdr)                \addtolength{\topmargin}{-0.1638pt}.

LaTeX Info: Redefining \. on input line 2190.
LaTeX Info: Redefining \% on input line 2190.
[43]
LaTeX Info: Redefining \. on input line 2198.
LaTeX Info: Redefining \% on input line 2198.


Package fancyhdr Warning: \headheight is too small (12.0pt): 
(fancyhdr)                Make it at least 12.1638pt, for example:
(fancyhdr)                \setlength{\headheight}{12.1638pt}.
(fancyhdr)                You might also make \topmargin smaller to compensate:

(fancyhdr)                \addtolength{\topmargin}{-0.1638pt}.

LaTeX Info: Redefining \. on input line 2198.
LaTeX Info: Redefining \% on input line 2198.
[44]
Cap\'{\i }tulo 2.
LaTeX Font Info:    Trying to load font information for T1+cmtt on input line 2
240.
(/usr/local/texlive/2024/texmf-dist/tex/latex/base/t1cmtt.fd
File: t1cmtt.fd 2023/04/13 v2.5m Standard LaTeX font definitions
) [45

]
LaTeX Info: Redefining \. on input line 2296.
LaTeX Info: Redefining \% on input line 2296.


Package fancyhdr Warning: \headheight is too small (12.0pt): 
(fancyhdr)                Make it at least 12.1638pt, for example:
(fancyhdr)                \setlength{\headheight}{12.1638pt}.
(fancyhdr)                You might also make \topmargin smaller to compensate:

(fancyhdr)                \addtolength{\topmargin}{-0.1638pt}.

LaTeX Info: Redefining \. on input line 2296.
LaTeX Info: Redefining \% on input line 2296.
[46]
LaTeX Info: Redefining \. on input line 2353.
LaTeX Info: Redefining \% on input line 2353.


Package fancyhdr Warning: \headheight is too small (12.0pt): 
(fancyhdr)                Make it at least 12.1638pt, for example:
(fancyhdr)                \setlength{\headheight}{12.1638pt}.
(fancyhdr)                You might also make \topmargin smaller to compensate:

(fancyhdr)                \addtolength{\topmargin}{-0.1638pt}.

LaTeX Info: Redefining \. on input line 2353.
LaTeX Info: Redefining \% on input line 2353.
[47]
Overfull \hbox (28.32477pt too wide) in alignment at lines 2399--2402
 [][][] []
 []

LaTeX Info: Redefining \. on input line 2428.
LaTeX Info: Redefining \% on input line 2428.

Package fancyhdr Warning: \headheight is too small (12.0pt): 
(fancyhdr)                Make it at least 12.1638pt, for example:
(fancyhdr)                \setlength{\headheight}{12.1638pt}.
(fancyhdr)                You might also make \topmargin smaller to compensate:

(fancyhdr)                \addtolength{\topmargin}{-0.1638pt}.

LaTeX Info: Redefining \. on input line 2428.
LaTeX Info: Redefining \% on input line 2428.
[48]
LaTeX Info: Redefining \. on input line 2493.
LaTeX Info: Redefining \% on input line 2493.


Package fancyhdr Warning: \headheight is too small (12.0pt): 
(fancyhdr)                Make it at least 12.1638pt, for example:
(fancyhdr)                \setlength{\headheight}{12.1638pt}.
(fancyhdr)                You might also make \topmargin smaller to compensate:

(fancyhdr)                \addtolength{\topmargin}{-0.1638pt}.

LaTeX Info: Redefining \. on input line 2493.
LaTeX Info: Redefining \% on input line 2493.
[49]
LaTeX Info: Redefining \. on input line 2547.
LaTeX Info: Redefining \% on input line 2547.


Package fancyhdr Warning: \headheight is too small (12.0pt): 
(fancyhdr)                Make it at least 12.1638pt, for example:
(fancyhdr)                \setlength{\headheight}{12.1638pt}.
(fancyhdr)                You might also make \topmargin smaller to compensate:

(fancyhdr)                \addtolength{\topmargin}{-0.1638pt}.

LaTeX Info: Redefining \. on input line 2547.
LaTeX Info: Redefining \% on input line 2547.
[50]
LaTeX Info: Redefining \. on input line 2614.
LaTeX Info: Redefining \% on input line 2614.


Package fancyhdr Warning: \headheight is too small (12.0pt): 
(fancyhdr)                Make it at least 12.1638pt, for example:
(fancyhdr)                \setlength{\headheight}{12.1638pt}.
(fancyhdr)                You might also make \topmargin smaller to compensate:

(fancyhdr)                \addtolength{\topmargin}{-0.1638pt}.

LaTeX Info: Redefining \. on input line 2614.
LaTeX Info: Redefining \% on input line 2614.
[51]
LaTeX Info: Redefining \. on input line 2657.
LaTeX Info: Redefining \% on input line 2657.


Package fancyhdr Warning: \headheight is too small (12.0pt): 
(fancyhdr)                Make it at least 12.1638pt, for example:
(fancyhdr)                \setlength{\headheight}{12.1638pt}.
(fancyhdr)                You might also make \topmargin smaller to compensate:

(fancyhdr)                \addtolength{\topmargin}{-0.1638pt}.

LaTeX Info: Redefining \. on input line 2657.
LaTeX Info: Redefining \% on input line 2657.
[52]
Cap\'{\i }tulo 3.
[53

]
LaTeX Info: Redefining \. on input line 2753.
LaTeX Info: Redefining \% on input line 2753.


Package fancyhdr Warning: \headheight is too small (12.0pt): 
(fancyhdr)                Make it at least 12.1638pt, for example:
(fancyhdr)                \setlength{\headheight}{12.1638pt}.
(fancyhdr)                You might also make \topmargin smaller to compensate:

(fancyhdr)                \addtolength{\topmargin}{-0.1638pt}.

LaTeX Info: Redefining \. on input line 2753.
LaTeX Info: Redefining \% on input line 2753.
[54]
LaTeX Info: Redefining \. on input line 2820.
LaTeX Info: Redefining \% on input line 2820.


Package fancyhdr Warning: \headheight is too small (12.0pt): 
(fancyhdr)                Make it at least 12.1638pt, for example:
(fancyhdr)                \setlength{\headheight}{12.1638pt}.
(fancyhdr)                You might also make \topmargin smaller to compensate:

(fancyhdr)                \addtolength{\topmargin}{-0.1638pt}.

LaTeX Info: Redefining \. on input line 2820.
LaTeX Info: Redefining \% on input line 2820.
[55]
LaTeX Info: Redefining \. on input line 2875.
LaTeX Info: Redefining \% on input line 2875.


Package fancyhdr Warning: \headheight is too small (12.0pt): 
(fancyhdr)                Make it at least 12.1638pt, for example:
(fancyhdr)                \setlength{\headheight}{12.1638pt}.
(fancyhdr)                You might also make \topmargin smaller to compensate:

(fancyhdr)                \addtolength{\topmargin}{-0.1638pt}.

LaTeX Info: Redefining \. on input line 2875.
LaTeX Info: Redefining \% on input line 2875.
[56]
LaTeX Info: Redefining \. on input line 2934.
LaTeX Info: Redefining \% on input line 2934.


Package fancyhdr Warning: \headheight is too small (12.0pt): 
(fancyhdr)                Make it at least 12.1638pt, for example:
(fancyhdr)                \setlength{\headheight}{12.1638pt}.
(fancyhdr)                You might also make \topmargin smaller to compensate:

(fancyhdr)                \addtolength{\topmargin}{-0.1638pt}.

LaTeX Info: Redefining \. on input line 2934.
LaTeX Info: Redefining \% on input line 2934.
[57]
LaTeX Info: Redefining \. on input line 2981.
LaTeX Info: Redefining \% on input line 2981.


Package fancyhdr Warning: \headheight is too small (12.0pt): 
(fancyhdr)                Make it at least 12.1638pt, for example:
(fancyhdr)                \setlength{\headheight}{12.1638pt}.
(fancyhdr)                You might also make \topmargin smaller to compensate:

(fancyhdr)                \addtolength{\topmargin}{-0.1638pt}.

LaTeX Info: Redefining \. on input line 2981.
LaTeX Info: Redefining \% on input line 2981.
[58]
Cap\'{\i }tulo 4.
[59

]
LaTeX Info: Redefining \. on input line 3071.
LaTeX Info: Redefining \% on input line 3071.


Package fancyhdr Warning: \headheight is too small (12.0pt): 
(fancyhdr)                Make it at least 12.1638pt, for example:
(fancyhdr)                \setlength{\headheight}{12.1638pt}.
(fancyhdr)                You might also make \topmargin smaller to compensate:

(fancyhdr)                \addtolength{\topmargin}{-0.1638pt}.

LaTeX Info: Redefining \. on input line 3071.
LaTeX Info: Redefining \% on input line 3071.
[60]
LaTeX Info: Redefining \. on input line 3081.
LaTeX Info: Redefining \% on input line 3081.


Package fancyhdr Warning: \headheight is too small (12.0pt): 
(fancyhdr)                Make it at least 12.1638pt, for example:
(fancyhdr)                \setlength{\headheight}{12.1638pt}.
(fancyhdr)                You might also make \topmargin smaller to compensate:

(fancyhdr)                \addtolength{\topmargin}{-0.1638pt}.

LaTeX Info: Redefining \. on input line 3081.
LaTeX Info: Redefining \% on input line 3081.
[61]
Cap\'{\i }tulo 5.
[62

]
LaTeX Info: Redefining \. on input line 3175.
LaTeX Info: Redefining \% on input line 3175.


Package fancyhdr Warning: \headheight is too small (12.0pt): 
(fancyhdr)                Make it at least 12.1638pt, for example:
(fancyhdr)                \setlength{\headheight}{12.1638pt}.
(fancyhdr)                You might also make \topmargin smaller to compensate:

(fancyhdr)                \addtolength{\topmargin}{-0.1638pt}.

LaTeX Info: Redefining \. on input line 3175.
LaTeX Info: Redefining \% on input line 3175.
[63]
LaTeX Info: Redefining \. on input line 3243.
LaTeX Info: Redefining \% on input line 3243.


Package fancyhdr Warning: \headheight is too small (12.0pt): 
(fancyhdr)                Make it at least 12.1638pt, for example:
(fancyhdr)                \setlength{\headheight}{12.1638pt}.
(fancyhdr)                You might also make \topmargin smaller to compensate:

(fancyhdr)                \addtolength{\topmargin}{-0.1638pt}.

LaTeX Info: Redefining \. on input line 3243.
LaTeX Info: Redefining \% on input line 3243.
[64]
LaTeX Info: Redefining \. on input line 3247.
LaTeX Info: Redefining \% on input line 3247.


Package fancyhdr Warning: \headheight is too small (12.0pt): 
(fancyhdr)                Make it at least 12.1638pt, for example:
(fancyhdr)                \setlength{\headheight}{12.1638pt}.
(fancyhdr)                You might also make \topmargin smaller to compensate:

(fancyhdr)                \addtolength{\topmargin}{-0.1638pt}.

LaTeX Info: Redefining \. on input line 3247.
LaTeX Info: Redefining \% on input line 3247.
[65]
Cap\'{\i }tulo 6.
[66

]
LaTeX Info: Redefining \. on input line 3368.
LaTeX Info: Redefining \% on input line 3368.


Package fancyhdr Warning: \headheight is too small (12.0pt): 
(fancyhdr)                Make it at least 12.1638pt, for example:
(fancyhdr)                \setlength{\headheight}{12.1638pt}.
(fancyhdr)                You might also make \topmargin smaller to compensate:

(fancyhdr)                \addtolength{\topmargin}{-0.1638pt}.

LaTeX Info: Redefining \. on input line 3368.
LaTeX Info: Redefining \% on input line 3368.
[67]
LaTeX Info: Redefining \. on input line 3384.
LaTeX Info: Redefining \% on input line 3384.


Package fancyhdr Warning: \headheight is too small (12.0pt): 
(fancyhdr)                Make it at least 12.1638pt, for example:
(fancyhdr)                \setlength{\headheight}{12.1638pt}.
(fancyhdr)                You might also make \topmargin smaller to compensate:

(fancyhdr)                \addtolength{\topmargin}{-0.1638pt}.

LaTeX Info: Redefining \. on input line 3384.
LaTeX Info: Redefining \% on input line 3384.
[68]
Cap\'{\i }tulo 7.
[69

]
LaTeX Info: Redefining \. on input line 3486.
LaTeX Info: Redefining \% on input line 3486.


Package fancyhdr Warning: \headheight is too small (12.0pt): 
(fancyhdr)                Make it at least 12.1638pt, for example:
(fancyhdr)                \setlength{\headheight}{12.1638pt}.
(fancyhdr)                You might also make \topmargin smaller to compensate:

(fancyhdr)                \addtolength{\topmargin}{-0.1638pt}.

LaTeX Info: Redefining \. on input line 3486.
LaTeX Info: Redefining \% on input line 3486.
[70]
LaTeX Info: Redefining \. on input line 3490.
LaTeX Info: Redefining \% on input line 3490.


Package fancyhdr Warning: \headheight is too small (12.0pt): 
(fancyhdr)                Make it at least 12.1638pt, for example:
(fancyhdr)                \setlength{\headheight}{12.1638pt}.
(fancyhdr)                You might also make \topmargin smaller to compensate:

(fancyhdr)                \addtolength{\topmargin}{-0.1638pt}.

LaTeX Info: Redefining \. on input line 3490.
LaTeX Info: Redefining \% on input line 3490.
[71]
Cap\'{\i }tulo 8.
[72

]
LaTeX Info: Redefining \. on input line 3583.
LaTeX Info: Redefining \% on input line 3583.


Package fancyhdr Warning: \headheight is too small (12.0pt): 
(fancyhdr)                Make it at least 12.1638pt, for example:
(fancyhdr)                \setlength{\headheight}{12.1638pt}.
(fancyhdr)                You might also make \topmargin smaller to compensate:

(fancyhdr)                \addtolength{\topmargin}{-0.1638pt}.

LaTeX Info: Redefining \. on input line 3583.
LaTeX Info: Redefining \% on input line 3583.
[73]
LaTeX Info: Redefining \. on input line 3594.
LaTeX Info: Redefining \% on input line 3594.


Package fancyhdr Warning: \headheight is too small (12.0pt): 
(fancyhdr)                Make it at least 12.1638pt, for example:
(fancyhdr)                \setlength{\headheight}{12.1638pt}.
(fancyhdr)                You might also make \topmargin smaller to compensate:

(fancyhdr)                \addtolength{\topmargin}{-0.1638pt}.

LaTeX Info: Redefining \. on input line 3594.
LaTeX Info: Redefining \% on input line 3594.
[74]
Cap\'{\i }tulo 9.
[75

]
LaTeX Info: Redefining \. on input line 3670.
LaTeX Info: Redefining \% on input line 3670.


Package fancyhdr Warning: \headheight is too small (12.0pt): 
(fancyhdr)                Make it at least 12.1638pt, for example:
(fancyhdr)                \setlength{\headheight}{12.1638pt}.
(fancyhdr)                You might also make \topmargin smaller to compensate:

(fancyhdr)                \addtolength{\topmargin}{-0.1638pt}.

LaTeX Info: Redefining \. on input line 3670.
LaTeX Info: Redefining \% on input line 3670.
[76]
Cap\'{\i }tulo 10.
[77

]
LaTeX Info: Redefining \. on input line 3771.
LaTeX Info: Redefining \% on input line 3771.


Package fancyhdr Warning: \headheight is too small (12.0pt): 
(fancyhdr)                Make it at least 12.1638pt, for example:
(fancyhdr)                \setlength{\headheight}{12.1638pt}.
(fancyhdr)                You might also make \topmargin smaller to compensate:

(fancyhdr)                \addtolength{\topmargin}{-0.1638pt}.

LaTeX Info: Redefining \. on input line 3771.
LaTeX Info: Redefining \% on input line 3771.
[78]
Cap\'{\i }tulo 11.
[79

]
LaTeX Info: Redefining \. on input line 3823.
LaTeX Info: Redefining \% on input line 3823.


Package fancyhdr Warning: \headheight is too small (12.0pt): 
(fancyhdr)                Make it at least 12.1638pt, for example:
(fancyhdr)                \setlength{\headheight}{12.1638pt}.
(fancyhdr)                You might also make \topmargin smaller to compensate:

(fancyhdr)                \addtolength{\topmargin}{-0.1638pt}.

LaTeX Info: Redefining \. on input line 3823.
LaTeX Info: Redefining \% on input line 3823.
[80] [81

]
Cap\'{\i }tulo 12.
[82

]
LaTeX Info: Redefining \. on input line 3903.
LaTeX Info: Redefining \% on input line 3903.


Package fancyhdr Warning: \headheight is too small (12.0pt): 
(fancyhdr)                Make it at least 12.1638pt, for example:
(fancyhdr)                \setlength{\headheight}{12.1638pt}.
(fancyhdr)                You might also make \topmargin smaller to compensate:

(fancyhdr)                \addtolength{\topmargin}{-0.1638pt}.

LaTeX Info: Redefining \. on input line 3903.
LaTeX Info: Redefining \% on input line 3903.
[83]
LaTeX Info: Redefining \. on input line 3909.
LaTeX Info: Redefining \% on input line 3909.


Package fancyhdr Warning: \headheight is too small (12.0pt): 
(fancyhdr)                Make it at least 12.1638pt, for example:
(fancyhdr)                \setlength{\headheight}{12.1638pt}.
(fancyhdr)                You might also make \topmargin smaller to compensate:

(fancyhdr)                \addtolength{\topmargin}{-0.1638pt}.

LaTeX Info: Redefining \. on input line 3909.
LaTeX Info: Redefining \% on input line 3909.
[84]
Cap\'{\i }tulo 13.

Package hyperref Warning: Token not allowed in a PDF string (Unicode):
(hyperref)                removing `math shift' on input line 3928.


Package hyperref Warning: Token not allowed in a PDF string (Unicode):
(hyperref)                removing `math shift' on input line 3928.


Package hyperref Warning: Token not allowed in a PDF string (Unicode):
(hyperref)                removing `math shift' on input line 3938.


Package hyperref Warning: Token not allowed in a PDF string (Unicode):
(hyperref)                removing `math shift' on input line 3938.

[85

]

Package hyperref Warning: Token not allowed in a PDF string (Unicode):
(hyperref)                removing `math shift' on input line 3958.


Package hyperref Warning: Token not allowed in a PDF string (Unicode):
(hyperref)                removing `\lambda' on input line 3958.


Package hyperref Warning: Token not allowed in a PDF string (Unicode):
(hyperref)                removing `math shift' on input line 3958.


Package hyperref Warning: Token not allowed in a PDF string (Unicode):
(hyperref)                removing `math shift' on input line 3958.


Package hyperref Warning: Token not allowed in a PDF string (Unicode):
(hyperref)                removing `math shift' on input line 3958.


Package hyperref Warning: Token not allowed in a PDF string (Unicode):
(hyperref)                removing `math shift' on input line 3964.


Package hyperref Warning: Token not allowed in a PDF string (Unicode):
(hyperref)                removing `\lambda' on input line 3964.


Package hyperref Warning: Token not allowed in a PDF string (Unicode):
(hyperref)                removing `math shift' on input line 3964.

LaTeX Info: Redefining \. on input line 3986.
LaTeX Info: Redefining \% on input line 3986.

Package fancyhdr Warning: \headheight is too small (12.0pt): 
(fancyhdr)                Make it at least 12.1638pt, for example:
(fancyhdr)                \setlength{\headheight}{12.1638pt}.
(fancyhdr)                You might also make \topmargin smaller to compensate:

(fancyhdr)                \addtolength{\topmargin}{-0.1638pt}.

LaTeX Info: Redefining \. on input line 3986.
LaTeX Info: Redefining \% on input line 3986.
[86]

Package hyperref Warning: Token not allowed in a PDF string (Unicode):
(hyperref)                removing `math shift' on input line 3991.


Package hyperref Warning: Token not allowed in a PDF string (Unicode):
(hyperref)                removing `\lambda' on input line 3991.


Package hyperref Warning: Token not allowed in a PDF string (Unicode):
(hyperref)                removing `math shift' on input line 3991.

LaTeX Info: Redefining \. on input line 4033.
LaTeX Info: Redefining \% on input line 4033.

Package fancyhdr Warning: \headheight is too small (12.0pt): 
(fancyhdr)                Make it at least 12.1638pt, for example:
(fancyhdr)                \setlength{\headheight}{12.1638pt}.
(fancyhdr)                You might also make \topmargin smaller to compensate:

(fancyhdr)                \addtolength{\topmargin}{-0.1638pt}.

LaTeX Info: Redefining \. on input line 4033.
LaTeX Info: Redefining \% on input line 4033.
[87]
LaTeX Info: Redefining \. on input line 4041.
LaTeX Info: Redefining \% on input line 4041.


Package fancyhdr Warning: \headheight is too small (12.0pt): 
(fancyhdr)                Make it at least 12.1638pt, for example:
(fancyhdr)                \setlength{\headheight}{12.1638pt}.
(fancyhdr)                You might also make \topmargin smaller to compensate:

(fancyhdr)                \addtolength{\topmargin}{-0.1638pt}.

LaTeX Info: Redefining \. on input line 4041.
LaTeX Info: Redefining \% on input line 4041.
[88]
Cap\'{\i }tulo 14.
[89

]
LaTeX Info: Redefining \. on input line 4124.
LaTeX Info: Redefining \% on input line 4124.


Package fancyhdr Warning: \headheight is too small (12.0pt): 
(fancyhdr)                Make it at least 12.1638pt, for example:
(fancyhdr)                \setlength{\headheight}{12.1638pt}.
(fancyhdr)                You might also make \topmargin smaller to compensate:

(fancyhdr)                \addtolength{\topmargin}{-0.1638pt}.

LaTeX Info: Redefining \. on input line 4124.
LaTeX Info: Redefining \% on input line 4124.
[90]
LaTeX Info: Redefining \. on input line 4165.
LaTeX Info: Redefining \% on input line 4165.


Package fancyhdr Warning: \headheight is too small (12.0pt): 
(fancyhdr)                Make it at least 12.1638pt, for example:
(fancyhdr)                \setlength{\headheight}{12.1638pt}.
(fancyhdr)                You might also make \topmargin smaller to compensate:

(fancyhdr)                \addtolength{\topmargin}{-0.1638pt}.

LaTeX Info: Redefining \. on input line 4165.
LaTeX Info: Redefining \% on input line 4165.
[91]
LaTeX Info: Redefining \. on input line 4168.
LaTeX Info: Redefining \% on input line 4168.


Package fancyhdr Warning: \headheight is too small (12.0pt): 
(fancyhdr)                Make it at least 12.1638pt, for example:
(fancyhdr)                \setlength{\headheight}{12.1638pt}.
(fancyhdr)                You might also make \topmargin smaller to compensate:

(fancyhdr)                \addtolength{\topmargin}{-0.1638pt}.

LaTeX Info: Redefining \. on input line 4168.
LaTeX Info: Redefining \% on input line 4168.
[92]
Cap\'{\i }tulo 15.

Package hyperref Warning: Token not allowed in a PDF string (Unicode):
(hyperref)                removing `math shift' on input line 4188.


Package hyperref Warning: Token not allowed in a PDF string (Unicode):
(hyperref)                removing `subscript' on input line 4188.


Package hyperref Warning: Token not allowed in a PDF string (Unicode):
(hyperref)                removing `math shift' on input line 4188.


Package hyperref Warning: Token not allowed in a PDF string (Unicode):
(hyperref)                removing `math shift' on input line 4188.


Package hyperref Warning: Token not allowed in a PDF string (Unicode):
(hyperref)                removing `subscript' on input line 4188.


Package hyperref Warning: Token not allowed in a PDF string (Unicode):
(hyperref)                removing `math shift' on input line 4188.


LaTeX Warning: `h' float specifier changed to `ht'.

[93

]
LaTeX Info: Redefining \. on input line 4249.
LaTeX Info: Redefining \% on input line 4249.


Package fancyhdr Warning: \headheight is too small (12.0pt): 
(fancyhdr)                Make it at least 12.1638pt, for example:
(fancyhdr)                \setlength{\headheight}{12.1638pt}.
(fancyhdr)                You might also make \topmargin smaller to compensate:

(fancyhdr)                \addtolength{\topmargin}{-0.1638pt}.

LaTeX Info: Redefining \. on input line 4249.
LaTeX Info: Redefining \% on input line 4249.
[94]
Cap\'{\i }tulo 16.
[95

]
LaTeX Info: Redefining \. on input line 4328.
LaTeX Info: Redefining \% on input line 4328.


Package fancyhdr Warning: \headheight is too small (12.0pt): 
(fancyhdr)                Make it at least 12.1638pt, for example:
(fancyhdr)                \setlength{\headheight}{12.1638pt}.
(fancyhdr)                You might also make \topmargin smaller to compensate:

(fancyhdr)                \addtolength{\topmargin}{-0.1638pt}.

LaTeX Info: Redefining \. on input line 4328.
LaTeX Info: Redefining \% on input line 4328.
[96]
Cap\'{\i }tulo 17.
[97

]
LaTeX Info: Redefining \. on input line 4398.
LaTeX Info: Redefining \% on input line 4398.


Package fancyhdr Warning: \headheight is too small (12.0pt): 
(fancyhdr)                Make it at least 12.1638pt, for example:
(fancyhdr)                \setlength{\headheight}{12.1638pt}.
(fancyhdr)                You might also make \topmargin smaller to compensate:

(fancyhdr)                \addtolength{\topmargin}{-0.1638pt}.

LaTeX Info: Redefining \. on input line 4398.
LaTeX Info: Redefining \% on input line 4398.
[98]
Cap\'{\i }tulo 18.
[99

]
LaTeX Info: Redefining \. on input line 4487.
LaTeX Info: Redefining \% on input line 4487.


Package fancyhdr Warning: \headheight is too small (12.0pt): 
(fancyhdr)                Make it at least 12.1638pt, for example:
(fancyhdr)                \setlength{\headheight}{12.1638pt}.
(fancyhdr)                You might also make \topmargin smaller to compensate:

(fancyhdr)                \addtolength{\topmargin}{-0.1638pt}.

LaTeX Info: Redefining \. on input line 4487.
LaTeX Info: Redefining \% on input line 4487.
[100]
LaTeX Info: Redefining \. on input line 4490.
LaTeX Info: Redefining \% on input line 4490.


Package fancyhdr Warning: \headheight is too small (12.0pt): 
(fancyhdr)                Make it at least 12.1638pt, for example:
(fancyhdr)                \setlength{\headheight}{12.1638pt}.
(fancyhdr)                You might also make \topmargin smaller to compensate:

(fancyhdr)                \addtolength{\topmargin}{-0.1638pt}.

LaTeX Info: Redefining \. on input line 4490.
LaTeX Info: Redefining \% on input line 4490.
[101]
Cap\'{\i }tulo 19.
[102

]
LaTeX Info: Redefining \. on input line 4563.
LaTeX Info: Redefining \% on input line 4563.


Package fancyhdr Warning: \headheight is too small (12.0pt): 
(fancyhdr)                Make it at least 12.1638pt, for example:
(fancyhdr)                \setlength{\headheight}{12.1638pt}.
(fancyhdr)                You might also make \topmargin smaller to compensate:

(fancyhdr)                \addtolength{\topmargin}{-0.1638pt}.

LaTeX Info: Redefining \. on input line 4563.
LaTeX Info: Redefining \% on input line 4563.
[103]
Cap\'{\i }tulo 20.
[104

]
LaTeX Info: Redefining \. on input line 4625.
LaTeX Info: Redefining \% on input line 4625.


Package fancyhdr Warning: \headheight is too small (12.0pt): 
(fancyhdr)                Make it at least 12.1638pt, for example:
(fancyhdr)                \setlength{\headheight}{12.1638pt}.
(fancyhdr)                You might also make \topmargin smaller to compensate:

(fancyhdr)                \addtolength{\topmargin}{-0.1638pt}.

LaTeX Info: Redefining \. on input line 4625.
LaTeX Info: Redefining \% on input line 4625.
[105]
Cap\'{\i }tulo 21.
[106

]
LaTeX Info: Redefining \. on input line 4688.
LaTeX Info: Redefining \% on input line 4688.


Package fancyhdr Warning: \headheight is too small (12.0pt): 
(fancyhdr)                Make it at least 12.1638pt, for example:
(fancyhdr)                \setlength{\headheight}{12.1638pt}.
(fancyhdr)                You might also make \topmargin smaller to compensate:

(fancyhdr)                \addtolength{\topmargin}{-0.1638pt}.

LaTeX Info: Redefining \. on input line 4688.
LaTeX Info: Redefining \% on input line 4688.
[107] (./recuperado.aux
LaTeX Info: Redefining \. on input line 11.
LaTeX Info: Redefining \% on input line 11.
)
 ***********
LaTeX2e <2023-11-01> patch level 1
L3 programming layer <2024-02-20>
 ***********


LaTeX Warning: There were multiply-defined labels.

Package rerunfilecheck Info: File `recuperado.out' has not changed.
(rerunfilecheck)             Checksum: 23BB094E6D98790230E79554826BC644;69850.
 ) 
Here is how much of TeX's memory you used:
 14897 strings out of 474116
 224833 string characters out of 5743682
 1955187 words of memory out of 5000000
 36422 multiletter control sequences out of 15000+600000
 589418 words of font info for 108 fonts, out of 8000000 for 9000
 1141 hyphenation exceptions out of 8191
 75i,15n,84p,2131b,777s stack positions out of 10000i,1000n,20000p,200000b,200000s
</usr/local/texlive/2024/texmf-dist/fonts/type1/public/amsfonts/cm/cmbx5.pfb>
</usr/local/texlive/2024/texmf-dist/fonts/type1/public/amsfonts/cm/cmbx6.pfb></
usr/local/texlive/2024/texmf-dist/fonts/type1/public/amsfonts/cm/cmbx9.pfb></us
r/local/texlive/2024/texmf-dist/fonts/type1/public/amsfonts/cm/cmex10.pfb></usr
/local/texlive/2024/texmf-dist/fonts/type1/public/amsfonts/cmextra/cmex7.pfb></
usr/local/texlive/2024/texmf-dist/fonts/type1/public/amsfonts/cmextra/cmex9.pfb
></usr/local/texlive/2024/texmf-dist/fonts/type1/public/amsfonts/cm/cmmi10.pfb>
</usr/local/texlive/2024/texmf-dist/fonts/type1/public/amsfonts/cm/cmmi12.pfb><
/usr/local/texlive/2024/texmf-dist/fonts/type1/public/amsfonts/cm/cmmi5.pfb></u
sr/local/texlive/2024/texmf-dist/fonts/type1/public/amsfonts/cm/cmmi6.pfb></usr
/local/texlive/2024/texmf-dist/fonts/type1/public/amsfonts/cm/cmmi7.pfb></usr/l
ocal/texlive/2024/texmf-dist/fonts/type1/public/amsfonts/cm/cmmi8.pfb></usr/loc
al/texlive/2024/texmf-dist/fonts/type1/public/amsfonts/cm/cmmi9.pfb></usr/local
/texlive/2024/texmf-dist/fonts/type1/public/amsfonts/cmextra/cmmib5.pfb></usr/l
ocal/texlive/2024/texmf-dist/fonts/type1/public/amsfonts/cmextra/cmmib6.pfb></u
sr/local/texlive/2024/texmf-dist/fonts/type1/public/amsfonts/cmextra/cmmib9.pfb
></usr/local/texlive/2024/texmf-dist/fonts/type1/public/amsfonts/cm/cmr10.pfb><
/usr/local/texlive/2024/texmf-dist/fonts/type1/public/amsfonts/cm/cmr12.pfb></u
sr/local/texlive/2024/texmf-dist/fonts/type1/public/amsfonts/cm/cmr5.pfb></usr/
local/texlive/2024/texmf-dist/fonts/type1/public/amsfonts/cm/cmr6.pfb></usr/loc
al/texlive/2024/texmf-dist/fonts/type1/public/amsfonts/cm/cmr7.pfb></usr/local/
texlive/2024/texmf-dist/fonts/type1/public/amsfonts/cm/cmr9.pfb></usr/local/tex
live/2024/texmf-dist/fonts/type1/public/amsfonts/cm/cmsy10.pfb></usr/local/texl
ive/2024/texmf-dist/fonts/type1/public/amsfonts/cm/cmsy5.pfb></usr/local/texliv
e/2024/texmf-dist/fonts/type1/public/amsfonts/cm/cmsy6.pfb></usr/local/texlive/
2024/texmf-dist/fonts/type1/public/amsfonts/cm/cmsy7.pfb></usr/local/texlive/20
24/texmf-dist/fonts/type1/public/amsfonts/cm/cmsy9.pfb></usr/local/texlive/2024
/texmf-dist/fonts/type1/public/amsfonts/symbols/msbm10.pfb></usr/local/texlive/
2024/texmf-dist/fonts/type1/public/cm-super/sfbi0900.pfb></usr/local/texlive/20
24/texmf-dist/fonts/type1/public/cm-super/sfbi1000.pfb></usr/local/texlive/2024
/texmf-dist/fonts/type1/public/cm-super/sfbx0900.pfb></usr/local/texlive/2024/t
exmf-dist/fonts/type1/public/cm-super/sfbx1000.pfb></usr/local/texlive/2024/tex
mf-dist/fonts/type1/public/cm-super/sfbx1200.pfb></usr/local/texlive/2024/texmf
-dist/fonts/type1/public/cm-super/sfbx1440.pfb></usr/local/texlive/2024/texmf-d
ist/fonts/type1/public/cm-super/sfbx2074.pfb></usr/local/texlive/2024/texmf-dis
t/fonts/type1/public/cm-super/sfbx2488.pfb></usr/local/texlive/2024/texmf-dist/
fonts/type1/public/cm-super/sfrm0600.pfb></usr/local/texlive/2024/texmf-dist/fo
nts/type1/public/cm-super/sfrm0900.pfb></usr/local/texlive/2024/texmf-dist/font
s/type1/public/cm-super/sfrm1000.pfb></usr/local/texlive/2024/texmf-dist/fonts/
type1/public/cm-super/sfrm1200.pfb></usr/local/texlive/2024/texmf-dist/fonts/ty
pe1/public/cm-super/sfrm1728.pfb></usr/local/texlive/2024/texmf-dist/fonts/type
1/public/cm-super/sfti0900.pfb></usr/local/texlive/2024/texmf-dist/fonts/type1/
public/cm-super/sfti1000.pfb></usr/local/texlive/2024/texmf-dist/fonts/type1/pu
blic/cm-super/sftt0900.pfb>
Output written on recuperado.pdf (108 pages, 1030330 bytes).
PDF statistics:
 2780 PDF objects out of 2984 (max. 8388607)
 2555 compressed objects within 26 object streams
 624 named destinations out of 1000 (max. 500000)
 2785 words of extra memory for PDF output out of 10000 (max. 10000000)

