\BOOKMARK [1][-]{section.1}{\376\377\000P\000r\000o\000c\000e\000s\000o\000s\000\040\000R\000e\000g\000e\000n\000e\000r\000a\000t\000i\000v\000o\000s}{}% 1
\BOOKMARK [2][-]{subsection.1.1}{\376\377\000P\000r\000o\000c\000e\000s\000o\000s\000\040\000R\000e\000g\000e\000n\000e\000r\000a\000t\000i\000v\000o\000s}{section.1}% 2
\BOOKMARK [3][-]{subsubsection.1.1.1}{\376\377\000C\000o\000n\000s\000t\000r\000u\000c\000c\000i\000\363\000n\000\040\000d\000e\000\040\000u\000n\000\040\000P\000r\000o\000c\000e\000s\000o\000\040\000D\000e\000t\000e\000r\000m\000i\000n\000i\000s\000t\000a\000\040\000p\000o\000r\000\040\000p\000a\000r\000t\000e\000s\000,\000\040\000D\000a\000v\000i\000s\000\040\000D\000a\000v\000i\000s}{subsection.1.1}% 3
\BOOKMARK [1][-]{section.2}{\376\377\000D\000e\000f\000i\000n\000i\000c\000i\000o\000n\000e\000s\000\040\000B\000\341\000s\000i\000c\000a\000s}{}% 4
\BOOKMARK [2][-]{subsection.2.1}{\376\377\000D\000e\000f\000i\000n\000i\000c\000i\000o\000n\000e\000s\000\040\000B\000\341\000s\000i\000c\000a\000s}{section.2}% 5
\BOOKMARK [2][-]{subsection.2.2}{\376\377\000S\000u\000p\000u\000e\000s\000t\000o\000s}{section.2}% 6
\BOOKMARK [2][-]{subsection.2.3}{\376\377\000S\000u\000p\000u\000e\000s\000t\000o\000s}{section.2}% 7
\BOOKMARK [3][-]{subsubsection.2.3.1}{\376\377\000S\000u\000p\000u\000e\000s\000t\000o\000s\000\040\000B\000\341\000s\000i\000c\000o\000s}{subsection.2.3}% 8
\BOOKMARK [3][-]{subsubsection.2.3.2}{\376\377\000S\000u\000p\000u\000e\000s\000t\000o\000s\000\040\000B\000\341\000s\000i\000c\000o\000s}{subsection.2.3}% 9
\BOOKMARK [2][-]{subsection.2.4}{\376\377\000S\000u\000p\000u\000e\000s\000t\000o\000s}{section.2}% 10
\BOOKMARK [3][-]{subsubsection.2.4.1}{\376\377\000S\000u\000p\000u\000e\000s\000t\000o\000s\000\040\000B\000\341\000s\000i\000c\000o\000s}{subsection.2.4}% 11
\BOOKMARK [2][-]{subsection.2.5}{\376\377\000S\000u\000p\000u\000e\000s\000t\000o\000s}{section.2}% 12
\BOOKMARK [3][-]{subsubsection.2.5.1}{\376\377\000S\000u\000p\000u\000e\000s\000t\000o\000s\000\040\000B\000\341\000s\000i\000c\000o\000s}{subsection.2.5}% 13
\BOOKMARK [1][-]{section.3}{\376\377\000P\000r\000e\000l\000i\000m\000i\000n\000a\000r\000e\000s}{}% 14
\BOOKMARK [1][-]{section.4}{\376\377\000P\000r\000o\000c\000e\000s\000o\000s\000\040\000H\000a\000r\000r\000i\000s\000\040\000R\000e\000c\000u\000r\000r\000e\000n\000t\000e}{}% 15
\BOOKMARK [2][-]{subsection.4.1}{\376\377\000P\000r\000o\000c\000e\000s\000o\000s\000\040\000H\000a\000r\000r\000i\000s\000\040\000R\000e\000c\000u\000r\000r\000e\000n\000t\000e}{section.4}% 16
\BOOKMARK [2][-]{subsection.4.2}{\376\377\000P\000r\000o\000c\000e\000s\000o\000s\000\040\000H\000a\000r\000r\000i\000s\000\040\000R\000e\000c\000u\000r\000r\000e\000n\000t\000e}{section.4}% 17
\BOOKMARK [2][-]{subsection.4.3}{\376\377\000P\000r\000o\000c\000e\000s\000o\000s\000\040\000H\000a\000r\000r\000i\000s\000\040\000R\000e\000c\000u\000r\000r\000e\000n\000t\000e}{section.4}% 18
\BOOKMARK [2][-]{subsection.4.4}{\376\377\000P\000r\000o\000c\000e\000s\000o\000s\000\040\000H\000a\000r\000r\000i\000s\000\040\000R\000e\000c\000u\000r\000r\000e\000n\000t\000e}{section.4}% 19
\BOOKMARK [2][-]{subsection.4.5}{\376\377\000P\000r\000o\000c\000e\000s\000o\000s\000\040\000H\000a\000r\000r\000i\000s\000\040\000R\000e\000c\000u\000r\000r\000e\000n\000t\000e}{section.4}% 20
\BOOKMARK [2][-]{subsection.4.6}{\376\377\000P\000r\000o\000c\000e\000s\000o\000s\000\040\000H\000a\000r\000r\000i\000s\000\040\000R\000e\000c\000u\000r\000r\000e\000n\000t\000e}{section.4}% 21
\BOOKMARK [1][-]{section.5}{\376\377\000M\000o\000d\000e\000l\000o\000\040\000d\000e\000\040\000F\000l\000u\000j\000o}{}% 22
\BOOKMARK [2][-]{subsection.5.1}{\376\377\000M\000o\000d\000e\000l\000o\000\040\000d\000e\000\040\000F\000l\000u\000j\000o}{section.5}% 23
\BOOKMARK [2][-]{subsection.5.2}{\376\377\000M\000o\000d\000e\000l\000o\000\040\000d\000e\000\040\000F\000l\000u\000j\000o}{section.5}% 24
\BOOKMARK [1][-]{section.6}{\376\377\000P\000r\000o\000c\000e\000s\000o\000\040\000d\000e\000\040\000E\000s\000t\000a\000d\000o\000s\000\040\000M\000a\000r\000k\000o\000v\000i\000a\000n\000o\000\040\000p\000a\000r\000a\000\040\000e\000l\000\040\000S\000i\000s\000t\000e\000m\000a}{}% 25
\BOOKMARK [1][-]{section.7}{\376\377\000P\000r\000o\000c\000e\000s\000o\000s\000\040\000d\000e\000\040\000E\000s\000t\000a\000d\000o\000s\000\040\000d\000e\000\040\000M\000a\000r\000k\000o\000v}{}% 26
\BOOKMARK [2][-]{subsection.7.1}{\376\377\000P\000r\000o\000c\000e\000s\000o\000s\000\040\000d\000e\000\040\000E\000s\000t\000a\000d\000o\000s\000\040\000d\000e\000\040\000M\000a\000r\000k\000o\000v}{section.7}% 27
\BOOKMARK [1][-]{section.8}{\376\377\000T\000e\000o\000r\000\355\000a\000\040\000G\000e\000n\000e\000r\000a\000l\000\040\000d\000e\000\040\000P\000r\000o\000c\000e\000s\000o\000s\000\040\000E\000s\000t\000o\000c\000\341\000s\000t\000i\000c\000o\000s}{}% 28
\BOOKMARK [2][-]{subsection.8.1}{\376\377\000T\000e\000o\000r\000\355\000a\000\040\000G\000e\000n\000e\000r\000a\000l\000\040\000d\000e\000\040\000P\000r\000o\000c\000e\000s\000o\000s\000\040\000E\000s\000t\000o\000c\000\341\000s\000t\000i\000c\000o\000s}{section.8}% 29
\BOOKMARK [1][-]{section.9}{\376\377\000P\000r\000o\000p\000i\000e\000d\000a\000d\000e\000s\000\040\000d\000e\000\040\000M\000a\000r\000k\000o\000v}{}% 30
\BOOKMARK [2][-]{subsection.9.1}{\376\377\000P\000r\000o\000p\000i\000e\000d\000a\000d\000e\000s\000\040\000d\000e\000\040\000M\000a\000r\000k\000o\000v}{section.9}% 31
\BOOKMARK [2][-]{subsection.9.2}{\376\377\000P\000r\000o\000p\000i\000e\000d\000a\000d\000e\000s\000\040\000d\000e\000\040\000M\000a\000r\000k\000o\000v}{section.9}% 32
\BOOKMARK [2][-]{subsection.9.3}{\376\377\000P\000r\000o\000p\000i\000e\000d\000a\000d\000e\000s\000\040\000d\000e\000\040\000M\000a\000r\000k\000o\000v}{section.9}% 33
\BOOKMARK [2][-]{subsection.9.4}{\376\377\000P\000r\000o\000p\000i\000e\000d\000a\000d\000e\000s\000\040\000d\000e\000\040\000M\000a\000r\000k\000o\000v}{section.9}% 34
\BOOKMARK [2][-]{subsection.9.5}{\376\377\000P\000r\000o\000p\000i\000e\000d\000a\000d\000e\000s\000\040\000d\000e\000\040\000M\000a\000r\000k\000o\000v}{section.9}% 35
\BOOKMARK [1][-]{section.10}{\376\377\000P\000r\000i\000m\000e\000r\000\040\000C\000o\000n\000d\000i\000c\000i\000\363\000n\000\040\000d\000e\000\040\000R\000e\000g\000u\000l\000a\000r\000i\000d\000a\000d}{}% 36
\BOOKMARK [2][-]{subsection.10.1}{\376\377\000P\000r\000i\000m\000e\000r\000\040\000C\000o\000n\000d\000i\000c\000i\000\363\000n\000\040\000d\000e\000\040\000R\000e\000g\000u\000l\000a\000r\000i\000d\000a\000d}{section.10}% 37
\BOOKMARK [2][-]{subsection.10.2}{\376\377\000P\000r\000i\000m\000e\000r\000\040\000C\000o\000n\000d\000i\000c\000i\000\363\000n\000\040\000d\000e\000\040\000R\000e\000g\000u\000l\000a\000r\000i\000d\000a\000d}{section.10}% 38
\BOOKMARK [2][-]{subsection.10.3}{\376\377\000P\000r\000i\000m\000e\000r\000\040\000C\000o\000n\000d\000i\000c\000i\000\363\000n\000\040\000d\000e\000\040\000R\000e\000g\000u\000l\000a\000r\000i\000d\000a\000d}{section.10}% 39
\BOOKMARK [2][-]{subsection.10.4}{\376\377\000P\000r\000i\000m\000e\000r\000\040\000C\000o\000n\000d\000i\000c\000i\000\363\000n\000\040\000d\000e\000\040\000R\000e\000g\000u\000l\000a\000r\000i\000d\000a\000d}{section.10}% 40
\BOOKMARK [2][-]{subsection.10.5}{\376\377\000P\000r\000i\000m\000e\000r\000\040\000C\000o\000n\000d\000i\000c\000i\000\363\000n\000\040\000d\000e\000\040\000R\000e\000g\000u\000l\000a\000r\000i\000d\000a\000d}{section.10}% 41
\BOOKMARK [1][-]{section.11}{\376\377\000C\000o\000n\000s\000t\000r\000u\000c\000c\000i\000\363\000n\000\040\000d\000e\000l\000\040\000M\000o\000d\000e\000l\000o\000\040\000d\000e\000\040\000F\000l\000u\000j\000o}{}% 42
\BOOKMARK [2][-]{subsection.11.1}{\376\377\000C\000o\000n\000s\000t\000r\000u\000c\000c\000i\000\363\000n\000\040\000d\000e\000l\000\040\000M\000o\000d\000e\000l\000o\000\040\000d\000e\000\040\000F\000l\000u\000j\000o}{section.11}% 43
\BOOKMARK [1][-]{section.12}{\376\377\000E\000s\000t\000a\000b\000i\000l\000i\000d\000a\000d}{}% 44
\BOOKMARK [2][-]{subsection.12.1}{\376\377\000E\000s\000t\000a\000b\000i\000l\000i\000d\000a\000d}{section.12}% 45
\BOOKMARK [1][-]{section.13}{\376\377\000P\000r\000o\000c\000e\000s\000o\000s\000\040\000F\000u\000e\000r\000t\000e\000\040\000d\000e\000\040\000M\000a\000r\000k\000o\000v}{}% 46
\BOOKMARK [2][-]{subsection.13.1}{\376\377\000P\000r\000o\000c\000e\000s\000o\000s\000\040\000F\000u\000e\000r\000t\000e\000\040\000d\000e\000\040\000M\000a\000r\000k\000o\000v}{section.13}% 47
\BOOKMARK [3][-]{subsubsection.13.1.1}{\376\377\000C\000o\000n\000s\000t\000r\000u\000c\000c\000i\000\363\000n\000\040\000d\000e\000\040\000u\000n\000\040\000P\000r\000o\000c\000e\000s\000o\000\040\000D\000e\000t\000e\000r\000m\000i\000n\000i\000s\000t\000a\000\040\000p\000o\000r\000\040\000p\000a\000r\000t\000e\000s\000,\000\040\000D\000a\000v\000i\000s\000\040\000D\000a\000v\000i\000s}{subsection.13.1}% 48
\BOOKMARK [2][-]{subsection.13.2}{\376\377\000P\000r\000o\000c\000e\000s\000o\000s\000\040\000F\000u\000e\000r\000t\000e\000\040\000d\000e\000\040\000M\000a\000r\000k\000o\000v}{section.13}% 49
\BOOKMARK [1][-]{section.14}{\376\377\000P\000r\000o\000c\000e\000s\000o\000s\000\040\000H\000a\000r\000r\000i\000s\000\040\000R\000e\000c\000u\000r\000r\000e\000n\000t\000e\000s\000\040\000P\000o\000s\000i\000t\000i\000v\000o\000s}{}% 50
\BOOKMARK [2][-]{subsection.14.1}{\376\377\000P\000r\000o\000c\000e\000s\000o\000s\000\040\000H\000a\000r\000r\000i\000s\000\040\000R\000e\000c\000u\000r\000r\000e\000n\000t\000e\000s\000\040\000P\000o\000s\000i\000t\000i\000v\000o\000s}{section.14}% 51
\BOOKMARK [1][-]{section.15}{\376\377\000C\000o\000n\000s\000t\000r\000u\000c\000c\000i\000\363\000n\000\040\000d\000e\000\040\000u\000n\000\040\000M\000o\000d\000e\000l\000o\000\040\000d\000e\000\040\000F\000l\000u\000j\000o\000\040\000L\000\355\000m\000i\000t\000e}{}% 52
\BOOKMARK [2][-]{subsection.15.1}{\376\377\000C\000o\000n\000s\000t\000r\000u\000c\000c\000i\000\363\000n\000\040\000d\000e\000\040\000u\000n\000\040\000M\000o\000d\000e\000l\000o\000\040\000d\000e\000\040\000F\000l\000u\000j\000o\000\040\000L\000\355\000m\000i\000t\000e}{section.15}% 53
\BOOKMARK [2][-]{subsection.15.2}{\376\377\000M\000o\000d\000e\000l\000o\000\040\000d\000e\000\040\000V\000i\000s\000i\000t\000a\000s\000\040\000C\000\355\000c\000l\000i\000c\000a\000s\000\040\000c\000o\000n\000\040\000u\000n\000\040\000S\000e\000r\000v\000i\000d\000o\000r\000:\000\040\000E\000s\000t\000a\000b\000i\000l\000i\000d\000a\000d}{section.15}% 54
\BOOKMARK [1][-]{section.16}{\376\377\000T\000e\000o\000r\000e\000m\000a\000\040\0002\000.\0001}{}% 55
\BOOKMARK [2][-]{subsection.16.1}{\376\377\000T\000e\000o\000r\000e\000m\000a\000\040\0002\000.\0001}{section.16}% 56
\BOOKMARK [1][-]{section.17}{\376\377\000T\000e\000o\000r\000e\000m\000a\000\040\0002\000.\0002}{}% 57
\BOOKMARK [2][-]{subsection.17.1}{\376\377\000T\000e\000o\000r\000e\000m\000a\000\040\0002\000.\0002}{section.17}% 58
\BOOKMARK [1][-]{section.18}{\376\377\000T\000e\000o\000r\000e\000m\000a\000\040\0002\000.\0003}{}% 59
\BOOKMARK [2][-]{subsection.18.1}{\376\377\000T\000e\000o\000r\000e\000m\000a\000\040\0002\000.\0003}{section.18}% 60
\BOOKMARK [2][-]{subsection.18.2}{\376\377\000M\000o\000d\000e\000l\000o\000\040\000d\000e\000\040\000F\000l\000u\000j\000o}{section.18}% 61
\BOOKMARK [3][-]{subsubsection.18.2.1}{\376\377\000M\000o\000d\000e\000l\000o\000\040\000d\000e\000\040\000F\000l\000u\000j\000o\000\040\000y\000\040\000E\000s\000t\000a\000b\000i\000l\000i\000d\000a\000d}{subsection.18.2}% 62
\BOOKMARK [3][-]{subsubsection.18.2.2}{\376\377\000R\000e\000s\000u\000l\000t\000a\000d\000o\000s\000\040\000p\000r\000i\000n\000c\000i\000p\000a\000l\000e\000s}{subsection.18.2}% 63
\BOOKMARK [3][-]{subsubsection.18.2.3}{\376\377\000D\000e\000f\000i\000n\000i\000c\000i\000o\000n\000e\000s\000\040\000G\000e\000n\000e\000r\000a\000l\000e\000s}{subsection.18.2}% 64
\BOOKMARK [3][-]{subsubsection.18.2.4}{\376\377\000D\000e\000f\000i\000n\000i\000c\000i\000o\000n\000e\000s\000\040\000y\000\040\000D\000e\000s\000c\000r\000i\000p\000c\000i\000\363\000n\000\040\000d\000e\000l\000\040\000M\000o\000d\000e\000l\000o}{subsection.18.2}% 65
\BOOKMARK [3][-]{subsubsection.18.2.5}{\376\377\000P\000o\000l\000\355\000t\000i\000c\000a\000s\000\040\000d\000e\000\040\000S\000e\000r\000v\000i\000c\000i\000o}{subsection.18.2}% 66
\BOOKMARK [3][-]{subsubsection.18.2.6}{\376\377\000P\000r\000o\000c\000e\000s\000o\000\040\000d\000e\000\040\000E\000s\000t\000a\000d\000o\000s}{subsection.18.2}% 67
\BOOKMARK [3][-]{subsubsection.18.2.7}{\376\377\000I\000n\000t\000r\000o\000d\000u\000c\000c\000i\000\363\000n}{subsection.18.2}% 68
\BOOKMARK [3][-]{subsubsection.18.2.8}{\376\377\000C\000o\000l\000a\000s\000\040\000C\000\355\000c\000l\000i\000c\000a\000s}{subsection.18.2}% 69
\BOOKMARK [3][-]{subsubsection.18.2.9}{\376\377\000R\000e\000s\000u\000l\000t\000a\000d\000o\000s\000\040\000P\000r\000e\000v\000i\000o\000s}{subsection.18.2}% 70
\BOOKMARK [3][-]{subsubsection.18.2.10}{\376\377\000T\000e\000o\000r\000e\000m\000a\000\040\000d\000e\000\040\000E\000s\000t\000a\000b\000i\000l\000i\000d\000a\000d\000:\000\040\000D\000e\000s\000c\000r\000i\000p\000c\000i\000\363\000n}{subsection.18.2}% 71
\BOOKMARK [2][-]{subsection.18.3}{\376\377\000M\000o\000d\000e\000l\000o\000\040\000d\000e\000\040\000F\000l\000u\000j\000o}{section.18}% 72
\BOOKMARK [2][-]{subsection.18.4}{\376\377\000M\000o\000d\000e\000l\000o\000\040\000d\000e\000\040\000F\000l\000u\000j\000o}{section.18}% 73
\BOOKMARK [1][-]{section.19}{\376\377\000E\000s\000t\000a\000b\000i\000l\000i\000d\000a\000d\000\040\000d\000e\000\040\000l\000o\000s\000\040\000S\000i\000s\000t\000e\000m\000a\000s\000\040\000d\000e\000\040\000V\000i\000s\000i\000t\000a\000s\000\040\000C\000\355\000c\000l\000i\000c\000a\000s}{}% 74
\BOOKMARK [1][-]{section.20}{\376\377\000R\000e\000s\000u\000l\000t\000a\000d\000o\000s\000\040\000p\000r\000i\000n\000c\000i\000p\000a\000l\000e\000s}{}% 75
\BOOKMARK [2][-]{subsection.20.1}{\376\377\000M\000o\000d\000e\000l\000o\000\040\000d\000e\000\040\000F\000l\000u\000j\000o}{section.20}% 76
\BOOKMARK [3][-]{subsubsection.20.1.1}{\376\377\000S\000u\000p\000u\000e\000s\000t\000o\000s\000\040\000B\000\341\000s\000i\000c\000o\000s}{subsection.20.1}% 77
\BOOKMARK [2][-]{subsection.20.2}{\376\377\000P\000r\000o\000c\000e\000s\000o\000s\000\040\000H\000a\000r\000r\000i\000s\000\040\000R\000e\000c\000u\000r\000r\000e\000n\000t\000e}{section.20}% 78
\BOOKMARK [2][-]{subsection.20.3}{\376\377\000M\000o\000d\000e\000l\000o\000\040\000d\000e\000\040\000F\000l\000u\000j\000o}{section.20}% 79
\BOOKMARK [2][-]{subsection.20.4}{\376\377\000S\000u\000p\000u\000e\000s\000t\000o\000s}{section.20}% 80
\BOOKMARK [3][-]{subsubsection.20.4.1}{\376\377\000S\000u\000p\000u\000e\000s\000t\000o\000s\000\040\000B\000\341\000s\000i\000c\000o\000s}{subsection.20.4}% 81
\BOOKMARK [2][-]{subsection.20.5}{\376\377\000P\000r\000o\000c\000e\000s\000o\000s\000\040\000H\000a\000r\000r\000i\000s\000\040\000R\000e\000c\000u\000r\000r\000e\000n\000t\000e}{section.20}% 82
\BOOKMARK [2][-]{subsection.20.6}{\376\377\000M\000o\000d\000e\000l\000o\000\040\000d\000e\000\040\000F\000l\000u\000j\000o}{section.20}% 83
\BOOKMARK [2][-]{subsection.20.7}{\376\377\000Y\000a\000\040\000r\000e\000v\000i\000s\000a\000d\000o}{section.20}% 84
\BOOKMARK [2][-]{subsection.20.8}{\376\377\000P\000r\000o\000c\000e\000s\000o\000s\000\040\000d\000e\000\040\000R\000e\000n\000o\000v\000a\000c\000i\000\363\000n\000\040\000y\000\040\000R\000e\000g\000e\000n\000e\000r\000a\000t\000i\000v\000o\000s}{section.20}% 85
\BOOKMARK [2][-]{subsection.20.9}{\376\377\000T\000i\000e\000m\000p\000o\000\040\000d\000e\000\040\000C\000i\000c\000l\000o\000\040\000P\000r\000o\000m\000e\000d\000i\000o}{section.20}% 86
\BOOKMARK [2][-]{subsection.20.10}{\376\377\000T\000i\000e\000m\000p\000o\000s\000\040\000d\000e\000\040\000C\000i\000c\000l\000o\000\040\000e\000\040\000I\000n\000t\000e\000r\000v\000i\000s\000i\000t\000a}{section.20}% 87
\BOOKMARK [2][-]{subsection.20.11}{\376\377\000L\000o\000n\000g\000i\000t\000u\000d\000e\000s\000\040\000d\000e\000\040\000l\000a\000\040\000C\000o\000l\000a\000\040\000e\000n\000\040\000c\000u\000a\000l\000q\000u\000i\000e\000r\000\040\000t\000i\000e\000m\000p\000o}{section.20}% 88
\BOOKMARK [2][-]{subsection.20.12}{\376\377\000P\000o\000r\000\040\000r\000e\000s\000o\000l\000v\000e\000r}{section.20}% 89
\BOOKMARK [2][-]{subsection.20.13}{\376\377\000T\000i\000e\000m\000p\000o\000s\000\040\000d\000e\000\040\000C\000i\000c\000l\000o\000\040\000e\000\040\000I\000n\000t\000e\000r\000v\000i\000s\000i\000t\000a}{section.20}% 90
\BOOKMARK [2][-]{subsection.20.14}{\376\377\000L\000o\000n\000g\000i\000t\000u\000d\000e\000s\000\040\000d\000e\000\040\000l\000a\000\040\000C\000o\000l\000a\000\040\000e\000n\000\040\000c\000u\000a\000l\000q\000u\000i\000e\000r\000\040\000t\000i\000e\000m\000p\000o}{section.20}% 91
\BOOKMARK [2][-]{subsection.20.15}{\376\377\000M\000a\000t\000e\000r\000i\000a\000l\000\040\000p\000o\000r\000\040\000a\000g\000r\000e\000g\000a\000r}{section.20}% 92
\BOOKMARK [2][-]{subsection.20.16}{\376\377\000P\000r\000o\000p\000i\000e\000d\000a\000d\000e\000s\000\040\000d\000e\000\040\000l\000o\000s\000\040\000P\000r\000o\000c\000e\000s\000o\000s\000\040\000d\000e\000\040\000R\000e\000n\000o\000v\000a\000c\000i\000\363\000n}{section.20}% 93
\BOOKMARK [1][-]{section.21}{\376\377\000P\000r\000e\000l\000i\000m\000i\000n\000a\000r\000e\000s\000:\000\040\000M\000o\000d\000e\000l\000o\000s\000\040\000d\000e\000\040\000F\000l\000u\000j\000o}{}% 94
\BOOKMARK [2][-]{subsection.21.1}{\376\377\000P\000r\000o\000c\000e\000s\000o\000s\000\040\000R\000e\000g\000e\000n\000e\000r\000a\000t\000i\000v\000o\000s}{section.21}% 95
\BOOKMARK [2][-]{subsection.21.2}{\376\377\000P\000r\000o\000c\000e\000s\000o\000s\000\040\000H\000a\000r\000r\000i\000s\000\040\000R\000e\000c\000u\000r\000r\000e\000n\000t\000e}{section.21}% 96
\BOOKMARK [2][-]{subsection.21.3}{\376\377\000M\000o\000d\000e\000l\000o\000\040\000d\000e\000\040\000F\000l\000u\000j\000o}{section.21}% 97
\BOOKMARK [2][-]{subsection.21.4}{\376\377\000P\000r\000o\000c\000e\000s\000o\000s\000\040\000d\000e\000\040\000E\000s\000t\000a\000d\000o\000s\000\040\000d\000e\000\040\000M\000a\000r\000k\000o\000v}{section.21}% 98
\BOOKMARK [2][-]{subsection.21.5}{\376\377\000T\000e\000o\000r\000\355\000a\000\040\000G\000e\000n\000e\000r\000a\000l\000\040\000d\000e\000\040\000P\000r\000o\000c\000e\000s\000o\000s\000\040\000E\000s\000t\000o\000c\000\341\000s\000t\000i\000c\000o\000s}{section.21}% 99
\BOOKMARK [2][-]{subsection.21.6}{\376\377\000P\000r\000o\000p\000i\000e\000d\000a\000d\000e\000s\000\040\000d\000e\000\040\000M\000a\000r\000k\000o\000v}{section.21}% 100
\BOOKMARK [2][-]{subsection.21.7}{\376\377\000P\000r\000i\000m\000e\000r\000\040\000C\000o\000n\000d\000i\000c\000i\000\363\000n\000\040\000d\000e\000\040\000R\000e\000g\000u\000l\000a\000r\000i\000d\000a\000d}{section.21}% 101
\BOOKMARK [2][-]{subsection.21.8}{\376\377\000C\000o\000n\000s\000t\000r\000u\000c\000c\000i\000\363\000n\000\040\000d\000e\000l\000\040\000M\000o\000d\000e\000l\000o\000\040\000d\000e\000\040\000F\000l\000u\000j\000o}{section.21}% 102
\BOOKMARK [2][-]{subsection.21.9}{\376\377\000E\000s\000t\000a\000b\000i\000l\000i\000d\000a\000d}{section.21}% 103
\BOOKMARK [2][-]{subsection.21.10}{\376\377\000P\000r\000o\000p\000i\000e\000d\000a\000d\000e\000s\000\040\000d\000e\000\040\000M\000a\000r\000k\000o\000v}{section.21}% 104
\BOOKMARK [2][-]{subsection.21.11}{\376\377\000P\000r\000i\000m\000e\000r\000\040\000C\000o\000n\000d\000i\000c\000i\000\363\000n\000\040\000d\000e\000\040\000R\000e\000g\000u\000l\000a\000r\000i\000d\000a\000d}{section.21}% 105
\BOOKMARK [2][-]{subsection.21.12}{\376\377\000P\000r\000o\000c\000e\000s\000o\000s\000\040\000F\000u\000e\000r\000t\000e\000\040\000d\000e\000\040\000M\000a\000r\000k\000o\000v}{section.21}% 106
\BOOKMARK [3][-]{subsubsection.21.12.1}{\376\377\000C\000o\000n\000s\000t\000r\000u\000c\000c\000i\000\363\000n\000\040\000d\000e\000\040\000u\000n\000\040\000P\000r\000o\000c\000e\000s\000o\000\040\000D\000e\000t\000e\000r\000m\000i\000n\000i\000s\000t\000a\000\040\000p\000o\000r\000\040\000p\000a\000r\000t\000e\000s\000,\000\040\000D\000a\000v\000i\000s\000\040\000D\000a\000v\000i\000s}{subsection.21.12}% 107
\BOOKMARK [2][-]{subsection.21.13}{\376\377\000P\000r\000o\000c\000e\000s\000o\000s\000\040\000H\000a\000r\000r\000i\000s\000\040\000R\000e\000c\000u\000r\000r\000e\000n\000t\000e\000s\000\040\000P\000o\000s\000i\000t\000i\000v\000o\000s}{section.21}% 108
\BOOKMARK [2][-]{subsection.21.14}{\376\377\000C\000o\000n\000s\000t\000r\000u\000c\000c\000i\000\363\000n\000\040\000d\000e\000\040\000u\000n\000\040\000M\000o\000d\000e\000l\000o\000\040\000d\000e\000\040\000F\000l\000u\000j\000o\000\040\000L\000\355\000m\000i\000t\000e}{section.21}% 109
\BOOKMARK [2][-]{subsection.21.15}{\376\377\000M\000o\000d\000e\000l\000o\000\040\000d\000e\000\040\000V\000i\000s\000i\000t\000a\000s\000\040\000C\000\355\000c\000l\000i\000c\000a\000s\000\040\000c\000o\000n\000\040\000u\000n\000\040\000S\000e\000r\000v\000i\000d\000o\000r\000:\000\040\000E\000s\000t\000a\000b\000i\000l\000i\000d\000a\000d}{section.21}% 110
\BOOKMARK [2][-]{subsection.21.16}{\376\377\000T\000e\000o\000r\000e\000m\000a\000\040\0002\000.\0001}{section.21}% 111
\BOOKMARK [2][-]{subsection.21.17}{\376\377\000T\000e\000o\000r\000e\000m\000a\000\040\0002\000.\0002}{section.21}% 112
\BOOKMARK [2][-]{subsection.21.18}{\376\377\000T\000e\000o\000r\000e\000m\000a\000\040\0002\000.\0003}{section.21}% 113
\BOOKMARK [2][-]{subsection.21.19}{\376\377\000D\000e\000f\000i\000n\000i\000c\000i\000o\000n\000e\000s\000\040\000B\000\341\000s\000i\000c\000a\000s}{section.21}% 114
\BOOKMARK [2][-]{subsection.21.20}{\376\377\000P\000r\000e\000l\000i\000m\000i\000n\000a\000r\000e\000s}{section.21}% 115
\BOOKMARK [2][-]{subsection.21.21}{\376\377\000P\000r\000o\000c\000e\000s\000o\000s\000\040\000H\000a\000r\000r\000i\000s\000\040\000R\000e\000c\000u\000r\000r\000e\000n\000t\000e}{section.21}% 116
\BOOKMARK [2][-]{subsection.21.22}{\376\377\000M\000o\000d\000e\000l\000o\000\040\000d\000e\000\040\000F\000l\000u\000j\000o}{section.21}% 117
\BOOKMARK [2][-]{subsection.21.23}{\376\377\000P\000r\000o\000c\000e\000s\000o\000s\000\040\000d\000e\000\040\000E\000s\000t\000a\000d\000o\000s\000\040\000d\000e\000\040\000M\000a\000r\000k\000o\000v}{section.21}% 118
\BOOKMARK [2][-]{subsection.21.24}{\376\377\000T\000e\000o\000r\000\355\000a\000\040\000G\000e\000n\000e\000r\000a\000l\000\040\000d\000e\000\040\000P\000r\000o\000c\000e\000s\000o\000s\000\040\000E\000s\000t\000o\000c\000\341\000s\000t\000i\000c\000o\000s}{section.21}% 119
\BOOKMARK [2][-]{subsection.21.25}{\376\377\000P\000r\000o\000p\000i\000e\000d\000a\000d\000e\000s\000\040\000d\000e\000\040\000M\000a\000r\000k\000o\000v}{section.21}% 120
\BOOKMARK [2][-]{subsection.21.26}{\376\377\000P\000r\000i\000m\000e\000r\000\040\000C\000o\000n\000d\000i\000c\000i\000\363\000n\000\040\000d\000e\000\040\000R\000e\000g\000u\000l\000a\000r\000i\000d\000a\000d}{section.21}% 121
\BOOKMARK [2][-]{subsection.21.27}{\376\377\000C\000o\000n\000s\000t\000r\000u\000c\000c\000i\000\363\000n\000\040\000d\000e\000l\000\040\000M\000o\000d\000e\000l\000o\000\040\000d\000e\000\040\000F\000l\000u\000j\000o}{section.21}% 122
\BOOKMARK [2][-]{subsection.21.28}{\376\377\000E\000s\000t\000a\000b\000i\000l\000i\000d\000a\000d}{section.21}% 123
\BOOKMARK [2][-]{subsection.21.29}{\376\377\000P\000r\000o\000p\000i\000e\000d\000a\000d\000e\000s\000\040\000d\000e\000\040\000M\000a\000r\000k\000o\000v}{section.21}% 124
\BOOKMARK [2][-]{subsection.21.30}{\376\377\000P\000r\000i\000m\000e\000r\000\040\000C\000o\000n\000d\000i\000c\000i\000\363\000n\000\040\000d\000e\000\040\000R\000e\000g\000u\000l\000a\000r\000i\000d\000a\000d}{section.21}% 125
\BOOKMARK [2][-]{subsection.21.31}{\376\377\000P\000r\000o\000c\000e\000s\000o\000s\000\040\000d\000e\000\040\000E\000s\000t\000a\000d\000o\000s\000\040\000M\000a\000r\000k\000o\000v\000i\000a\000n\000o\000\040\000p\000a\000r\000a\000\040\000e\000l\000\040\000S\000i\000s\000t\000e\000m\000a}{section.21}% 126
\BOOKMARK [2][-]{subsection.21.32}{\376\377\000P\000r\000o\000c\000e\000s\000o\000s\000\040\000F\000u\000e\000r\000t\000e\000\040\000d\000e\000\040\000M\000a\000r\000k\000o\000v}{section.21}% 127
\BOOKMARK [3][-]{subsubsection.21.32.1}{\376\377\000C\000o\000n\000s\000t\000r\000u\000c\000c\000i\000\363\000n\000\040\000d\000e\000\040\000u\000n\000\040\000P\000r\000o\000c\000e\000s\000o\000\040\000D\000e\000t\000e\000r\000m\000i\000n\000i\000s\000t\000a\000\040\000p\000o\000r\000\040\000p\000a\000r\000t\000e\000s\000,\000\040\000D\000a\000v\000i\000s\000\040\000D\000a\000v\000i\000s}{subsection.21.32}% 128
\BOOKMARK [2][-]{subsection.21.33}{\376\377\000P\000r\000o\000c\000e\000s\000o\000s\000\040\000H\000a\000r\000r\000i\000s\000\040\000R\000e\000c\000u\000r\000r\000e\000n\000t\000e\000s\000\040\000P\000o\000s\000i\000t\000i\000v\000o\000s}{section.21}% 129
\BOOKMARK [2][-]{subsection.21.34}{\376\377\000C\000o\000n\000s\000t\000r\000u\000c\000c\000i\000\363\000n\000\040\000d\000e\000\040\000u\000n\000\040\000M\000o\000d\000e\000l\000o\000\040\000d\000e\000\040\000F\000l\000u\000j\000o\000\040\000L\000\355\000m\000i\000t\000e}{section.21}% 130
\BOOKMARK [2][-]{subsection.21.35}{\376\377\000M\000o\000d\000e\000l\000o\000\040\000d\000e\000\040\000V\000i\000s\000i\000t\000a\000s\000\040\000C\000\355\000c\000l\000i\000c\000a\000s\000\040\000c\000o\000n\000\040\000u\000n\000\040\000S\000e\000r\000v\000i\000d\000o\000r\000:\000\040\000E\000s\000t\000a\000b\000i\000l\000i\000d\000a\000d}{section.21}% 131
\BOOKMARK [2][-]{subsection.21.36}{\376\377\000T\000e\000o\000r\000e\000m\000a\000\040\0002\000.\0001}{section.21}% 132
\BOOKMARK [2][-]{subsection.21.37}{\376\377\000T\000e\000o\000r\000e\000m\000a\000\040\0002\000.\0002}{section.21}% 133
\BOOKMARK [2][-]{subsection.21.38}{\376\377\000T\000e\000o\000r\000e\000m\000a\000\040\0002\000.\0003}{section.21}% 134
\BOOKMARK [2][-]{subsection.21.39}{\376\377\000D\000e\000f\000i\000n\000i\000c\000i\000o\000n\000e\000s\000\040\000B\000\341\000s\000i\000c\000a\000s}{section.21}% 135
\BOOKMARK [2][-]{subsection.21.40}{\376\377\000P\000r\000o\000c\000e\000s\000o\000\040\000d\000e\000\040\000E\000s\000t\000a\000d\000o\000s\000\040\000M\000a\000r\000k\000o\000v\000i\000a\000n\000o\000\040\000p\000a\000r\000a\000\040\000e\000l\000\040\000S\000i\000s\000t\000e\000m\000a}{section.21}% 136
\BOOKMARK [2][-]{subsection.21.41}{\376\377\000P\000r\000o\000c\000e\000s\000o\000s\000\040\000F\000u\000e\000r\000t\000e\000\040\000d\000e\000\040\000M\000a\000r\000k\000o\000v}{section.21}% 137
\BOOKMARK [2][-]{subsection.21.42}{\376\377\000P\000r\000o\000p\000i\000e\000d\000a\000d\000e\000s\000\040\000d\000e\000\040\000M\000a\000r\000k\000o\000v}{section.21}% 138
\BOOKMARK [2][-]{subsection.21.43}{\376\377\000P\000r\000i\000m\000e\000r\000\040\000C\000o\000n\000d\000i\000c\000i\000\363\000n\000\040\000d\000e\000\040\000R\000e\000g\000u\000l\000a\000r\000i\000d\000a\000d}{section.21}% 139
\BOOKMARK [2][-]{subsection.21.44}{\376\377\000P\000r\000o\000p\000i\000e\000d\000a\000d\000e\000s\000\040\000d\000e\000\040\000M\000a\000r\000k\000o\000v}{section.21}% 140
\BOOKMARK [2][-]{subsection.21.45}{\376\377\000P\000r\000i\000m\000e\000r\000\040\000C\000o\000n\000d\000i\000c\000i\000\363\000n\000\040\000d\000e\000\040\000R\000e\000g\000u\000l\000a\000r\000i\000d\000a\000d}{section.21}% 141
\BOOKMARK [2][-]{subsection.21.46}{\376\377\000S\000u\000p\000u\000e\000s\000t\000o\000s}{section.21}% 142
\BOOKMARK [3][-]{subsubsection.21.46.1}{\376\377\000S\000u\000p\000u\000e\000s\000t\000o\000s\000\040\000B\000\341\000s\000i\000c\000o\000s}{subsection.21.46}% 143
\BOOKMARK [2][-]{subsection.21.47}{\376\377\000P\000r\000o\000c\000e\000s\000o\000s\000\040\000H\000a\000r\000r\000i\000s\000\040\000R\000e\000c\000u\000r\000r\000e\000n\000t\000e}{section.21}% 144
\BOOKMARK [2][-]{subsection.21.48}{\376\377\000M\000o\000d\000e\000l\000o\000\040\000d\000e\000\040\000F\000l\000u\000j\000o}{section.21}% 145
\BOOKMARK [3][-]{subsubsection.21.48.1}{\376\377\000M\000o\000d\000e\000l\000o\000\040\000d\000e\000\040\000F\000l\000u\000j\000o\000\040\000y\000\040\000E\000s\000t\000a\000b\000i\000l\000i\000d\000a\000d}{subsection.21.48}% 146
\BOOKMARK [3][-]{subsubsection.21.48.2}{\376\377\000R\000e\000s\000u\000l\000t\000a\000d\000o\000s\000\040\000p\000r\000i\000n\000c\000i\000p\000a\000l\000e\000s}{subsection.21.48}% 147
\BOOKMARK [3][-]{subsubsection.21.48.3}{\376\377\000D\000e\000f\000i\000n\000i\000c\000i\000o\000n\000e\000s\000\040\000G\000e\000n\000e\000r\000a\000l\000e\000s}{subsection.21.48}% 148
\BOOKMARK [3][-]{subsubsection.21.48.4}{\376\377\000D\000e\000f\000i\000n\000i\000c\000i\000o\000n\000e\000s\000\040\000y\000\040\000D\000e\000s\000c\000r\000i\000p\000c\000i\000\363\000n\000\040\000d\000e\000l\000\040\000M\000o\000d\000e\000l\000o}{subsection.21.48}% 149
\BOOKMARK [3][-]{subsubsection.21.48.5}{\376\377\000P\000o\000l\000\355\000t\000i\000c\000a\000s\000\040\000d\000e\000\040\000S\000e\000r\000v\000i\000c\000i\000o}{subsection.21.48}% 150
\BOOKMARK [3][-]{subsubsection.21.48.6}{\376\377\000P\000r\000o\000c\000e\000s\000o\000\040\000d\000e\000\040\000E\000s\000t\000a\000d\000o\000s}{subsection.21.48}% 151
\BOOKMARK [3][-]{subsubsection.21.48.7}{\376\377\000I\000n\000t\000r\000o\000d\000u\000c\000c\000i\000\363\000n}{subsection.21.48}% 152
\BOOKMARK [3][-]{subsubsection.21.48.8}{\376\377\000C\000o\000l\000a\000s\000\040\000C\000\355\000c\000l\000i\000c\000a\000s}{subsection.21.48}% 153
\BOOKMARK [3][-]{subsubsection.21.48.9}{\376\377\000R\000e\000s\000u\000l\000t\000a\000d\000o\000s\000\040\000P\000r\000e\000v\000i\000o\000s}{subsection.21.48}% 154
\BOOKMARK [3][-]{subsubsection.21.48.10}{\376\377\000T\000e\000o\000r\000e\000m\000a\000\040\000d\000e\000\040\000E\000s\000t\000a\000b\000i\000l\000i\000d\000a\000d\000:\000\040\000D\000e\000s\000c\000r\000i\000p\000c\000i\000\363\000n}{subsection.21.48}% 155
\BOOKMARK [2][-]{subsection.21.49}{\376\377\000S\000u\000p\000u\000e\000s\000t\000o\000s}{section.21}% 156
\BOOKMARK [3][-]{subsubsection.21.49.1}{\376\377\000S\000u\000p\000u\000e\000s\000t\000o\000s\000\040\000B\000\341\000s\000i\000c\000o\000s}{subsection.21.49}% 157
\BOOKMARK [2][-]{subsection.21.50}{\376\377\000P\000r\000o\000c\000e\000s\000o\000s\000\040\000H\000a\000r\000r\000i\000s\000\040\000R\000e\000c\000u\000r\000r\000e\000n\000t\000e}{section.21}% 158
\BOOKMARK [2][-]{subsection.21.51}{\376\377\000M\000o\000d\000e\000l\000o\000\040\000d\000e\000\040\000F\000l\000u\000j\000o}{section.21}% 159
\BOOKMARK [2][-]{subsection.21.52}{\376\377\000M\000o\000d\000e\000l\000o\000\040\000d\000e\000\040\000F\000l\000u\000j\000o}{section.21}% 160
\BOOKMARK [2][-]{subsection.21.53}{\376\377\000E\000s\000t\000a\000b\000i\000l\000i\000d\000a\000d\000\040\000d\000e\000\040\000l\000o\000s\000\040\000S\000i\000s\000t\000e\000m\000a\000s\000\040\000d\000e\000\040\000V\000i\000s\000i\000t\000a\000s\000\040\000C\000\355\000c\000l\000i\000c\000a\000s}{section.21}% 161
\BOOKMARK [2][-]{subsection.21.54}{\376\377\000R\000e\000s\000u\000l\000t\000a\000d\000o\000s\000\040\000p\000r\000i\000n\000c\000i\000p\000a\000l\000e\000s}{section.21}% 162
\BOOKMARK [2][-]{subsection.21.55}{\376\377\000S\000u\000p\000u\000e\000s\000t\000o\000s}{section.21}% 163
\BOOKMARK [3][-]{subsubsection.21.55.1}{\376\377\000S\000u\000p\000u\000e\000s\000t\000o\000s\000\040\000B\000\341\000s\000i\000c\000o\000s}{subsection.21.55}% 164
\BOOKMARK [2][-]{subsection.21.56}{\376\377\000P\000r\000o\000c\000e\000s\000o\000s\000\040\000H\000a\000r\000r\000i\000s\000\040\000R\000e\000c\000u\000r\000r\000e\000n\000t\000e}{section.21}% 165
\BOOKMARK [2][-]{subsection.21.57}{\376\377\000M\000o\000d\000e\000l\000o\000\040\000d\000e\000\040\000F\000l\000u\000j\000o}{section.21}% 166
\BOOKMARK [2][-]{subsection.21.58}{\376\377\000S\000u\000p\000u\000e\000s\000t\000o\000s}{section.21}% 167
\BOOKMARK [3][-]{subsubsection.21.58.1}{\376\377\000S\000u\000p\000u\000e\000s\000t\000o\000s\000\040\000B\000\341\000s\000i\000c\000o\000s}{subsection.21.58}% 168
\BOOKMARK [2][-]{subsection.21.59}{\376\377\000P\000r\000o\000c\000e\000s\000o\000s\000\040\000H\000a\000r\000r\000i\000s\000\040\000R\000e\000c\000u\000r\000r\000e\000n\000t\000e}{section.21}% 169
\BOOKMARK [2][-]{subsection.21.60}{\376\377\000M\000o\000d\000e\000l\000o\000\040\000d\000e\000\040\000F\000l\000u\000j\000o}{section.21}% 170
\BOOKMARK [3][-]{subsubsection.21.60.1}{\376\377\000S\000u\000p\000u\000e\000s\000t\000o\000s\000\040\000B\000\341\000s\000i\000c\000o\000s}{subsection.21.60}% 171
\BOOKMARK [2][-]{subsection.21.61}{\376\377\000P\000r\000o\000c\000e\000s\000o\000s\000\040\000H\000a\000r\000r\000i\000s\000\040\000R\000e\000c\000u\000r\000r\000e\000n\000t\000e}{section.21}% 172
\BOOKMARK [2][-]{subsection.21.62}{\376\377\000M\000o\000d\000e\000l\000o\000\040\000d\000e\000\040\000F\000l\000u\000j\000o}{section.21}% 173
\BOOKMARK [2][-]{subsection.21.63}{\376\377\000S\000u\000p\000u\000e\000s\000t\000o\000s}{section.21}% 174
\BOOKMARK [3][-]{subsubsection.21.63.1}{\376\377\000S\000u\000p\000u\000e\000s\000t\000o\000s\000\040\000B\000\341\000s\000i\000c\000o\000s}{subsection.21.63}% 175
\BOOKMARK [2][-]{subsection.21.64}{\376\377\000P\000r\000o\000c\000e\000s\000o\000s\000\040\000H\000a\000r\000r\000i\000s\000\040\000R\000e\000c\000u\000r\000r\000e\000n\000t\000e}{section.21}% 176
\BOOKMARK [2][-]{subsection.21.65}{\376\377\000M\000o\000d\000e\000l\000o\000\040\000d\000e\000\040\000F\000l\000u\000j\000o}{section.21}% 177
\BOOKMARK [1][-]{section.22}{\376\377\000F\000u\000e\000r\000a\000\040\000d\000e\000\040\000t\000e\000m\000a}{}% 178
\BOOKMARK [2][-]{subsection.22.1}{\376\377\000T\000e\000o\000r\000e\000m\000a\000\040\000P\000r\000i\000n\000c\000i\000p\000a\000l\000\040\000d\000e\000\040\000R\000e\000n\000o\000v\000a\000c\000i\000\363\000n}{section.22}% 179
\BOOKMARK [2][-]{subsection.22.2}{\376\377\000P\000r\000o\000p\000i\000e\000d\000a\000d\000e\000s\000\040\000d\000e\000\040\000l\000o\000s\000\040\000P\000r\000o\000c\000e\000s\000o\000s\000\040\000d\000e\000\040\000R\000e\000n\000o\000v\000a\000c\000i\000\363\000n}{section.22}% 180
\BOOKMARK [2][-]{subsection.22.3}{\376\377\000P\000r\000o\000c\000e\000s\000o\000s\000\040\000d\000e\000\040\000R\000e\000n\000o\000v\000a\000c\000i\000\363\000n}{section.22}% 181
\BOOKMARK [2][-]{subsection.22.4}{\376\377\000R\000e\000n\000e\000w\000a\000l\000\040\000a\000n\000d\000\040\000R\000e\000g\000e\000n\000e\000r\000a\000t\000i\000v\000e\000\040\000P\000r\000o\000c\000e\000s\000s\000e\000s\000:\000\040\000S\000e\000r\000f\000o\000z\000o\000S\000e\000r\000f\000o\000z\000o}{section.22}% 182
\BOOKMARK [2][-]{subsection.22.5}{\376\377\000R\000e\000n\000e\000w\000a\000l\000\040\000a\000n\000d\000\040\000R\000e\000g\000e\000n\000e\000r\000a\000t\000i\000v\000e\000\040\000P\000r\000o\000c\000e\000s\000s\000e\000s\000:\000\040\000S\000e\000r\000f\000o\000z\000o\000S\000e\000r\000f\000o\000z\000o}{section.22}% 183
\BOOKMARK [2][-]{subsection.22.6}{\376\377\000P\000r\000o\000c\000e\000s\000o\000s\000\040\000R\000e\000g\000e\000n\000e\000r\000a\000t\000i\000v\000o\000s}{section.22}% 184
\BOOKMARK [2][-]{subsection.22.7}{\376\377\000P\000r\000o\000c\000e\000s\000o\000s\000\040\000R\000e\000g\000e\000n\000e\000r\000a\000t\000i\000v\000o\000s\000\040\000E\000s\000t\000a\000c\000i\000o\000n\000a\000r\000i\000o\000s\000\040\000-\000\040\000S\000t\000i\000d\000h\000a\000m\000\040\000S\000t\000i\000d\000h\000a\000m}{section.22}% 185
\BOOKMARK [1][-]{section.23}{\376\377\000D\000e\000\040\000n\000u\000e\000v\000o}{}% 186
\BOOKMARK [2][-]{subsection.23.1}{\376\377\000R\000e\000n\000e\000w\000a\000l\000\040\000a\000n\000d\000\040\000R\000e\000g\000e\000n\000e\000r\000a\000t\000i\000v\000e\000\040\000P\000r\000o\000c\000e\000s\000s\000e\000s\000:\000\040\000S\000e\000r\000f\000o\000z\000o\000S\000e\000r\000f\000o\000z\000o}{section.23}% 187
\BOOKMARK [2][-]{subsection.23.2}{\376\377\000P\000r\000o\000c\000e\000s\000o\000s\000\040\000R\000e\000g\000e\000n\000e\000r\000a\000t\000i\000v\000o\000s\000\040\000E\000s\000t\000a\000c\000i\000o\000n\000a\000r\000i\000o\000s\000\040\000-\000\040\000S\000t\000i\000d\000h\000a\000m\000\040\000S\000t\000i\000d\000h\000a\000m}{section.23}% 188
\BOOKMARK [2][-]{subsection.23.3}{\376\377\000P\000r\000o\000c\000e\000s\000o\000s\000\040\000R\000e\000g\000e\000n\000e\000r\000a\000t\000i\000v\000o\000s\000\040\000E\000s\000t\000a\000c\000i\000o\000n\000a\000r\000i\000o\000s\000\040\000-\000\040\000S\000t\000i\000d\000h\000a\000m\000\040\000S\000t\000i\000d\000h\000a\000m}{section.23}% 189
\BOOKMARK [2][-]{subsection.23.4}{\376\377\000P\000r\000o\000c\000e\000s\000o\000s\000\040\000R\000e\000g\000e\000n\000e\000r\000a\000t\000i\000v\000o\000s\000\040\000E\000s\000t\000a\000c\000i\000o\000n\000a\000r\000i\000o\000s\000\040\000-\000\040\000S\000t\000i\000d\000h\000a\000m\000\040\000S\000t\000i\000d\000h\000a\000m}{section.23}% 190
\BOOKMARK [2][-]{subsection.23.5}{\376\377\000P\000r\000o\000c\000e\000s\000o\000s\000\040\000d\000e\000\040\000R\000e\000n\000o\000v\000a\000c\000i\000\363\000n}{section.23}% 191
\BOOKMARK [2][-]{subsection.23.6}{\376\377\000T\000e\000o\000r\000e\000m\000a\000\040\000P\000r\000i\000n\000c\000i\000p\000a\000l\000\040\000d\000e\000\040\000R\000e\000n\000o\000v\000a\000c\000i\000\363\000n}{section.23}% 192
\BOOKMARK [2][-]{subsection.23.7}{\376\377\000F\000u\000n\000c\000i\000\363\000n\000\040\000d\000e\000\040\000R\000e\000n\000o\000v\000a\000c\000i\000\363\000n}{section.23}% 193
\BOOKMARK [2][-]{subsection.23.8}{\376\377\000P\000r\000o\000p\000i\000e\000d\000a\000d\000e\000s\000\040\000d\000e\000\040\000l\000o\000s\000\040\000P\000r\000o\000c\000e\000s\000o\000s\000\040\000d\000e\000\040\000R\000e\000n\000o\000v\000a\000c\000i\000\363\000n}{section.23}% 194
\BOOKMARK [2][-]{subsection.23.9}{\376\377\000F\000u\000n\000c\000i\000\363\000n\000\040\000d\000e\000\040\000R\000e\000n\000o\000v\000a\000c\000i\000\363\000n}{section.23}% 195
\BOOKMARK [2][-]{subsection.23.10}{\376\377\000P\000r\000o\000c\000e\000s\000o\000s\000\040\000d\000e\000\040\000R\000e\000n\000o\000v\000a\000c\000i\000\363\000n}{section.23}% 196
\BOOKMARK [2][-]{subsection.23.11}{\376\377\000P\000r\000o\000c\000e\000s\000o\000s\000\040\000R\000e\000g\000e\000n\000e\000r\000a\000t\000i\000v\000o\000s}{section.23}% 197
\BOOKMARK [2][-]{subsection.23.12}{\376\377\000P\000r\000o\000c\000e\000s\000o\000s\000\040\000d\000e\000\040\000R\000e\000n\000o\000v\000a\000c\000i\000\363\000n}{section.23}% 198
\BOOKMARK [2][-]{subsection.23.13}{\376\377\000T\000e\000o\000r\000e\000m\000a\000\040\000P\000r\000i\000n\000c\000i\000p\000a\000l\000\040\000d\000e\000\040\000R\000e\000n\000o\000v\000a\000c\000i\000\363\000n}{section.23}% 199
\BOOKMARK [2][-]{subsection.23.14}{\376\377\000F\000u\000n\000c\000i\000\363\000n\000\040\000d\000e\000\040\000R\000e\000n\000o\000v\000a\000c\000i\000\363\000n}{section.23}% 200
\BOOKMARK [2][-]{subsection.23.15}{\376\377\000F\000u\000n\000c\000i\000\363\000n\000\040\000d\000e\000\040\000R\000e\000n\000o\000v\000a\000c\000i\000\363\000n}{section.23}% 201
\BOOKMARK [2][-]{subsection.23.16}{\376\377\000P\000r\000o\000c\000e\000s\000o\000s\000\040\000d\000e\000\040\000R\000e\000n\000o\000v\000a\000c\000i\000\363\000n}{section.23}% 202
\BOOKMARK [2][-]{subsection.23.17}{\376\377\000P\000r\000o\000c\000e\000s\000o\000s\000\040\000R\000e\000g\000e\000n\000e\000r\000a\000t\000i\000v\000o\000s\000\040\000E\000s\000t\000a\000c\000i\000o\000n\000a\000r\000i\000o\000s\000\040\000-\000\040\000S\000t\000i\000d\000h\000a\000m\000\040\000S\000t\000i\000d\000h\000a\000m}{section.23}% 203
\BOOKMARK [2][-]{subsection.23.18}{\376\377\000O\000u\000t\000p\000u\000t\000\040\000P\000r\000o\000c\000e\000s\000s\000\040\000a\000n\000d\000\040\000R\000e\000g\000e\000n\000e\000r\000a\000t\000i\000v\000e\000\040\000P\000r\000o\000c\000e\000s\000s\000e\000s}{section.23}% 204
\BOOKMARK [2][-]{subsection.23.19}{\376\377\000P\000r\000o\000c\000e\000s\000o\000s\000\040\000R\000e\000g\000e\000n\000e\000r\000a\000t\000i\000v\000o\000s\000\040\000S\000i\000g\000m\000a\000n\000,\000\040\000T\000h\000o\000r\000i\000s\000s\000o\000n\000\040\000y\000\040\000W\000o\000l\000f\000f\000\040\000S\000i\000g\000m\000a\000n\0001}{section.23}% 205
\BOOKMARK [2][-]{subsection.23.20}{\376\377\000P\000r\000o\000c\000e\000s\000o\000s\000\040\000R\000e\000g\000e\000n\000e\000r\000a\000t\000i\000v\000o\000s\000\040\000S\000i\000g\000m\000a\000n\000,\000\040\000T\000h\000o\000r\000i\000s\000s\000o\000n\000\040\000y\000\040\000W\000o\000l\000f\000f\000\040\000S\000i\000g\000m\000a\000n\0002}{section.23}% 206
\BOOKMARK [2][-]{subsection.23.21}{\376\377\000P\000r\000o\000c\000e\000s\000o\000s\000\040\000R\000e\000g\000e\000n\000e\000r\000a\000t\000i\000v\000o\000s\000\040\000E\000s\000t\000a\000c\000i\000o\000n\000a\000r\000i\000o\000s\000\040\000-\000\040\000S\000t\000i\000d\000h\000a\000m\000\040\000S\000t\000i\000d\000h\000a\000m}{section.23}% 207
\BOOKMARK [2][-]{subsection.23.22}{\376\377\000P\000r\000o\000p\000i\000e\000d\000a\000d\000e\000s\000\040\000d\000e\000\040\000l\000o\000s\000\040\000P\000r\000o\000c\000e\000s\000o\000s\000\040\000d\000e\000\040\000R\000e\000n\000o\000v\000a\000c\000i\000\363\000n}{section.23}% 208
\BOOKMARK [2][-]{subsection.23.23}{\376\377\000F\000u\000n\000c\000i\000\363\000n\000\040\000d\000e\000\040\000R\000e\000n\000o\000v\000a\000c\000i\000\363\000n}{section.23}% 209
\BOOKMARK [2][-]{subsection.23.24}{\376\377\000R\000e\000n\000e\000w\000a\000l\000\040\000a\000n\000d\000\040\000R\000e\000g\000e\000n\000e\000r\000a\000t\000i\000v\000e\000\040\000P\000r\000o\000c\000e\000s\000s\000e\000s\000:\000\040\000S\000e\000r\000f\000o\000z\000o\000S\000e\000r\000f\000o\000z\000o}{section.23}% 210
\BOOKMARK [2][-]{subsection.23.25}{\376\377\000P\000r\000o\000c\000e\000s\000o\000s\000\040\000R\000e\000g\000e\000n\000e\000r\000a\000t\000i\000v\000o\000s}{section.23}% 211
\BOOKMARK [2][-]{subsection.23.26}{\376\377\000P\000u\000n\000t\000o\000s\000\040\000d\000e\000\040\000R\000e\000n\000o\000v\000a\000c\000i\000\363\000n}{section.23}% 212
\BOOKMARK [2][-]{subsection.23.27}{\376\377\000R\000e\000s\000u\000l\000t\000a\000d\000o\000s\000\040\000p\000a\000r\000a\000\040\000P\000r\000o\000c\000e\000s\000o\000s\000\040\000d\000e\000\040\000S\000a\000l\000i\000d\000a}{section.23}% 213
\BOOKMARK [2][-]{subsection.23.28}{\376\377\000P\000r\000o\000c\000e\000s\000o\000s\000\040\000R\000e\000g\000e\000n\000e\000r\000a\000t\000i\000v\000o\000s}{section.23}% 214
\BOOKMARK [2][-]{subsection.23.29}{\376\377\000R\000e\000n\000e\000w\000a\000l\000\040\000a\000n\000d\000\040\000R\000e\000g\000e\000n\000e\000r\000a\000t\000i\000v\000e\000\040\000P\000r\000o\000c\000e\000s\000s\000e\000s\000:\000\040\000S\000e\000r\000f\000o\000z\000o\000S\000e\000r\000f\000o\000z\000o}{section.23}% 215
\BOOKMARK [2][-]{subsection.23.30}{\376\377\000P\000r\000o\000c\000e\000s\000o\000s\000\040\000R\000e\000g\000e\000n\000e\000r\000a\000t\000i\000v\000o\000s}{section.23}% 216
\BOOKMARK [2][-]{subsection.23.31}{\376\377\000P\000r\000o\000c\000e\000s\000o\000s\000\040\000R\000e\000g\000e\000n\000e\000r\000a\000t\000i\000v\000o\000s}{section.23}% 217
\BOOKMARK [2][-]{subsection.23.32}{\376\377\000P\000r\000o\000c\000e\000s\000o\000s\000\040\000R\000e\000g\000e\000n\000e\000r\000a\000t\000i\000v\000o\000s\000\040\000E\000s\000t\000a\000c\000i\000o\000n\000a\000r\000i\000o\000s\000\040\000-\000\040\000S\000t\000i\000d\000h\000a\000m\000\040\000S\000t\000i\000d\000h\000a\000m}{section.23}% 218
\BOOKMARK [2][-]{subsection.23.33}{\376\377\000P\000r\000o\000c\000e\000s\000o\000s\000\040\000R\000e\000g\000e\000n\000e\000r\000a\000t\000i\000v\000o\000s\000\040\000E\000s\000t\000a\000c\000i\000o\000n\000a\000r\000i\000o\000s\000\040\000-\000\040\000S\000t\000i\000d\000h\000a\000m\000\040\000S\000t\000i\000d\000h\000a\000m}{section.23}% 219
\BOOKMARK [2][-]{subsection.23.34}{\376\377\000P\000r\000o\000p\000i\000e\000d\000a\000d\000e\000s\000\040\000d\000e\000\040\000l\000o\000s\000\040\000P\000r\000o\000c\000e\000s\000o\000s\000\040\000d\000e\000\040\000R\000e\000n\000o\000v\000a\000c\000i\000\363\000n}{section.23}% 220
\BOOKMARK [2][-]{subsection.23.35}{\376\377\000P\000r\000o\000p\000i\000e\000d\000a\000d\000e\000s\000\040\000d\000e\000\040\000l\000o\000s\000\040\000P\000r\000o\000c\000e\000s\000o\000s\000\040\000d\000e\000\040\000R\000e\000n\000o\000v\000a\000c\000i\000\363\000n}{section.23}% 221
\BOOKMARK [2][-]{subsection.23.36}{\376\377\000P\000r\000o\000p\000i\000e\000d\000a\000d\000e\000s\000\040\000d\000e\000\040\000l\000o\000s\000\040\000P\000r\000o\000c\000e\000s\000o\000s\000\040\000d\000e\000\040\000R\000e\000n\000o\000v\000a\000c\000i\000\363\000n}{section.23}% 222
\BOOKMARK [2][-]{subsection.23.37}{\376\377\000P\000r\000o\000p\000i\000e\000d\000a\000d\000e\000s\000\040\000d\000e\000\040\000l\000o\000s\000\040\000P\000r\000o\000c\000e\000s\000o\000s\000\040\000d\000e\000\040\000R\000e\000n\000o\000v\000a\000c\000i\000\363\000n}{section.23}% 223
\BOOKMARK [2][-]{subsection.23.38}{\376\377\000P\000r\000o\000c\000e\000s\000o\000s\000\040\000R\000e\000g\000e\000n\000e\000r\000a\000t\000i\000v\000o\000s\000\040\000E\000s\000t\000a\000c\000i\000o\000n\000a\000r\000i\000o\000s\000\040\000-\000\040\000S\000t\000i\000d\000h\000a\000m\000\040\000S\000t\000i\000d\000h\000a\000m}{section.23}% 224
\BOOKMARK [2][-]{subsection.23.39}{\376\377\000P\000r\000o\000c\000e\000s\000o\000s\000\040\000d\000e\000\040\000R\000e\000n\000o\000v\000a\000c\000i\000\363\000n}{section.23}% 225
\BOOKMARK [2][-]{subsection.23.40}{\376\377\000T\000e\000o\000r\000e\000m\000a\000\040\000P\000r\000i\000n\000c\000i\000p\000a\000l\000\040\000d\000e\000\040\000R\000e\000n\000o\000v\000a\000c\000i\000\363\000n}{section.23}% 226
\BOOKMARK [2][-]{subsection.23.41}{\376\377\000F\000u\000n\000c\000i\000\363\000n\000\040\000d\000e\000\040\000R\000e\000n\000o\000v\000a\000c\000i\000\363\000n}{section.23}% 227
\BOOKMARK [2][-]{subsection.23.42}{\376\377\000P\000r\000o\000p\000i\000e\000d\000a\000d\000e\000s\000\040\000d\000e\000\040\000l\000o\000s\000\040\000P\000r\000o\000c\000e\000s\000o\000s\000\040\000d\000e\000\040\000R\000e\000n\000o\000v\000a\000c\000i\000\363\000n}{section.23}% 228
\BOOKMARK [2][-]{subsection.23.43}{\376\377\000F\000u\000n\000c\000i\000\363\000n\000\040\000d\000e\000\040\000R\000e\000n\000o\000v\000a\000c\000i\000\363\000n}{section.23}% 229
\BOOKMARK [2][-]{subsection.23.44}{\376\377\000P\000u\000n\000t\000o\000s\000\040\000d\000e\000\040\000R\000e\000n\000o\000v\000a\000c\000i\000\363\000n}{section.23}% 230
\BOOKMARK [2][-]{subsection.23.45}{\376\377\000R\000e\000s\000u\000l\000t\000a\000d\000o\000s\000\040\000p\000a\000r\000a\000\040\000P\000r\000o\000c\000e\000s\000o\000s\000\040\000d\000e\000\040\000S\000a\000l\000i\000d\000a}{section.23}% 231
\BOOKMARK [2][-]{subsection.23.46}{\376\377\000P\000r\000o\000c\000e\000s\000o\000s\000\040\000R\000e\000g\000e\000n\000e\000r\000a\000t\000i\000v\000o\000s}{section.23}% 232
\BOOKMARK [2][-]{subsection.23.47}{\376\377\000R\000e\000n\000e\000w\000a\000l\000\040\000a\000n\000d\000\040\000R\000e\000g\000e\000n\000e\000r\000a\000t\000i\000v\000e\000\040\000P\000r\000o\000c\000e\000s\000s\000e\000s\000:\000\040\000S\000e\000r\000f\000o\000z\000o\000S\000e\000r\000f\000o\000z\000o}{section.23}% 233
\BOOKMARK [2][-]{subsection.23.48}{\376\377\000P\000r\000o\000c\000e\000s\000o\000s\000\040\000R\000e\000g\000e\000n\000e\000r\000a\000t\000i\000v\000o\000s}{section.23}% 234
\BOOKMARK [2][-]{subsection.23.49}{\376\377\000P\000r\000o\000c\000e\000s\000o\000s\000\040\000R\000e\000g\000e\000n\000e\000r\000a\000t\000i\000v\000o\000s}{section.23}% 235
\BOOKMARK [2][-]{subsection.23.50}{\376\377\000P\000r\000o\000c\000e\000s\000o\000s\000\040\000R\000e\000g\000e\000n\000e\000r\000a\000t\000i\000v\000o\000s\000\040\000E\000s\000t\000a\000c\000i\000o\000n\000a\000r\000i\000o\000s\000\040\000-\000\040\000S\000t\000i\000d\000h\000a\000m\000\040\000S\000t\000i\000d\000h\000a\000m}{section.23}% 236
\BOOKMARK [2][-]{subsection.23.51}{\376\377\000P\000r\000o\000c\000e\000s\000o\000s\000\040\000R\000e\000g\000e\000n\000e\000r\000a\000t\000i\000v\000o\000s\000\040\000E\000s\000t\000a\000c\000i\000o\000n\000a\000r\000i\000o\000s\000\040\000-\000\040\000S\000t\000i\000d\000h\000a\000m\000\040\000S\000t\000i\000d\000h\000a\000m}{section.23}% 237
\BOOKMARK [2][-]{subsection.23.52}{\376\377\000P\000r\000o\000p\000i\000e\000d\000a\000d\000e\000s\000\040\000d\000e\000\040\000l\000o\000s\000\040\000P\000r\000o\000c\000e\000s\000o\000s\000\040\000d\000e\000\040\000R\000e\000n\000o\000v\000a\000c\000i\000\363\000n}{section.23}% 238
\BOOKMARK [2][-]{subsection.23.53}{\376\377\000P\000r\000o\000p\000i\000e\000d\000a\000d\000e\000s\000\040\000d\000e\000\040\000l\000o\000s\000\040\000P\000r\000o\000c\000e\000s\000o\000s\000\040\000d\000e\000\040\000R\000e\000n\000o\000v\000a\000c\000i\000\363\000n}{section.23}% 239
\BOOKMARK [2][-]{subsection.23.54}{\376\377\000P\000r\000o\000c\000e\000s\000o\000s\000\040\000R\000e\000g\000e\000n\000e\000r\000a\000t\000i\000v\000o\000s\000\040\000E\000s\000t\000a\000c\000i\000o\000n\000a\000r\000i\000o\000s\000\040\000-\000\040\000S\000t\000i\000d\000h\000a\000m\000\040\000S\000t\000i\000d\000h\000a\000m}{section.23}% 240
\BOOKMARK [2][-]{subsection.23.55}{\376\377\000P\000r\000o\000c\000e\000s\000o\000s\000\040\000d\000e\000\040\000R\000e\000n\000o\000v\000a\000c\000i\000\363\000n}{section.23}% 241
\BOOKMARK [2][-]{subsection.23.56}{\376\377\000T\000e\000o\000r\000e\000m\000a\000\040\000P\000r\000i\000n\000c\000i\000p\000a\000l\000\040\000d\000e\000\040\000R\000e\000n\000o\000v\000a\000c\000i\000\363\000n}{section.23}% 242
\BOOKMARK [2][-]{subsection.23.57}{\376\377\000F\000u\000n\000c\000i\000\363\000n\000\040\000d\000e\000\040\000R\000e\000n\000o\000v\000a\000c\000i\000\363\000n}{section.23}% 243
\BOOKMARK [2][-]{subsection.23.58}{\376\377\000P\000r\000o\000p\000i\000e\000d\000a\000d\000e\000s\000\040\000d\000e\000\040\000l\000o\000s\000\040\000P\000r\000o\000c\000e\000s\000o\000s\000\040\000d\000e\000\040\000R\000e\000n\000o\000v\000a\000c\000i\000\363\000n}{section.23}% 244
\BOOKMARK [2][-]{subsection.23.59}{\376\377\000F\000u\000n\000c\000i\000\363\000n\000\040\000d\000e\000\040\000R\000e\000n\000o\000v\000a\000c\000i\000\363\000n}{section.23}% 245
\BOOKMARK [2][-]{subsection.23.60}{\376\377\000P\000r\000o\000c\000e\000s\000o\000s\000\040\000d\000e\000\040\000R\000e\000n\000o\000v\000a\000c\000i\000\363\000n}{section.23}% 246
\BOOKMARK [2][-]{subsection.23.61}{\376\377\000P\000u\000n\000t\000o\000s\000\040\000d\000e\000\040\000R\000e\000n\000o\000v\000a\000c\000i\000\363\000n}{section.23}% 247
\BOOKMARK [2][-]{subsection.23.62}{\376\377\000R\000e\000s\000u\000l\000t\000a\000d\000o\000s\000\040\000p\000a\000r\000a\000\040\000P\000r\000o\000c\000e\000s\000o\000s\000\040\000d\000e\000\040\000S\000a\000l\000i\000d\000a}{section.23}% 248
\BOOKMARK [2][-]{subsection.23.63}{\376\377\000P\000r\000o\000c\000e\000s\000o\000s\000\040\000R\000e\000g\000e\000n\000e\000r\000a\000t\000i\000v\000o\000s}{section.23}% 249
\BOOKMARK [2][-]{subsection.23.64}{\376\377\000P\000r\000o\000c\000e\000s\000o\000s\000\040\000R\000e\000g\000e\000n\000e\000r\000a\000t\000i\000v\000o\000s\000\040\000S\000i\000g\000m\000a\000n\000,\000\040\000T\000h\000o\000r\000i\000s\000s\000o\000n\000\040\000y\000\040\000W\000o\000l\000f\000f\000\040\000S\000i\000g\000m\000a\000n\0001}{section.23}% 250
\BOOKMARK [2][-]{subsection.23.65}{\376\377\000P\000r\000o\000c\000e\000s\000o\000s\000\040\000R\000e\000g\000e\000n\000e\000r\000a\000t\000i\000v\000o\000s\000\040\000E\000s\000t\000a\000c\000i\000o\000n\000a\000r\000i\000o\000s\000\040\000-\000\040\000S\000t\000i\000d\000h\000a\000m\000\040\000S\000t\000i\000d\000h\000a\000m}{section.23}% 251
\BOOKMARK [2][-]{subsection.23.66}{\376\377\000P\000r\000o\000c\000e\000s\000o\000s\000\040\000d\000e\000\040\000R\000e\000n\000o\000v\000a\000c\000i\000\363\000n}{section.23}% 252
\BOOKMARK [2][-]{subsection.23.67}{\376\377\000P\000r\000o\000p\000i\000e\000d\000a\000d\000e\000s\000\040\000d\000e\000\040\000l\000o\000s\000\040\000P\000r\000o\000c\000e\000s\000o\000s\000\040\000d\000e\000\040\000R\000e\000n\000o\000v\000a\000c\000i\000\363\000n}{section.23}% 253
\BOOKMARK [2][-]{subsection.23.68}{\376\377\000P\000r\000o\000p\000i\000e\000d\000a\000d\000e\000s\000\040\000d\000e\000\040\000l\000o\000s\000\040\000P\000r\000o\000c\000e\000s\000o\000s\000\040\000d\000e\000\040\000R\000e\000n\000o\000v\000a\000c\000i\000\363\000n}{section.23}% 254
\BOOKMARK [2][-]{subsection.23.69}{\376\377\000P\000r\000o\000p\000i\000e\000d\000a\000d\000e\000s\000\040\000d\000e\000\040\000l\000o\000s\000\040\000P\000r\000o\000c\000e\000s\000o\000s\000\040\000d\000e\000\040\000R\000e\000n\000o\000v\000a\000c\000i\000\363\000n}{section.23}% 255
\BOOKMARK [2][-]{subsection.23.70}{\376\377\000P\000r\000o\000p\000i\000e\000d\000a\000d\000e\000s\000\040\000d\000e\000\040\000l\000o\000s\000\040\000P\000r\000o\000c\000e\000s\000o\000s\000\040\000d\000e\000\040\000R\000e\000n\000o\000v\000a\000c\000i\000\363\000n}{section.23}% 256
\BOOKMARK [2][-]{subsection.23.71}{\376\377\000P\000r\000o\000p\000i\000e\000d\000a\000d\000e\000s\000\040\000d\000e\000\040\000l\000o\000s\000\040\000P\000r\000o\000c\000e\000s\000o\000s\000\040\000d\000e\000\040\000R\000e\000n\000o\000v\000a\000c\000i\000\363\000n}{section.23}% 257
\BOOKMARK [2][-]{subsection.23.72}{\376\377\000F\000u\000n\000c\000i\000\363\000n\000\040\000d\000e\000\040\000R\000e\000n\000o\000v\000a\000c\000i\000\363\000n}{section.23}% 258
\BOOKMARK [2][-]{subsection.23.73}{\376\377\000F\000u\000n\000c\000i\000\363\000n\000\040\000d\000e\000\040\000R\000e\000n\000o\000v\000a\000c\000i\000\363\000n}{section.23}% 259
\BOOKMARK [2][-]{subsection.23.74}{\376\377\000P\000r\000o\000c\000e\000s\000o\000s\000\040\000d\000e\000\040\000R\000e\000n\000o\000v\000a\000c\000i\000\363\000n}{section.23}% 260
\BOOKMARK [2][-]{subsection.23.75}{\376\377\000P\000r\000o\000c\000e\000s\000o\000s\000\040\000R\000e\000g\000e\000n\000e\000r\000a\000t\000i\000v\000o\000s}{section.23}% 261
\BOOKMARK [2][-]{subsection.23.76}{\376\377\000P\000r\000o\000c\000e\000s\000o\000s\000\040\000R\000e\000g\000e\000n\000e\000r\000a\000t\000i\000v\000o\000s}{section.23}% 262
\BOOKMARK [2][-]{subsection.23.77}{\376\377\000P\000r\000o\000c\000e\000s\000o\000s\000\040\000R\000e\000g\000e\000n\000e\000r\000a\000t\000i\000v\000o\000s\000\040\000E\000s\000t\000a\000c\000i\000o\000n\000a\000r\000i\000o\000s\000\040\000-\000\040\000S\000t\000i\000d\000h\000a\000m\000\040\000S\000t\000i\000d\000h\000a\000m}{section.23}% 263
\BOOKMARK [2][-]{subsection.23.78}{\376\377\000E\000x\000i\000s\000t\000e\000n\000c\000i\000a\000\040\000d\000e\000\040\000T\000i\000e\000m\000p\000o\000s\000\040\000d\000e\000\040\000R\000e\000g\000e\000n\000e\000r\000a\000c\000i\000\363\000n}{section.23}% 264
\BOOKMARK [2][-]{subsection.23.79}{\376\377\000P\000r\000o\000c\000e\000s\000o\000s\000\040\000R\000e\000g\000e\000n\000e\000r\000a\000t\000i\000v\000o\000s\000:\000\040\000T\000h\000o\000r\000i\000s\000s\000o\000n}{section.23}% 265
\BOOKMARK [2][-]{subsection.23.80}{\376\377\000P\000r\000o\000c\000e\000s\000o\000s\000\040\000R\000e\000g\000e\000n\000e\000r\000a\000t\000i\000v\000o\000s}{section.23}% 266
\BOOKMARK [2][-]{subsection.23.81}{\376\377\000P\000r\000o\000c\000e\000s\000o\000s\000\040\000R\000e\000g\000e\000n\000e\000r\000a\000t\000i\000v\000o\000s\000\040\000S\000i\000g\000m\000a\000n\000,\000\040\000T\000h\000o\000r\000i\000s\000s\000o\000n\000\040\000y\000\040\000W\000o\000l\000f\000f\000\040\000S\000i\000g\000m\000a\000n\0002}{section.23}% 267
\BOOKMARK [2][-]{subsection.23.82}{\376\377\000P\000r\000o\000c\000e\000s\000o\000s\000\040\000R\000e\000g\000e\000n\000e\000r\000a\000t\000i\000v\000o\000s\000\040\000E\000s\000t\000a\000c\000i\000o\000n\000a\000r\000i\000o\000s\000\040\000-\000\040\000S\000t\000i\000d\000h\000a\000m\000\040\000S\000t\000i\000d\000h\000a\000m}{section.23}% 268
\BOOKMARK [2][-]{subsection.23.83}{\376\377\000P\000r\000o\000c\000e\000s\000o\000s\000\040\000d\000e\000\040\000R\000e\000n\000o\000v\000a\000c\000i\000\363\000n}{section.23}% 269
\BOOKMARK [2][-]{subsection.23.84}{\376\377\000T\000e\000o\000r\000e\000m\000a\000\040\000P\000r\000i\000n\000c\000i\000p\000a\000l\000\040\000d\000e\000\040\000R\000e\000n\000o\000v\000a\000c\000i\000\363\000n}{section.23}% 270
\BOOKMARK [2][-]{subsection.23.85}{\376\377\000P\000r\000o\000p\000i\000e\000d\000a\000d\000e\000s\000\040\000d\000e\000\040\000l\000o\000s\000\040\000P\000r\000o\000c\000e\000s\000o\000s\000\040\000d\000e\000\040\000R\000e\000n\000o\000v\000a\000c\000i\000\363\000n}{section.23}% 271
\BOOKMARK [2][-]{subsection.23.86}{\376\377\000P\000r\000o\000p\000i\000e\000d\000a\000d\000e\000s\000\040\000d\000e\000\040\000l\000o\000s\000\040\000P\000r\000o\000c\000e\000s\000o\000s\000\040\000d\000e\000\040\000R\000e\000n\000o\000v\000a\000c\000i\000\363\000n}{section.23}% 272
\BOOKMARK [2][-]{subsection.23.87}{\376\377\000P\000r\000o\000p\000i\000e\000d\000a\000d\000e\000s\000\040\000d\000e\000\040\000l\000o\000s\000\040\000P\000r\000o\000c\000e\000s\000o\000s\000\040\000d\000e\000\040\000R\000e\000n\000o\000v\000a\000c\000i\000\363\000n}{section.23}% 273
\BOOKMARK [2][-]{subsection.23.88}{\376\377\000P\000r\000o\000p\000i\000e\000d\000a\000d\000e\000s\000\040\000d\000e\000\040\000l\000o\000s\000\040\000P\000r\000o\000c\000e\000s\000o\000s\000\040\000d\000e\000\040\000R\000e\000n\000o\000v\000a\000c\000i\000\363\000n}{section.23}% 274
\BOOKMARK [2][-]{subsection.23.89}{\376\377\000P\000r\000o\000p\000i\000e\000d\000a\000d\000e\000s\000\040\000d\000e\000\040\000l\000o\000s\000\040\000P\000r\000o\000c\000e\000s\000o\000s\000\040\000d\000e\000\040\000R\000e\000n\000o\000v\000a\000c\000i\000\363\000n}{section.23}% 275
\BOOKMARK [2][-]{subsection.23.90}{\376\377\000F\000u\000n\000c\000i\000\363\000n\000\040\000d\000e\000\040\000R\000e\000n\000o\000v\000a\000c\000i\000\363\000n}{section.23}% 276
\BOOKMARK [2][-]{subsection.23.91}{\376\377\000F\000u\000n\000c\000i\000\363\000n\000\040\000d\000e\000\040\000R\000e\000n\000o\000v\000a\000c\000i\000\363\000n}{section.23}% 277
\BOOKMARK [2][-]{subsection.23.92}{\376\377\000P\000r\000o\000c\000e\000s\000o\000s\000\040\000d\000e\000\040\000R\000e\000n\000o\000v\000a\000c\000i\000\363\000n}{section.23}% 278
\BOOKMARK [2][-]{subsection.23.93}{\376\377\000R\000e\000n\000e\000w\000a\000l\000\040\000a\000n\000d\000\040\000R\000e\000g\000e\000n\000e\000r\000a\000t\000i\000v\000e\000\040\000P\000r\000o\000c\000e\000s\000s\000e\000s\000:\000\040\000S\000e\000r\000f\000o\000z\000o\000S\000e\000r\000f\000o\000z\000o}{section.23}% 279
\BOOKMARK [2][-]{subsection.23.94}{\376\377\000P\000r\000o\000c\000e\000s\000o\000s\000\040\000R\000e\000g\000e\000n\000e\000r\000a\000t\000i\000v\000o\000s}{section.23}% 280
\BOOKMARK [2][-]{subsection.23.95}{\376\377\000P\000u\000n\000t\000o\000s\000\040\000d\000e\000\040\000R\000e\000n\000o\000v\000a\000c\000i\000\363\000n}{section.23}% 281
\BOOKMARK [2][-]{subsection.23.96}{\376\377\000R\000e\000s\000u\000l\000t\000a\000d\000o\000s\000\040\000p\000a\000r\000a\000\040\000P\000r\000o\000c\000e\000s\000o\000s\000\040\000d\000e\000\040\000S\000a\000l\000i\000d\000a}{section.23}% 282
\BOOKMARK [2][-]{subsection.23.97}{\376\377\000P\000r\000o\000c\000e\000s\000o\000s\000\040\000R\000e\000g\000e\000n\000e\000r\000a\000t\000i\000v\000o\000s}{section.23}% 283
\BOOKMARK [2][-]{subsection.23.98}{\376\377\000R\000e\000n\000e\000w\000a\000l\000\040\000a\000n\000d\000\040\000R\000e\000g\000e\000n\000e\000r\000a\000t\000i\000v\000e\000\040\000P\000r\000o\000c\000e\000s\000s\000e\000s\000:\000\040\000S\000e\000r\000f\000o\000z\000o\000S\000e\000r\000f\000o\000z\000o}{section.23}% 284
\BOOKMARK [2][-]{subsection.23.99}{\376\377\000P\000r\000o\000c\000e\000s\000o\000s\000\040\000R\000e\000g\000e\000n\000e\000r\000a\000t\000i\000v\000o\000s}{section.23}% 285
\BOOKMARK [2][-]{subsection.23.100}{\376\377\000P\000r\000o\000c\000e\000s\000o\000s\000\040\000R\000e\000g\000e\000n\000e\000r\000a\000t\000i\000v\000o\000s}{section.23}% 286
\BOOKMARK [2][-]{subsection.23.101}{\376\377\000P\000r\000o\000c\000e\000s\000o\000s\000\040\000R\000e\000g\000e\000n\000e\000r\000a\000t\000i\000v\000o\000s\000\040\000E\000s\000t\000a\000c\000i\000o\000n\000a\000r\000i\000o\000s\000\040\000-\000\040\000S\000t\000i\000d\000h\000a\000m\000\040\000S\000t\000i\000d\000h\000a\000m}{section.23}% 287
\BOOKMARK [2][-]{subsection.23.102}{\376\377\000P\000r\000o\000c\000e\000s\000o\000s\000\040\000R\000e\000g\000e\000n\000e\000r\000a\000t\000i\000v\000o\000s\000\040\000E\000s\000t\000a\000c\000i\000o\000n\000a\000r\000i\000o\000s\000\040\000-\000\040\000S\000t\000i\000d\000h\000a\000m\000\040\000S\000t\000i\000d\000h\000a\000m}{section.23}% 288
\BOOKMARK [2][-]{subsection.23.103}{\376\377\000P\000r\000o\000p\000i\000e\000d\000a\000d\000e\000s\000\040\000d\000e\000\040\000l\000o\000s\000\040\000P\000r\000o\000c\000e\000s\000o\000s\000\040\000d\000e\000\040\000R\000e\000n\000o\000v\000a\000c\000i\000\363\000n}{section.23}% 289
\BOOKMARK [2][-]{subsection.23.104}{\376\377\000P\000r\000o\000p\000i\000e\000d\000a\000d\000e\000s\000\040\000d\000e\000\040\000l\000o\000s\000\040\000P\000r\000o\000c\000e\000s\000o\000s\000\040\000d\000e\000\040\000R\000e\000n\000o\000v\000a\000c\000i\000\363\000n}{section.23}% 290
\BOOKMARK [2][-]{subsection.23.105}{\376\377\000P\000r\000o\000p\000i\000e\000d\000a\000d\000e\000s\000\040\000d\000e\000\040\000l\000o\000s\000\040\000P\000r\000o\000c\000e\000s\000o\000s\000\040\000d\000e\000\040\000R\000e\000n\000o\000v\000a\000c\000i\000\363\000n}{section.23}% 291
\BOOKMARK [2][-]{subsection.23.106}{\376\377\000P\000r\000o\000p\000i\000e\000d\000a\000d\000e\000s\000\040\000d\000e\000\040\000l\000o\000s\000\040\000P\000r\000o\000c\000e\000s\000o\000s\000\040\000d\000e\000\040\000R\000e\000n\000o\000v\000a\000c\000i\000\363\000n}{section.23}% 292
\BOOKMARK [2][-]{subsection.23.107}{\376\377\000P\000r\000o\000c\000e\000s\000o\000s\000\040\000R\000e\000g\000e\000n\000e\000r\000a\000t\000i\000v\000o\000s\000\040\000E\000s\000t\000a\000c\000i\000o\000n\000a\000r\000i\000o\000s\000\040\000-\000\040\000S\000t\000i\000d\000h\000a\000m\000\040\000S\000t\000i\000d\000h\000a\000m}{section.23}% 293
\BOOKMARK [2][-]{subsection.23.108}{\376\377\000P\000r\000o\000c\000e\000s\000o\000s\000\040\000d\000e\000\040\000R\000e\000n\000o\000v\000a\000c\000i\000\363\000n}{section.23}% 294
\BOOKMARK [2][-]{subsection.23.109}{\376\377\000T\000e\000o\000r\000e\000m\000a\000\040\000P\000r\000i\000n\000c\000i\000p\000a\000l\000\040\000d\000e\000\040\000R\000e\000n\000o\000v\000a\000c\000i\000\363\000n}{section.23}% 295
\BOOKMARK [2][-]{subsection.23.110}{\376\377\000F\000u\000n\000c\000i\000\363\000n\000\040\000d\000e\000\040\000R\000e\000n\000o\000v\000a\000c\000i\000\363\000n}{section.23}% 296
\BOOKMARK [2][-]{subsection.23.111}{\376\377\000P\000r\000o\000p\000i\000e\000d\000a\000d\000e\000s\000\040\000d\000e\000\040\000l\000o\000s\000\040\000P\000r\000o\000c\000e\000s\000o\000s\000\040\000d\000e\000\040\000R\000e\000n\000o\000v\000a\000c\000i\000\363\000n}{section.23}% 297
\BOOKMARK [2][-]{subsection.23.112}{\376\377\000F\000u\000n\000c\000i\000\363\000n\000\040\000d\000e\000\040\000R\000e\000n\000o\000v\000a\000c\000i\000\363\000n}{section.23}% 298
\BOOKMARK [2][-]{subsection.23.113}{\376\377\000P\000r\000o\000c\000e\000s\000o\000s\000\040\000d\000e\000\040\000R\000e\000n\000o\000v\000a\000c\000i\000\363\000n}{section.23}% 299
\BOOKMARK [2][-]{subsection.23.114}{\376\377\000P\000u\000n\000t\000o\000s\000\040\000d\000e\000\040\000R\000e\000n\000o\000v\000a\000c\000i\000\363\000n}{section.23}% 300
\BOOKMARK [2][-]{subsection.23.115}{\376\377\000R\000e\000s\000u\000l\000t\000a\000d\000o\000s\000\040\000p\000a\000r\000a\000\040\000P\000r\000o\000c\000e\000s\000o\000s\000\040\000d\000e\000\040\000S\000a\000l\000i\000d\000a}{section.23}% 301
\BOOKMARK [2][-]{subsection.23.116}{\376\377\000P\000r\000o\000c\000e\000s\000o\000s\000\040\000R\000e\000g\000e\000n\000e\000r\000a\000t\000i\000v\000o\000s}{section.23}% 302
\BOOKMARK [2][-]{subsection.23.117}{\376\377\000R\000e\000n\000e\000w\000a\000l\000\040\000a\000n\000d\000\040\000R\000e\000g\000e\000n\000e\000r\000a\000t\000i\000v\000e\000\040\000P\000r\000o\000c\000e\000s\000s\000e\000s\000:\000\040\000S\000e\000r\000f\000o\000z\000o\000S\000e\000r\000f\000o\000z\000o}{section.23}% 303
\BOOKMARK [2][-]{subsection.23.118}{\376\377\000P\000r\000o\000c\000e\000s\000o\000s\000\040\000R\000e\000g\000e\000n\000e\000r\000a\000t\000i\000v\000o\000s}{section.23}% 304
\BOOKMARK [2][-]{subsection.23.119}{\376\377\000P\000r\000o\000c\000e\000s\000o\000s\000\040\000R\000e\000g\000e\000n\000e\000r\000a\000t\000i\000v\000o\000s}{section.23}% 305
\BOOKMARK [2][-]{subsection.23.120}{\376\377\000P\000r\000o\000p\000i\000e\000d\000a\000d\000e\000s\000\040\000d\000e\000\040\000l\000o\000s\000\040\000P\000r\000o\000c\000e\000s\000o\000s\000\040\000d\000e\000\040\000R\000e\000n\000o\000v\000a\000c\000i\000\363\000n}{section.23}% 306
\BOOKMARK [2][-]{subsection.23.121}{\376\377\000P\000r\000o\000p\000i\000e\000d\000a\000d\000e\000s\000\040\000d\000e\000\040\000l\000o\000s\000\040\000P\000r\000o\000c\000e\000s\000o\000s\000\040\000d\000e\000\040\000R\000e\000n\000o\000v\000a\000c\000i\000\363\000n}{section.23}% 307
\BOOKMARK [2][-]{subsection.23.122}{\376\377\000P\000r\000o\000c\000e\000s\000o\000s\000\040\000R\000e\000g\000e\000n\000e\000r\000a\000t\000i\000v\000o\000s\000\040\000E\000s\000t\000a\000c\000i\000o\000n\000a\000r\000i\000o\000s\000\040\000-\000\040\000S\000t\000i\000d\000h\000a\000m\000\040\000S\000t\000i\000d\000h\000a\000m}{section.23}% 308
\BOOKMARK [2][-]{subsection.23.123}{\376\377\000P\000r\000o\000c\000e\000s\000o\000s\000\040\000d\000e\000\040\000R\000e\000n\000o\000v\000a\000c\000i\000\363\000n}{section.23}% 309
\BOOKMARK [2][-]{subsection.23.124}{\376\377\000T\000e\000o\000r\000e\000m\000a\000\040\000P\000r\000i\000n\000c\000i\000p\000a\000l\000\040\000d\000e\000\040\000R\000e\000n\000o\000v\000a\000c\000i\000\363\000n}{section.23}% 310
\BOOKMARK [2][-]{subsection.23.125}{\376\377\000F\000u\000n\000c\000i\000\363\000n\000\040\000d\000e\000\040\000R\000e\000n\000o\000v\000a\000c\000i\000\363\000n}{section.23}% 311
\BOOKMARK [2][-]{subsection.23.126}{\376\377\000P\000r\000o\000p\000i\000e\000d\000a\000d\000e\000s\000\040\000d\000e\000\040\000l\000o\000s\000\040\000P\000r\000o\000c\000e\000s\000o\000s\000\040\000d\000e\000\040\000R\000e\000n\000o\000v\000a\000c\000i\000\363\000n}{section.23}% 312
\BOOKMARK [2][-]{subsection.23.127}{\376\377\000F\000u\000n\000c\000i\000\363\000n\000\040\000d\000e\000\040\000R\000e\000n\000o\000v\000a\000c\000i\000\363\000n}{section.23}% 313
\BOOKMARK [2][-]{subsection.23.128}{\376\377\000P\000r\000o\000c\000e\000s\000o\000s\000\040\000d\000e\000\040\000R\000e\000n\000o\000v\000a\000c\000i\000\363\000n}{section.23}% 314
\BOOKMARK [2][-]{subsection.23.129}{\376\377\000P\000u\000n\000t\000o\000s\000\040\000d\000e\000\040\000R\000e\000n\000o\000v\000a\000c\000i\000\363\000n}{section.23}% 315
\BOOKMARK [2][-]{subsection.23.130}{\376\377\000R\000e\000s\000u\000l\000t\000a\000d\000o\000s\000\040\000p\000a\000r\000a\000\040\000P\000r\000o\000c\000e\000s\000o\000s\000\040\000d\000e\000\040\000S\000a\000l\000i\000d\000a}{section.23}% 316
\BOOKMARK [2][-]{subsection.23.131}{\376\377\000P\000r\000o\000c\000e\000s\000o\000s\000\040\000R\000e\000g\000e\000n\000e\000r\000a\000t\000i\000v\000o\000s\000\040\000S\000i\000g\000m\000a\000n\000,\000\040\000T\000h\000o\000r\000i\000s\000s\000o\000n\000\040\000y\000\040\000W\000o\000l\000f\000f\000\040\000S\000i\000g\000m\000a\000n\0001}{section.23}% 317
\BOOKMARK [2][-]{subsection.23.132}{\376\377\000O\000u\000t\000p\000u\000t\000\040\000P\000r\000o\000c\000e\000s\000s\000\040\000a\000n\000d\000\040\000R\000e\000g\000e\000n\000e\000r\000a\000t\000i\000v\000e\000\040\000P\000r\000o\000c\000e\000s\000s\000e\000s}{section.23}% 318
\BOOKMARK [2][-]{subsection.23.133}{\376\377\000P\000r\000o\000c\000e\000s\000o\000s\000\040\000R\000e\000g\000e\000n\000e\000r\000a\000t\000i\000v\000o\000s}{section.23}% 319
\BOOKMARK [2][-]{subsection.23.134}{\376\377\000P\000r\000o\000c\000e\000s\000o\000s\000\040\000R\000e\000g\000e\000n\000e\000r\000a\000t\000i\000v\000o\000s\000\040\000S\000i\000g\000m\000a\000n\000,\000\040\000T\000h\000o\000r\000i\000s\000s\000o\000n\000\040\000y\000\040\000W\000o\000l\000f\000f\000\040\000S\000i\000g\000m\000a\000n\0001}{section.23}% 320
\BOOKMARK [2][-]{subsection.23.135}{\376\377\000R\000e\000n\000e\000w\000a\000l\000\040\000a\000n\000d\000\040\000R\000e\000g\000e\000n\000e\000r\000a\000t\000i\000v\000e\000\040\000P\000r\000o\000c\000e\000s\000s\000e\000s\000:\000\040\000S\000e\000r\000f\000o\000z\000o\000S\000e\000r\000f\000o\000z\000o}{section.23}% 321
\BOOKMARK [1][-]{section.24}{\376\377\000P\000r\000o\000c\000e\000s\000o\000s\000\040\000R\000e\000g\000e\000n\000e\000r\000a\000t\000i\000v\000o\000s\000\040\000S\000i\000g\000m\000a\000n\000,\000\040\000T\000h\000o\000r\000i\000s\000s\000o\000n\000\040\000y\000\040\000W\000o\000l\000f\000f\000\040\000S\000i\000g\000m\000a\000n\0001}{}% 322
\BOOKMARK [2][-]{subsection.24.1}{\376\377\000T\000e\000o\000r\000e\000m\000a\000\040\000P\000r\000i\000n\000c\000i\000p\000a\000l\000\040\000d\000e\000\040\000R\000e\000n\000o\000v\000a\000c\000i\000\363\000n}{section.24}% 323
\BOOKMARK [2][-]{subsection.24.2}{\376\377\000P\000r\000o\000p\000i\000e\000d\000a\000d\000e\000s\000\040\000d\000e\000\040\000l\000o\000s\000\040\000P\000r\000o\000c\000e\000s\000o\000s\000\040\000d\000e\000\040\000R\000e\000n\000o\000v\000a\000c\000i\000\363\000n}{section.24}% 324
\BOOKMARK [2][-]{subsection.24.3}{\376\377\000F\000u\000n\000c\000i\000\363\000n\000\040\000d\000e\000\040\000R\000e\000n\000o\000v\000a\000c\000i\000\363\000n}{section.24}% 325
\BOOKMARK [2][-]{subsection.24.4}{\376\377\000P\000r\000o\000c\000e\000s\000o\000s\000\040\000d\000e\000\040\000R\000e\000n\000o\000v\000a\000c\000i\000\363\000n}{section.24}% 326
\BOOKMARK [2][-]{subsection.24.5}{\376\377\000R\000e\000n\000e\000w\000a\000l\000\040\000a\000n\000d\000\040\000R\000e\000g\000e\000n\000e\000r\000a\000t\000i\000v\000e\000\040\000P\000r\000o\000c\000e\000s\000s\000e\000s\000:\000\040\000S\000e\000r\000f\000o\000z\000o\000S\000e\000r\000f\000o\000z\000o}{section.24}% 327
\BOOKMARK [2][-]{subsection.24.6}{\376\377\000P\000r\000o\000c\000e\000s\000o\000s\000\040\000R\000e\000g\000e\000n\000e\000r\000a\000t\000i\000v\000o\000s}{section.24}% 328
\BOOKMARK [2][-]{subsection.24.7}{\376\377\000P\000r\000o\000c\000e\000s\000o\000s\000\040\000R\000e\000g\000e\000n\000e\000r\000a\000t\000i\000v\000o\000s}{section.24}% 329
\BOOKMARK [2][-]{subsection.24.8}{\376\377\000P\000r\000o\000c\000e\000s\000o\000s\000\040\000R\000e\000g\000e\000n\000e\000r\000a\000t\000i\000v\000o\000s\000\040\000E\000s\000t\000a\000c\000i\000o\000n\000a\000r\000i\000o\000s\000\040\000-\000\040\000S\000t\000i\000d\000h\000a\000m\000\040\000S\000t\000i\000d\000h\000a\000m}{section.24}% 330
\BOOKMARK [2][-]{subsection.24.9}{\376\377\000P\000r\000o\000c\000e\000s\000o\000s\000\040\000R\000e\000g\000e\000n\000e\000r\000a\000t\000i\000v\000o\000s\000\040\000E\000s\000t\000a\000c\000i\000o\000n\000a\000r\000i\000o\000s\000\040\000-\000\040\000S\000t\000i\000d\000h\000a\000m\000\040\000S\000t\000i\000d\000h\000a\000m}{section.24}% 331
\BOOKMARK [2][-]{subsection.24.10}{\376\377\000P\000r\000o\000c\000e\000s\000o\000s\000\040\000R\000e\000g\000e\000n\000e\000r\000a\000t\000i\000v\000o\000s}{section.24}% 332
\BOOKMARK [2][-]{subsection.24.11}{\376\377\000P\000r\000o\000c\000e\000s\000o\000s\000\040\000R\000e\000g\000e\000n\000e\000r\000a\000t\000i\000v\000o\000s\000\040\000S\000i\000g\000m\000a\000n\000,\000\040\000T\000h\000o\000r\000i\000s\000s\000o\000n\000\040\000y\000\040\000W\000o\000l\000f\000f\000\040\000S\000i\000g\000m\000a\000n\0001}{section.24}% 333
\BOOKMARK [2][-]{subsection.24.12}{\376\377\000P\000r\000o\000c\000e\000s\000o\000s\000\040\000R\000e\000g\000e\000n\000e\000r\000a\000t\000i\000v\000o\000s\000\040\000E\000s\000t\000a\000c\000i\000o\000n\000a\000r\000i\000o\000s\000\040\000-\000\040\000S\000t\000i\000d\000h\000a\000m\000\040\000S\000t\000i\000d\000h\000a\000m}{section.24}% 334
\BOOKMARK [2][-]{subsection.24.13}{\376\377\000P\000r\000o\000c\000e\000s\000o\000s\000\040\000R\000e\000g\000e\000n\000e\000r\000a\000t\000i\000v\000o\000s\000\040\000E\000s\000t\000a\000c\000i\000o\000n\000a\000r\000i\000o\000s\000\040\000-\000\040\000S\000t\000i\000d\000h\000a\000m\000\040\000S\000t\000i\000d\000h\000a\000m}{section.24}% 335
\BOOKMARK [2][-]{subsection.24.14}{\376\377\000M\000o\000d\000e\000l\000o\000\040\000d\000e\000\040\000F\000l\000u\000j\000o}{section.24}% 336
\BOOKMARK [2][-]{subsection.24.15}{\376\377\000P\000r\000o\000c\000e\000s\000o\000s\000\040\000d\000e\000\040\000E\000s\000t\000a\000d\000o\000s\000\040\000d\000e\000\040\000M\000a\000r\000k\000o\000v}{section.24}% 337
\BOOKMARK [2][-]{subsection.24.16}{\376\377\000T\000e\000o\000r\000\355\000a\000\040\000G\000e\000n\000e\000r\000a\000l\000\040\000d\000e\000\040\000P\000r\000o\000c\000e\000s\000o\000s\000\040\000E\000s\000t\000o\000c\000\341\000s\000t\000i\000c\000o\000s}{section.24}% 338
\BOOKMARK [2][-]{subsection.24.17}{\376\377\000P\000r\000o\000p\000i\000e\000d\000a\000d\000e\000s\000\040\000d\000e\000\040\000M\000a\000r\000k\000o\000v}{section.24}% 339
\BOOKMARK [2][-]{subsection.24.18}{\376\377\000P\000r\000i\000m\000e\000r\000\040\000C\000o\000n\000d\000i\000c\000i\000\363\000n\000\040\000d\000e\000\040\000R\000e\000g\000u\000l\000a\000r\000i\000d\000a\000d}{section.24}% 340
\BOOKMARK [2][-]{subsection.24.19}{\376\377\000C\000o\000n\000s\000t\000r\000u\000c\000c\000i\000\363\000n\000\040\000d\000e\000l\000\040\000M\000o\000d\000e\000l\000o\000\040\000d\000e\000\040\000F\000l\000u\000j\000o}{section.24}% 341
\BOOKMARK [2][-]{subsection.24.20}{\376\377\000E\000s\000t\000a\000b\000i\000l\000i\000d\000a\000d}{section.24}% 342
\BOOKMARK [2][-]{subsection.24.21}{\376\377\000P\000r\000o\000p\000i\000e\000d\000a\000d\000e\000s\000\040\000d\000e\000\040\000M\000a\000r\000k\000o\000v}{section.24}% 343
\BOOKMARK [2][-]{subsection.24.22}{\376\377\000P\000r\000i\000m\000e\000r\000\040\000C\000o\000n\000d\000i\000c\000i\000\363\000n\000\040\000d\000e\000\040\000R\000e\000g\000u\000l\000a\000r\000i\000d\000a\000d}{section.24}% 344
\BOOKMARK [2][-]{subsection.24.23}{\376\377\000P\000r\000o\000c\000e\000s\000o\000s\000\040\000F\000u\000e\000r\000t\000e\000\040\000d\000e\000\040\000M\000a\000r\000k\000o\000v}{section.24}% 345
\BOOKMARK [3][-]{subsubsection.24.23.1}{\376\377\000C\000o\000n\000s\000t\000r\000u\000c\000c\000i\000\363\000n\000\040\000d\000e\000\040\000u\000n\000\040\000P\000r\000o\000c\000e\000s\000o\000\040\000D\000e\000t\000e\000r\000m\000i\000n\000i\000s\000t\000a\000\040\000p\000o\000r\000\040\000p\000a\000r\000t\000e\000s\000,\000\040\000D\000a\000v\000i\000s\000\040\000D\000a\000v\000i\000s}{subsection.24.23}% 346
\BOOKMARK [2][-]{subsection.24.24}{\376\377\000P\000r\000o\000c\000e\000s\000o\000s\000\040\000H\000a\000r\000r\000i\000s\000\040\000R\000e\000c\000u\000r\000r\000e\000n\000t\000e\000s\000\040\000P\000o\000s\000i\000t\000i\000v\000o\000s}{section.24}% 347
\BOOKMARK [2][-]{subsection.24.25}{\376\377\000C\000o\000n\000s\000t\000r\000u\000c\000c\000i\000\363\000n\000\040\000d\000e\000\040\000u\000n\000\040\000M\000o\000d\000e\000l\000o\000\040\000d\000e\000\040\000F\000l\000u\000j\000o\000\040\000L\000\355\000m\000i\000t\000e}{section.24}% 348
\BOOKMARK [2][-]{subsection.24.26}{\376\377\000M\000o\000d\000e\000l\000o\000\040\000d\000e\000\040\000V\000i\000s\000i\000t\000a\000s\000\040\000C\000\355\000c\000l\000i\000c\000a\000s\000\040\000c\000o\000n\000\040\000u\000n\000\040\000S\000e\000r\000v\000i\000d\000o\000r\000:\000\040\000E\000s\000t\000a\000b\000i\000l\000i\000d\000a\000d}{section.24}% 349
\BOOKMARK [2][-]{subsection.24.27}{\376\377\000T\000e\000o\000r\000e\000m\000a\000\040\0002\000.\0001}{section.24}% 350
\BOOKMARK [2][-]{subsection.24.28}{\376\377\000T\000e\000o\000r\000e\000m\000a\000\040\0002\000.\0002}{section.24}% 351
\BOOKMARK [2][-]{subsection.24.29}{\376\377\000T\000e\000o\000r\000e\000m\000a\000\040\0002\000.\0003}{section.24}% 352
\BOOKMARK [2][-]{subsection.24.30}{\376\377\000D\000e\000f\000i\000n\000i\000c\000i\000o\000n\000e\000s\000\040\000B\000\341\000s\000i\000c\000a\000s}{section.24}% 353
\BOOKMARK [2][-]{subsection.24.31}{\376\377\000P\000r\000e\000l\000i\000m\000i\000n\000a\000r\000e\000s}{section.24}% 354
\BOOKMARK [2][-]{subsection.24.32}{\376\377\000P\000r\000o\000c\000e\000s\000o\000s\000\040\000H\000a\000r\000r\000i\000s\000\040\000R\000e\000c\000u\000r\000r\000e\000n\000t\000e}{section.24}% 355
\BOOKMARK [2][-]{subsection.24.33}{\376\377\000M\000o\000d\000e\000l\000o\000\040\000d\000e\000\040\000F\000l\000u\000j\000o}{section.24}% 356
\BOOKMARK [2][-]{subsection.24.34}{\376\377\000P\000r\000o\000c\000e\000s\000o\000s\000\040\000d\000e\000\040\000E\000s\000t\000a\000d\000o\000s\000\040\000d\000e\000\040\000M\000a\000r\000k\000o\000v}{section.24}% 357
\BOOKMARK [2][-]{subsection.24.35}{\376\377\000T\000e\000o\000r\000\355\000a\000\040\000G\000e\000n\000e\000r\000a\000l\000\040\000d\000e\000\040\000P\000r\000o\000c\000e\000s\000o\000s\000\040\000E\000s\000t\000o\000c\000\341\000s\000t\000i\000c\000o\000s}{section.24}% 358
\BOOKMARK [2][-]{subsection.24.36}{\376\377\000P\000r\000o\000p\000i\000e\000d\000a\000d\000e\000s\000\040\000d\000e\000\040\000M\000a\000r\000k\000o\000v}{section.24}% 359
\BOOKMARK [2][-]{subsection.24.37}{\376\377\000P\000r\000i\000m\000e\000r\000\040\000C\000o\000n\000d\000i\000c\000i\000\363\000n\000\040\000d\000e\000\040\000R\000e\000g\000u\000l\000a\000r\000i\000d\000a\000d}{section.24}% 360
\BOOKMARK [2][-]{subsection.24.38}{\376\377\000C\000o\000n\000s\000t\000r\000u\000c\000c\000i\000\363\000n\000\040\000d\000e\000l\000\040\000M\000o\000d\000e\000l\000o\000\040\000d\000e\000\040\000F\000l\000u\000j\000o}{section.24}% 361
\BOOKMARK [2][-]{subsection.24.39}{\376\377\000E\000s\000t\000a\000b\000i\000l\000i\000d\000a\000d}{section.24}% 362
\BOOKMARK [2][-]{subsection.24.40}{\376\377\000P\000r\000o\000p\000i\000e\000d\000a\000d\000e\000s\000\040\000d\000e\000\040\000M\000a\000r\000k\000o\000v}{section.24}% 363
\BOOKMARK [2][-]{subsection.24.41}{\376\377\000P\000r\000i\000m\000e\000r\000\040\000C\000o\000n\000d\000i\000c\000i\000\363\000n\000\040\000d\000e\000\040\000R\000e\000g\000u\000l\000a\000r\000i\000d\000a\000d}{section.24}% 364
\BOOKMARK [2][-]{subsection.24.42}{\376\377\000P\000r\000o\000c\000e\000s\000o\000s\000\040\000d\000e\000\040\000E\000s\000t\000a\000d\000o\000s\000\040\000M\000a\000r\000k\000o\000v\000i\000a\000n\000o\000\040\000p\000a\000r\000a\000\040\000e\000l\000\040\000S\000i\000s\000t\000e\000m\000a}{section.24}% 365
\BOOKMARK [2][-]{subsection.24.43}{\376\377\000P\000r\000o\000c\000e\000s\000o\000s\000\040\000F\000u\000e\000r\000t\000e\000\040\000d\000e\000\040\000M\000a\000r\000k\000o\000v}{section.24}% 366
\BOOKMARK [3][-]{subsubsection.24.43.1}{\376\377\000C\000o\000n\000s\000t\000r\000u\000c\000c\000i\000\363\000n\000\040\000d\000e\000\040\000u\000n\000\040\000P\000r\000o\000c\000e\000s\000o\000\040\000D\000e\000t\000e\000r\000m\000i\000n\000i\000s\000t\000a\000\040\000p\000o\000r\000\040\000p\000a\000r\000t\000e\000s\000,\000\040\000D\000a\000v\000i\000s\000\040\000D\000a\000v\000i\000s}{subsection.24.43}% 367
\BOOKMARK [2][-]{subsection.24.44}{\376\377\000P\000r\000o\000c\000e\000s\000o\000s\000\040\000H\000a\000r\000r\000i\000s\000\040\000R\000e\000c\000u\000r\000r\000e\000n\000t\000e\000s\000\040\000P\000o\000s\000i\000t\000i\000v\000o\000s}{section.24}% 368
\BOOKMARK [2][-]{subsection.24.45}{\376\377\000C\000o\000n\000s\000t\000r\000u\000c\000c\000i\000\363\000n\000\040\000d\000e\000\040\000u\000n\000\040\000M\000o\000d\000e\000l\000o\000\040\000d\000e\000\040\000F\000l\000u\000j\000o\000\040\000L\000\355\000m\000i\000t\000e}{section.24}% 369
\BOOKMARK [2][-]{subsection.24.46}{\376\377\000M\000o\000d\000e\000l\000o\000\040\000d\000e\000\040\000V\000i\000s\000i\000t\000a\000s\000\040\000C\000\355\000c\000l\000i\000c\000a\000s\000\040\000c\000o\000n\000\040\000u\000n\000\040\000S\000e\000r\000v\000i\000d\000o\000r\000:\000\040\000E\000s\000t\000a\000b\000i\000l\000i\000d\000a\000d}{section.24}% 370
\BOOKMARK [2][-]{subsection.24.47}{\376\377\000T\000e\000o\000r\000e\000m\000a\000\040\0002\000.\0001}{section.24}% 371
\BOOKMARK [2][-]{subsection.24.48}{\376\377\000T\000e\000o\000r\000e\000m\000a\000\040\0002\000.\0002}{section.24}% 372
\BOOKMARK [2][-]{subsection.24.49}{\376\377\000T\000e\000o\000r\000e\000m\000a\000\040\0002\000.\0003}{section.24}% 373
\BOOKMARK [2][-]{subsection.24.50}{\376\377\000D\000e\000f\000i\000n\000i\000c\000i\000o\000n\000e\000s\000\040\000B\000\341\000s\000i\000c\000a\000s}{section.24}% 374
\BOOKMARK [2][-]{subsection.24.51}{\376\377\000P\000r\000o\000c\000e\000s\000o\000\040\000d\000e\000\040\000E\000s\000t\000a\000d\000o\000s\000\040\000M\000a\000r\000k\000o\000v\000i\000a\000n\000o\000\040\000p\000a\000r\000a\000\040\000e\000l\000\040\000S\000i\000s\000t\000e\000m\000a}{section.24}% 375
\BOOKMARK [2][-]{subsection.24.52}{\376\377\000P\000r\000o\000c\000e\000s\000o\000s\000\040\000F\000u\000e\000r\000t\000e\000\040\000d\000e\000\040\000M\000a\000r\000k\000o\000v}{section.24}% 376
\BOOKMARK [2][-]{subsection.24.53}{\376\377\000P\000r\000o\000p\000i\000e\000d\000a\000d\000e\000s\000\040\000d\000e\000\040\000M\000a\000r\000k\000o\000v}{section.24}% 377
\BOOKMARK [2][-]{subsection.24.54}{\376\377\000P\000r\000i\000m\000e\000r\000\040\000C\000o\000n\000d\000i\000c\000i\000\363\000n\000\040\000d\000e\000\040\000R\000e\000g\000u\000l\000a\000r\000i\000d\000a\000d}{section.24}% 378
\BOOKMARK [2][-]{subsection.24.55}{\376\377\000P\000r\000o\000p\000i\000e\000d\000a\000d\000e\000s\000\040\000d\000e\000\040\000M\000a\000r\000k\000o\000v}{section.24}% 379
\BOOKMARK [2][-]{subsection.24.56}{\376\377\000P\000r\000i\000m\000e\000r\000\040\000C\000o\000n\000d\000i\000c\000i\000\363\000n\000\040\000d\000e\000\040\000R\000e\000g\000u\000l\000a\000r\000i\000d\000a\000d}{section.24}% 380
\BOOKMARK [2][-]{subsection.24.57}{\376\377\000S\000u\000p\000u\000e\000s\000t\000o\000s}{section.24}% 381
\BOOKMARK [3][-]{subsubsection.24.57.1}{\376\377\000S\000u\000p\000u\000e\000s\000t\000o\000s\000\040\000B\000\341\000s\000i\000c\000o\000s}{subsection.24.57}% 382
\BOOKMARK [2][-]{subsection.24.58}{\376\377\000P\000r\000o\000c\000e\000s\000o\000s\000\040\000H\000a\000r\000r\000i\000s\000\040\000R\000e\000c\000u\000r\000r\000e\000n\000t\000e}{section.24}% 383
\BOOKMARK [2][-]{subsection.24.59}{\376\377\000M\000o\000d\000e\000l\000o\000\040\000d\000e\000\040\000F\000l\000u\000j\000o}{section.24}% 384
\BOOKMARK [3][-]{subsubsection.24.59.1}{\376\377\000M\000o\000d\000e\000l\000o\000\040\000d\000e\000\040\000F\000l\000u\000j\000o\000\040\000y\000\040\000E\000s\000t\000a\000b\000i\000l\000i\000d\000a\000d}{subsection.24.59}% 385
\BOOKMARK [3][-]{subsubsection.24.59.2}{\376\377\000R\000e\000s\000u\000l\000t\000a\000d\000o\000s\000\040\000p\000r\000i\000n\000c\000i\000p\000a\000l\000e\000s}{subsection.24.59}% 386
\BOOKMARK [3][-]{subsubsection.24.59.3}{\376\377\000D\000e\000f\000i\000n\000i\000c\000i\000o\000n\000e\000s\000\040\000G\000e\000n\000e\000r\000a\000l\000e\000s}{subsection.24.59}% 387
\BOOKMARK [3][-]{subsubsection.24.59.4}{\376\377\000D\000e\000f\000i\000n\000i\000c\000i\000o\000n\000e\000s\000\040\000y\000\040\000D\000e\000s\000c\000r\000i\000p\000c\000i\000\363\000n\000\040\000d\000e\000l\000\040\000M\000o\000d\000e\000l\000o}{subsection.24.59}% 388
\BOOKMARK [3][-]{subsubsection.24.59.5}{\376\377\000P\000o\000l\000\355\000t\000i\000c\000a\000s\000\040\000d\000e\000\040\000S\000e\000r\000v\000i\000c\000i\000o}{subsection.24.59}% 389
\BOOKMARK [3][-]{subsubsection.24.59.6}{\376\377\000P\000r\000o\000c\000e\000s\000o\000\040\000d\000e\000\040\000E\000s\000t\000a\000d\000o\000s}{subsection.24.59}% 390
\BOOKMARK [3][-]{subsubsection.24.59.7}{\376\377\000I\000n\000t\000r\000o\000d\000u\000c\000c\000i\000\363\000n}{subsection.24.59}% 391
\BOOKMARK [3][-]{subsubsection.24.59.8}{\376\377\000C\000o\000l\000a\000s\000\040\000C\000\355\000c\000l\000i\000c\000a\000s}{subsection.24.59}% 392
\BOOKMARK [3][-]{subsubsection.24.59.9}{\376\377\000R\000e\000s\000u\000l\000t\000a\000d\000o\000s\000\040\000P\000r\000e\000v\000i\000o\000s}{subsection.24.59}% 393
\BOOKMARK [3][-]{subsubsection.24.59.10}{\376\377\000T\000e\000o\000r\000e\000m\000a\000\040\000d\000e\000\040\000E\000s\000t\000a\000b\000i\000l\000i\000d\000a\000d\000:\000\040\000D\000e\000s\000c\000r\000i\000p\000c\000i\000\363\000n}{subsection.24.59}% 394
\BOOKMARK [2][-]{subsection.24.60}{\376\377\000S\000u\000p\000u\000e\000s\000t\000o\000s}{section.24}% 395
\BOOKMARK [3][-]{subsubsection.24.60.1}{\376\377\000S\000u\000p\000u\000e\000s\000t\000o\000s\000\040\000B\000\341\000s\000i\000c\000o\000s}{subsection.24.60}% 396
\BOOKMARK [2][-]{subsection.24.61}{\376\377\000P\000r\000o\000c\000e\000s\000o\000s\000\040\000H\000a\000r\000r\000i\000s\000\040\000R\000e\000c\000u\000r\000r\000e\000n\000t\000e}{section.24}% 397
\BOOKMARK [2][-]{subsection.24.62}{\376\377\000M\000o\000d\000e\000l\000o\000\040\000d\000e\000\040\000F\000l\000u\000j\000o}{section.24}% 398
\BOOKMARK [2][-]{subsection.24.63}{\376\377\000M\000o\000d\000e\000l\000o\000\040\000d\000e\000\040\000F\000l\000u\000j\000o}{section.24}% 399
\BOOKMARK [2][-]{subsection.24.64}{\376\377\000E\000s\000t\000a\000b\000i\000l\000i\000d\000a\000d\000\040\000d\000e\000\040\000l\000o\000s\000\040\000S\000i\000s\000t\000e\000m\000a\000s\000\040\000d\000e\000\040\000V\000i\000s\000i\000t\000a\000s\000\040\000C\000\355\000c\000l\000i\000c\000a\000s}{section.24}% 400
\BOOKMARK [2][-]{subsection.24.65}{\376\377\000R\000e\000s\000u\000l\000t\000a\000d\000o\000s\000\040\000p\000r\000i\000n\000c\000i\000p\000a\000l\000e\000s}{section.24}% 401
\BOOKMARK [2][-]{subsection.24.66}{\376\377\000S\000u\000p\000u\000e\000s\000t\000o\000s}{section.24}% 402
\BOOKMARK [3][-]{subsubsection.24.66.1}{\376\377\000S\000u\000p\000u\000e\000s\000t\000o\000s\000\040\000B\000\341\000s\000i\000c\000o\000s}{subsection.24.66}% 403
\BOOKMARK [2][-]{subsection.24.67}{\376\377\000P\000r\000o\000c\000e\000s\000o\000s\000\040\000H\000a\000r\000r\000i\000s\000\040\000R\000e\000c\000u\000r\000r\000e\000n\000t\000e}{section.24}% 404
\BOOKMARK [2][-]{subsection.24.68}{\376\377\000M\000o\000d\000e\000l\000o\000\040\000d\000e\000\040\000F\000l\000u\000j\000o}{section.24}% 405
\BOOKMARK [2][-]{subsection.24.69}{\376\377\000S\000u\000p\000u\000e\000s\000t\000o\000s}{section.24}% 406
\BOOKMARK [3][-]{subsubsection.24.69.1}{\376\377\000S\000u\000p\000u\000e\000s\000t\000o\000s\000\040\000B\000\341\000s\000i\000c\000o\000s}{subsection.24.69}% 407
\BOOKMARK [2][-]{subsection.24.70}{\376\377\000P\000r\000o\000c\000e\000s\000o\000s\000\040\000H\000a\000r\000r\000i\000s\000\040\000R\000e\000c\000u\000r\000r\000e\000n\000t\000e}{section.24}% 408
\BOOKMARK [2][-]{subsection.24.71}{\376\377\000M\000o\000d\000e\000l\000o\000\040\000d\000e\000\040\000F\000l\000u\000j\000o}{section.24}% 409
\BOOKMARK [3][-]{subsubsection.24.71.1}{\376\377\000S\000u\000p\000u\000e\000s\000t\000o\000s\000\040\000B\000\341\000s\000i\000c\000o\000s}{subsection.24.71}% 410
\BOOKMARK [2][-]{subsection.24.72}{\376\377\000P\000r\000o\000c\000e\000s\000o\000s\000\040\000H\000a\000r\000r\000i\000s\000\040\000R\000e\000c\000u\000r\000r\000e\000n\000t\000e}{section.24}% 411
\BOOKMARK [2][-]{subsection.24.73}{\376\377\000M\000o\000d\000e\000l\000o\000\040\000d\000e\000\040\000F\000l\000u\000j\000o}{section.24}% 412
\BOOKMARK [2][-]{subsection.24.74}{\376\377\000S\000u\000p\000u\000e\000s\000t\000o\000s}{section.24}% 413
\BOOKMARK [3][-]{subsubsection.24.74.1}{\376\377\000S\000u\000p\000u\000e\000s\000t\000o\000s\000\040\000B\000\341\000s\000i\000c\000o\000s}{subsection.24.74}% 414
\BOOKMARK [2][-]{subsection.24.75}{\376\377\000P\000r\000o\000c\000e\000s\000o\000s\000\040\000H\000a\000r\000r\000i\000s\000\040\000R\000e\000c\000u\000r\000r\000e\000n\000t\000e}{section.24}% 415
\BOOKMARK [2][-]{subsection.24.76}{\376\377\000M\000o\000d\000e\000l\000o\000\040\000d\000e\000\040\000F\000l\000u\000j\000o}{section.24}% 416
\BOOKMARK [1][-]{section.25}{\376\377\000P\000r\000e\000l\000i\000m\000i\000n\000a\000r\000e\000s\000:\000\040\000M\000o\000d\000e\000l\000o\000s\000\040\000d\000e\000\040\000F\000l\000u\000j\000o}{}% 417
\BOOKMARK [2][-]{subsection.25.1}{\376\377\000S\000u\000p\000u\000e\000s\000t\000o\000s\000\040\000B\000\341\000s\000i\000c\000o\000s}{section.25}% 418
\BOOKMARK [2][-]{subsection.25.2}{\376\377\000P\000r\000o\000c\000e\000s\000o\000s\000\040\000R\000e\000g\000e\000n\000e\000r\000a\000t\000i\000v\000o\000s}{section.25}% 419
\BOOKMARK [2][-]{subsection.25.3}{\376\377\000P\000r\000e\000l\000i\000m\000i\000n\000a\000r\000e\000s}{section.25}% 420
\BOOKMARK [2][-]{subsection.25.4}{\376\377\000P\000r\000o\000c\000e\000s\000o\000s\000\040\000H\000a\000r\000r\000i\000s\000\040\000R\000e\000c\000u\000r\000r\000e\000n\000t\000e}{section.25}% 421
\BOOKMARK [1][-]{section.26}{\376\377\000M\000o\000d\000e\000l\000o\000\040\000d\000e\000\040\000F\000l\000u\000j\000o}{}% 422
\BOOKMARK [2][-]{subsection.26.1}{\376\377\000T\000e\000o\000r\000\341\000\040\000d\000e\000\040\000P\000r\000o\000c\000e\000s\000o\000s\000\040\000E\000s\000t\000o\000c\000\341\000s\000t\000i\000c\000o\000s\000\040\000y\000\040\000M\000e\000d\000i\000b\000i\000l\000i\000d\000a\000d}{section.26}% 423
\BOOKMARK [2][-]{subsection.26.2}{\376\377\000C\000o\000n\000s\000t\000r\000u\000c\000c\000i\000\363\000n\000\040\000d\000e\000l\000\040\000M\000o\000d\000e\000l\000o\000\040\000d\000e\000\040\000F\000l\000u\000j\000o}{section.26}% 424
