\BOOKMARK [1][-]{section.1}{Procesos Estoc\341sticos}{}% 1
\BOOKMARK [2][-]{subsection.1.1}{Cadenas de Markov}{section.1}% 2
\BOOKMARK [2][-]{subsection.1.2}{Procesos de Estados de Markov}{section.1}% 3
\BOOKMARK [2][-]{subsection.1.3}{Clasificaci\363n de Estados}{section.1}% 4
\BOOKMARK [2][-]{subsection.1.4}{Procesos de Markov}{section.1}% 5
\BOOKMARK [1][-]{section.2}{Estacionareidad}{}% 6
\BOOKMARK [1][-]{section.3}{Funciones Arm\363nicas, Recurrencia y Transitoriedad}{}% 7
\BOOKMARK [1][-]{section.4}{Teor\355a Erg\363dica}{}% 8
\BOOKMARK [2][-]{subsection.4.1}{Ejemplo de Cadena de Markov para dos Estados}{section.4}% 9
\BOOKMARK [1][-]{section.5}{Procesos de Markov de Saltos}{}% 10
\BOOKMARK [1][-]{section.6}{Matriz Intensidad}{}% 11
\BOOKMARK [1][-]{section.7}{Medidas Estacionarias}{}% 12
\BOOKMARK [1][-]{section.8}{Criterios de Ergodicidad}{}% 13
\BOOKMARK [1][-]{section.9}{Procesos de Nacimiento y Muerte}{}% 14
\BOOKMARK [1][-]{section.10}{Procesos de Nacimiento y Muerte Generales}{}% 15
\BOOKMARK [1][-]{section.11}{Notaci\363n Kendall-Lee}{}% 16
\BOOKMARK [2][-]{subsection.11.1}{Cola M/M/1}{section.11}% 17
\BOOKMARK [2][-]{subsection.11.2}{Cola M/M/}{section.11}% 18
\BOOKMARK [2][-]{subsection.11.3}{Cola M/M/m}{section.11}% 19
\BOOKMARK [2][-]{subsection.11.4}{Cola M/M/m/m}{section.11}% 20
\BOOKMARK [2][-]{subsection.11.5}{Cola M/G/1}{section.11}% 21
\BOOKMARK [2][-]{subsection.11.6}{Cola con Infinidad de Servidores}{section.11}% 22
\BOOKMARK [1][-]{section.12}{Redes de Colas:Sistemas Abiertos}{}% 23
\BOOKMARK [1][-]{section.13}{Resultados para Procesos de Salida}{}% 24
\BOOKMARK [1][-]{section.14}{Sistemas de Visitas}{}% 25
\BOOKMARK [1][-]{section.15}{Funci\363n Generadora de Probabilidades}{}% 26
\BOOKMARK [1][-]{section.16}{El problema de la ruina del jugador}{}% 27
\BOOKMARK [1][-]{section.17}{Ecuaciones Centrales}{}% 28
\BOOKMARK [1][-]{section.18}{Redes de Jackson}{}% 29
\BOOKMARK [1][-]{section.19}{Resultados Adicionales}{}% 30
\BOOKMARK [2][-]{subsection.19.1}{Procesos de Renovaci\363n y Regenerativos}{section.19}% 31
\BOOKMARK [2][-]{subsection.19.2}{Propiedades de los Procesos de Renovaci\363n}{section.19}% 32
\BOOKMARK [2][-]{subsection.19.3}{Resultados para Procesos de Salida}{section.19}% 33
\BOOKMARK [1][-]{section.20}{Aplicaci\363n a Teor\355a de Colas}{}% 34
