This is pdfTeX, Version 3.141592653-2.6-1.40.26 (TeX Live 2024) (preloaded format=pdflatex 2024.5.7)  5 AUG 2024 22:38
entering extended mode
 restricted \write18 enabled.
 file:line:error style messages enabled.
 %&-line parsing enabled.
**ReviewCadenasMarkov.tex
(./ReviewCadenasMarkov.tex
LaTeX2e <2023-11-01> patch level 1
L3 programming layer <2024-02-20>
(/usr/local/texlive/2024/texmf-dist/tex/latex/base/article.cls
Document Class: article 2023/05/17 v1.4n Standard LaTeX document class
(/usr/local/texlive/2024/texmf-dist/tex/latex/base/size10.clo
File: size10.clo 2023/05/17 v1.4n Standard LaTeX file (size option)
)
\c@part=\count188
\c@section=\count189
\c@subsection=\count190
\c@subsubsection=\count191
\c@paragraph=\count192
\c@subparagraph=\count193
\c@figure=\count194
\c@table=\count195
\abovecaptionskip=\skip48
\belowcaptionskip=\skip49
\bibindent=\dimen140
)
(/usr/local/texlive/2024/texmf-dist/tex/latex/base/inputenc.sty
Package: inputenc 2021/02/14 v1.3d Input encoding file
\inpenc@prehook=\toks17
\inpenc@posthook=\toks18
)
(/usr/local/texlive/2024/texmf-dist/tex/generic/babel/babel.sty
Package: babel 2024/02/07 v24.2 The Babel package
\babel@savecnt=\count196
\U@D=\dimen141
\l@unhyphenated=\language89

(/usr/local/texlive/2024/texmf-dist/tex/generic/babel/txtbabel.def)
\bbl@readstream=\read2
\bbl@dirlevel=\count197

(/usr/local/texlive/2024/texmf-dist/tex/generic/babel-spanish/spanish.ldf
Language: spanish.ldf 2021/05/27 v5.0q Spanish support from the babel system
\es@quottoks=\toks19
\es@quotdepth=\count198
Package babel Info: Making " an active character on input line 570.
Package babel Info: Making . an active character on input line 675.
Package babel Info: Making < an active character on input line 722.
Package babel Info: Making > an active character on input line 722.
)
(/usr/local/texlive/2024/texmf-dist/tex/generic/babel-english/english.ldf
Language: english 2017/06/06 v3.3r English support from the babel system
Package babel Info: Hyphen rules for 'canadian' set to \l@english
(babel)             (\language0). Reported on input line 102.
Package babel Info: Hyphen rules for 'australian' set to \l@ukenglish
(babel)             (\language23). Reported on input line 105.
Package babel Info: Hyphen rules for 'newzealand' set to \l@ukenglish
(babel)             (\language23). Reported on input line 108.
))
(/usr/local/texlive/2024/texmf-dist/tex/generic/babel/locale/en/babel-english.t
ex
Package babel Info: Importing font and identification data for english
(babel)             from babel-en.ini. Reported on input line 11.
)
(/usr/local/texlive/2024/texmf-dist/tex/generic/babel/locale/es/babel-spanish.t
ex
Package babel Info: Importing font and identification data for spanish
(babel)             from babel-es.ini. Reported on input line 11.
) (/usr/local/texlive/2024/texmf-dist/tex/latex/amsmath/amsmath.sty
Package: amsmath 2023/05/13 v2.17o AMS math features
\@mathmargin=\skip50

For additional information on amsmath, use the `?' option.
(/usr/local/texlive/2024/texmf-dist/tex/latex/amsmath/amstext.sty
Package: amstext 2021/08/26 v2.01 AMS text

(/usr/local/texlive/2024/texmf-dist/tex/latex/amsmath/amsgen.sty
File: amsgen.sty 1999/11/30 v2.0 generic functions
\@emptytoks=\toks20
\ex@=\dimen142
))
(/usr/local/texlive/2024/texmf-dist/tex/latex/amsmath/amsbsy.sty
Package: amsbsy 1999/11/29 v1.2d Bold Symbols
\pmbraise@=\dimen143
)
(/usr/local/texlive/2024/texmf-dist/tex/latex/amsmath/amsopn.sty
Package: amsopn 2022/04/08 v2.04 operator names
)
\inf@bad=\count199
LaTeX Info: Redefining \frac on input line 234.
\uproot@=\count266
\leftroot@=\count267
LaTeX Info: Redefining \overline on input line 399.
LaTeX Info: Redefining \colon on input line 410.
\classnum@=\count268
\DOTSCASE@=\count269
LaTeX Info: Redefining \ldots on input line 496.
LaTeX Info: Redefining \dots on input line 499.
LaTeX Info: Redefining \cdots on input line 620.
\Mathstrutbox@=\box51
\strutbox@=\box52
LaTeX Info: Redefining \big on input line 722.
LaTeX Info: Redefining \Big on input line 723.
LaTeX Info: Redefining \bigg on input line 724.
LaTeX Info: Redefining \Bigg on input line 725.
\big@size=\dimen144
LaTeX Font Info:    Redeclaring font encoding OML on input line 743.
LaTeX Font Info:    Redeclaring font encoding OMS on input line 744.
\macc@depth=\count270
LaTeX Info: Redefining \bmod on input line 905.
LaTeX Info: Redefining \pmod on input line 910.
LaTeX Info: Redefining \smash on input line 940.
LaTeX Info: Redefining \relbar on input line 970.
LaTeX Info: Redefining \Relbar on input line 971.
\c@MaxMatrixCols=\count271
\dotsspace@=\muskip16
\c@parentequation=\count272
\dspbrk@lvl=\count273
\tag@help=\toks21
\row@=\count274
\column@=\count275
\maxfields@=\count276
\andhelp@=\toks22
\eqnshift@=\dimen145
\alignsep@=\dimen146
\tagshift@=\dimen147
\tagwidth@=\dimen148
\totwidth@=\dimen149
\lineht@=\dimen150
\@envbody=\toks23
\multlinegap=\skip51
\multlinetaggap=\skip52
\mathdisplay@stack=\toks24
LaTeX Info: Redefining \[ on input line 2953.
LaTeX Info: Redefining \] on input line 2954.
)
(/usr/local/texlive/2024/texmf-dist/tex/latex/amsfonts/amssymb.sty
Package: amssymb 2013/01/14 v3.01 AMS font symbols

(/usr/local/texlive/2024/texmf-dist/tex/latex/amsfonts/amsfonts.sty
Package: amsfonts 2013/01/14 v3.01 Basic AMSFonts support
\symAMSa=\mathgroup4
\symAMSb=\mathgroup5
LaTeX Font Info:    Redeclaring math symbol \hbar on input line 98.
LaTeX Font Info:    Overwriting math alphabet `\mathfrak' in version `bold'
(Font)                  U/euf/m/n --> U/euf/b/n on input line 106.
))
(/usr/local/texlive/2024/texmf-dist/tex/latex/amscls/amsthm.sty
Package: amsthm 2020/05/29 v2.20.6
\thm@style=\toks25
\thm@bodyfont=\toks26
\thm@headfont=\toks27
\thm@notefont=\toks28
\thm@headpunct=\toks29
\thm@preskip=\skip53
\thm@postskip=\skip54
\thm@headsep=\skip55
\dth@everypar=\toks30
)
(/usr/local/texlive/2024/texmf-dist/tex/latex/geometry/geometry.sty
Package: geometry 2020/01/02 v5.9 Page Geometry

(/usr/local/texlive/2024/texmf-dist/tex/latex/graphics/keyval.sty
Package: keyval 2022/05/29 v1.15 key=value parser (DPC)
\KV@toks@=\toks31
)
(/usr/local/texlive/2024/texmf-dist/tex/generic/iftex/ifvtex.sty
Package: ifvtex 2019/10/25 v1.7 ifvtex legacy package. Use iftex instead.

(/usr/local/texlive/2024/texmf-dist/tex/generic/iftex/iftex.sty
Package: iftex 2022/02/03 v1.0f TeX engine tests
))
\Gm@cnth=\count277
\Gm@cntv=\count278
\c@Gm@tempcnt=\count279
\Gm@bindingoffset=\dimen151
\Gm@wd@mp=\dimen152
\Gm@odd@mp=\dimen153
\Gm@even@mp=\dimen154
\Gm@layoutwidth=\dimen155
\Gm@layoutheight=\dimen156
\Gm@layouthoffset=\dimen157
\Gm@layoutvoffset=\dimen158
\Gm@dimlist=\toks32
)
(/usr/local/texlive/2024/texmf-dist/tex/latex/hyperref/hyperref.sty
Package: hyperref 2024-01-20 v7.01h Hypertext links for LaTeX

(/usr/local/texlive/2024/texmf-dist/tex/latex/kvsetkeys/kvsetkeys.sty
Package: kvsetkeys 2022-10-05 v1.19 Key value parser (HO)
)
(/usr/local/texlive/2024/texmf-dist/tex/generic/kvdefinekeys/kvdefinekeys.sty
Package: kvdefinekeys 2019-12-19 v1.6 Define keys (HO)
)
(/usr/local/texlive/2024/texmf-dist/tex/generic/pdfescape/pdfescape.sty
Package: pdfescape 2019/12/09 v1.15 Implements pdfTeX's escape features (HO)

(/usr/local/texlive/2024/texmf-dist/tex/generic/ltxcmds/ltxcmds.sty
Package: ltxcmds 2023-12-04 v1.26 LaTeX kernel commands for general use (HO)
)
(/usr/local/texlive/2024/texmf-dist/tex/generic/pdftexcmds/pdftexcmds.sty
Package: pdftexcmds 2020-06-27 v0.33 Utility functions of pdfTeX for LuaTeX (HO
)

(/usr/local/texlive/2024/texmf-dist/tex/generic/infwarerr/infwarerr.sty
Package: infwarerr 2019/12/03 v1.5 Providing info/warning/error messages (HO)
)
Package pdftexcmds Info: \pdf@primitive is available.
Package pdftexcmds Info: \pdf@ifprimitive is available.
Package pdftexcmds Info: \pdfdraftmode found.
))
(/usr/local/texlive/2024/texmf-dist/tex/latex/hycolor/hycolor.sty
Package: hycolor 2020-01-27 v1.10 Color options for hyperref/bookmark (HO)
)
(/usr/local/texlive/2024/texmf-dist/tex/latex/auxhook/auxhook.sty
Package: auxhook 2019-12-17 v1.6 Hooks for auxiliary files (HO)
)
(/usr/local/texlive/2024/texmf-dist/tex/latex/hyperref/nameref.sty
Package: nameref 2023-11-26 v2.56 Cross-referencing by name of section

(/usr/local/texlive/2024/texmf-dist/tex/latex/refcount/refcount.sty
Package: refcount 2019/12/15 v3.6 Data extraction from label references (HO)
)
(/usr/local/texlive/2024/texmf-dist/tex/generic/gettitlestring/gettitlestring.s
ty
Package: gettitlestring 2019/12/15 v1.6 Cleanup title references (HO)
 (/usr/local/texlive/2024/texmf-dist/tex/latex/kvoptions/kvoptions.sty
Package: kvoptions 2022-06-15 v3.15 Key value format for package options (HO)
))
\c@section@level=\count280
)
(/usr/local/texlive/2024/texmf-dist/tex/latex/etoolbox/etoolbox.sty
Package: etoolbox 2020/10/05 v2.5k e-TeX tools for LaTeX (JAW)
\etb@tempcnta=\count281
)
\@linkdim=\dimen159
\Hy@linkcounter=\count282
\Hy@pagecounter=\count283

(/usr/local/texlive/2024/texmf-dist/tex/latex/hyperref/pd1enc.def
File: pd1enc.def 2024-01-20 v7.01h Hyperref: PDFDocEncoding definition (HO)
Now handling font encoding PD1 ...
... no UTF-8 mapping file for font encoding PD1
)
(/usr/local/texlive/2024/texmf-dist/tex/generic/intcalc/intcalc.sty
Package: intcalc 2019/12/15 v1.3 Expandable calculations with integers (HO)
)
\Hy@SavedSpaceFactor=\count284

(/usr/local/texlive/2024/texmf-dist/tex/latex/hyperref/puenc.def
File: puenc.def 2024-01-20 v7.01h Hyperref: PDF Unicode definition (HO)
Now handling font encoding PU ...
... no UTF-8 mapping file for font encoding PU
)
Package hyperref Info: Hyper figures OFF on input line 4179.
Package hyperref Info: Link nesting OFF on input line 4184.
Package hyperref Info: Hyper index ON on input line 4187.
Package hyperref Info: Plain pages OFF on input line 4194.
Package hyperref Info: Backreferencing OFF on input line 4199.
Package hyperref Info: Implicit mode ON; LaTeX internals redefined.
Package hyperref Info: Bookmarks ON on input line 4446.
\c@Hy@tempcnt=\count285

(/usr/local/texlive/2024/texmf-dist/tex/latex/url/url.sty
\Urlmuskip=\muskip17
Package: url 2013/09/16  ver 3.4  Verb mode for urls, etc.
)
LaTeX Info: Redefining \url on input line 4784.
\XeTeXLinkMargin=\dimen160

(/usr/local/texlive/2024/texmf-dist/tex/generic/bitset/bitset.sty
Package: bitset 2019/12/09 v1.3 Handle bit-vector datatype (HO)

(/usr/local/texlive/2024/texmf-dist/tex/generic/bigintcalc/bigintcalc.sty
Package: bigintcalc 2019/12/15 v1.5 Expandable calculations on big integers (HO
)
))
\Fld@menulength=\count286
\Field@Width=\dimen161
\Fld@charsize=\dimen162
Package hyperref Info: Hyper figures OFF on input line 6063.
Package hyperref Info: Link nesting OFF on input line 6068.
Package hyperref Info: Hyper index ON on input line 6071.
Package hyperref Info: backreferencing OFF on input line 6078.
Package hyperref Info: Link coloring OFF on input line 6083.
Package hyperref Info: Link coloring with OCG OFF on input line 6088.
Package hyperref Info: PDF/A mode OFF on input line 6093.

(/usr/local/texlive/2024/texmf-dist/tex/latex/base/atbegshi-ltx.sty
Package: atbegshi-ltx 2021/01/10 v1.0c Emulation of the original atbegshi
package with kernel methods
)
\Hy@abspage=\count287
\c@Item=\count288
\c@Hfootnote=\count289
)
Package hyperref Info: Driver (autodetected): hpdftex.

(/usr/local/texlive/2024/texmf-dist/tex/latex/hyperref/hpdftex.def
File: hpdftex.def 2024-01-20 v7.01h Hyperref driver for pdfTeX

(/usr/local/texlive/2024/texmf-dist/tex/latex/base/atveryend-ltx.sty
Package: atveryend-ltx 2020/08/19 v1.0a Emulation of the original atveryend pac
kage
with kernel methods
)
\Fld@listcount=\count290
\c@bookmark@seq@number=\count291

(/usr/local/texlive/2024/texmf-dist/tex/latex/rerunfilecheck/rerunfilecheck.sty
Package: rerunfilecheck 2022-07-10 v1.10 Rerun checks for auxiliary files (HO)

(/usr/local/texlive/2024/texmf-dist/tex/generic/uniquecounter/uniquecounter.sty
Package: uniquecounter 2019/12/15 v1.4 Provide unlimited unique counter (HO)
)
Package uniquecounter Info: New unique counter `rerunfilecheck' on input line 2
85.
)
\Hy@SectionHShift=\skip56
) (/usr/local/texlive/2024/texmf-dist/tex/latex/fancyhdr/fancyhdr.sty
Package: fancyhdr 2022/11/09 v4.1 Extensive control of page headers and footers

\f@nch@headwidth=\skip57
\f@nch@O@elh=\skip58
\f@nch@O@erh=\skip59
\f@nch@O@olh=\skip60
\f@nch@O@orh=\skip61
\f@nch@O@elf=\skip62
\f@nch@O@erf=\skip63
\f@nch@O@olf=\skip64
\f@nch@O@orf=\skip65
)
(/usr/local/texlive/2024/texmf-dist/tex/latex/titlesec/titlesec.sty
Package: titlesec 2023/10/27 v2.16 Sectioning titles
\ttl@box=\box53
\beforetitleunit=\skip66
\aftertitleunit=\skip67
\ttl@plus=\dimen163
\ttl@minus=\dimen164
\ttl@toksa=\toks33
\titlewidth=\dimen165
\titlewidthlast=\dimen166
\titlewidthfirst=\dimen167
)
(/usr/local/texlive/2024/texmf-dist/tex/latex/listings/listings.sty
\lst@mode=\count292
\lst@gtempboxa=\box54
\lst@token=\toks34
\lst@length=\count293
\lst@currlwidth=\dimen168
\lst@column=\count294
\lst@pos=\count295
\lst@lostspace=\dimen169
\lst@width=\dimen170
\lst@newlines=\count296
\lst@lineno=\count297
\lst@maxwidth=\dimen171

(/usr/local/texlive/2024/texmf-dist/tex/latex/listings/lstpatch.sty
File: lstpatch.sty 2024/02/21 1.10 (Carsten Heinz)
)
(/usr/local/texlive/2024/texmf-dist/tex/latex/listings/lstmisc.sty
File: lstmisc.sty 2024/02/21 1.10 (Carsten Heinz)
\c@lstnumber=\count298
\lst@skipnumbers=\count299
\lst@framebox=\box55
)
(/usr/local/texlive/2024/texmf-dist/tex/latex/listings/listings.cfg
File: listings.cfg 2024/02/21 1.10 listings configuration
))
Package: listings 2024/02/21 1.10 (Carsten Heinz)

(/usr/local/texlive/2024/texmf-dist/tex/latex/graphics/graphicx.sty
Package: graphicx 2021/09/16 v1.2d Enhanced LaTeX Graphics (DPC,SPQR)

(/usr/local/texlive/2024/texmf-dist/tex/latex/graphics/graphics.sty
Package: graphics 2022/03/10 v1.4e Standard LaTeX Graphics (DPC,SPQR)

(/usr/local/texlive/2024/texmf-dist/tex/latex/graphics/trig.sty
Package: trig 2021/08/11 v1.11 sin cos tan (DPC)
)
(/usr/local/texlive/2024/texmf-dist/tex/latex/graphics-cfg/graphics.cfg
File: graphics.cfg 2016/06/04 v1.11 sample graphics configuration
)
Package graphics Info: Driver file: pdftex.def on input line 107.

(/usr/local/texlive/2024/texmf-dist/tex/latex/graphics-def/pdftex.def
File: pdftex.def 2022/09/22 v1.2b Graphics/color driver for pdftex
))
\Gin@req@height=\dimen172
\Gin@req@width=\dimen173
)
(/usr/local/texlive/2024/texmf-dist/tex/latex/tools/multicol.sty
Package: multicol 2023/03/30 v1.9f multicolumn formatting (FMi)
\c@tracingmulticols=\count300
\mult@box=\box56
\multicol@leftmargin=\dimen174
\c@unbalance=\count301
\c@collectmore=\count302
\doublecol@number=\count303
\multicoltolerance=\count304
\multicolpretolerance=\count305
\full@width=\dimen175
\page@free=\dimen176
\premulticols=\dimen177
\postmulticols=\dimen178
\multicolsep=\skip68
\multicolbaselineskip=\skip69
\partial@page=\box57
\last@line=\box58
\mc@boxedresult=\box59
\maxbalancingoverflow=\dimen179
\mult@rightbox=\box60
\mult@grightbox=\box61
\mult@firstbox=\box62
\mult@gfirstbox=\box63
\@tempa=\box64
\@tempa=\box65
\@tempa=\box66
\@tempa=\box67
\@tempa=\box68
\@tempa=\box69
\@tempa=\box70
\@tempa=\box71
\@tempa=\box72
\@tempa=\box73
\@tempa=\box74
\@tempa=\box75
\@tempa=\box76
\@tempa=\box77
\@tempa=\box78
\@tempa=\box79
\@tempa=\box80
\@tempa=\box81
\@tempa=\box82
\@tempa=\box83
\@tempa=\box84
\@tempa=\box85
\@tempa=\box86
\@tempa=\box87
\@tempa=\box88
\@tempa=\box89
\@tempa=\box90
\@tempa=\box91
\@tempa=\box92
\@tempa=\box93
\@tempa=\box94
\@tempa=\box95
\@tempa=\box96
\@tempa=\box97
\@tempa=\box98
\@tempa=\box99
\c@minrows=\count306
\c@columnbadness=\count307
\c@finalcolumnbadness=\count308
\last@try=\dimen180
\multicolovershoot=\dimen181
\multicolundershoot=\dimen182
\mult@nat@firstbox=\box100
\colbreak@box=\box101
\mc@col@check@num=\count309
)
(/usr/local/texlive/2024/texmf-dist/tex/latex/multirow/multirow.sty
Package: multirow 2021/03/15 v2.8 Span multiple rows of a table
\multirow@colwidth=\skip70
\multirow@cntb=\count310
\multirow@dima=\skip71
\bigstrutjot=\dimen183
)
(/usr/local/texlive/2024/texmf-dist/tex/latex/graphics/color.sty
Package: color 2022/01/06 v1.3d Standard LaTeX Color (DPC)

(/usr/local/texlive/2024/texmf-dist/tex/latex/graphics-cfg/color.cfg
File: color.cfg 2016/01/02 v1.6 sample color configuration
)
Package color Info: Driver file: pdftex.def on input line 149.

(/usr/local/texlive/2024/texmf-dist/tex/latex/graphics/mathcolor.ltx))
(/usr/local/texlive/2024/texmf-dist/tex/latex/float/float.sty
Package: float 2001/11/08 v1.3d Float enhancements (AL)
\c@float@type=\count311
\float@exts=\toks35
\float@box=\box102
\@float@everytoks=\toks36
\@floatcapt=\box103
)
(/usr/local/texlive/2024/texmf-dist/tex/latex/subfig/subfig.sty
Package: subfig 2005/06/28 ver: 1.3 subfig package

(/usr/local/texlive/2024/texmf-dist/tex/latex/caption/caption.sty
Package: caption 2023/08/05 v3.6o Customizing captions (AR)

(/usr/local/texlive/2024/texmf-dist/tex/latex/caption/caption3.sty
Package: caption3 2023/07/31 v2.4d caption3 kernel (AR)
\caption@tempdima=\dimen184
\captionmargin=\dimen185
\caption@leftmargin=\dimen186
\caption@rightmargin=\dimen187
\caption@width=\dimen188
\caption@indent=\dimen189
\caption@parindent=\dimen190
\caption@hangindent=\dimen191
Package caption Info: Standard document class detected.
)
\c@caption@flags=\count312
\c@continuedfloat=\count313
Package caption Info: float package is loaded.
Package caption Info: hyperref package is loaded.
Package caption Info: listings package is loaded.
)
\c@KVtest=\count314
\sf@farskip=\skip72
\sf@captopadj=\dimen192
\sf@capskip=\skip73
\sf@nearskip=\skip74
\c@subfigure=\count315
\c@subfigure@save=\count316
\c@lofdepth=\count317
\c@subtable=\count318
\c@subtable@save=\count319
\c@lotdepth=\count320
\sf@top=\skip75
\sf@bottom=\skip76
)
(/usr/local/texlive/2024/texmf-dist/tex/latex/graphics/rotating.sty
Package: rotating 2016/08/11 v2.16d rotated objects in LaTeX

(/usr/local/texlive/2024/texmf-dist/tex/latex/base/ifthen.sty
Package: ifthen 2022/04/13 v1.1d Standard LaTeX ifthen package (DPC)
)
\c@r@tfl@t=\count321
\rotFPtop=\skip77
\rotFPbot=\skip78
\rot@float@box=\box104
\rot@mess@toks=\toks37
)
(/usr/local/texlive/2024/texmf-dist/tex/latex/tools/enumerate.sty
Package: enumerate 2023/07/04 v3.00 enumerate extensions (DPC)
\@enLab=\toks38
)
(/usr/local/texlive/2024/texmf-dist/tex/latex/anysize/anysize.sty
Package: anysize 1994/08/13 setting margin sizes

document style option `anysize' loaded
Michael Salzenberg, Thomas Esser, Dirk Hillbrecht
Version 1.0, Aug 13, 1994
\@Leftmargin=\dimen193
\@Rightmargin=\dimen194
\@Topmargin=\dimen195
\@Bottommargin=\dimen196
) (/usr/local/texlive/2024/texmf-dist/tex/latex/imakeidx/imakeidx.sty
Package: imakeidx 2016/10/15 v1.3e Package for typesetting indices in a synchro
nous mode

(/usr/local/texlive/2024/texmf-dist/tex/latex/xkeyval/xkeyval.sty
Package: xkeyval 2022/06/16 v2.9 package option processing (HA)

(/usr/local/texlive/2024/texmf-dist/tex/generic/xkeyval/xkeyval.tex
(/usr/local/texlive/2024/texmf-dist/tex/generic/xkeyval/xkvutils.tex
\XKV@toks=\toks39
\XKV@tempa@toks=\toks40
)
\XKV@depth=\count322
File: xkeyval.tex 2014/12/03 v2.7a key=value parser (HA)
))
(/usr/local/texlive/2024/texmf-dist/tex/generic/iftex/ifxetex.sty
Package: ifxetex 2019/10/25 v0.7 ifxetex legacy package. Use iftex instead.
)
(/usr/local/texlive/2024/texmf-dist/tex/generic/iftex/ifluatex.sty
Package: ifluatex 2019/10/25 v1.5 ifluatex legacy package. Use iftex instead.
))
\c@Def=\count323
\c@Ejem=\count324
\c@Teo=\count325
\c@Note=\count326
\c@Prop=\count327
\c@Cor=\count328
\c@Coro=\count329
\c@Lema=\count330
\c@Lemma=\count331
\c@Lem=\count332
\c@Sup=\count333
\c@Obs=\count334
\ReviewCadenasMarkov@idxfile=\write3
\openout3 = `ReviewCadenasMarkov.idx'.


Writing index file ReviewCadenasMarkov.idx
(/usr/local/texlive/2024/texmf-dist/tex/latex/l3backend/l3backend-pdftex.def
File: l3backend-pdftex.def 2024-02-20 L3 backend support: PDF output (pdfTeX)
\l__color_backend_stack_int=\count335
\l__pdf_internal_box=\box105
)
(./ReviewCadenasMarkov.aux

LaTeX Warning: Label `Rouche' multiply defined.


LaTeX Warning: Label `Asmussen' multiply defined.


LaTeX Warning: Label `Bhat' multiply defined.


LaTeX Warning: Label `Boxma' multiply defined.


LaTeX Warning: Label `BoonMeiWinands' multiply defined.


LaTeX Warning: Label `Borovkov' multiply defined.


LaTeX Warning: Label `BosBoon' multiply defined.


LaTeX Warning: Label `HookHee' multiply defined.


LaTeX Warning: Label `Chen' multiply defined.


LaTeX Warning: Label `CooperII' multiply defined.


LaTeX Warning: Label `Dai' multiply defined.


LaTeX Warning: Label `DaiSean' multiply defined.


LaTeX Warning: Label `DaiWeiss' multiply defined.


LaTeX Warning: Label `Daley68' multiply defined.


LaTeX Warning: Label `Davis' multiply defined.


LaTeX Warning: Label `Down' multiply defined.


LaTeX Warning: Label `Daley68' multiply defined.


LaTeX Warning: Label `Disney' multiply defined.


LaTeX Warning: Label `Eisenberg' multiply defined.


LaTeX Warning: Label `FrickerJaibi' multiply defined.


LaTeX Warning: Label `Stability' multiply defined.


LaTeX Warning: Label `Getoor' multiply defined.


LaTeX Warning: Label `Gut' multiply defined.


LaTeX Warning: Label `HookHee' multiply defined.


LaTeX Warning: Label `KaspiMandelbaum' multiply defined.


LaTeX Warning: Label `Konheim' multiply defined.


LaTeX Warning: Label `Kleinrock' multiply defined.


LaTeX Warning: Label `Konheim' multiply defined.


LaTeX Warning: Label `Lang' multiply defined.


LaTeX Warning: Label `LevySidi' multiply defined.


LaTeX Warning: Label `MeiBorst' multiply defined.


LaTeX Warning: Label `MeynTweedie2' multiply defined.


LaTeX Warning: Label `MeynDown' multiply defined.


LaTeX Warning: Label `TesisRoubos' multiply defined.


LaTeX Warning: Label `RepTec' multiply defined.


LaTeX Warning: Label `Semenova' multiply defined.


LaTeX Warning: Label `Serfozo' multiply defined.


LaTeX Warning: Label `Sharpe' multiply defined.


LaTeX Warning: Label `Sigma' multiply defined.


LaTeX Warning: Label `SidiLevy1' multiply defined.


LaTeX Warning: Label `SidiLevy2' multiply defined.


LaTeX Warning: Label `Sigman2' multiply defined.


LaTeX Warning: Label `Stidham' multiply defined.


LaTeX Warning: Label `TakagiI' multiply defined.


LaTeX Warning: Label `Takagi' multiply defined.


LaTeX Warning: Label `Thorisson' multiply defined.


LaTeX Warning: Label `Winands' multiply defined.

)
\openout1 = `ReviewCadenasMarkov.aux'.

LaTeX Font Info:    Checking defaults for OML/cmm/m/it on input line 91.
LaTeX Font Info:    ... okay on input line 91.
LaTeX Font Info:    Checking defaults for OMS/cmsy/m/n on input line 91.
LaTeX Font Info:    ... okay on input line 91.
LaTeX Font Info:    Checking defaults for OT1/cmr/m/n on input line 91.
LaTeX Font Info:    ... okay on input line 91.
LaTeX Font Info:    Checking defaults for T1/cmr/m/n on input line 91.
LaTeX Font Info:    ... okay on input line 91.
LaTeX Font Info:    Checking defaults for TS1/cmr/m/n on input line 91.
LaTeX Font Info:    ... okay on input line 91.
LaTeX Font Info:    Checking defaults for OMX/cmex/m/n on input line 91.
LaTeX Font Info:    ... okay on input line 91.
LaTeX Font Info:    Checking defaults for U/cmr/m/n on input line 91.
LaTeX Font Info:    ... okay on input line 91.
LaTeX Font Info:    Checking defaults for PD1/pdf/m/n on input line 91.
LaTeX Font Info:    ... okay on input line 91.
LaTeX Font Info:    Checking defaults for PU/pdf/m/n on input line 91.
LaTeX Font Info:    ... okay on input line 91.

*geometry* driver: auto-detecting
*geometry* detected driver: pdftex
*geometry* verbose mode - [ preamble ] result:
* driver: pdftex
* paper: a4paper
* layout: <same size as paper>
* layoutoffset:(h,v)=(0.0pt,0.0pt)
* modes: 
* h-part:(L,W,R)=(39.83385pt, 517.84018pt, 39.83385pt)
* v-part:(T,H,B)=(85.35826pt, 674.33032pt, 85.35826pt)
* \paperwidth=597.50787pt
* \paperheight=845.04684pt
* \textwidth=517.84018pt
* \textheight=674.33032pt
* \oddsidemargin=-32.43614pt
* \evensidemargin=-32.43614pt
* \topmargin=-23.91173pt
* \headheight=12.0pt
* \headsep=25.0pt
* \topskip=10.0pt
* \footskip=30.0pt
* \marginparwidth=65.0pt
* \marginparsep=11.0pt
* \columnsep=10.0pt
* \skip\footins=9.0pt plus 4.0pt minus 2.0pt
* \hoffset=0.0pt
* \voffset=0.0pt
* \mag=1000
* \@twocolumnfalse
* \@twosidefalse
* \@mparswitchfalse
* \@reversemarginfalse
* (1in=72.27pt=25.4mm, 1cm=28.453pt)

Package hyperref Info: Link coloring OFF on input line 91.
(./ReviewCadenasMarkov.out) (./ReviewCadenasMarkov.out)
\@outlinefile=\write4
\openout4 = `ReviewCadenasMarkov.out'.

\c@lstlisting=\count336

(/usr/local/texlive/2024/texmf-dist/tex/context/base/mkii/supp-pdf.mkii
[Loading MPS to PDF converter (version 2006.09.02).]
\scratchcounter=\count337
\scratchdimen=\dimen197
\scratchbox=\box106
\nofMPsegments=\count338
\nofMParguments=\count339
\everyMPshowfont=\toks41
\MPscratchCnt=\count340
\MPscratchDim=\dimen198
\MPnumerator=\count341
\makeMPintoPDFobject=\count342
\everyMPtoPDFconversion=\toks42
) (/usr/local/texlive/2024/texmf-dist/tex/latex/epstopdf-pkg/epstopdf-base.sty
Package: epstopdf-base 2020-01-24 v2.11 Base part for package epstopdf
Package epstopdf-base Info: Redefining graphics rule for `.eps' on input line 4
85.

(/usr/local/texlive/2024/texmf-dist/tex/latex/latexconfig/epstopdf-sys.cfg
File: epstopdf-sys.cfg 2010/07/13 v1.3 Configuration of (r)epstopdf for TeX Liv
e
))
Package caption Info: Begin \AtBeginDocument code.
Package caption Info: subfig package v1.3 is loaded.
Package caption Info: rotating package is loaded.
Package caption Info: End \AtBeginDocument code.
LaTeX Font Info:    Trying to load font information for U+msa on input line 94.


(/usr/local/texlive/2024/texmf-dist/tex/latex/amsfonts/umsa.fd
File: umsa.fd 2013/01/14 v3.01 AMS symbols A
)
LaTeX Font Info:    Trying to load font information for U+msb on input line 94.


(/usr/local/texlive/2024/texmf-dist/tex/latex/amsfonts/umsb.fd
File: umsb.fd 2013/01/14 v3.01 AMS symbols B
)
(./ReviewCadenasMarkov.toc)
\tf@toc=\write5
\openout5 = `ReviewCadenasMarkov.toc'.


Underfull \hbox (badness 10000) in paragraph at lines 137--138

 []


Underfull \hbox (badness 10000) in paragraph at lines 141--142

 []

[1

{/usr/local/texlive/2024/texmf-var/fonts/map/pdftex/updmap/pdftex.map}]
Underfull \hbox (badness 10000) in paragraph at lines 151--152

 []


Underfull \hbox (badness 10000) in paragraph at lines 153--154

 []


Underfull \hbox (badness 10000) in paragraph at lines 177--178

 []


Underfull \hbox (badness 10000) in paragraph at lines 179--180

 []

[2]
Underfull \hbox (badness 10000) in paragraph at lines 181--182

 []

[3] [4]
Underfull \hbox (badness 10000) in paragraph at lines 311--313

 []


Underfull \hbox (badness 10000) in paragraph at lines 314--315

 []

[5] [6] [7]
Underfull \hbox (badness 10000) in paragraph at lines 482--484

 []


Underfull \hbox (badness 10000) in paragraph at lines 485--486

 []


Underfull \hbox (badness 10000) in paragraph at lines 504--505

 []

[8] [9] [10] [11] [12] [13] [14] [15] [16] [17] [18] [19]
Underfull \hbox (badness 10000) in paragraph at lines 1131--1135

 []


Underfull \hbox (badness 10000) in paragraph at lines 1136--1137

 []

[20]
Underfull \hbox (badness 10000) in paragraph at lines 1138--1141

 []


Underfull \hbox (badness 10000) in paragraph at lines 1172--1173

 []

[21] [22{/usr/local/texlive/2024/texmf-dist/fonts/enc/dvips/cm-super/cm-super-t
s1.enc}] [23] [24] [25] [26] [27] [28] [29] [30]

LaTeX Warning: Reference `Ec.Renovacion' on page 31 undefined on input line 195
5.

[31] [32] [33] [34]

LaTeX Warning: Reference `Ec.Renovacion' on page 35 undefined on input line 225
7.

[35]

LaTeX Warning: Reference `Ec.Renovacion' on page 36 undefined on input line 234
1.

[36] [37] [38] [39] [40] [41]

LaTeX Warning: Reference `Corolario2' on page 42 undefined on input line 2802.

[42] [43] [44]

LaTeX Font Warning: Command \footnotesize invalid in math mode on input line 30
38.

[45] [46] [47] [48] [49] [50] [51] [52] (./bibliografia.tex [53] [54]
Underfull \hbox (badness 10000) in paragraph at lines 121--122
[]\OT1/cmr/m/n/10 Probability and Statis-tics Tu-to-ri-als on Khan Academy: []$
\OT1/cmtt/m/n/10 https : / / www . khanacademy . org / math /
 []

[55]
Underfull \hbox (badness 10000) in paragraph at lines 131--132
[]\OT1/cmr/m/n/10 Data Clean-ing and Pre-pro-cess-ing on To-wards Data Sci-ence
: []$\OT1/cmtt/m/n/10 https : / / towardsdatascience . com /
 []


Underfull \hbox (badness 3769) in paragraph at lines 135--136
[]\OT1/cmr/m/n/10 Evaluating Ma-chine Learn-ing Mod-els on To-wards Data Sci-en
ce: []$\OT1/cmtt/m/n/10 https : / / towardsdatascience . com /
 []


Underfull \hbox (badness 2922) in paragraph at lines 155--156
[]\OT1/cmr/m/n/10 An In-tro-duc-tion to Sur-vival Anal-y-sis on To-wards Data S
ci-ence: []$\OT1/cmtt/m/n/10 https : / / towardsdatascience . com /
 []


Underfull \hbox (badness 10000) in paragraph at lines 157--158
[]\OT1/cmr/m/n/10 Multinomial Lo-gis-tic Re-gres-sion on Dat-a-Camp: []$\OT1/cm
tt/m/n/10 https : / / www . datacamp . com / community / tutorials /
 []


pdfTeX warning (ext4): destination with the same identifier (name{cite.Rouche})
 has been already used, duplicate ignored
<to be read again> 
                   \relax 
l.168 \bibitem{Rouche}
                       I.J.B.F. Adan, J.S.H. van Leeuwaarden, and E.M.M. Win...

pdfTeX warning (ext4): destination with the same identifier (name{cite.Asmussen
}) has been already used, duplicate ignored
<to be read again> 
                   \relax 
l.171 \bibitem{Asmussen}
                         Asmussen Soren, Applied Probability and
pdfTeX warning (ext4): destination with the same identifier (name{cite.Bhat}) h
as been already used, duplicate ignored
<to be read again> 
                   \relax 
l.177 \bibitem{Bhat}
                     Bhat Narayan, An Introduction to Queueing Theory
pdfTeX warning (ext4): destination with the same identifier (name{cite.Boxma}) 
has been already used, duplicate ignored
<to be read again> 
                   \relax 
l.180 \bibitem{Boxma}
                      Boxma J. O., Analysis and Optimization of Polling
pdfTeX warning (ext4): destination with the same identifier (name{cite.BoonMeiW
inands}) has been already used, duplicate ignored
<to be read again> 
                   \relax 
l.188 \bibitem{BoonMeiWinands}
                               Boon M.A.A., Van der Mei R.D.  and
pdfTeX warning (ext4): destination with the same identifier (name{cite.Borovkov
}) has been already used, duplicate ignored
<to be read again> 
                   \relax 
l.191 \bibitem{Borovkov}
                         Borovkov. A. A. and Schassberger R., Ergodicity
pdfTeX warning (ext4): destination with the same identifier (name{cite.BosBoon}
) has been already used, duplicate ignored
<to be read again> 
                   \relax 
l.196 \bibitem{BosBoon}
                       Laurent van den Bos and Marko Boon, Networks of Polli...

pdfTeX warning (ext4): destination with the same identifier (name{cite.HookHee}
) has been already used, duplicate ignored
<to be read again> 
                   \relax 
l.204 \bibitem{HookHee}
                        Chee-Hook Ng. y Boon-Hee Soong, Queueing [56]
pdfTeX warning (ext4): destination with the same identifier (name{cite.Chen}) h
as been already used, duplicate ignored
<to be read again> 
                   \relax 
l.208 \bibitem{Chen}
                     Chen H., Fluid Approximations and Stability of
pdfTeX warning (ext4): destination with the same identifier (name{cite.CooperII
}) has been already used, duplicate ignored
<to be read again> 
                   \relax 
l.215 \bibitem{CooperII}
                         R.B. Cooper, Queues served in cyclic order: waiting...

pdfTeX warning (ext4): destination with the same identifier (name{cite.Dai}) ha
s been already used, duplicate ignored
<to be read again> 
                   \relax 
l.221 \bibitem{Dai}
                    Dai Jean G., On positive Harris Recurrence of Multiclass...

pdfTeX warning (ext4): destination with the same identifier (name{cite.DaiSean}
) has been already used, duplicate ignored
<to be read again> 
                   \relax 
l.225 \bibitem{DaiSean}
                        Dai Jim G. and Meyn Sean P., Stability and Convergen...

pdfTeX warning (ext4): destination with the same identifier (name{cite.DaiWeiss
}) has been already used, duplicate ignored
<to be read again> 
                   \relax 
l.230 \bibitem{DaiWeiss}
                        
pdfTeX warning (ext4): destination with the same identifier (name{cite.Daley68}
) has been already used, duplicate ignored
<to be read again> 
                   \relax 
l.235 \bibitem{Daley68}
                        D.J. Daley, The correlation structure of the output ...

pdfTeX warning (ext4): destination with the same identifier (name{cite.Davis}) 
has been already used, duplicate ignored
<to be read again> 
                   \relax 
l.238 \bibitem{Davis}
                      Davis, M. H. A., Piecewise Deterministic Markov
pdfTeX warning (ext4): destination with the same identifier (name{cite.Down}) h
as been already used, duplicate ignored
<to be read again> 
                   \relax 
l.243 \bibitem{Down}
                     Down D., On the Stability of Polling Models with Multip...

pdfTeX warning (ext4): destination with the same identifier (name{cite.Daley68}
) has been already used, duplicate ignored
<to be read again> 
                   \relax 
l.246 \bibitem{Daley68}
                        D.J. Daley, The correlation structure of the output ...

pdfTeX warning (ext4): destination with the same identifier (name{cite.Disney})
 has been already used, duplicate ignored
<to be read again> 
                   \relax 
l.248 \bibitem{Disney}
                       Ralpjh L. Disney, Robert L. Farrell and Paulo Renato ...

pdfTeX warning (ext4): destination with the same identifier (name{cite.Eisenber
g}) has been already used, duplicate ignored
<to be read again> 
                   \relax 
l.253 \bibitem{Eisenberg}
                          M. Eisenberg, Queues with periodic service and cha...

pdfTeX warning (ext4): destination with the same identifier (name{cite.FrickerJ
aibi}) has been already used, duplicate ignored
<to be read again> 
                   \relax 
l.260 \bibitem{FrickerJaibi}
                            
pdfTeX warning (ext4): destination with the same identifier (name{cite.Stabilit
y}) has been already used, duplicate ignored
<to be read again> 
                   \relax 
l.265 \bibitem{Stability}
                         
pdfTeX warning (ext4): destination with the same identifier (name{cite.Getoor})
 has been already used, duplicate ignored
<to be read again> 
                   \relax 
l.274 \bibitem{Getoor}
                       Getoor R. K., Transience and recurrence of
pdfTeX warning (ext4): destination with the same identifier (name{cite.Gut}) ha
s been already used, duplicate ignored
<to be read again> 
                   \relax 
l.278 \bibitem{Gut}
                    Gut A., Stopped Random Walks: Limit Theorems and
pdfTeX warning (ext4): destination with the same identifier (name{cite.HookHee}
) has been already used, duplicate ignored
<to be read again> 
                   \relax 
l.285 \bibitem{HookHee}
                        Chee-Hook Ng. y Boon-Hee Soong, Queueing
pdfTeX warning (ext4): destination with the same identifier (name{cite.KaspiMan
delbaum}) has been already used, duplicate ignored
<to be read again> 
                   \relax 
l.300 \bibitem{KaspiMandelbaum}
                                Kaspi H. and Mandelbaum A., Regenerative Clo...

pdfTeX warning (ext4): destination with the same identifier (name{cite.Konheim}
) has been already used, duplicate ignored
<to be read again> 
                   \relax 
l.304 \bibitem{Konheim}
                        A.G. Konheim, H. Levy, M.M. Srinivasan, Descendant s...

pdfTeX warning (ext4): destination with the same identifier (name{cite.Kleinroc
k}) has been already used, duplicate ignored
<to be read again> 
                   \relax 
l.308 \bibitem{Kleinrock}
                          Leonard Kleinrock, Theory, Volume 1, Queueing Syst...

pdfTeX warning (ext4): destination with the same identifier (name{cite.Konheim}
) has been already used, duplicate ignored
<to be read again> 
                   \relax 
l.311 \bibitem{Konheim}
                        A. G. Konheim, h. Levy and M. M. Srinivasan. Descend...

pdfTeX warning (ext4): destination with the same identifier (name{cite.Lang}) h
as been already used, duplicate ignored
<to be read again> 
                   \relax 
l.318 \bibitem{Lang}
                     Serge Lang, Calculus of Several Variables, Addison-Wesl...

pdfTeX warning (ext4): destination with the same identifier (name{cite.LevySidi
}) has been already used, duplicate ignored
<to be read again> 
                   \relax 
l.320 \bibitem{LevySidi}
                         [57]
pdfTeX warning (ext4): destination with the same identifier (name{cite.MeiBorst
}) has been already used, duplicate ignored
<to be read again> 
                   \relax 
l.327 \bibitem{MeiBorst}
                         van der Mei, R.D. and Borst, S. C., Analysis of Mul...

pdfTeX warning (ext4): destination with the same identifier (name{cite.MeynTwee
die2}) has been already used, duplicate ignored
<to be read again> 
                   \relax 
l.338 \bibitem{MeynTweedie2}
                             Meyn S. P. and Tweedie R. L., Markov Chains and...

pdfTeX warning (ext4): destination with the same identifier (name{cite.MeynDown
}) has been already used, duplicate ignored
<to be read again> 
                   \relax 
l.341 \bibitem{MeynDown}
                         Meyn, S.P. and Down, D., Stability of Generalized J...

pdfTeX warning (ext4): destination with the same identifier (name{cite.TesisRou
bos}) has been already used, duplicate ignored
<to be read again> 
                   \relax 
l.361 \bibitem{TesisRoubos}
                           
pdfTeX warning (ext4): destination with the same identifier (name{cite.RepTec})
 has been already used, duplicate ignored
<to be read again> 
                   \relax 
l.371 \bibitem{RepTec}
                      
pdfTeX warning (ext4): destination with the same identifier (name{cite.Semenova
}) has been already used, duplicate ignored
<to be read again> 
                   \relax 
l.375 \bibitem{Semenova}
                        
pdfTeX warning (ext4): destination with the same identifier (name{cite.Serfozo}
) has been already used, duplicate ignored
<to be read again> 
                   \relax 
l.378 \bibitem{Serfozo}
                        Richard Serfozo, Basics of Applied Stochastic Proces...

pdfTeX warning (ext4): destination with the same identifier (name{cite.Sharpe})
 has been already used, duplicate ignored
<to be read again> 
                   \relax 
l.381 \bibitem{Sharpe}
                       Sharpe Michael , General Theory of Markov Processes. ...

pdfTeX warning (ext4): destination with the same identifier (name{cite.Sigma}) 
has been already used, duplicate ignored
<to be read again> 
                   \relax 
l.385 \bibitem{Sigma}
                      Sigman Karl, The Stability of Open Queueing
pdfTeX warning (ext4): destination with the same identifier (name{cite.SidiLevy
1}) has been already used, duplicate ignored
<to be read again> 
                   \relax 
l.389 \bibitem{SidiLevy1}
                          Sidi M.  and Levy H.,  Customer Routing in Polling...

pdfTeX warning (ext4): destination with the same identifier (name{cite.SidiLevy
2}) has been already used, duplicate ignored
<to be read again> 
                   \relax 
l.393 \bibitem{SidiLevy2}
                          Sidi M.  and Levy H., Polling Systems with Simulta...

pdfTeX warning (ext4): destination with the same identifier (name{cite.Sigman2}
) has been already used, duplicate ignored
<to be read again> 
                   \relax 
l.396 \bibitem{Sigman2}
                        Karl Sigman, Hermann Thorisson and Ronald W. Wolff, ...

pdfTeX warning (ext4): destination with the same identifier (name{cite.Stidham}
) has been already used, duplicate ignored
<to be read again> 
                   \relax 
l.400 \bibitem{Stidham}
                        Shaler Stidham, Jr., Regenerative Processes in the t...

pdfTeX warning (ext4): destination with the same identifier (name{cite.TakagiI}
) has been already used, duplicate ignored
<to be read again> 
                   \relax 
l.408 \bibitem{TakagiI}
                        Takagi H. and Kleinrock, Analysis of Polling Systems...

pdfTeX warning (ext4): destination with the same identifier (name{cite.Takagi})
 has been already used, duplicate ignored
<to be read again> 
                   \relax 
l.410 \bibitem{Takagi}
                      Takagi Hideaki, Queueing Analysis of Polling Models, A...

pdfTeX warning (ext4): destination with the same identifier (name{cite.Thorisso
n}) has been already used, duplicate ignored
<to be read again> 
                   \relax 
l.411 \bibitem{Thorisson}
                          Hermann Thorisson, Coupling, Stationarity, and Reg...

pdfTeX warning (ext4): destination with the same identifier (name{cite.Winands}
) has been already used, duplicate ignored
<to be read again> 
                   \relax 
l.421 \bibitem{Winands}
                        E.M.M. Winands, I.J.B.F. Adan adn G.J. van Houtum, M...
) [58]
runsystem(makeindex ReviewCadenasMarkov.idx)...executed safely (allowed).

 (./ReviewCadenasMarkov.ind) [59

] (./ReviewCadenasMarkov.aux)
 ***********
LaTeX2e <2023-11-01> patch level 1
L3 programming layer <2024-02-20>
 ***********


LaTeX Warning: There were undefined references.


LaTeX Warning: There were multiply-defined labels.

Package rerunfilecheck Info: File `ReviewCadenasMarkov.out' has not changed.
(rerunfilecheck)             Checksum: 4680CC6DE8CC3E1DEC9669CBC3546922;2029.
 ) 
Here is how much of TeX's memory you used:
 16571 strings out of 474116
 258583 string characters out of 5743683
 1970187 words of memory out of 5000000
 38222 multiletter control sequences out of 15000+600000
 571300 words of font info for 84 fonts, out of 8000000 for 9000
 1141 hyphenation exceptions out of 8191
 75i,17n,79p,954b,678s stack positions out of 10000i,1000n,20000p,200000b,200000s
</usr/local/texlive/2024/texmf-dist/fonts/type1/public/amsfonts/cm/cmbx10.pfb
></usr/local/texlive/2024/texmf-dist/fonts/type1/public/amsfonts/cm/cmbx12.pfb>
</usr/local/texlive/2024/texmf-dist/fonts/type1/public/amsfonts/cm/cmbx7.pfb></
usr/local/texlive/2024/texmf-dist/fonts/type1/public/amsfonts/cm/cmbx9.pfb></us
r/local/texlive/2024/texmf-dist/fonts/type1/public/amsfonts/cm/cmbxti10.pfb></u
sr/local/texlive/2024/texmf-dist/fonts/type1/public/amsfonts/cm/cmex10.pfb></us
r/local/texlive/2024/texmf-dist/fonts/type1/public/amsfonts/cmextra/cmex7.pfb><
/usr/local/texlive/2024/texmf-dist/fonts/type1/public/amsfonts/cmextra/cmex8.pf
b></usr/local/texlive/2024/texmf-dist/fonts/type1/public/amsfonts/cm/cmitt10.pf
b></usr/local/texlive/2024/texmf-dist/fonts/type1/public/amsfonts/cm/cmmi10.pfb
></usr/local/texlive/2024/texmf-dist/fonts/type1/public/amsfonts/cm/cmmi5.pfb><
/usr/local/texlive/2024/texmf-dist/fonts/type1/public/amsfonts/cm/cmmi6.pfb></u
sr/local/texlive/2024/texmf-dist/fonts/type1/public/amsfonts/cm/cmmi7.pfb></usr
/local/texlive/2024/texmf-dist/fonts/type1/public/amsfonts/cm/cmmi8.pfb></usr/l
ocal/texlive/2024/texmf-dist/fonts/type1/public/amsfonts/cm/cmr10.pfb></usr/loc
al/texlive/2024/texmf-dist/fonts/type1/public/amsfonts/cm/cmr12.pfb></usr/local
/texlive/2024/texmf-dist/fonts/type1/public/amsfonts/cm/cmr17.pfb></usr/local/t
exlive/2024/texmf-dist/fonts/type1/public/amsfonts/cm/cmr5.pfb></usr/local/texl
ive/2024/texmf-dist/fonts/type1/public/amsfonts/cm/cmr6.pfb></usr/local/texlive
/2024/texmf-dist/fonts/type1/public/amsfonts/cm/cmr7.pfb></usr/local/texlive/20
24/texmf-dist/fonts/type1/public/amsfonts/cm/cmr8.pfb></usr/local/texlive/2024/
texmf-dist/fonts/type1/public/amsfonts/cm/cmr9.pfb></usr/local/texlive/2024/tex
mf-dist/fonts/type1/public/amsfonts/cm/cmsy10.pfb></usr/local/texlive/2024/texm
f-dist/fonts/type1/public/amsfonts/cm/cmsy5.pfb></usr/local/texlive/2024/texmf-
dist/fonts/type1/public/amsfonts/cm/cmsy7.pfb></usr/local/texlive/2024/texmf-di
st/fonts/type1/public/amsfonts/cm/cmsy8.pfb></usr/local/texlive/2024/texmf-dist
/fonts/type1/public/amsfonts/cm/cmti10.pfb></usr/local/texlive/2024/texmf-dist/
fonts/type1/public/amsfonts/cm/cmtt10.pfb></usr/local/texlive/2024/texmf-dist/f
onts/type1/public/amsfonts/symbols/msbm10.pfb></usr/local/texlive/2024/texmf-di
st/fonts/type1/public/amsfonts/symbols/msbm7.pfb></usr/local/texlive/2024/texmf
-dist/fonts/type1/public/cm-super/sfrm1000.pfb></usr/local/texlive/2024/texmf-d
ist/fonts/type1/public/cm-super/sfti1000.pfb>
Output written on ReviewCadenasMarkov.pdf (59 pages, 600705 bytes).
PDF statistics:
 1022 PDF objects out of 1200 (max. 8388607)
 888 compressed objects within 9 object streams
 463 named destinations out of 1000 (max. 500000)
 81 words of extra memory for PDF output out of 10000 (max. 10000000)

