\BOOKMARK [0][-]{part.1}{I Introducci\363n a Procesos Regenerativos}{}% 1
\BOOKMARK [1][-]{section.1}{Procesos Estoc\341sticos}{part.1}% 2
\BOOKMARK [2][-]{subsection.1.1}{Cadenas de Markov}{section.1}% 3
\BOOKMARK [2][-]{subsection.1.2}{Procesos de Estados de Markov}{section.1}% 4
\BOOKMARK [2][-]{subsection.1.3}{Clasificaci\363n de Estados}{section.1}% 5
\BOOKMARK [2][-]{subsection.1.4}{Procesos de Markov}{section.1}% 6
\BOOKMARK [1][-]{section.2}{Procesos de Renovaci\363n y Regenerativos}{part.1}% 7
\BOOKMARK [2][-]{subsection.2.1}{Procesos Regenerativos Estacionarios}{section.2}% 8
\BOOKMARK [2][-]{subsection.2.2}{Teorema Principal de Renovaci\363n}{section.2}% 9
\BOOKMARK [2][-]{subsection.2.3}{Propiedades de los Procesos de Renovaci\363n}{section.2}% 10
\BOOKMARK [2][-]{subsection.2.4}{Funci\363n de Renovaci\363n}{section.2}% 11
\BOOKMARK [0][-]{part.2}{II Procesos Regenerativos seg\372n autores}{}% 12
\BOOKMARK [1][-]{section.3}{Procesos Regenerativos: SigmanSigman1}{part.2}% 13
\BOOKMARK [2][-]{subsection.3.1}{Renewal and Regenerative Processes: SerfozoSerfozo}{section.3}% 14
\BOOKMARK [1][-]{section.4}{EN REVISI\323N}{part.2}% 15
\BOOKMARK [2][-]{subsection.4.1}{Procesos Regenerativos Estacionarios - Stidham Stidham}{section.4}% 16
\BOOKMARK [2][-]{subsection.4.2}{Procesos Regenerativos Sigman, Thorisson y Wolff Sigman1}{section.4}% 17
\BOOKMARK [1][-]{section.5}{Procesos Regenerativos Sigman, Thorisson y Wolff Sigman1}{part.2}% 18
\BOOKMARK [2][-]{subsection.5.1}{Procesos Regenerativos Sigman, Thorisson y Wolff Sigman1}{section.5}% 19
\BOOKMARK [2][-]{subsection.5.2}{Procesos Regenerativos Sigman, Thorisson y Wolff Sigman1}{section.5}% 20
\BOOKMARK [2][-]{subsection.5.3}{Procesos Regenerativos Sigman, Thorisson y Wolff Sigman1}{section.5}% 21
\BOOKMARK [3][-]{subsubsection.5.3.1}{Procesos Regenerativos Sigman, Thorisson y Wolff Sigman1}{subsection.5.3}% 22
\BOOKMARK [2][-]{subsection.5.4}{Procesos Regenerativos Sigman, Thorisson y Wolff Sigman1}{section.5}% 23
\BOOKMARK [1][-]{section.6}{Procesos Regenerativos Sigman, Thorisson y Wolff Sigman2}{part.2}% 24
\BOOKMARK [2][-]{subsection.6.1}{Procesos Regenerativos Sigman, Thorisson y Wolff Sigman2}{section.6}% 25
\BOOKMARK [2][-]{subsection.6.2}{Procesos Regenerativos Sigman, Thorisson y Wolff Sigman2}{section.6}% 26
\BOOKMARK [2][-]{subsection.6.3}{Renewal and Regenerative Processes: SerfozoSerfozo}{section.6}% 27
\BOOKMARK [1][-]{section.7}{Renewal and Regenerative Processes: SerfozoSerfozo}{part.2}% 28
\BOOKMARK [2][-]{subsection.7.1}{Renewal and Regenerative Processes: SerfozoSerfozo}{section.7}% 29
\BOOKMARK [2][-]{subsection.7.2}{Renewal and Regenerative Processes: SerfozoSerfozo}{section.7}% 30
\BOOKMARK [2][-]{subsection.7.3}{Renewal and Regenerative Processes: SerfozoSerfozo}{section.7}% 31
\BOOKMARK [2][-]{subsection.7.4}{Renewal and Regenerative Processes: SerfozoSerfozo}{section.7}% 32
\BOOKMARK [2][-]{subsection.7.5}{Renewal and Regenerative Processes: SerfozoSerfozo}{section.7}% 33
\BOOKMARK [2][-]{subsection.7.6}{Renewal and Regenerative Processes: SerfozoSerfozo}{section.7}% 34
\BOOKMARK [2][-]{subsection.7.7}{Renewal and Regenerative Processes: SerfozoSerfozo}{section.7}% 35
\BOOKMARK [1][-]{section.8}{Procesos Regenerativos: Thorisson}{part.2}% 36
\BOOKMARK [2][-]{subsection.8.1}{One Sided Process}{section.8}% 37
\BOOKMARK [2][-]{subsection.8.2}{Regeneration: Shift-Measurability}{section.8}% 38
\BOOKMARK [2][-]{subsection.8.3}{Cycle-Stationarity}{section.8}% 39
\BOOKMARK [2][-]{subsection.8.4}{Classical Regeneration}{section.8}% 40
\BOOKMARK [2][-]{subsection.8.5}{Stationary Version}{section.8}% 41
\BOOKMARK [2][-]{subsection.8.6}{Spread Out}{section.8}% 42
\BOOKMARK [2][-]{subsection.8.7}{Wide Sense Regeneration}{section.8}% 43
\BOOKMARK [2][-]{subsection.8.8}{Existence of Regeneration Times}{section.8}% 44
\BOOKMARK [1][-]{section.9}{Renewal and Regenerative Processes: SerfozoSerfozo}{part.2}% 45
\BOOKMARK [2][-]{subsection.9.1}{Renewal and Regenerative Processes: SerfozoSerfozo}{section.9}% 46
\BOOKMARK [2][-]{subsection.9.2}{Renewal and Regenerative Processes: SerfozoSerfozo}{section.9}% 47
\BOOKMARK [2][-]{subsection.9.3}{Renewal and Regenerative Processes: SerfozoSerfozo}{section.9}% 48
\BOOKMARK [2][-]{subsection.9.4}{Renewal and Regenerative Processes: SerfozoSerfozo}{section.9}% 49
\BOOKMARK [1][-]{section.10}{Procesos Regenerativos: Thorisson}{part.2}% 50
\BOOKMARK [2][-]{subsection.10.1}{Procesos Regenerativos: Thorisson}{section.10}% 51
\BOOKMARK [2][-]{subsection.10.2}{Procesos Regenerativos: Thorisson}{section.10}% 52
\BOOKMARK [1][-]{section.11}{Procesos Regenerativos Estacionarios: Visi\363n cl\341sica}{part.2}% 53
\BOOKMARK [1][-]{section.12}{Procesos Regenerativos}{part.2}% 54
\BOOKMARK [2][-]{subsection.12.1}{Procesos Regenerativos}{section.12}% 55
\BOOKMARK [2][-]{subsection.12.2}{Procesos Regenerativos}{section.12}% 56
\BOOKMARK [2][-]{subsection.12.3}{Procesos Regenerativos}{section.12}% 57
\BOOKMARK [2][-]{subsection.12.4}{Procesos Regenerativos}{section.12}% 58
\BOOKMARK [2][-]{subsection.12.5}{Procesos Regenerativos}{section.12}% 59
\BOOKMARK [2][-]{subsection.12.6}{Procesos Regenerativos}{section.12}% 60
\BOOKMARK [2][-]{subsection.12.7}{Procesos Regenerativos}{section.12}% 61
\BOOKMARK [2][-]{subsection.12.8}{Procesos Regenerativos}{section.12}% 62
\BOOKMARK [2][-]{subsection.12.9}{Procesos Regenerativos}{section.12}% 63
\BOOKMARK [2][-]{subsection.12.10}{Procesos Regenerativos}{section.12}% 64
\BOOKMARK [2][-]{subsection.12.11}{Procesos Regenerativos}{section.12}% 65
\BOOKMARK [2][-]{subsection.12.12}{Procesos Regenerativos}{section.12}% 66
\BOOKMARK [2][-]{subsection.12.13}{Procesos Regenerativos}{section.12}% 67
\BOOKMARK [2][-]{subsection.12.14}{Procesos Regenerativos}{section.12}% 68
\BOOKMARK [2][-]{subsection.12.15}{Procesos Regenerativos}{section.12}% 69
\BOOKMARK [2][-]{subsection.12.16}{Procesos Regenerativos}{section.12}% 70
\BOOKMARK [2][-]{subsection.12.17}{Procesos Regenerativos}{section.12}% 71
\BOOKMARK [2][-]{subsection.12.18}{Procesos Regenerativos}{section.12}% 72
\BOOKMARK [2][-]{subsection.12.19}{Procesos Regenerativos}{section.12}% 73
\BOOKMARK [2][-]{subsection.12.20}{Procesos Regenerativos}{section.12}% 74
\BOOKMARK [2][-]{subsection.12.21}{Procesos Regenerativos}{section.12}% 75
\BOOKMARK [2][-]{subsection.12.22}{Procesos Regenerativos}{section.12}% 76
\BOOKMARK [2][-]{subsection.12.23}{Procesos Regenerativos}{section.12}% 77
\BOOKMARK [2][-]{subsection.12.24}{Procesos Regenerativos}{section.12}% 78
\BOOKMARK [1][-]{section.13}{Procesos de Renovaci\363n}{part.2}% 79
\BOOKMARK [2][-]{subsection.13.1}{Procesos de Renovaci\363n}{section.13}% 80
\BOOKMARK [2][-]{subsection.13.2}{Procesos de Renovaci\363n}{section.13}% 81
\BOOKMARK [2][-]{subsection.13.3}{Procesos de Renovaci\363n}{section.13}% 82
\BOOKMARK [2][-]{subsection.13.4}{Procesos de Renovaci\363n}{section.13}% 83
\BOOKMARK [2][-]{subsection.13.5}{Procesos de Renovaci\363n}{section.13}% 84
\BOOKMARK [2][-]{subsection.13.6}{Procesos de Renovaci\363n}{section.13}% 85
\BOOKMARK [2][-]{subsection.13.7}{Procesos de Renovaci\363n}{section.13}% 86
\BOOKMARK [2][-]{subsection.13.8}{Procesos de Renovaci\363n}{section.13}% 87
\BOOKMARK [2][-]{subsection.13.9}{Procesos de Renovaci\363n}{section.13}% 88
\BOOKMARK [2][-]{subsection.13.10}{Procesos de Renovaci\363n}{section.13}% 89
\BOOKMARK [2][-]{subsection.13.11}{Procesos de Renovaci\363n}{section.13}% 90
\BOOKMARK [2][-]{subsection.13.12}{Procesos de Renovaci\363n}{section.13}% 91
\BOOKMARK [2][-]{subsection.13.13}{Procesos de Renovaci\363n}{section.13}% 92
\BOOKMARK [2][-]{subsection.13.14}{Procesos de Renovaci\363n}{section.13}% 93
\BOOKMARK [2][-]{subsection.13.15}{Procesos de Renovaci\363n}{section.13}% 94
\BOOKMARK [2][-]{subsection.13.16}{Procesos de Renovaci\363n}{section.13}% 95
\BOOKMARK [2][-]{subsection.13.17}{Procesos de Renovaci\363n}{section.13}% 96
\BOOKMARK [2][-]{subsection.13.18}{Procesos de Renovaci\363n}{section.13}% 97
\BOOKMARK [2][-]{subsection.13.19}{Procesos de Renovaci\363n}{section.13}% 98
\BOOKMARK [2][-]{subsection.13.20}{Procesos de Renovaci\363n}{section.13}% 99
\BOOKMARK [2][-]{subsection.13.21}{Procesos de Renovaci\363n}{section.13}% 100
\BOOKMARK [1][-]{section.14}{Procesos Regenerativos Estacionarios - Stidham Stidham}{part.2}% 101
\BOOKMARK [2][-]{subsection.14.1}{Procesos Regenerativos Estacionarios - Stidham Stidham}{section.14}% 102
\BOOKMARK [2][-]{subsection.14.2}{Procesos Regenerativos Estacionarios - Stidham Stidham}{section.14}% 103
\BOOKMARK [2][-]{subsection.14.3}{Procesos Regenerativos Estacionarios - Stidham Stidham}{section.14}% 104
\BOOKMARK [2][-]{subsection.14.4}{Procesos Regenerativos Estacionarios - Stidham Stidham}{section.14}% 105
\BOOKMARK [2][-]{subsection.14.5}{Procesos Regenerativos Estacionarios - Stidham Stidham}{section.14}% 106
\BOOKMARK [2][-]{subsection.14.6}{Procesos Regenerativos Estacionarios - Stidham Stidham}{section.14}% 107
\BOOKMARK [2][-]{subsection.14.7}{Procesos Regenerativos Estacionarios - Stidham Stidham}{section.14}% 108
\BOOKMARK [2][-]{subsection.14.8}{Procesos Regenerativos Estacionarios - Stidham Stidham}{section.14}% 109
\BOOKMARK [2][-]{subsection.14.9}{Procesos Regenerativos Estacionarios - Stidham Stidham}{section.14}% 110
\BOOKMARK [2][-]{subsection.14.10}{Procesos Regenerativos Estacionarios - Stidham Stidham}{section.14}% 111
\BOOKMARK [2][-]{subsection.14.11}{Procesos Regenerativos Estacionarios - Stidham Stidham}{section.14}% 112
\BOOKMARK [2][-]{subsection.14.12}{Procesos Regenerativos Estacionarios - Stidham Stidham}{section.14}% 113
\BOOKMARK [2][-]{subsection.14.13}{Procesos Regenerativos Estacionarios - Stidham Stidham}{section.14}% 114
\BOOKMARK [2][-]{subsection.14.14}{Procesos Regenerativos Estacionarios - Stidham Stidham}{section.14}% 115
\BOOKMARK [2][-]{subsection.14.15}{Procesos Regenerativos Estacionarios - Stidham Stidham}{section.14}% 116
\BOOKMARK [2][-]{subsection.14.16}{Procesos Regenerativos Estacionarios - Stidham Stidham}{section.14}% 117
\BOOKMARK [2][-]{subsection.14.17}{Procesos Regenerativos Estacionarios - Stidham Stidham}{section.14}% 118
\BOOKMARK [2][-]{subsection.14.18}{Procesos Regenerativos Estacionarios - Stidham Stidham}{section.14}% 119
\BOOKMARK [2][-]{subsection.14.19}{Procesos Regenerativos Estacionarios - Stidham Stidham}{section.14}% 120
\BOOKMARK [2][-]{subsection.14.20}{Procesos Regenerativos Estacionarios - Stidham Stidham}{section.14}% 121
\BOOKMARK [2][-]{subsection.14.21}{Procesos Regenerativos Estacionarios - Stidham Stidham}{section.14}% 122
\BOOKMARK [2][-]{subsection.14.22}{Procesos Regenerativos Estacionarios - Stidham Stidham}{section.14}% 123
\BOOKMARK [2][-]{subsection.14.23}{Procesos Regenerativos Estacionarios - Stidham Stidham}{section.14}% 124
\BOOKMARK [2][-]{subsection.14.24}{Procesos Regenerativos Estacionarios - Stidham Stidham}{section.14}% 125
\BOOKMARK [2][-]{subsection.14.25}{Procesos Regenerativos Estacionarios - Stidham Stidham}{section.14}% 126
\BOOKMARK [2][-]{subsection.14.26}{Procesos Regenerativos Estacionarios - Stidham Stidham}{section.14}% 127
\BOOKMARK [1][-]{section.15}{Output Process and Regenerative Processes}{part.2}% 128
\BOOKMARK [2][-]{subsection.15.1}{Output Process and Regenerative Processes}{section.15}% 129
\BOOKMARK [2][-]{subsection.15.2}{Procesos Regenerativos Sigman, Thorisson y Wolff Sigman1}{section.15}% 130
\BOOKMARK [2][-]{subsection.15.3}{Procesos Regenerativos Estacionarios - Stidham Stidham}{section.15}% 131
\BOOKMARK [2][-]{subsection.15.4}{Procesos de Renovaci\363n}{section.15}% 132
\BOOKMARK [2][-]{subsection.15.5}{Teorema Principal de Renovaci\363n}{section.15}% 133
\BOOKMARK [2][-]{subsection.15.6}{Propiedades de los Procesos de Renovaci\363n}{section.15}% 134
\BOOKMARK [2][-]{subsection.15.7}{Propiedades de los Procesos de Renovaci\363n}{section.15}% 135
\BOOKMARK [2][-]{subsection.15.8}{Propiedades de los Procesos de Renovaci\363n}{section.15}% 136
\BOOKMARK [2][-]{subsection.15.9}{Propiedades de los Procesos de Renovaci\363n}{section.15}% 137
\BOOKMARK [2][-]{subsection.15.10}{Propiedades de los Procesos de Renovaci\363n}{section.15}% 138
\BOOKMARK [2][-]{subsection.15.11}{Funci\363n de Renovaci\363n}{section.15}% 139
\BOOKMARK [2][-]{subsection.15.12}{Funci\363n de Renovaci\363n}{section.15}% 140
\BOOKMARK [2][-]{subsection.15.13}{Procesos de Renovaci\363n}{section.15}% 141
\BOOKMARK [2][-]{subsection.15.14}{Renewal and Regenerative Processes: SerfozoSerfozo}{section.15}% 142
\BOOKMARK [2][-]{subsection.15.15}{Procesos Regenerativos}{section.15}% 143
\BOOKMARK [2][-]{subsection.15.16}{Procesos Regenerativos}{section.15}% 144
\BOOKMARK [2][-]{subsection.15.17}{Procesos Regenerativos Estacionarios - Stidham Stidham}{section.15}% 145
\BOOKMARK [2][-]{subsection.15.18}{Procesos Regenerativos Estacionarios - Stidham Stidham}{section.15}% 146
\BOOKMARK [1][-]{section.16}{Resultados para Procesos de Salida}{part.2}% 147
\BOOKMARK [1][-]{section.17}{Resultados para Procesos de Salida}{part.2}% 148
