This is pdfTeX, Version 3.14159265-2.6-1.40.19 (TeX Live 2018) (preloaded format=pdflatex 2018.4.16)  2 AUG 2024 20:41
entering extended mode
 restricted \write18 enabled.
 file:line:error style messages enabled.
 %&-line parsing enabled.
**NewReview.tex
(./NewReview.tex
LaTeX2e <2018-04-01> patch level 2
Babel <3.18> and hyphenation patterns for 84 language(s) loaded.
(/usr/local/texlive/2018/texmf-dist/tex/latex/base/article.cls
Document Class: article 2014/09/29 v1.4h Standard LaTeX document class
(/usr/local/texlive/2018/texmf-dist/tex/latex/base/size10.clo
File: size10.clo 2014/09/29 v1.4h Standard LaTeX file (size option)
)
\c@part=\count80
\c@section=\count81
\c@subsection=\count82
\c@subsubsection=\count83
\c@paragraph=\count84
\c@subparagraph=\count85
\c@figure=\count86
\c@table=\count87
\abovecaptionskip=\skip41
\belowcaptionskip=\skip42
\bibindent=\dimen102
)
(/usr/local/texlive/2018/texmf-dist/tex/latex/base/inputenc.sty
Package: inputenc 2018/04/06 v1.3b Input encoding file
\inpenc@prehook=\toks14
\inpenc@posthook=\toks15
)
(/usr/local/texlive/2018/texmf-dist/tex/generic/babel/babel.sty
Package: babel 2018/02/14 3.18 The Babel package

(/usr/local/texlive/2018/texmf-dist/tex/generic/babel/switch.def
File: switch.def 2018/02/14 3.18 Babel switching mechanism
)
(/usr/local/texlive/2018/texmf-dist/tex/generic/babel-spanish/spanish.ldf
Language: spanish.ldf 2016/03/03 v5.0p Spanish support from the babel system

(/usr/local/texlive/2018/texmf-dist/tex/generic/babel/babel.def
File: babel.def 2018/02/14 3.18 Babel common definitions
\babel@savecnt=\count88
\U@D=\dimen103

(/usr/local/texlive/2018/texmf-dist/tex/generic/babel/txtbabel.def)
\bbl@dirlevel=\count89
)
\es@quottoks=\toks16
\es@quotdepth=\count90
Package babel Info: Making " an active character on input line 561.
Package babel Info: Making . an active character on input line 662.
Package babel Info: Making < an active character on input line 707.
Package babel Info: Making > an active character on input line 707.
)
(/usr/local/texlive/2018/texmf-dist/tex/generic/babel-english/english.ldf
Language: english 2017/06/06 v3.3r English support from the babel system
\l@canadian = a dialect from \language\l@american 
\l@australian = a dialect from \language\l@british 
\l@newzealand = a dialect from \language\l@british 
))
(/usr/local/texlive/2018/texmf-dist/tex/latex/amsmath/amsmath.sty
Package: amsmath 2017/09/02 v2.17a AMS math features
\@mathmargin=\skip43

For additional information on amsmath, use the `?' option.
(/usr/local/texlive/2018/texmf-dist/tex/latex/amsmath/amstext.sty
Package: amstext 2000/06/29 v2.01 AMS text

(/usr/local/texlive/2018/texmf-dist/tex/latex/amsmath/amsgen.sty
File: amsgen.sty 1999/11/30 v2.0 generic functions
\@emptytoks=\toks17
\ex@=\dimen104
))
(/usr/local/texlive/2018/texmf-dist/tex/latex/amsmath/amsbsy.sty
Package: amsbsy 1999/11/29 v1.2d Bold Symbols
\pmbraise@=\dimen105
)
(/usr/local/texlive/2018/texmf-dist/tex/latex/amsmath/amsopn.sty
Package: amsopn 2016/03/08 v2.02 operator names
)
\inf@bad=\count91
LaTeX Info: Redefining \frac on input line 213.
\uproot@=\count92
\leftroot@=\count93
LaTeX Info: Redefining \overline on input line 375.
\classnum@=\count94
\DOTSCASE@=\count95
LaTeX Info: Redefining \ldots on input line 472.
LaTeX Info: Redefining \dots on input line 475.
LaTeX Info: Redefining \cdots on input line 596.
\Mathstrutbox@=\box26
\strutbox@=\box27
\big@size=\dimen106
LaTeX Font Info:    Redeclaring font encoding OML on input line 712.
LaTeX Font Info:    Redeclaring font encoding OMS on input line 713.
\macc@depth=\count96
\c@MaxMatrixCols=\count97
\dotsspace@=\muskip10
\c@parentequation=\count98
\dspbrk@lvl=\count99
\tag@help=\toks18
\row@=\count100
\column@=\count101
\maxfields@=\count102
\andhelp@=\toks19
\eqnshift@=\dimen107
\alignsep@=\dimen108
\tagshift@=\dimen109
\tagwidth@=\dimen110
\totwidth@=\dimen111
\lineht@=\dimen112
\@envbody=\toks20
\multlinegap=\skip44
\multlinetaggap=\skip45
\mathdisplay@stack=\toks21
LaTeX Info: Redefining \[ on input line 2817.
LaTeX Info: Redefining \] on input line 2818.
)
(/usr/local/texlive/2018/texmf-dist/tex/latex/amsfonts/amssymb.sty
Package: amssymb 2013/01/14 v3.01 AMS font symbols

(/usr/local/texlive/2018/texmf-dist/tex/latex/amsfonts/amsfonts.sty
Package: amsfonts 2013/01/14 v3.01 Basic AMSFonts support
\symAMSa=\mathgroup4
\symAMSb=\mathgroup5
LaTeX Font Info:    Overwriting math alphabet `\mathfrak' in version `bold'
(Font)                  U/euf/m/n --> U/euf/b/n on input line 106.
))
(/usr/local/texlive/2018/texmf-dist/tex/latex/amscls/amsthm.sty
Package: amsthm 2017/10/31 v2.20.4
\thm@style=\toks22
\thm@bodyfont=\toks23
\thm@headfont=\toks24
\thm@notefont=\toks25
\thm@headpunct=\toks26
\thm@preskip=\skip46
\thm@postskip=\skip47
\thm@headsep=\skip48
\dth@everypar=\toks27
)
(/usr/local/texlive/2018/texmf-dist/tex/latex/geometry/geometry.sty
Package: geometry 2018/03/24 v5.7 Page Geometry

(/usr/local/texlive/2018/texmf-dist/tex/latex/graphics/keyval.sty
Package: keyval 2014/10/28 v1.15 key=value parser (DPC)
\KV@toks@=\toks28
)
(/usr/local/texlive/2018/texmf-dist/tex/generic/oberdiek/ifpdf.sty
Package: ifpdf 2017/03/15 v3.2 Provides the ifpdf switch
)
(/usr/local/texlive/2018/texmf-dist/tex/generic/oberdiek/ifvtex.sty
Package: ifvtex 2016/05/16 v1.6 Detect VTeX and its facilities (HO)
Package ifvtex Info: VTeX not detected.
)
(/usr/local/texlive/2018/texmf-dist/tex/generic/ifxetex/ifxetex.sty
Package: ifxetex 2010/09/12 v0.6 Provides ifxetex conditional
)
\Gm@cnth=\count103
\Gm@cntv=\count104
\c@Gm@tempcnt=\count105
\Gm@bindingoffset=\dimen113
\Gm@wd@mp=\dimen114
\Gm@odd@mp=\dimen115
\Gm@even@mp=\dimen116
\Gm@layoutwidth=\dimen117
\Gm@layoutheight=\dimen118
\Gm@layouthoffset=\dimen119
\Gm@layoutvoffset=\dimen120
\Gm@dimlist=\toks29
)
(/usr/local/texlive/2018/texmf-dist/tex/latex/hyperref/hyperref.sty
Package: hyperref 2018/02/06 v6.86b Hypertext links for LaTeX

(/usr/local/texlive/2018/texmf-dist/tex/generic/oberdiek/hobsub-hyperref.sty
Package: hobsub-hyperref 2016/05/16 v1.14 Bundle oberdiek, subset hyperref (HO)


(/usr/local/texlive/2018/texmf-dist/tex/generic/oberdiek/hobsub-generic.sty
Package: hobsub-generic 2016/05/16 v1.14 Bundle oberdiek, subset generic (HO)
Package: hobsub 2016/05/16 v1.14 Construct package bundles (HO)
Package: infwarerr 2016/05/16 v1.4 Providing info/warning/error messages (HO)
Package: ltxcmds 2016/05/16 v1.23 LaTeX kernel commands for general use (HO)
Package: ifluatex 2016/05/16 v1.4 Provides the ifluatex switch (HO)
Package ifluatex Info: LuaTeX not detected.
Package hobsub Info: Skipping package `ifvtex' (already loaded).
Package: intcalc 2016/05/16 v1.2 Expandable calculations with integers (HO)
Package hobsub Info: Skipping package `ifpdf' (already loaded).
Package: etexcmds 2016/05/16 v1.6 Avoid name clashes with e-TeX commands (HO)
Package etexcmds Info: Could not find \expanded.
(etexcmds)             That can mean that you are not using pdfTeX 1.50 or
(etexcmds)             that some package has redefined \expanded.
(etexcmds)             In the latter case, load this package earlier.
Package: kvsetkeys 2016/05/16 v1.17 Key value parser (HO)
Package: kvdefinekeys 2016/05/16 v1.4 Define keys (HO)
Package: pdftexcmds 2018/01/30 v0.27 Utility functions of pdfTeX for LuaTeX (HO
)
Package pdftexcmds Info: LuaTeX not detected.
Package pdftexcmds Info: \pdf@primitive is available.
Package pdftexcmds Info: \pdf@ifprimitive is available.
Package pdftexcmds Info: \pdfdraftmode found.
Package: pdfescape 2016/05/16 v1.14 Implements pdfTeX's escape features (HO)
Package: bigintcalc 2016/05/16 v1.4 Expandable calculations on big integers (HO
)
Package: bitset 2016/05/16 v1.2 Handle bit-vector datatype (HO)
Package: uniquecounter 2016/05/16 v1.3 Provide unlimited unique counter (HO)
)
Package hobsub Info: Skipping package `hobsub' (already loaded).
Package: letltxmacro 2016/05/16 v1.5 Let assignment for LaTeX macros (HO)
Package: hopatch 2016/05/16 v1.3 Wrapper for package hooks (HO)
Package: xcolor-patch 2016/05/16 xcolor patch
Package: atveryend 2016/05/16 v1.9 Hooks at the very end of document (HO)
Package atveryend Info: \enddocument detected (standard20110627).
Package: atbegshi 2016/06/09 v1.18 At begin shipout hook (HO)
Package: refcount 2016/05/16 v3.5 Data extraction from label references (HO)
Package: hycolor 2016/05/16 v1.8 Color options for hyperref/bookmark (HO)
)
(/usr/local/texlive/2018/texmf-dist/tex/latex/oberdiek/auxhook.sty
Package: auxhook 2016/05/16 v1.4 Hooks for auxiliary files (HO)
)
(/usr/local/texlive/2018/texmf-dist/tex/latex/oberdiek/kvoptions.sty
Package: kvoptions 2016/05/16 v3.12 Key value format for package options (HO)
)
\@linkdim=\dimen121
\Hy@linkcounter=\count106
\Hy@pagecounter=\count107

(/usr/local/texlive/2018/texmf-dist/tex/latex/hyperref/pd1enc.def
File: pd1enc.def 2018/02/06 v6.86b Hyperref: PDFDocEncoding definition (HO)
Now handling font encoding PD1 ...
... no UTF-8 mapping file for font encoding PD1
)
\Hy@SavedSpaceFactor=\count108

(/usr/local/texlive/2018/texmf-dist/tex/latex/latexconfig/hyperref.cfg
File: hyperref.cfg 2002/06/06 v1.2 hyperref configuration of TeXLive
)
Package hyperref Info: Hyper figures OFF on input line 4509.
Package hyperref Info: Link nesting OFF on input line 4514.
Package hyperref Info: Hyper index ON on input line 4517.
Package hyperref Info: Plain pages OFF on input line 4524.
Package hyperref Info: Backreferencing OFF on input line 4529.
Package hyperref Info: Implicit mode ON; LaTeX internals redefined.
Package hyperref Info: Bookmarks ON on input line 4762.
\c@Hy@tempcnt=\count109

(/usr/local/texlive/2018/texmf-dist/tex/latex/url/url.sty
\Urlmuskip=\muskip11
Package: url 2013/09/16  ver 3.4  Verb mode for urls, etc.
)
LaTeX Info: Redefining \url on input line 5115.
\XeTeXLinkMargin=\dimen122
\Fld@menulength=\count110
\Field@Width=\dimen123
\Fld@charsize=\dimen124
Package hyperref Info: Hyper figures OFF on input line 6369.
Package hyperref Info: Link nesting OFF on input line 6374.
Package hyperref Info: Hyper index ON on input line 6377.
Package hyperref Info: backreferencing OFF on input line 6384.
Package hyperref Info: Link coloring OFF on input line 6389.
Package hyperref Info: Link coloring with OCG OFF on input line 6394.
Package hyperref Info: PDF/A mode OFF on input line 6399.
LaTeX Info: Redefining \ref on input line 6439.
LaTeX Info: Redefining \pageref on input line 6443.
\Hy@abspage=\count111
\c@Item=\count112
\c@Hfootnote=\count113
)
Package hyperref Info: Driver (autodetected): hpdftex.

(/usr/local/texlive/2018/texmf-dist/tex/latex/hyperref/hpdftex.def
File: hpdftex.def 2018/02/06 v6.86b Hyperref driver for pdfTeX
\Fld@listcount=\count114
\c@bookmark@seq@number=\count115

(/usr/local/texlive/2018/texmf-dist/tex/latex/oberdiek/rerunfilecheck.sty
Package: rerunfilecheck 2016/05/16 v1.8 Rerun checks for auxiliary files (HO)
Package uniquecounter Info: New unique counter `rerunfilecheck' on input line 2
82.
)
\Hy@SectionHShift=\skip49
)
(/usr/local/texlive/2018/texmf-dist/tex/latex/fancyhdr/fancyhdr.sty
Package: fancyhdr 2017/06/30 v3.9a Extensive control of page headers and footer
s
\f@nch@headwidth=\skip50
\f@nch@O@elh=\skip51
\f@nch@O@erh=\skip52
\f@nch@O@olh=\skip53
\f@nch@O@orh=\skip54
\f@nch@O@elf=\skip55
\f@nch@O@erf=\skip56
\f@nch@O@olf=\skip57
\f@nch@O@orf=\skip58
)
(/usr/local/texlive/2018/texmf-dist/tex/latex/titlesec/titlesec.sty
Package: titlesec 2016/03/21 v2.10.2 Sectioning titles
\ttl@box=\box28
\beforetitleunit=\skip59
\aftertitleunit=\skip60
\ttl@plus=\dimen125
\ttl@minus=\dimen126
\ttl@toksa=\toks30
\titlewidth=\dimen127
\titlewidthlast=\dimen128
\titlewidthfirst=\dimen129
)
(/usr/local/texlive/2018/texmf-dist/tex/latex/listings/listings.sty
\lst@mode=\count116
\lst@gtempboxa=\box29
\lst@token=\toks31
\lst@length=\count117
\lst@currlwidth=\dimen130
\lst@column=\count118
\lst@pos=\count119
\lst@lostspace=\dimen131
\lst@width=\dimen132
\lst@newlines=\count120
\lst@lineno=\count121
\lst@maxwidth=\dimen133

(/usr/local/texlive/2018/texmf-dist/tex/latex/listings/lstmisc.sty
File: lstmisc.sty 2015/06/04 1.6 (Carsten Heinz)
\c@lstnumber=\count122
\lst@skipnumbers=\count123
\lst@framebox=\box30
)
(/usr/local/texlive/2018/texmf-dist/tex/latex/listings/listings.cfg
File: listings.cfg 2015/06/04 1.6 listings configuration
))
Package: listings 2015/06/04 1.6 (Carsten Heinz)

(/usr/local/texlive/2018/texmf-dist/tex/latex/graphics/graphicx.sty
Package: graphicx 2017/06/01 v1.1a Enhanced LaTeX Graphics (DPC,SPQR)

(/usr/local/texlive/2018/texmf-dist/tex/latex/graphics/graphics.sty
Package: graphics 2017/06/25 v1.2c Standard LaTeX Graphics (DPC,SPQR)

(/usr/local/texlive/2018/texmf-dist/tex/latex/graphics/trig.sty
Package: trig 2016/01/03 v1.10 sin cos tan (DPC)
)
(/usr/local/texlive/2018/texmf-dist/tex/latex/graphics-cfg/graphics.cfg
File: graphics.cfg 2016/06/04 v1.11 sample graphics configuration
)
Package graphics Info: Driver file: pdftex.def on input line 99.

(/usr/local/texlive/2018/texmf-dist/tex/latex/graphics-def/pdftex.def
File: pdftex.def 2018/01/08 v1.0l Graphics/color driver for pdftex
))
\Gin@req@height=\dimen134
\Gin@req@width=\dimen135
)
(/usr/local/texlive/2018/texmf-dist/tex/latex/tools/multicol.sty
Package: multicol 2018/04/01 v1.8r multicolumn formatting (FMi)
\c@tracingmulticols=\count124
\mult@box=\box31
\multicol@leftmargin=\dimen136
\c@unbalance=\count125
\c@collectmore=\count126
\doublecol@number=\count127
\multicoltolerance=\count128
\multicolpretolerance=\count129
\full@width=\dimen137
\page@free=\dimen138
\premulticols=\dimen139
\postmulticols=\dimen140
\multicolsep=\skip61
\multicolbaselineskip=\skip62
\partial@page=\box32
\last@line=\box33
\maxbalancingoverflow=\dimen141
\mult@rightbox=\box34
\mult@grightbox=\box35
\mult@gfirstbox=\box36
\mult@firstbox=\box37
\@tempa=\box38
\@tempa=\box39
\@tempa=\box40
\@tempa=\box41
\@tempa=\box42
\@tempa=\box43
\@tempa=\box44
\@tempa=\box45
\@tempa=\box46
\@tempa=\box47
\@tempa=\box48
\@tempa=\box49
\@tempa=\box50
\@tempa=\box51
\@tempa=\box52
\@tempa=\box53
\@tempa=\box54
\c@columnbadness=\count130
\c@finalcolumnbadness=\count131
\last@try=\dimen142
\multicolovershoot=\dimen143
\multicolundershoot=\dimen144
\mult@nat@firstbox=\box55
\colbreak@box=\box56
\mc@col@check@num=\count132
)
(/usr/local/texlive/2018/texmf-dist/tex/latex/multirow/multirow.sty
Package: multirow 2016/11/25 v2.2 Span multiple rows of a table
\multirow@colwidth=\skip63
\multirow@cntb=\count133
\multirow@dima=\skip64
\bigstrutjot=\dimen145
)
(/usr/local/texlive/2018/texmf-dist/tex/latex/graphics/color.sty
Package: color 2016/07/10 v1.1e Standard LaTeX Color (DPC)

(/usr/local/texlive/2018/texmf-dist/tex/latex/graphics-cfg/color.cfg
File: color.cfg 2016/01/02 v1.6 sample color configuration
)
Package color Info: Driver file: pdftex.def on input line 147.
)
(/usr/local/texlive/2018/texmf-dist/tex/latex/float/float.sty
Package: float 2001/11/08 v1.3d Float enhancements (AL)
\c@float@type=\count134
\float@exts=\toks32
\float@box=\box57
\@float@everytoks=\toks33
\@floatcapt=\box58
)
(/usr/local/texlive/2018/texmf-dist/tex/latex/subfig/subfig.sty
Package: subfig 2005/06/28 ver: 1.3 subfig package

(/usr/local/texlive/2018/texmf-dist/tex/latex/caption/caption.sty
Package: caption 2016/02/21 v3.3-144 Customizing captions (AR)

(/usr/local/texlive/2018/texmf-dist/tex/latex/caption/caption3.sty
Package: caption3 2016/05/22 v1.7-166 caption3 kernel (AR)
Package caption3 Info: TeX engine: e-TeX on input line 67.
\captionmargin=\dimen146
\captionmargin@=\dimen147
\captionwidth=\dimen148
\caption@tempdima=\dimen149
\caption@indent=\dimen150
\caption@parindent=\dimen151
\caption@hangindent=\dimen152
)
\c@ContinuedFloat=\count135
Package caption Info: float package is loaded.
Package caption Info: hyperref package is loaded.
Package caption Info: listings package is loaded.
)
\c@KVtest=\count136
\sf@farskip=\skip65
\sf@captopadj=\dimen153
\sf@capskip=\skip66
\sf@nearskip=\skip67
\c@subfigure=\count137
\c@subfigure@save=\count138
\c@lofdepth=\count139
\c@subtable=\count140
\c@subtable@save=\count141
\c@lotdepth=\count142
\sf@top=\skip68
\sf@bottom=\skip69
)
(/usr/local/texlive/2018/texmf-dist/tex/latex/graphics/rotating.sty
Package: rotating 2016/08/11 v2.16d rotated objects in LaTeX

(/usr/local/texlive/2018/texmf-dist/tex/latex/base/ifthen.sty
Package: ifthen 2014/09/29 v1.1c Standard LaTeX ifthen package (DPC)
)
\c@r@tfl@t=\count143
\rotFPtop=\skip70
\rotFPbot=\skip71
\rot@float@box=\box59
\rot@mess@toks=\toks34
)
(/usr/local/texlive/2018/texmf-dist/tex/latex/tools/enumerate.sty
Package: enumerate 2015/07/23 v3.00 enumerate extensions (DPC)
\@enLab=\toks35
)
(/usr/local/texlive/2018/texmf-dist/tex/latex/anysize/anysize.sty
Package: anysize 1994/08/13 setting margin sizes

document style option `anysize' loaded
Michael Salzenberg, Thomas Esser, Dirk Hillbrecht
Version 1.0, Aug 13, 1994
\@Leftmargin=\dimen154
\@Rightmargin=\dimen155
\@Topmargin=\dimen156
\@Bottommargin=\dimen157
) (/usr/local/texlive/2018/texmf-dist/tex/latex/imakeidx/imakeidx.sty
Package: imakeidx 2016/10/15 v1.3e Package for typesetting indices in a synchro
nous mode

(/usr/local/texlive/2018/texmf-dist/tex/latex/xkeyval/xkeyval.sty
Package: xkeyval 2014/12/03 v2.7a package option processing (HA)

(/usr/local/texlive/2018/texmf-dist/tex/generic/xkeyval/xkeyval.tex
(/usr/local/texlive/2018/texmf-dist/tex/generic/xkeyval/xkvutils.tex
\XKV@toks=\toks36
\XKV@tempa@toks=\toks37
)
\XKV@depth=\count144
File: xkeyval.tex 2014/12/03 v2.7a key=value parser (HA)
)))
\c@Def=\count145
\c@Ejem=\count146
\c@Teo=\count147
\c@Note=\count148
\c@Prop=\count149
\c@Cor=\count150
\c@Lema=\count151
\c@Sup=\count152
\c@Obs=\count153
\NewReview@idxfile=\write3
\openout3 = `NewReview.idx'.


Writing index file NewReview.idx
(./NewReview.aux

LaTeX Warning: Label `Prop.5.4' multiply defined.


LaTeX Warning: Label `Teo.4.2' multiply defined.


LaTeX Warning: Label `Eq.4.2' multiply defined.


LaTeX Warning: Label `Teo.4.3' multiply defined.


LaTeX Warning: Label `Cor.4.4' multiply defined.


LaTeX Warning: Label `Eq.2.1' multiply defined.


LaTeX Warning: Label `Eq.2.2' multiply defined.


LaTeX Warning: Label `Eq.2.4' multiply defined.


LaTeX Warning: Label `Prop.2.1' multiply defined.


LaTeX Warning: Label `Eq.2.1' multiply defined.


LaTeX Warning: Label `Lema.2.2' multiply defined.


LaTeX Warning: Label `Eq.2.2' multiply defined.


LaTeX Warning: Label `Cor.2.3' multiply defined.


LaTeX Warning: Label `Cor.2.4' multiply defined.


LaTeX Warning: Label `Eq.2.4' multiply defined.


LaTeX Warning: Label `Rouche' multiply defined.


LaTeX Warning: Label `Asmussen' multiply defined.


LaTeX Warning: Label `Bhat' multiply defined.


LaTeX Warning: Label `Boxma' multiply defined.


LaTeX Warning: Label `BoonMeiWinands' multiply defined.


LaTeX Warning: Label `Borovkov' multiply defined.


LaTeX Warning: Label `BosBoon' multiply defined.


LaTeX Warning: Label `HookHee' multiply defined.


LaTeX Warning: Label `Chen' multiply defined.


LaTeX Warning: Label `CooperII' multiply defined.


LaTeX Warning: Label `Dai' multiply defined.


LaTeX Warning: Label `DaiSean' multiply defined.


LaTeX Warning: Label `DaiWeiss' multiply defined.


LaTeX Warning: Label `Daley68' multiply defined.


LaTeX Warning: Label `Davis' multiply defined.


LaTeX Warning: Label `Down' multiply defined.


LaTeX Warning: Label `Daley68' multiply defined.


LaTeX Warning: Label `Disney' multiply defined.


LaTeX Warning: Label `Eisenberg' multiply defined.


LaTeX Warning: Label `FrickerJaibi' multiply defined.


LaTeX Warning: Label `Stability' multiply defined.


LaTeX Warning: Label `Getoor' multiply defined.


LaTeX Warning: Label `Gut' multiply defined.


LaTeX Warning: Label `HookHee' multiply defined.


LaTeX Warning: Label `KaspiMandelbaum' multiply defined.


LaTeX Warning: Label `Konheim' multiply defined.


LaTeX Warning: Label `Kleinrock' multiply defined.


LaTeX Warning: Label `Konheim' multiply defined.


LaTeX Warning: Label `Lang' multiply defined.


LaTeX Warning: Label `LevySidi' multiply defined.


LaTeX Warning: Label `MeiBorst' multiply defined.


LaTeX Warning: Label `MeynTweedie2' multiply defined.


LaTeX Warning: Label `MeynDown' multiply defined.


LaTeX Warning: Label `TesisRoubos' multiply defined.


LaTeX Warning: Label `RepTec' multiply defined.


LaTeX Warning: Label `Semenova' multiply defined.


LaTeX Warning: Label `Serfozo' multiply defined.


LaTeX Warning: Label `Sharpe' multiply defined.


LaTeX Warning: Label `Sigma' multiply defined.


LaTeX Warning: Label `SidiLevy1' multiply defined.


LaTeX Warning: Label `SidiLevy2' multiply defined.


LaTeX Warning: Label `Sigman2' multiply defined.


LaTeX Warning: Label `Stidham' multiply defined.


LaTeX Warning: Label `TakagiI' multiply defined.


LaTeX Warning: Label `Takagi' multiply defined.


LaTeX Warning: Label `Thorisson' multiply defined.


LaTeX Warning: Label `Winands' multiply defined.

)
\openout1 = `NewReview.aux'.

LaTeX Font Info:    Checking defaults for OML/cmm/m/it on input line 91.
LaTeX Font Info:    ... okay on input line 91.
LaTeX Font Info:    Checking defaults for T1/cmr/m/n on input line 91.
LaTeX Font Info:    ... okay on input line 91.
LaTeX Font Info:    Checking defaults for OT1/cmr/m/n on input line 91.
LaTeX Font Info:    ... okay on input line 91.
LaTeX Font Info:    Checking defaults for OMS/cmsy/m/n on input line 91.
LaTeX Font Info:    ... okay on input line 91.
LaTeX Font Info:    Checking defaults for OMX/cmex/m/n on input line 91.
LaTeX Font Info:    ... okay on input line 91.
LaTeX Font Info:    Checking defaults for U/cmr/m/n on input line 91.
LaTeX Font Info:    ... okay on input line 91.
LaTeX Font Info:    Checking defaults for PD1/pdf/m/n on input line 91.
LaTeX Font Info:    ... okay on input line 91.

*geometry* driver: auto-detecting
*geometry* detected driver: pdftex
*geometry* verbose mode - [ preamble ] result:
* driver: pdftex
* paper: a4paper
* layout: <same size as paper>
* layoutoffset:(h,v)=(0.0pt,0.0pt)
* modes: 
* h-part:(L,W,R)=(39.83385pt, 517.84018pt, 39.83385pt)
* v-part:(T,H,B)=(85.35826pt, 674.33032pt, 85.35826pt)
* \paperwidth=597.50787pt
* \paperheight=845.04684pt
* \textwidth=517.84018pt
* \textheight=674.33032pt
* \oddsidemargin=-32.43614pt
* \evensidemargin=-32.43614pt
* \topmargin=-23.91173pt
* \headheight=12.0pt
* \headsep=25.0pt
* \topskip=10.0pt
* \footskip=30.0pt
* \marginparwidth=65.0pt
* \marginparsep=11.0pt
* \columnsep=10.0pt
* \skip\footins=9.0pt plus 4.0pt minus 2.0pt
* \hoffset=0.0pt
* \voffset=0.0pt
* \mag=1000
* \@twocolumnfalse
* \@twosidefalse
* \@mparswitchfalse
* \@reversemarginfalse
* (1in=72.27pt=25.4mm, 1cm=28.453pt)

\AtBeginShipoutBox=\box60
Package hyperref Info: Link coloring OFF on input line 91.
(/usr/local/texlive/2018/texmf-dist/tex/latex/hyperref/nameref.sty
Package: nameref 2016/05/21 v2.44 Cross-referencing by name of section

(/usr/local/texlive/2018/texmf-dist/tex/generic/oberdiek/gettitlestring.sty
Package: gettitlestring 2016/05/16 v1.5 Cleanup title references (HO)
)
\c@section@level=\count154
)
LaTeX Info: Redefining \ref on input line 91.
LaTeX Info: Redefining \pageref on input line 91.
LaTeX Info: Redefining \nameref on input line 91.

(./NewReview.out) (./NewReview.out)
\@outlinefile=\write4
\openout4 = `NewReview.out'.

\c@lstlisting=\count155

(/usr/local/texlive/2018/texmf-dist/tex/context/base/mkii/supp-pdf.mkii
[Loading MPS to PDF converter (version 2006.09.02).]
\scratchcounter=\count156
\scratchdimen=\dimen158
\scratchbox=\box61
\nofMPsegments=\count157
\nofMParguments=\count158
\everyMPshowfont=\toks38
\MPscratchCnt=\count159
\MPscratchDim=\dimen159
\MPnumerator=\count160
\makeMPintoPDFobject=\count161
\everyMPtoPDFconversion=\toks39
) (/usr/local/texlive/2018/texmf-dist/tex/latex/oberdiek/epstopdf-base.sty
Package: epstopdf-base 2016/05/15 v2.6 Base part for package epstopdf

(/usr/local/texlive/2018/texmf-dist/tex/latex/oberdiek/grfext.sty
Package: grfext 2016/05/16 v1.2 Manage graphics extensions (HO)
)
Package epstopdf-base Info: Redefining graphics rule for `.eps' on input line 4
38.
Package grfext Info: Graphics extension search list:
(grfext)             [.pdf,.png,.jpg,.mps,.jpeg,.jbig2,.jb2,.PDF,.PNG,.JPG,.JPE
G,.JBIG2,.JB2,.eps]
(grfext)             \AppendGraphicsExtensions on input line 456.

(/usr/local/texlive/2018/texmf-dist/tex/latex/latexconfig/epstopdf-sys.cfg
File: epstopdf-sys.cfg 2010/07/13 v1.3 Configuration of (r)epstopdf for TeX Liv
e
))
Package caption Info: Begin \AtBeginDocument code.
Package caption Info: subfig package v1.3 is loaded.
Package caption Info: rotating package is loaded.
Package caption Info: End \AtBeginDocument code.
LaTeX Font Info:    Try loading font information for U+msa on input line 96.

(/usr/local/texlive/2018/texmf-dist/tex/latex/amsfonts/umsa.fd
File: umsa.fd 2013/01/14 v3.01 AMS symbols A
)
LaTeX Font Info:    Try loading font information for U+msb on input line 96.

(/usr/local/texlive/2018/texmf-dist/tex/latex/amsfonts/umsb.fd
File: umsb.fd 2013/01/14 v3.01 AMS symbols B
)
(./NewReview.toc)
\tf@toc=\write5
\openout5 = `NewReview.toc'.

 [1

{/usr/local/texlive/2018/texmf-var/fonts/map/pdftex/updmap/pdftex.map}] [2] [3]
 [4] [5]
Underfull \hbox (badness 10000) in paragraph at lines 483--485

 []

[6] [7] [8] [9] [10] (./bibliografia.tex [11] [12] [13]
Underfull \hbox (badness 10000) in paragraph at lines 120--121
[]\OT1/cmr/m/n/10 Probability and Statis-tics Tu-to-ri-als on Khan Academy: []$
\OT1/cmtt/m/n/10 https : / / www . khanacademy . org / math /
 []


Underfull \hbox (badness 10000) in paragraph at lines 130--131
[]\OT1/cmr/m/n/10 Data Clean-ing and Pre-pro-cess-ing on To-wards Data Sci-ence
: []$\OT1/cmtt/m/n/10 https : / / towardsdatascience . com /
 []


Underfull \hbox (badness 3769) in paragraph at lines 134--135
[]\OT1/cmr/m/n/10 Evaluating Ma-chine Learn-ing Mod-els on To-wards Data Sci-en
ce: []$\OT1/cmtt/m/n/10 https : / / towardsdatascience . com /
 []


Underfull \hbox (badness 2922) in paragraph at lines 154--155
[]\OT1/cmr/m/n/10 An In-tro-duc-tion to Sur-vival Anal-y-sis on To-wards Data S
ci-ence: []$\OT1/cmtt/m/n/10 https : / / towardsdatascience . com /
 []


Underfull \hbox (badness 10000) in paragraph at lines 156--157
[]\OT1/cmr/m/n/10 Multinomial Lo-gis-tic Re-gres-sion on Dat-a-Camp: []$\OT1/cm
tt/m/n/10 https : / / www . datacamp . com / community / tutorials /
 []

pdfTeX warning (ext4): destination with the same identifier (name{cite.Rouche})
 has been already used, duplicate ignored
<to be read again> 
                   \relax 
l.167 \bibitem{Rouche}
                       I.J.B.F. Adan, J.S.H. van Leeuwaarden, and E.M.M. Win...
pdfTeX warning (ext4): destination with the same identifier (name{cite.Asmussen
}) has been already used, duplicate ignored
<to be read again> 
                   \relax 
l.170 \bibitem{Asmussen}
                         Asmussen Soren, Applied Probability andpdfTeX warning 
(ext4): destination with the same identifier (name{cite.Bhat}) has been already
 used, duplicate ignored
<to be read again> 
                   \relax 
l.176 \bibitem{Bhat}
                     Bhat Narayan, An Introduction to Queueing TheorypdfTeX war
ning (ext4): destination with the same identifier (name{cite.Boxma}) has been a
lready used, duplicate ignored
<to be read again> 
                   \relax 
l.179 \bibitem{Boxma}
                      Boxma J. O., Analysis and Optimization of Polling
[14]pdfTeX warning (ext4): destination with the same identifier (name{cite.Boon
MeiWinands}) has been already used, duplicate ignored
<to be read again> 
                   \relax 
l.187 \bibitem{BoonMeiWinands}
                               Boon M.A.A., Van der Mei R.D.  andpdfTeX warning
 (ext4): destination with the same identifier (name{cite.Borovkov}) has been al
ready used, duplicate ignored
<to be read again> 
                   \relax 
l.190 \bibitem{Borovkov}
                         Borovkov. A. A. and Schassberger R., ErgodicitypdfTeX 
warning (ext4): destination with the same identifier (name{cite.BosBoon}) has b
een already used, duplicate ignored
<to be read again> 
                   \relax 
l.195 \bibitem{BosBoon}
                       Laurent van den Bos and Marko Boon, Networks of Polli...
pdfTeX warning (ext4): destination with the same identifier (name{cite.HookHee}
) has been already used, duplicate ignored
<to be read again> 
                   \relax 
l.203 \bibitem{HookHee}
                        Chee-Hook Ng. y Boon-Hee Soong, QueueingpdfTeX warning 
(ext4): destination with the same identifier (name{cite.Chen}) has been already
 used, duplicate ignored
<to be read again> 
                   \relax 
l.207 \bibitem{Chen}
                     Chen H., Fluid Approximations and Stability ofpdfTeX warni
ng (ext4): destination with the same identifier (name{cite.CooperII}) has been 
already used, duplicate ignored
<to be read again> 
                   \relax 
l.214 \bibitem{CooperII}
                         R.B. Cooper, Queues served in cyclic order: waiting...
pdfTeX warning (ext4): destination with the same identifier (name{cite.Dai}) ha
s been already used, duplicate ignored
<to be read again> 
                   \relax 
l.220 \bibitem{Dai}
                    Dai Jean G., On positive Harris Recurrence of Multiclass...
pdfTeX warning (ext4): destination with the same identifier (name{cite.DaiSean}
) has been already used, duplicate ignored
<to be read again> 
                   \relax 
l.224 \bibitem{DaiSean}
                        Dai Jim G. and Meyn Sean P., Stability and Convergen...
pdfTeX warning (ext4): destination with the same identifier (name{cite.DaiWeiss
}) has been already used, duplicate ignored
<to be read again> 
                   \relax 
l.229 \bibitem{DaiWeiss}
                        pdfTeX warning (ext4): destination with the same identi
fier (name{cite.Daley68}) has been already used, duplicate ignored
<to be read again> 
                   \relax 
l.234 \bibitem{Daley68}
                        D.J. Daley, The correlation structure of the output ...
pdfTeX warning (ext4): destination with the same identifier (name{cite.Davis}) 
has been already used, duplicate ignored
<to be read again> 
                   \relax 
l.237 \bibitem{Davis}
                      Davis, M. H. A., Piecewise Deterministic MarkovpdfTeX war
ning (ext4): destination with the same identifier (name{cite.Down}) has been al
ready used, duplicate ignored
<to be read again> 
                   \relax 
l.242 \bibitem{Down}
                     Down D., On the Stability of Polling Models with Multip...
pdfTeX warning (ext4): destination with the same identifier (name{cite.Daley68}
) has been already used, duplicate ignored
<to be read again> 
                   \relax 
l.245 \bibitem{Daley68}
                        D.J. Daley, The correlation structure of the output ...
pdfTeX warning (ext4): destination with the same identifier (name{cite.Disney})
 has been already used, duplicate ignored
<to be read again> 
                   \relax 
l.247 \bibitem{Disney}
                       Ralpjh L. Disney, Robert L. Farrell and Paulo Renato ...
pdfTeX warning (ext4): destination with the same identifier (name{cite.Eisenber
g}) has been already used, duplicate ignored
<to be read again> 
                   \relax 
l.252 \bibitem{Eisenberg}
                          M. Eisenberg, Queues with periodic service and cha...
pdfTeX warning (ext4): destination with the same identifier (name{cite.FrickerJ
aibi}) has been already used, duplicate ignored
<to be read again> 
                   \relax 
l.259 \bibitem{FrickerJaibi}
                            pdfTeX warning (ext4): destination with the same id
entifier (name{cite.Stability}) has been already used, duplicate ignored
<to be read again> 
                   \relax 
l.264 \bibitem{Stability}
                         pdfTeX warning (ext4): destination with the same ident
ifier (name{cite.Getoor}) has been already used, duplicate ignored
<to be read again> 
                   \relax 
l.273 \bibitem{Getoor}
                       Getoor R. K., Transience and recurrence ofpdfTeX warning
 (ext4): destination with the same identifier (name{cite.Gut}) has been already
 used, duplicate ignored
<to be read again> 
                   \relax 
l.277 \bibitem{Gut}
                    Gut A., Stopped Random Walks: Limit Theorems andpdfTeX warn
ing (ext4): destination with the same identifier (name{cite.HookHee}) has been 
already used, duplicate ignored
<to be read again> 
                   \relax 
l.284 \bibitem{HookHee}
                        Chee-Hook Ng. y Boon-Hee Soong, QueueingpdfTeX warning 
(ext4): destination with the same identifier (name{cite.KaspiMandelbaum}) has b
een already used, duplicate ignored
<to be read again> 
                   \relax 
l.299 \bibitem{KaspiMandelbaum}
                                Kaspi H. and Mandelbaum A., Regenerative Clo...
[15]pdfTeX warning (ext4): destination with the same identifier (name{cite.Konh
eim}) has been already used, duplicate ignored
<to be read again> 
                   \relax 
l.303 \bibitem{Konheim}
                        A.G. Konheim, H. Levy, M.M. Srinivasan, Descendant s...
pdfTeX warning (ext4): destination with the same identifier (name{cite.Kleinroc
k}) has been already used, duplicate ignored
<to be read again> 
                   \relax 
l.307 \bibitem{Kleinrock}
                          Leonard Kleinrock, Theory, Volume 1, Queueing Syst...
pdfTeX warning (ext4): destination with the same identifier (name{cite.Konheim}
) has been already used, duplicate ignored
<to be read again> 
                   \relax 
l.310 \bibitem{Konheim}
                        A. G. Konheim, h. Levy and M. M. Srinivasan. Descend...
pdfTeX warning (ext4): destination with the same identifier (name{cite.Lang}) h
as been already used, duplicate ignored
<to be read again> 
                   \relax 
l.317 \bibitem{Lang}
                     Serge Lang, Calculus of Several Variables, Addison-Wesl...
pdfTeX warning (ext4): destination with the same identifier (name{cite.LevySidi
}) has been already used, duplicate ignored
<to be read again> 
                   \relax 
l.319 \bibitem{LevySidi}
                        pdfTeX warning (ext4): destination with the same identi
fier (name{cite.MeiBorst}) has been already used, duplicate ignored
<to be read again> 
                   \relax 
l.326 \bibitem{MeiBorst}
                         van der Mei, R.D. and Borst, S. C., Analysis of Mul...
pdfTeX warning (ext4): destination with the same identifier (name{cite.MeynTwee
die2}) has been already used, duplicate ignored
<to be read again> 
                   \relax 
l.337 \bibitem{MeynTweedie2}
                             Meyn S. P. and Tweedie R. L., Markov Chains and...
pdfTeX warning (ext4): destination with the same identifier (name{cite.MeynDown
}) has been already used, duplicate ignored
<to be read again> 
                   \relax 
l.340 \bibitem{MeynDown}
                         Meyn, S.P. and Down, D., Stability of Generalized J...
pdfTeX warning (ext4): destination with the same identifier (name{cite.TesisRou
bos}) has been already used, duplicate ignored
<to be read again> 
                   \relax 
l.360 \bibitem{TesisRoubos}
                           pdfTeX warning (ext4): destination with the same ide
ntifier (name{cite.RepTec}) has been already used, duplicate ignored
<to be read again> 
                   \relax 
l.370 \bibitem{RepTec}
                      pdfTeX warning (ext4): destination with the same identifi
er (name{cite.Semenova}) has been already used, duplicate ignored
<to be read again> 
                   \relax 
l.374 \bibitem{Semenova}
                        pdfTeX warning (ext4): destination with the same identi
fier (name{cite.Serfozo}) has been already used, duplicate ignored
<to be read again> 
                   \relax 
l.377 \bibitem{Serfozo}
                        Richard Serfozo, Basics of Applied Stochastic Proces...
pdfTeX warning (ext4): destination with the same identifier (name{cite.Sharpe})
 has been already used, duplicate ignored
<to be read again> 
                   \relax 
l.380 \bibitem{Sharpe}
                       Sharpe Michael , General Theory of Markov Processes. ...
pdfTeX warning (ext4): destination with the same identifier (name{cite.Sigma}) 
has been already used, duplicate ignored
<to be read again> 
                   \relax 
l.384 \bibitem{Sigma}
                      Sigman Karl, The Stability of Open QueueingpdfTeX warning
 (ext4): destination with the same identifier (name{cite.SidiLevy1}) has been a
lready used, duplicate ignored
<to be read again> 
                   \relax 
l.388 \bibitem{SidiLevy1}
                          Sidi M.  and Levy H.,  Customer Routing in Polling...
pdfTeX warning (ext4): destination with the same identifier (name{cite.SidiLevy
2}) has been already used, duplicate ignored
<to be read again> 
                   \relax 
l.392 \bibitem{SidiLevy2}
                          Sidi M.  and Levy H., Polling Systems with Simulta...
pdfTeX warning (ext4): destination with the same identifier (name{cite.Sigman2}
) has been already used, duplicate ignored
<to be read again> 
                   \relax 
l.395 \bibitem{Sigman2}
                        Karl Sigman, Hermann Thorisson and Ronald W. Wolff, ...
pdfTeX warning (ext4): destination with the same identifier (name{cite.Stidham}
) has been already used, duplicate ignored
<to be read again> 
                   \relax 
l.399 \bibitem{Stidham}
                        Shaler Stidham, Jr., Regenerative Processes in the t...
pdfTeX warning (ext4): destination with the same identifier (name{cite.TakagiI}
) has been already used, duplicate ignored
<to be read again> 
                   \relax 
l.407 \bibitem{TakagiI}
                        Takagi H. and Kleinrock, Analysis of Polling Systems...
pdfTeX warning (ext4): destination with the same identifier (name{cite.Takagi})
 has been already used, duplicate ignored
<to be read again> 
                   \relax 
l.409 \bibitem{Takagi}
                      Takagi Hideaki, Queueing Analysis of Polling Models, A...
pdfTeX warning (ext4): destination with the same identifier (name{cite.Thorisso
n}) has been already used, duplicate ignored
<to be read again> 
                   \relax 
l.410 \bibitem{Thorisson}
                          Hermann Thorisson, Coupling, Stationarity, and Reg...
pdfTeX warning (ext4): destination with the same identifier (name{cite.Winands}
) has been already used, duplicate ignored
<to be read again> 
                   \relax 
l.420 \bibitem{Winands}
                        E.M.M. Winands, I.J.B.F. Adan adn G.J. van Houtum, M...
[16]) [17]
runsystem(makeindex NewReview.idx)...executed safely (allowed).

 (./NewReview.ind)
Package atveryend Info: Empty hook `BeforeClearDocument' on input line 965.
 [18

]
Package atveryend Info: Empty hook `AfterLastShipout' on input line 965.
 (./NewReview.aux)
Package atveryend Info: Executing hook `AtVeryEndDocument' on input line 965.
Package atveryend Info: Executing hook `AtEndAfterFileList' on input line 965.
Package rerunfilecheck Info: File `NewReview.out' has not changed.
(rerunfilecheck)             Checksum: B25E39257C05FFDB0CE81BD94539B97D;720.


LaTeX Warning: There were multiply-defined labels.

Package atveryend Info: Empty hook `AtVeryVeryEnd' on input line 965.
 ) 
Here is how much of TeX's memory you used:
 11324 strings out of 492649
 164477 string characters out of 6129622
 293781 words of memory out of 5000000
 14780 multiletter control sequences out of 15000+600000
 13941 words of font info for 53 fonts, out of 8000000 for 9000
 1141 hyphenation exceptions out of 8191
 44i,14n,43p,608b,489s stack positions out of 5000i,500n,10000p,200000b,80000s
</usr/local/texlive/2018/texmf-dist/fonts/type1/public/amsfonts/cm/cmbx10.pfb
></usr/local/texlive/2018/texmf-dist/fonts/type1/public/amsfonts/cm/cmbx12.pfb>
</usr/local/texlive/2018/texmf-dist/fonts/type1/public/amsfonts/cm/cmbx7.pfb></
usr/local/texlive/2018/texmf-dist/fonts/type1/public/amsfonts/cm/cmbx9.pfb></us
r/local/texlive/2018/texmf-dist/fonts/type1/public/amsfonts/cm/cmex10.pfb></usr
/local/texlive/2018/texmf-dist/fonts/type1/public/amsfonts/cm/cmmi10.pfb></usr/
local/texlive/2018/texmf-dist/fonts/type1/public/amsfonts/cm/cmmi5.pfb></usr/lo
cal/texlive/2018/texmf-dist/fonts/type1/public/amsfonts/cm/cmmi7.pfb></usr/loca
l/texlive/2018/texmf-dist/fonts/type1/public/amsfonts/cm/cmr10.pfb></usr/local/
texlive/2018/texmf-dist/fonts/type1/public/amsfonts/cm/cmr12.pfb></usr/local/te
xlive/2018/texmf-dist/fonts/type1/public/amsfonts/cm/cmr17.pfb></usr/local/texl
ive/2018/texmf-dist/fonts/type1/public/amsfonts/cm/cmr5.pfb></usr/local/texlive
/2018/texmf-dist/fonts/type1/public/amsfonts/cm/cmr7.pfb></usr/local/texlive/20
18/texmf-dist/fonts/type1/public/amsfonts/cm/cmr9.pfb></usr/local/texlive/2018/
texmf-dist/fonts/type1/public/amsfonts/cm/cmsy10.pfb></usr/local/texlive/2018/t
exmf-dist/fonts/type1/public/amsfonts/cm/cmsy5.pfb></usr/local/texlive/2018/tex
mf-dist/fonts/type1/public/amsfonts/cm/cmsy7.pfb></usr/local/texlive/2018/texmf
-dist/fonts/type1/public/amsfonts/cm/cmti10.pfb></usr/local/texlive/2018/texmf-
dist/fonts/type1/public/amsfonts/cm/cmtt10.pfb></usr/local/texlive/2018/texmf-d
ist/fonts/type1/public/amsfonts/symbols/msbm10.pfb></usr/local/texlive/2018/tex
mf-dist/fonts/type1/public/amsfonts/symbols/msbm7.pfb>
Output written on NewReview.pdf (18 pages, 317162 bytes).
PDF statistics:
 529 PDF objects out of 1000 (max. 8388607)
 483 compressed objects within 5 object streams
 256 named destinations out of 1000 (max. 500000)
 89 words of extra memory for PDF output out of 10000 (max. 10000000)

