\BOOKMARK [2][-]{subsection.0.1}{Output Process and Regenerative Processes}{}% 1
\BOOKMARK [2][-]{subsection.0.2}{Procesos Regenerativos Sigman, Thorisson y Wolff Sigman1}{}% 2
\BOOKMARK [2][-]{subsection.0.3}{Procesos Regenerativos Sigman, Thorisson y Wolff Sigman2}{}% 3
\BOOKMARK [2][-]{subsection.0.4}{Procesos Regenerativos Estacionarios - Stidham Stidham}{}% 4
\BOOKMARK [2][-]{subsection.0.5}{Propiedades de los Procesos de Renovaci\363n}{}% 5
\BOOKMARK [2][-]{subsection.0.6}{Propiedades de los Procesos de Renovaci\363n}{}% 6
\BOOKMARK [2][-]{subsection.0.7}{Propiedades de los Procesos de Renovaci\363n}{}% 7
\BOOKMARK [2][-]{subsection.0.8}{Funci\363n de Renovaci\363n}{}% 8
\BOOKMARK [2][-]{subsection.0.9}{Renewal and Regenerative Processes: SerfozoSerfozo}{}% 9
\BOOKMARK [2][-]{subsection.0.10}{Renewal and Regenerative Processes: SerfozoSerfozo}{}% 10
\BOOKMARK [2][-]{subsection.0.11}{Renewal and Regenerative Processes: SerfozoSerfozo}{}% 11
\BOOKMARK [2][-]{subsection.0.12}{Renewal and Regenerative Processes: SerfozoSerfozo}{}% 12
\BOOKMARK [2][-]{subsection.0.13}{Procesos Regenerativos}{}% 13
\BOOKMARK [2][-]{subsection.0.14}{Puntos de Renovaci\363n}{}% 14
\BOOKMARK [2][-]{subsection.0.15}{Resultados para Procesos de Salida}{}% 15
\BOOKMARK [2][-]{subsection.0.16}{Procesos Regenerativos}{}% 16
\BOOKMARK [2][-]{subsection.0.17}{Renewal and Regenerative Processes: SerfozoSerfozo}{}% 17
\BOOKMARK [2][-]{subsection.0.18}{Procesos Regenerativos}{}% 18
\BOOKMARK [2][-]{subsection.0.19}{Procesos Regenerativos}{}% 19
\BOOKMARK [2][-]{subsection.0.20}{Procesos Regenerativos Estacionarios - Stidham Stidham}{}% 20
\BOOKMARK [2][-]{subsection.0.21}{Procesos Regenerativos Estacionarios - Stidham Stidham}{}% 21
\BOOKMARK [2][-]{subsection.0.22}{Propiedades de los Procesos de Renovaci\363n}{}% 22
\BOOKMARK [2][-]{subsection.0.23}{Propiedades de los Procesos de Renovaci\363n}{}% 23
\BOOKMARK [2][-]{subsection.0.24}{Propiedades de los Procesos de Renovaci\363n}{}% 24
\BOOKMARK [2][-]{subsection.0.25}{Propiedades de los Procesos de Renovaci\363n}{}% 25
\BOOKMARK [2][-]{subsection.0.26}{Procesos Regenerativos Estacionarios - Stidham Stidham}{}% 26
\BOOKMARK [2][-]{subsection.0.27}{Procesos de Renovaci\363n}{}% 27
\BOOKMARK [2][-]{subsection.0.28}{Procesos de Renovaci\363n}{}% 28
\BOOKMARK [2][-]{subsection.0.29}{Procesos de Renovaci\363n}{}% 29
\BOOKMARK [2][-]{subsection.0.30}{Procesos de Renovaci\363n}{}% 30
\BOOKMARK [2][-]{subsection.0.31}{Procesos de Renovaci\363n}{}% 31
\BOOKMARK [2][-]{subsection.0.32}{Procesos de Renovaci\363n}{}% 32
\BOOKMARK [2][-]{subsection.0.33}{Teorema Principal de Renovaci\363n}{}% 33
\BOOKMARK [2][-]{subsection.0.34}{Teorema Principal de Renovaci\363n}{}% 34
\BOOKMARK [2][-]{subsection.0.35}{Teorema Principal de Renovaci\363n}{}% 35
\BOOKMARK [2][-]{subsection.0.36}{Teorema Principal de Renovaci\363n}{}% 36
\BOOKMARK [2][-]{subsection.0.37}{Funci\363n de Renovaci\363n}{}% 37
\BOOKMARK [2][-]{subsection.0.38}{Funci\363n de Renovaci\363n}{}% 38
\BOOKMARK [2][-]{subsection.0.39}{Funci\363n de Renovaci\363n}{}% 39
\BOOKMARK [2][-]{subsection.0.40}{Funci\363n de Renovaci\363n}{}% 40
\BOOKMARK [2][-]{subsection.0.41}{Funci\363n de Renovaci\363n}{}% 41
\BOOKMARK [2][-]{subsection.0.42}{Propiedades de los Procesos de Renovaci\363n}{}% 42
\BOOKMARK [2][-]{subsection.0.43}{Funci\363n de Renovaci\363n}{}% 43
\BOOKMARK [2][-]{subsection.0.44}{Puntos de Renovaci\363n}{}% 44
\BOOKMARK [2][-]{subsection.0.45}{Resultados para Procesos de Salida}{}% 45
\BOOKMARK [2][-]{subsection.0.46}{Procesos Regenerativos}{}% 46
\BOOKMARK [2][-]{subsection.0.47}{Renewal and Regenerative Processes: SerfozoSerfozo}{}% 47
\BOOKMARK [2][-]{subsection.0.48}{Procesos Regenerativos}{}% 48
\BOOKMARK [2][-]{subsection.0.49}{Procesos Regenerativos}{}% 49
\BOOKMARK [2][-]{subsection.0.50}{Procesos Regenerativos}{}% 50
\BOOKMARK [2][-]{subsection.0.51}{Procesos Regenerativos}{}% 51
\BOOKMARK [2][-]{subsection.0.52}{Procesos Regenerativos Estacionarios - Stidham Stidham}{}% 52
\BOOKMARK [2][-]{subsection.0.53}{Procesos Regenerativos Estacionarios - Stidham Stidham}{}% 53
\BOOKMARK [2][-]{subsection.0.54}{Procesos Regenerativos Estacionarios - Stidham Stidham}{}% 54
\BOOKMARK [2][-]{subsection.0.55}{Procesos Regenerativos Estacionarios - Stidham Stidham}{}% 55
\BOOKMARK [2][-]{subsection.0.56}{Procesos Regenerativos Estacionarios - Stidham Stidham}{}% 56
\BOOKMARK [2][-]{subsection.0.57}{Procesos Regenerativos Estacionarios - Stidham Stidham}{}% 57
\BOOKMARK [2][-]{subsection.0.58}{Procesos Regenerativos Estacionarios - Stidham Stidham}{}% 58
\BOOKMARK [2][-]{subsection.0.59}{Propiedades de los Procesos de Renovaci\363n}{}% 59
\BOOKMARK [2][-]{subsection.0.60}{Propiedades de los Procesos de Renovaci\363n}{}% 60
\BOOKMARK [2][-]{subsection.0.61}{Procesos Regenerativos Estacionarios - Stidham Stidham}{}% 61
\BOOKMARK [2][-]{subsection.0.62}{Procesos de Renovaci\363n}{}% 62
\BOOKMARK [2][-]{subsection.0.63}{Teorema Principal de Renovaci\363n}{}% 63
\BOOKMARK [2][-]{subsection.0.64}{Funci\363n de Renovaci\363n}{}% 64
\BOOKMARK [2][-]{subsection.0.65}{Propiedades de los Procesos de Renovaci\363n}{}% 65
\BOOKMARK [2][-]{subsection.0.66}{Funci\363n de Renovaci\363n}{}% 66
\BOOKMARK [2][-]{subsection.0.67}{Procesos de Renovaci\363n}{}% 67
\BOOKMARK [2][-]{subsection.0.68}{Puntos de Renovaci\363n}{}% 68
\BOOKMARK [2][-]{subsection.0.69}{Resultados para Procesos de Salida}{}% 69
\BOOKMARK [2][-]{subsection.0.70}{Procesos Regenerativos}{}% 70
\BOOKMARK [2][-]{subsection.0.71}{Procesos Regenerativos Sigman, Thorisson y Wolff Sigman1}{}% 71
\BOOKMARK [2][-]{subsection.0.72}{Procesos Regenerativos Estacionarios - Stidham Stidham}{}% 72
\BOOKMARK [2][-]{subsection.0.73}{Procesos de Renovaci\363n}{}% 73
\BOOKMARK [2][-]{subsection.0.74}{Propiedades de los Procesos de Renovaci\363n}{}% 74
\BOOKMARK [2][-]{subsection.0.75}{Propiedades de los Procesos de Renovaci\363n}{}% 75
\BOOKMARK [2][-]{subsection.0.76}{Propiedades de los Procesos de Renovaci\363n}{}% 76
\BOOKMARK [2][-]{subsection.0.77}{Propiedades de los Procesos de Renovaci\363n}{}% 77
\BOOKMARK [2][-]{subsection.0.78}{Propiedades de los Procesos de Renovaci\363n}{}% 78
\BOOKMARK [2][-]{subsection.0.79}{Funci\363n de Renovaci\363n}{}% 79
\BOOKMARK [2][-]{subsection.0.80}{Funci\363n de Renovaci\363n}{}% 80
\BOOKMARK [2][-]{subsection.0.81}{Procesos de Renovaci\363n}{}% 81
\BOOKMARK [2][-]{subsection.0.82}{Procesos Regenerativos}{}% 82
\BOOKMARK [2][-]{subsection.0.83}{Procesos Regenerativos}{}% 83
\BOOKMARK [2][-]{subsection.0.84}{Procesos Regenerativos Estacionarios - Stidham Stidham}{}% 84
\BOOKMARK [2][-]{subsection.0.85}{Existencia de Tiempos de Regeneraci\363n}{}% 85
\BOOKMARK [2][-]{subsection.0.86}{Procesos Regenerativos: Thorisson}{}% 86
\BOOKMARK [2][-]{subsection.0.87}{Procesos Regenerativos}{}% 87
\BOOKMARK [2][-]{subsection.0.88}{Procesos Regenerativos Sigman, Thorisson y Wolff Sigman2}{}% 88
\BOOKMARK [2][-]{subsection.0.89}{Procesos Regenerativos Estacionarios - Stidham Stidham}{}% 89
\BOOKMARK [2][-]{subsection.0.90}{Procesos de Renovaci\363n}{}% 90
\BOOKMARK [2][-]{subsection.0.91}{Teorema Principal de Renovaci\363n}{}% 91
\BOOKMARK [2][-]{subsection.0.92}{Propiedades de los Procesos de Renovaci\363n}{}% 92
\BOOKMARK [2][-]{subsection.0.93}{Propiedades de los Procesos de Renovaci\363n}{}% 93
\BOOKMARK [2][-]{subsection.0.94}{Propiedades de los Procesos de Renovaci\363n}{}% 94
\BOOKMARK [2][-]{subsection.0.95}{Propiedades de los Procesos de Renovaci\363n}{}% 95
\BOOKMARK [2][-]{subsection.0.96}{Propiedades de los Procesos de Renovaci\363n}{}% 96
\BOOKMARK [2][-]{subsection.0.97}{Funci\363n de Renovaci\363n}{}% 97
\BOOKMARK [2][-]{subsection.0.98}{Funci\363n de Renovaci\363n}{}% 98
\BOOKMARK [2][-]{subsection.0.99}{Procesos de Renovaci\363n}{}% 99
\BOOKMARK [2][-]{subsection.0.100}{Renewal and Regenerative Processes: SerfozoSerfozo}{}% 100
\BOOKMARK [2][-]{subsection.0.101}{Procesos Regenerativos}{}% 101
\BOOKMARK [2][-]{subsection.0.102}{Puntos de Renovaci\363n}{}% 102
\BOOKMARK [2][-]{subsection.0.103}{Resultados para Procesos de Salida}{}% 103
\BOOKMARK [2][-]{subsection.0.104}{Procesos Regenerativos}{}% 104
\BOOKMARK [2][-]{subsection.0.105}{Renewal and Regenerative Processes: SerfozoSerfozo}{}% 105
\BOOKMARK [2][-]{subsection.0.106}{Procesos Regenerativos}{}% 106
\BOOKMARK [2][-]{subsection.0.107}{Procesos Regenerativos}{}% 107
\BOOKMARK [2][-]{subsection.0.108}{Procesos Regenerativos Estacionarios - Stidham Stidham}{}% 108
\BOOKMARK [2][-]{subsection.0.109}{Procesos Regenerativos Estacionarios - Stidham Stidham}{}% 109
\BOOKMARK [2][-]{subsection.0.110}{Propiedades de los Procesos de Renovaci\363n}{}% 110
\BOOKMARK [2][-]{subsection.0.111}{Propiedades de los Procesos de Renovaci\363n}{}% 111
\BOOKMARK [2][-]{subsection.0.112}{Propiedades de los Procesos de Renovaci\363n}{}% 112
\BOOKMARK [2][-]{subsection.0.113}{Propiedades de los Procesos de Renovaci\363n}{}% 113
\BOOKMARK [2][-]{subsection.0.114}{Procesos Regenerativos Estacionarios - Stidham Stidham}{}% 114
\BOOKMARK [2][-]{subsection.0.115}{Procesos de Renovaci\363n}{}% 115
\BOOKMARK [2][-]{subsection.0.116}{Teorema Principal de Renovaci\363n}{}% 116
\BOOKMARK [2][-]{subsection.0.117}{Funci\363n de Renovaci\363n}{}% 117
\BOOKMARK [2][-]{subsection.0.118}{Propiedades de los Procesos de Renovaci\363n}{}% 118
\BOOKMARK [2][-]{subsection.0.119}{Funci\363n de Renovaci\363n}{}% 119
\BOOKMARK [2][-]{subsection.0.120}{Procesos de Renovaci\363n}{}% 120
\BOOKMARK [2][-]{subsection.0.121}{Puntos de Renovaci\363n}{}% 121
\BOOKMARK [2][-]{subsection.0.122}{Resultados para Procesos de Salida}{}% 122
\BOOKMARK [2][-]{subsection.0.123}{Procesos Regenerativos}{}% 123
\BOOKMARK [2][-]{subsection.0.124}{Renewal and Regenerative Processes: SerfozoSerfozo}{}% 124
\BOOKMARK [2][-]{subsection.0.125}{Procesos Regenerativos}{}% 125
\BOOKMARK [2][-]{subsection.0.126}{Procesos Regenerativos}{}% 126
\BOOKMARK [2][-]{subsection.0.127}{Propiedades de los Procesos de Renovaci\363n}{}% 127
\BOOKMARK [2][-]{subsection.0.128}{Propiedades de los Procesos de Renovaci\363n}{}% 128
\BOOKMARK [2][-]{subsection.0.129}{Procesos Regenerativos Estacionarios - Stidham Stidham}{}% 129
\BOOKMARK [2][-]{subsection.0.130}{Procesos de Renovaci\363n}{}% 130
\BOOKMARK [2][-]{subsection.0.131}{Teorema Principal de Renovaci\363n}{}% 131
\BOOKMARK [2][-]{subsection.0.132}{Funci\363n de Renovaci\363n}{}% 132
\BOOKMARK [2][-]{subsection.0.133}{Propiedades de los Procesos de Renovaci\363n}{}% 133
\BOOKMARK [2][-]{subsection.0.134}{Funci\363n de Renovaci\363n}{}% 134
\BOOKMARK [2][-]{subsection.0.135}{Procesos de Renovaci\363n}{}% 135
\BOOKMARK [2][-]{subsection.0.136}{Puntos de Renovaci\363n}{}% 136
\BOOKMARK [2][-]{subsection.0.137}{Resultados para Procesos de Salida}{}% 137
\BOOKMARK [2][-]{subsection.0.138}{Procesos Regenerativos Sigman, Thorisson y Wolff Sigman1}{}% 138
\BOOKMARK [2][-]{subsection.0.139}{Output Process and Regenerative Processes}{}% 139
\BOOKMARK [2][-]{subsection.0.140}{Procesos Regenerativos}{}% 140
\BOOKMARK [2][-]{subsection.0.141}{Procesos Regenerativos Sigman, Thorisson y Wolff Sigman1}{}% 141
\BOOKMARK [2][-]{subsection.0.142}{Renewal and Regenerative Processes: SerfozoSerfozo}{}% 142
\BOOKMARK [1][-]{section.1}{Procesos Regenerativos Sigman, Thorisson y Wolff Sigman1}{}% 143
\BOOKMARK [2][-]{subsection.1.1}{Teorema Principal de Renovaci\363n}{section.1}% 144
\BOOKMARK [2][-]{subsection.1.2}{Propiedades de los Procesos de Renovaci\363n}{section.1}% 145
\BOOKMARK [2][-]{subsection.1.3}{Funci\363n de Renovaci\363n}{section.1}% 146
\BOOKMARK [2][-]{subsection.1.4}{Procesos de Renovaci\363n}{section.1}% 147
\BOOKMARK [2][-]{subsection.1.5}{Renewal and Regenerative Processes: SerfozoSerfozo}{section.1}% 148
\BOOKMARK [2][-]{subsection.1.6}{Procesos Regenerativos}{section.1}% 149
\BOOKMARK [2][-]{subsection.1.7}{Procesos Regenerativos}{section.1}% 150
\BOOKMARK [2][-]{subsection.1.8}{Procesos Regenerativos Estacionarios - Stidham Stidham}{section.1}% 151
\BOOKMARK [2][-]{subsection.1.9}{Procesos Regenerativos Estacionarios - Stidham Stidham}{section.1}% 152
\BOOKMARK [2][-]{subsection.1.10}{Procesos Regenerativos}{section.1}% 153
\BOOKMARK [2][-]{subsection.1.11}{Procesos Regenerativos Sigman, Thorisson y Wolff Sigman1}{section.1}% 154
\BOOKMARK [2][-]{subsection.1.12}{Procesos Regenerativos Estacionarios - Stidham Stidham}{section.1}% 155
\BOOKMARK [2][-]{subsection.1.13}{Procesos Regenerativos Estacionarios - Stidham Stidham}{section.1}% 156
\BOOKMARK [2][-]{subsection.1.14}{Modelo de Flujo}{section.1}% 157
\BOOKMARK [2][-]{subsection.1.15}{Procesos de Estados de Markov}{section.1}% 158
\BOOKMARK [2][-]{subsection.1.16}{Teor\355a General de Procesos Estoc\341sticos}{section.1}% 159
\BOOKMARK [2][-]{subsection.1.17}{Propiedades de Markov}{section.1}% 160
\BOOKMARK [2][-]{subsection.1.18}{Primer Condici\363n de Regularidad}{section.1}% 161
\BOOKMARK [2][-]{subsection.1.19}{Construcci\363n del Modelo de Flujo}{section.1}% 162
\BOOKMARK [2][-]{subsection.1.20}{Estabilidad}{section.1}% 163
\BOOKMARK [2][-]{subsection.1.21}{Propiedades de Markov}{section.1}% 164
\BOOKMARK [2][-]{subsection.1.22}{Primer Condici\363n de Regularidad}{section.1}% 165
\BOOKMARK [2][-]{subsection.1.23}{Procesos Fuerte de Markov}{section.1}% 166
\BOOKMARK [3][-]{subsubsection.1.23.1}{Construcci\363n de un Proceso Determinista por partes, Davis Davis}{subsection.1.23}% 167
\BOOKMARK [2][-]{subsection.1.24}{Procesos Harris Recurrentes Positivos}{section.1}% 168
\BOOKMARK [2][-]{subsection.1.25}{Construcci\363n de un Modelo de Flujo L\355mite}{section.1}% 169
\BOOKMARK [2][-]{subsection.1.26}{Modelo de Visitas C\355clicas con un Servidor: Estabilidad}{section.1}% 170
\BOOKMARK [2][-]{subsection.1.27}{Teorema 2.1}{section.1}% 171
\BOOKMARK [2][-]{subsection.1.28}{Teorema 2.2}{section.1}% 172
\BOOKMARK [2][-]{subsection.1.29}{Teorema 2.3}{section.1}% 173
\BOOKMARK [2][-]{subsection.1.30}{Definiciones B\341sicas}{section.1}% 174
\BOOKMARK [2][-]{subsection.1.31}{Preliminares}{section.1}% 175
\BOOKMARK [2][-]{subsection.1.32}{Procesos Harris Recurrente}{section.1}% 176
\BOOKMARK [2][-]{subsection.1.33}{Modelo de Flujo}{section.1}% 177
\BOOKMARK [2][-]{subsection.1.34}{Procesos de Estados de Markov}{section.1}% 178
\BOOKMARK [2][-]{subsection.1.35}{Teor\355a General de Procesos Estoc\341sticos}{section.1}% 179
\BOOKMARK [2][-]{subsection.1.36}{Propiedades de Markov}{section.1}% 180
\BOOKMARK [2][-]{subsection.1.37}{Primer Condici\363n de Regularidad}{section.1}% 181
\BOOKMARK [2][-]{subsection.1.38}{Construcci\363n del Modelo de Flujo}{section.1}% 182
\BOOKMARK [2][-]{subsection.1.39}{Estabilidad}{section.1}% 183
\BOOKMARK [2][-]{subsection.1.40}{Propiedades de Markov}{section.1}% 184
\BOOKMARK [2][-]{subsection.1.41}{Primer Condici\363n de Regularidad}{section.1}% 185
\BOOKMARK [2][-]{subsection.1.42}{Procesos de Estados Markoviano para el Sistema}{section.1}% 186
\BOOKMARK [2][-]{subsection.1.43}{Procesos Fuerte de Markov}{section.1}% 187
\BOOKMARK [3][-]{subsubsection.1.43.1}{Construcci\363n de un Proceso Determinista por partes, Davis Davis}{subsection.1.43}% 188
\BOOKMARK [2][-]{subsection.1.44}{Procesos Harris Recurrentes Positivos}{section.1}% 189
\BOOKMARK [2][-]{subsection.1.45}{Construcci\363n de un Modelo de Flujo L\355mite}{section.1}% 190
\BOOKMARK [2][-]{subsection.1.46}{Modelo de Visitas C\355clicas con un Servidor: Estabilidad}{section.1}% 191
\BOOKMARK [2][-]{subsection.1.47}{Teorema 2.1}{section.1}% 192
\BOOKMARK [2][-]{subsection.1.48}{Teorema 2.2}{section.1}% 193
\BOOKMARK [2][-]{subsection.1.49}{Teorema 2.3}{section.1}% 194
\BOOKMARK [2][-]{subsection.1.50}{Definiciones B\341sicas}{section.1}% 195
\BOOKMARK [2][-]{subsection.1.51}{Proceso de Estados Markoviano para el Sistema}{section.1}% 196
\BOOKMARK [2][-]{subsection.1.52}{Procesos Fuerte de Markov}{section.1}% 197
\BOOKMARK [2][-]{subsection.1.53}{Propiedades de Markov}{section.1}% 198
\BOOKMARK [2][-]{subsection.1.54}{Primer Condici\363n de Regularidad}{section.1}% 199
\BOOKMARK [2][-]{subsection.1.55}{Propiedades de Markov}{section.1}% 200
\BOOKMARK [2][-]{subsection.1.56}{Primer Condici\363n de Regularidad}{section.1}% 201
\BOOKMARK [2][-]{subsection.1.57}{Supuestos}{section.1}% 202
\BOOKMARK [3][-]{subsubsection.1.57.1}{Supuestos B\341sicos}{subsection.1.57}% 203
\BOOKMARK [2][-]{subsection.1.58}{Procesos Harris Recurrente}{section.1}% 204
\BOOKMARK [2][-]{subsection.1.59}{Modelo de Flujo}{section.1}% 205
\BOOKMARK [3][-]{subsubsection.1.59.1}{Modelo de Flujo y Estabilidad}{subsection.1.59}% 206
\BOOKMARK [3][-]{subsubsection.1.59.2}{Resultados principales}{subsection.1.59}% 207
\BOOKMARK [3][-]{subsubsection.1.59.3}{Definiciones Generales}{subsection.1.59}% 208
\BOOKMARK [3][-]{subsubsection.1.59.4}{Definiciones y Descripci\363n del Modelo}{subsection.1.59}% 209
\BOOKMARK [3][-]{subsubsection.1.59.5}{Pol\355ticas de Servicio}{subsection.1.59}% 210
\BOOKMARK [3][-]{subsubsection.1.59.6}{Proceso de Estados}{subsection.1.59}% 211
\BOOKMARK [3][-]{subsubsection.1.59.7}{Introducci\363n}{subsection.1.59}% 212
\BOOKMARK [3][-]{subsubsection.1.59.8}{Colas C\355clicas}{subsection.1.59}% 213
\BOOKMARK [3][-]{subsubsection.1.59.9}{Resultados Previos}{subsection.1.59}% 214
\BOOKMARK [3][-]{subsubsection.1.59.10}{Teorema de Estabilidad: Descripci\363n}{subsection.1.59}% 215
\BOOKMARK [2][-]{subsection.1.60}{Supuestos}{section.1}% 216
\BOOKMARK [3][-]{subsubsection.1.60.1}{Supuestos B\341sicos}{subsection.1.60}% 217
\BOOKMARK [2][-]{subsection.1.61}{Procesos Harris Recurrente}{section.1}% 218
\BOOKMARK [2][-]{subsection.1.62}{Modelo de Flujo}{section.1}% 219
\BOOKMARK [2][-]{subsection.1.63}{Modelo de Flujo}{section.1}% 220
\BOOKMARK [2][-]{subsection.1.64}{Estabilidad de los Sistemas de Visitas C\355clicas}{section.1}% 221
\BOOKMARK [2][-]{subsection.1.65}{Resultados principales}{section.1}% 222
\BOOKMARK [2][-]{subsection.1.66}{Supuestos}{section.1}% 223
\BOOKMARK [3][-]{subsubsection.1.66.1}{Supuestos B\341sicos}{subsection.1.66}% 224
\BOOKMARK [2][-]{subsection.1.67}{Procesos Harris Recurrente}{section.1}% 225
\BOOKMARK [2][-]{subsection.1.68}{Modelo de Flujo}{section.1}% 226
\BOOKMARK [2][-]{subsection.1.69}{Supuestos}{section.1}% 227
\BOOKMARK [3][-]{subsubsection.1.69.1}{Supuestos B\341sicos}{subsection.1.69}% 228
\BOOKMARK [2][-]{subsection.1.70}{Procesos Harris Recurrente}{section.1}% 229
\BOOKMARK [2][-]{subsection.1.71}{Modelo de Flujo}{section.1}% 230
\BOOKMARK [3][-]{subsubsection.1.71.1}{Supuestos B\341sicos}{subsection.1.71}% 231
\BOOKMARK [2][-]{subsection.1.72}{Procesos Harris Recurrente}{section.1}% 232
\BOOKMARK [2][-]{subsection.1.73}{Modelo de Flujo}{section.1}% 233
\BOOKMARK [2][-]{subsection.1.74}{Supuestos}{section.1}% 234
\BOOKMARK [3][-]{subsubsection.1.74.1}{Supuestos B\341sicos}{subsection.1.74}% 235
\BOOKMARK [2][-]{subsection.1.75}{Procesos Harris Recurrente}{section.1}% 236
\BOOKMARK [2][-]{subsection.1.76}{Modelo de Flujo}{section.1}% 237
\BOOKMARK [1][-]{section.2}{Preliminares: Modelos de Flujo}{}% 238
\BOOKMARK [2][-]{subsection.2.1}{Supuestos B\341sicos}{section.2}% 239
\BOOKMARK [2][-]{subsection.2.2}{Procesos Regenerativos}{section.2}% 240
\BOOKMARK [2][-]{subsection.2.3}{Preliminares}{section.2}% 241
\BOOKMARK [2][-]{subsection.2.4}{Procesos Harris Recurrente}{section.2}% 242
\BOOKMARK [1][-]{section.3}{Modelo de Flujo}{}% 243
\BOOKMARK [2][-]{subsection.3.1}{Teor\341 de Procesos Estoc\341sticos y Medibilidad}{section.3}% 244
\BOOKMARK [2][-]{subsection.3.2}{Construcci\363n del Modelo de Flujo}{section.3}% 245
\BOOKMARK [2][-]{subsection.3.3}{Ya revisado}{section.3}% 246
\BOOKMARK [1][-]{section.4}{Procesos de Renovaci\363n y Regenerativos}{}% 247
\BOOKMARK [2][-]{subsection.4.1}{Tiempo de Ciclo Promedio}{section.4}% 248
\BOOKMARK [2][-]{subsection.4.2}{Tiempos de Ciclo e Intervisita}{section.4}% 249
\BOOKMARK [2][-]{subsection.4.3}{Longitudes de la Cola en cualquier tiempo}{section.4}% 250
\BOOKMARK [2][-]{subsection.4.4}{Por resolver}{section.4}% 251
\BOOKMARK [2][-]{subsection.4.5}{Tiempos de Ciclo e Intervisita}{section.4}% 252
\BOOKMARK [2][-]{subsection.4.6}{Longitudes de la Cola en cualquier tiempo}{section.4}% 253
\BOOKMARK [2][-]{subsection.4.7}{Material por agregar}{section.4}% 254
\BOOKMARK [2][-]{subsection.4.8}{Propiedades de los Procesos de Renovaci\363n}{section.4}% 255
\BOOKMARK [1][-]{section.5}{Procesos Regenerativos}{}% 256
\BOOKMARK [2][-]{su